Shoreburn Starryhill Springfox Violetley Brightmere Fieldedge Blackbush Clearnesse Icenesse Morwall Violetfay Applecastle Redlake Bluelake Southwheat Highmont Strongfall Fairsage Wellbank Valhaven Ironshore Ironriver Mallowbridge Silverwitch Westmill Woodice Eastcastle Courtcastle Silverbarrow Snowshore Lightmere Goldcrest Stonefair Brightrock Buttermead Courtedge Coldville Windbridge Fairice Freymere Northwynne Foxhaven Greenshore Bluedell Erilyn Redwell Deephedge Irondeer Newby Summermage Foxvale Eriwall Wolflea Mistshore Dellwyn Northriver Newley Esterash Butterway Silverlea Esterfall Rosegate Orbarrow Butterbush Fogland Wildemarsh Clearland Morwald Bluewyn Westerlight Bushgate Corbank Greensummer Oakmere Orfort Bluedale Southpine Goldwyvern Verthedge Oldmoor Wooddell Mallowness Greyice Snowsage Freyview Wellmage Flowermill Westvale Marbleiron Janholt Courtwall Flowerfield Rosemill Newmill Stoneglass Seamoor Ostwynne Lochmage Butterhill Mallowway Shoreburn
100
Starryhill Starryhill
Springfox Springfox
Violetley Violetley
Brightmere Brightmere
Fieldedge Fieldedge
Blackbush Blackbush
Clearnesse Clearnesse
Icenesse Icenesse
Morwall Morwall
Violetfay Violetfay
Applecastle Applecastle
Redlake Redlake
Bluelake Bluelake
Southwheat Southwheat
Highmont Highmont
Strongfall Strongfall
Fairsage Fairsage
Wellbank Wellbank
Valhaven Valhaven
Ironshore Ironshore
Ironriver Ironriver
Mallowbridge Mallowbridge
Silverwitch Silverwitch
Westmill Westmill
Woodice Woodice
Eastcastle Eastcastle
Courtcastle Courtcastle
Silverbarrow Silverbarrow
Snowshore Snowshore
Lightmere Lightmere
Goldcrest Goldcrest
Stonefair Stonefair
Brightrock Brightrock
Buttermead Buttermead
Courtedge Courtedge
Coldville Coldville
Windbridge Windbridge
Fairice Fairice
Freymere Freymere
Northwynne Northwynne
Foxhaven Foxhaven
Greenshore Greenshore
Bluedell Bluedell
Erilyn Erilyn
Redwell Redwell
Deephedge Deephedge
Irondeer Irondeer
Newby Newby
Summermage Summermage
Foxvale Foxvale
Eriwall Eriwall
Wolflea Wolflea
Mistshore Mistshore
Dellwyn Dellwyn
Northriver Northriver
Newley Newley
Esterash Esterash
Butterway Butterway
Silverlea Silverlea
Esterfall Esterfall
Rosegate Rosegate
Orbarrow Orbarrow
Butterbush Butterbush
Fogland Fogland
Wildemarsh Wildemarsh
Clearland Clearland
Morwald Morwald
Bluewyn Bluewyn
Westerlight Westerlight
Bushgate Bushgate
Corbank Corbank
Greensummer Greensummer
Oakmere Oakmere
Orfort Orfort
Bluedale Bluedale
Southpine Southpine
Goldwyvern Goldwyvern
Verthedge Verthedge
Oldmoor Oldmoor
Wooddell Wooddell
Mallowness Mallowness
Greyice Greyice
Snowsage Snowsage
Freyview Freyview
Wellmage Wellmage
Flowermill Flowermill
Westvale Westvale
Marbleiron Marbleiron
Janholt Janholt
Courtwall Courtwall
Flowerfield Flowerfield
Rosemill Rosemill
Newmill Newmill
Stoneglass Stoneglass
Seamoor Seamoor
Ostwynne Ostwynne
Lochmage Lochmage
Butterhill Butterhill
Mallowway Mallowway
Shoreburn Shoreburn
