Brightmere Greenshore Corbank Goldwyvern Oldmoor Morwald Woodice Snowshore Stonefair Esterash Morwall Foxvale Freyview Newley Wolflea Bushgate Clearnesse Wildemarsh Marbleiron Lochmage Westvale Violetley Shoreburn Ironshore Clearland Erilyn Newby Westerlight Valhaven Greyice Ironriver Eastcastle Courtcastle Irondeer Oakmere Southwheat Wellmage Lightmere Esterfall Stoneglass Eriwall Fairsage Dellwyn Foxhaven Buttermead Rosemill Courtwall Bluedell Butterbush Westmill Brightmere
50
Brightmere Brightmere
Greenshore Greenshore
Corbank Corbank
Goldwyvern Goldwyvern
Oldmoor Oldmoor
Morwald Morwald
Woodice Woodice
Snowshore Snowshore
Stonefair Stonefair
Esterash Esterash
Morwall Morwall
Foxvale Foxvale
Freyview Freyview
Newley Newley
Wolflea Wolflea
Bushgate Bushgate
Clearnesse Clearnesse
Wildemarsh Wildemarsh
Marbleiron Marbleiron
Lochmage Lochmage
Westvale Westvale
Violetley Violetley
Shoreburn Shoreburn
Ironshore Ironshore
Clearland Clearland
Erilyn Erilyn
Newby Newby
Westerlight Westerlight
Valhaven Valhaven
Greyice Greyice
Ironriver Ironriver
Eastcastle Eastcastle
Courtcastle Courtcastle
Irondeer Irondeer
Oakmere Oakmere
Southwheat Southwheat
Wellmage Wellmage
Lightmere Lightmere
Esterfall Esterfall
Stoneglass Stoneglass
Eriwall Eriwall
Fairsage Fairsage
Dellwyn Dellwyn
Foxhaven Foxhaven
Buttermead Buttermead
Rosemill Rosemill
Courtwall Courtwall
Bluedell Bluedell
Butterbush Butterbush
Westmill Westmill
