129 137 16 25 46 2 4 157 110 154 196 37 160 74 127 175 192 103 98 48 97 101 170 73 136 73 170 58 152 77 90 3 40 165 27 94 119 162 49 76 179 92 13 118 10 118 96 70 96 7 19 43 72 21 72 79 112 61 31 88 115 197 51 34 109 184 85 133 106 181 32 145 99 129
51
2 55
4 4
7 7
10 28 10 100 22
13 13
16 16
19 19
21 67 190 151
25 25
31 31
32 187
34 34
37 37
40 40
43 43
46 46
49 49
58 58
61 61
70 70
73 73
76 76
77 130
79 79
85 85
88 1 88
92 124
94 139 94
97 97
101 52 148
103 103
106 106 178
109 109
112 112
115 115
118 118 166
119 163 64
127 127
133 133
136 136
145 145 172
152 91
154 193 154
157 157
160 160
175 175
181 169 181 142
184 184
192 121
196 196
197 82
