FacultyClub Unit3 Spieker Warren Mulford Morrison BrainImagingCenter StudentUnion EarthquakeLibrary FPF UniversityHouse SutardjaDai MartinezCommons Durham Wheeler Cheit Hilgard Manville BioscienceLibrary HearstGym Etcheverry Library OBrien PacificFilmArchive LawrenceofScience FacultyClub
24
FacultyClub FacultyClub
LawrenceofScience LawrenceofScience
PacificFilmArchive PacificFilmArchive
OBrien OBrien
Library Library
Etcheverry Etcheverry
HearstGym HearstGym
BioscienceLibrary BioscienceLibrary
Manville Pimentel Manville
Hilgard Hilgard
Cheit Cheit
Wheeler Wheeler
Durham Durham
MartinezCommons SproulPlaza
SutardjaDai SutardjaDai
UniversityHouse UniversityHouse
FPF FPF
EarthquakeLibrary EarthquakeLibrary
StudentUnion StudentUnion
BrainImagingCenter BrainImagingCenter
Morrison Morrison
Mulford Mulford
Spieker Spieker
Unit3 CareerCenter
