FacultyClub MLK SutardjaDai BancroftLibrary Library FPF HealthServices EastAsianLibrary PhysicsLibrary Pimentel NorthGate EarthLibrary Underhill Etcheverry TAAP Manville SocialLibrary BrainImagingCenter WooHonFai Bechtel Bowles AquaticCenter MSRI LawSchool Boalt McCone HearstFieldAnnex NewspapersLibrary AnthropologyLibrary StudentUnion OptometryLibrary Jacobs BioscienceLibrary HearstFountain Stanley VLSB Senior EthnicLibrary MelvinLaboratory Investigative InnovationStudio UpperHearstParking MediaCenter DonnerLaboratory Hilgard HearstGreekTheatre StowPlaza InternationalHouse Davis FoxCottage SimpsonCenter MaxwellField Tan VisualCenter PacificFilmArchive Cheit MartinezCommons CesarChavez UniversityHouse Warren FoundersRock SEAsianLibrary EngineeringLibrary Durant Soda CareerCenter Wheeler Wellman EnergyBuilding OBrien Stephens Birge LeConte Campbell IRLE SpringerGateway BerkeleyWayWest Unit3 HaasClubhouse Durham ArtHistoryLibrary AlumniHouse BancroftDance Mulford Hildebrand MathLibrary Koshland Sproul BanwayBuilding BerkeleyLawLibrary CITRIS Spieker Morrison EarthquakeLibrary FacultyClub
92
FacultyClub FacultyClub
MLK MLK
SutardjaDai SutardjaDai
BancroftLibrary BancroftLibrary
Library Library
FPF FPF
HealthServices HealthServices
EastAsianLibrary EastAsianLibrary Evans
PhysicsLibrary PhysicsLibrary
Pimentel HearstGym Pimentel
NorthGate NorthGate
EarthLibrary EarthLibrary
Underhill Underhill
Etcheverry SproulPlaza Etcheverry
TAAP TAAP
Manville Manville
SocialLibrary SocialLibrary
BrainImagingCenter BrainImagingCenter
WooHonFai WooHonFai
Bechtel Bechtel
Bowles Bowles
AquaticCenter AquaticCenter
MSRI MSRI
LawSchool LawSchool
Boalt Boalt
McCone McCone
HearstFieldAnnex HearstFieldAnnex
NewspapersLibrary NewspapersLibrary
AnthropologyLibrary AnthropologyLibrary
StudentUnion LawrenceofScience StudentUnion
OptometryLibrary OptometryLibrary
Jacobs Jacobs
BioscienceLibrary BioscienceLibrary
HearstFountain HearstFountain
Stanley Stanley
VLSB VLSB
Senior Senior
EthnicLibrary EthnicLibrary
MelvinLaboratory MelvinLaboratory
Investigative Investigative
UpperHearstParking UpperHearstParking
MediaCenter MediaCenter
DonnerLaboratory DonnerLaboratory
Hilgard Hilgard
HearstGreekTheatre HearstGreekTheatre
StowPlaza StowPlaza
InternationalHouse InternationalHouse
Davis Davis
FoxCottage FoxCottage
SimpsonCenter SimpsonCenter Latimer
MaxwellField MaxwellField
Tan AndersenAuditorium
VisualCenter VisualCenter
PacificFilmArchive PacificFilmArchive
Cheit Cheit
MartinezCommons MartinezCommons
CesarChavez CesarChavez
UniversityHouse UniversityHouse
Warren Warren
FoundersRock FoundersRock
SEAsianLibrary SEAsianLibrary
EngineeringLibrary EngineeringLibrary
Durant Durant
Soda Soda
CareerCenter CareerCenter
Wheeler Wheeler
Wellman Wellman
EnergyBuilding IdaHouse EnergyBuilding
OBrien OBrien
Stephens Stephens
Birge Birge
LeConte LeConte
Campbell Campbell
IRLE IRLE
SpringerGateway SpringerGateway
BerkeleyWayWest BerkeleyWayWest LatinAmerican
Unit3 Unit3
Durham Durham
ArtHistoryLibrary ArtHistoryLibrary
AlumniHouse AlumniHouse
BancroftDance BancroftDance Giauque
Mulford Mulford
Hildebrand Hildebrand
MathLibrary MathLibrary
Koshland Koshland
Sproul Sproul
BanwayBuilding BanwayBuilding
BerkeleyLawLibrary BerkeleyLawLibrary
CITRIS CITRIS
Spieker Spieker
Morrison Morrison
EarthquakeLibrary EarthquakeLibrary
