FacultyClub IRLE Cheit Investigative MartinezCommons UniversityHouse SproulPlaza OptometryLibrary Library AndersenAuditorium Stephens Morrison CareerCenter StowPlaza Sproul AnthropologyLibrary Birge FPF MelvinLaboratory Koshland OBrien Spieker Mulford NewspapersLibrary LawrenceofScience BancroftDance ArtHistoryLibrary MediaCenter BioscienceLibrary Hilgard DonnerLaboratory SpringerGateway CITRIS MLK Etcheverry BrainImagingCenter EnergyBuilding McCone InternationalHouse HearstGym Jacobs Unit3 Manville PacificFilmArchive Warren SutardjaDai StudentUnion Durham EarthquakeLibrary FacultyClub
47
FacultyClub FacultyClub
IRLE IRLE
Cheit Wheeler Cheit
Investigative Investigative
MartinezCommons MartinezCommons
UniversityHouse UniversityHouse
SproulPlaza SproulPlaza
OptometryLibrary OptometryLibrary
Library Library
AndersenAuditorium AndersenAuditorium
Stephens Stephens
Morrison Morrison
CareerCenter CareerCenter
StowPlaza StowPlaza
Sproul Sproul
AnthropologyLibrary AnthropologyLibrary
Birge Birge
FPF FPF
MelvinLaboratory MelvinLaboratory
Koshland Koshland
OBrien OBrien
Spieker Spieker
Mulford Mulford
NewspapersLibrary NewspapersLibrary
LawrenceofScience LawrenceofScience
BancroftDance BancroftDance
ArtHistoryLibrary ArtHistoryLibrary
MediaCenter MediaCenter
BioscienceLibrary BioscienceLibrary
Hilgard Hilgard
DonnerLaboratory DonnerLaboratory
SpringerGateway SpringerGateway
CITRIS CITRIS
Etcheverry Etcheverry
BrainImagingCenter BrainImagingCenter
EnergyBuilding EnergyBuilding
InternationalHouse InternationalHouse
HearstGym HearstGym
Jacobs Jacobs Pimentel
Unit3 Unit3
Manville Manville
PacificFilmArchive PacificFilmArchive
Warren Warren
SutardjaDai SutardjaDai
StudentUnion StudentUnion EarthLibrary
Durham Durham
EarthquakeLibrary EarthquakeLibrary
