Home141 Home15 Home171 Home145 Home83 Home27 Home111 Home43 Home138 Home100 Home166 Home45 Home60 Home136 Home147 Home51 Home30 Home96 Home44 Home38 Home173 Home34 Home176 Home52 Home66 Home91 Home115 Home120 Home135 Home87 Home64 Home28 Home20 Home149 Home88 Home11 Home49 Home4 Home101 Home170 Home165 Home79 Home110 Home40 Home172 Home31 Home140 Home12 Home74 Home25 Home81 Home75 Home121 Home26 Home82 Home143 Home122 Home78 Home144 Home131 Home16 Home112 Home128 Home6 Home163 Home156 Home103 Home36 Home7 Home127 Home164 Home53 Home174 Home86 Home5 Home76 Home105 Home152 Home62 Home134 Home2 Home97 Home161 Home73 Home114 Home55 Home119 Home89 Home3 Home157 Home92 Home84 Home13 Home37 Home29 Home48 Home125 Home32 Home154 Home141
79
Home15 Home15
Home171 Home171
Home83 Home83
Home27 Home27
Home111 Home111
Home43 Home43
Home100 Home67 Home100
Home45 Home45
Home60 Home60
Home136 Home136
Home147 Home147
Home51 Home51
Home96 Home96
Home44 Home44
Home173 Home173
Home34 Home34
Home176 Home176
Home66 Home66
Home91 Home91
Home120 Home120 Home69
Home135 Home135
Home87 Home87
Home64 Home64
Home28 Home1 Home35
Home20 Home20 Home126
Home149 Home149
Home88 Home88
Home11 Home11
Home49 Home47
Home4 Home4
Home170 Home170
Home165 Home165
Home110 Home110
Home172 Home172
Home31 Home31
Home140 Home50
Home74 Home74
Home25 Home25
Home81 Home81
Home75 Home75
Home26 Home26
Home82 Home177 Home82
Home143 Home143
Home122 Home122
Home144 Home144
Home131 Home131
Home16 Home16
Home112 Home112
Home128 Home128
Home156 Home156
Home103 Home103
Home36 Home36
Home7 Home7
Home127 Home127
Home164 Home164
Home53 Home53
Home86 Home86
Home5 Home167 Home124 Home5 Home63
Home76 Home76
Home105 Home105
Home152 Home152
Home62 Home62
Home134 Home134
Home2 Home132
Home97 Home97
Home161 Home161
Home73 Home106
Home114 Home114
Home55 Home55
Home89 Home89
Home3 Home3
Home157 Home157
Home92 Home92
Home13 Home13
Home37 Home37
Home48 Home48
Home125 Home125
Home32 Home32
Home154 Home154
