IIII1I1 II1I1Il I1I1111 lll1lII I1I111I IIlIlI1 1IlII1I lIIIllI IlllI11 llI1IlI l1IlIII IIII1ll 11IIl1I II111I1 1IIlIIl 11I1lll 1lI11l1 lII1lll l1IlIl1 11lI11I IIlIIII IIIlI1l II1I1Il IIII1I1
19
II1I1Il II1I1Il
I1I1111 I1I1111 IIllIl1
lll1lII I11IIlI lII1I11
I1I111I I1I111I
IIlIlI1 IIlIlI1
1IlII1I 1IlII1I
lIIIllI lIIIllI
IlllI11 IlllI11
l1IlIII l1IlIII III1lII
IIII1ll IIII1ll
11IIl1I 11IIl1I
II111I1 II111I1
1IIlIIl 1IIlIIl
11I1lll 11I1lll
1lI11l1 lI11l1l 1lI11l1
l1IlIl1 l1IlIl1
11lI11I 11lI11I
IIlIIII IIlIIII
IIIlI1l 11I1Ill lI1l1II lIlllll
