lllIl1I 11IIII1 lIIlII1 II11l1l lIIl11l IIlI1lI II11l1l IIl1l1I I1llll1 l11llll I11I11l l1l1l1l llIIII1 I111I1I IIlIllI Il1Il1I lI11III IlI1II1 11I1llI 1l11lII 11lI11I lII111l I1Ill1I I1llII1 l1lll11 l1Ill11 IlI1Il1 l1IIl1l 1I1l1Il 11111lI lI1Ill1 I11111l Ill11II I1lIlII llI1lII 1111I11 l1l11l1 1I1I1lI l1I111I 1lIl11I lll1111 1l1lIlI lI1l111 l1lllll I1ll1II l1IllI1 I11I111 ll111ll 1I1lllI lll1I1l lIllIll lllIl1I
42
11IIII1 11IIII1
lIIlII1 lIIlII1
II11l1l II11l1l lIl111I
lIIl11l lIIl11l 1I1I1l1
IIlI1lI II1Il1I III1llI
IIl1l1I IIl1l1I
I1llll1 I1llll1
I11I11l I11I11l
llIIII1 llIIII1
I111I1I I111I1I
IIlIllI IIlIllI
Il1Il1I Il1Il1I
lI11III lI11III
IlI1II1 Ill1I11 IlI1II1 III111I
1l11lII 1l11lII
11lI11I 11lI11I
lII111l lII111l
I1llII1 I1llII1
l1lll11 l1lll11
l1Ill11 l1Ill11
IlI1Il1 IlI1Il1
l1IIl1l l1IIl1l
1I1l1Il 1I1l1Il
11111lI 11111lI
I11111l I11111l
Ill11II Ill11II
llI1lII llI1lII
1111I11 111lI1I
l1l11l1 l1l11l1
1I1I1lI 1I1I1lI
l1I111I l1I111I
1lIl11I 1lIl11I
1l1lIlI 1l1lIlI
lI1l111 lI1l111 1I11Ill
l1lllll 1IlIl1I l1lllll
I1ll1II I1ll1II
l1IllI1 l1IllI1 1llI111
I11I111 I11I111
ll111ll ll111ll
1I1lllI 1I1lllI
lll1I1l lll1I1l
lIllIll lIllIll
