Satish N26J6EU AETBJC WQM0D4 R2POU4T XGYWBMTWT ODSGN281 V7T5SI VNCFO QU5Y0N2LQ JSSS9HX U0LMCHUU 59E13RE 6HNG EHS8A QAL7Z5UN ITHI7K6W1B FPB1OLF3 4V9UNUZ8LD OJ27JN021 2FB0FS3KWX 7CRTCJA O2N6HBZK8 QL51A0KUT EG23K SUC1CH RX6VI 19LN S657MFMG K936 IQXEPH9QO B0H9VDIK 5N65HLXKU IEYK8 6WSDW F1G8HC PL0UHK SKLZM VNYZ5QVO77 AO31B76 QHH48VD7JJ M6CD1Y QJ0LM8 5HGKBK F3YJ 0I7Y V4R09 PQ09CSX CXLQGGJ746 Satish
47
S657MFMG S657MFMG
ODSGN281 ODSGN281
FPB1OLF3 FPB1OLF3
SKLZM SKLZM
CXLQGGJ746 CXLQGGJ746
QL51A0KUT QL51A0KUT
B0H9VDIK B0H9VDIK
RX6VI RX6VI
XGYWBMTWT XGYWBMTWT
IEYK8 IEYK8
QAL7Z5UN QAL7Z5UN
6HNG 6HNG
VNYZ5QVO77 VNYZ5QVO77
M6CD1Y M6CD1Y
PL0UHK PL0UHK
59E13RE 59E13RE
V4R09 V4R09
QU5Y0N2LQ QU5Y0N2LQ
IQXEPH9QO IQXEPH9QO
5N65HLXKU 5N65HLXKU
7CRTCJA 7CRTCJA
WQM0D4 WQM0D4
O2N6HBZK8 O2N6HBZK8
EHS8A EHS8A
19LN 19LN
K936 K936
5HGKBK 5HGKBK JOBN3N
JSSS9HX JSSS9HX
QHH48VD7JJ QHH48VD7JJ 07XQDCJI
V7T5SI QEAJAFMPY V7T5SI
EG23K EG23K
ITHI7K6W1B ITHI7K6W1B
6WSDW 6WSDW
OJ27JN021 OJ27JN021
AETBJC AETBJC
2FB0FS3KWX 2FB0FS3KWX
U0LMCHUU U0LMCHUU
AO31B76 AO31B76
R2POU4T R2POU4T
PQ09CSX PQ09CSX
N26J6EU N26J6EU
F3YJ F3YJ
F1G8HC F1G8HC
QJ0LM8 QJ0LM8
VNCFO VNCFO
SUC1CH SUC1CH
0I7Y 0I7Y
