Satish 4C88SXD PUW25N CKNDWG ZMZIWZ 4UE11 4VE7V DDB26ZHC SQLSVN 5XYO CXQDH6YMZ8 J2ETZ1C C8WREP 02X2C VOAV YQB2CII950 ETNCY9XH2 CV6NHW7M 7T8I47 LQQ5IH MXJIYJYNH4 9QJRN FPZT G90OCSZY FM2G14H8I A118 H1LQ91V PIW6IC50D 4P0LGP0 EFIKTK4Y0Y ZH2INF 5HULMUDLAQ 3J6SSA GH8C G4QE3I 8UPUEGO ARTWTP9 L2MG8NMU M71OYIS ZRI9UW LM7KL5G3V M35E O44VZ E37ZKA8WK 91ZONFE QW15YTSV H41HZ6 E2DHWGC HM48FZD0 GN4G0L2 CB93 7GAD3F Q7ZEY L7QS0UEPJ ZMQ5BH M649OA E9DZLL 9V10EOH 9K8PLAET A8WYICH3 4RGA DYYG23O YDG8AEOM ETB2 2B1K6EW9CL LBR67PCKBJ 3IXHQXHYBV P6RI91D87 79KTC8AS9 W71YV1R66L 0TRB9358 G7PWWJ 8MDFNIK8AY JX6GCY 7RUMCGSI 1UCE MLKOJ B690 3WJYJDDU 4TME HBQM42U VGYKKKOFLZ Q7Z37G5 FM2HEMVR1 ZZACWP ET82NVH9 7622OJ 2BLLD3SK E5HD GNVXN 8TH7QVQY YSRPP 26PG GILAN21GR3 PMXEOGGIQ DNIV2BOR2P DST5W4G0 KBI1CALMNJ ZE5CVXXZC HQG39M EEZS RP28W1 IHN21LA4 KCOFJD 01G9IQ2 Satish
99
4C88SXD 4C88SXD
PUW25N PUW25N
CKNDWG CKNDWG
ZMZIWZ ZMZIWZ
4UE11 4UE11
4VE7V 4VE7V
DDB26ZHC DDB26ZHC
SQLSVN SQLSVN
5XYO 5XYO
CXQDH6YMZ8 CXQDH6YMZ8
J2ETZ1C J2ETZ1C
C8WREP C8WREP
02X2C 02X2C
VOAV VOAV
YQB2CII950 YQB2CII950
ETNCY9XH2 ETNCY9XH2
CV6NHW7M CV6NHW7M
7T8I47 7T8I47
LQQ5IH LQQ5IH
MXJIYJYNH4 MXJIYJYNH4
9QJRN 9QJRN
FPZT FPZT
G90OCSZY G90OCSZY
FM2G14H8I FM2G14H8I
A118 A118
H1LQ91V H1LQ91V
PIW6IC50D PIW6IC50D
4P0LGP0 4P0LGP0
EFIKTK4Y0Y EFIKTK4Y0Y
ZH2INF ZH2INF
5HULMUDLAQ 5HULMUDLAQ
3J6SSA 3J6SSA
GH8C GH8C
G4QE3I G4QE3I
8UPUEGO 8UPUEGO
ARTWTP9 ARTWTP9
M71OYIS M71OYIS
ZRI9UW B3R68HYWZ
LM7KL5G3V LM7KL5G3V
M35E M35E
O44VZ O44VZ
E37ZKA8WK E37ZKA8WK
91ZONFE 91ZONFE
QW15YTSV QW15YTSV
H41HZ6 H41HZ6
E2DHWGC E2DHWGC
HM48FZD0 HM48FZD0
GN4G0L2 GN4G0L2
CB93 CB93
7GAD3F 7GAD3F
Q7ZEY Q7ZEY
L7QS0UEPJ L7QS0UEPJ
ZMQ5BH ZMQ5BH
M649OA M649OA
E9DZLL E9DZLL
9V10EOH 9V10EOH
9K8PLAET 9K8PLAET
A8WYICH3 A8WYICH3
DYYG23O DYYG23O
ETB2 ETB2
2B1K6EW9CL 2B1K6EW9CL
LBR67PCKBJ LBR67PCKBJ
3IXHQXHYBV 3IXHQXHYBV
P6RI91D87 P6RI91D87
79KTC8AS9 79KTC8AS9
W71YV1R66L W71YV1R66L
0TRB9358 0TRB9358
G7PWWJ FWM5C
8MDFNIK8AY 8MDFNIK8AY
JX6GCY JX6GCY
7RUMCGSI YU3U1T
1UCE 1UCE
MLKOJ MLKOJ
B690 B690
3WJYJDDU 3WJYJDDU
HBQM42U HBQM42U
VGYKKKOFLZ 6PVQIBNB9 VGYKKKOFLZ
Q7Z37G5 Q7Z37G5
FM2HEMVR1 FM2HEMVR1
ZZACWP ZZACWP
ET82NVH9 ET82NVH9
7622OJ 7622OJ
2BLLD3SK 2BLLD3SK
E5HD E5HD
GNVXN GNVXN
8TH7QVQY 8TH7QVQY
YSRPP YSRPP
26PG 26PG
GILAN21GR3 GILAN21GR3
PMXEOGGIQ PMXEOGGIQ
DNIV2BOR2P DNIV2BOR2P
DST5W4G0 DST5W4G0
KBI1CALMNJ KBI1CALMNJ
HQG39M HQG39M
EEZS EEZS
RP28W1 RP28W1
IHN21LA4 IHN21LA4
KCOFJD KCOFJD
01G9IQ2 01G9IQ2
