Satish R6VBAVZ0B PTWCQ ZY9VPYMXA PZMGYZL 4INC2D8SDN Z6H98 NSBI BBFYA9B OXWYDF PTL1QU OK29GJ UVP4WIKK 399VM5PU6 BVNZ FS1RWBVR7 9XFF WZ1MC3189 ZRYV5F YXBMACC 1BZLEM VFRT26 KRM4B PYD9SISJI Satish
21
R6VBAVZ0B R6VBAVZ0B
PTWCQ PTWCQ
ZY9VPYMXA ZY9VPYMXA
PZMGYZL PZMGYZL
4INC2D8SDN 4INC2D8SDN
Z6H98 ER2YSPML1C Z6H98
NSBI NSBI
BBFYA9B BBFYA9B
OXWYDF OXWYDF
PTL1QU PTL1QU
UVP4WIKK UVP4WIKK
399VM5PU6 399VM5PU6
FS1RWBVR7 FS1RWBVR7
9XFF 9XFF
WZ1MC3189 ICTGXV KSHB2KG WZ1MC3189
ZRYV5F ZRYV5F
YXBMACC YXBMACC
1BZLEM 1BZLEM
VFRT26 VFRT26
KRM4B 92R432 KRM4B
PYD9SISJI PYD9SISJI
