129 44 116 47 58 86 174 5 40 88 33 87 96 76 97 63 191 20 150 121 53 49 123 57 17 8 48 189 145 0 160 14 10 110 68 65 177 190 128 26 178 39 73 21 61 16 188 2 75 125 108 114 94 140 196 25 60 163 99 156 95 59 71 194 23 85 56 51 6 195 157 29 32 105 32 109 107 46 122 30 111 13 50 81 4 11 101 84 80 161 9 12 89 137 19 92 83 129
88
44 44
47 183 62
58 58
174 174
5 5
40 40
88 88
33 33
87 87
96 96
76 76
97 97
63 63
191 191
20 91
150 150
121 171 121
53 53
49 155 49
123 123
57 57
17 17
8 8
48 48
189 189
145 145
0 15 0 82
160 160
14 14
10 55
110 110
68 126
65 65
177 177
190 190 64
128 128
26 26
178 178
39 39
21 21
61 61 152
16 16
188 188
2 2
75 175
125 125
108 108
114 114
140 151
196 196
25 25
163 163
99 99
156 156
95 95
59 59
194 194
23 23
85 85
56 56
51 51
6 6
195 195
157 157
29 29
105 105 192
32 98
109 109
107 107
46 100
122 122
30 66 184
111 142
13 180 13
50 50
81 158 81
4 4
11 11
101 101
84 84
161 161
9 9
12 103
89 89
137 137
19 197
92 92
83 36 130
