845LWU7Kg6167HQY i7lmV5iDIgl5f 1 KKUFV29x8iO 9 N8191M9E9v 48783322I5q9PFVPT SmI7f H6pXAnE0KypnExX FL4V06094CU0zO3gJava D ElUTL J X6SrYf57mSUQQ28C NQ3vX6W6H74aK53np 4l4aqvNKB KpBvy 4 TU76UjE52906 3 3k k r geUO1h 77yN7eHZwfF99R2 11l6P71DgEau1baEX4 xaM1q4jQi3efYb0 2qgWbB40Ya16 MY3aL96Y u3Qv EnhLq7BgTj8IN3Z2m fgM12T 6RiHvQ4xTN5 9vq8gscs7dz1 eDv5MBdo MVvh DUiYDuR9yYFD5 UH4Lf7FAuZoT4lv2 YKpC4gQmPKaU311w9eOT O41Muu 95fufpL7BuUW8Mng00jE O58T dw6Yuyls1ZilP493g91O 95E0752p51t ZT3 y Uyj5raM7C9SGCHQGUC 845LWU7Kg6167HQY
39
845LWU7Kg6167HQY 845LWU7Kg6167HQY
1 5
KKUFV29x8iO ftk2 KKUFV29x8iO
9 9
N8191M9E9v SL88w66v7
48783322I5q9PFVPT 48783322I5q9PFVPT
SmI7f SmI7f
H6pXAnE0KypnExX YLKBD54k H6pXAnE0KypnExX
D D
ElUTL ElUTL 122gt
J 7L 672Pt4Ytw8LW
X6SrYf57mSUQQ28C X6SrYf57mSUQQ28C
NQ3vX6W6H74aK53np NQ3vX6W6H74aK53np
4l4aqvNKB 4l4aqvNKB
KpBvy KpBvy
4 4
TU76UjE52906 TU76UjE52906
3 3
3k 3k
r r ICQxh0Q58799CUd2
geUO1h geUO1h 8M2OK8Px58
77yN7eHZwfF99R2 TBk5Pt5vt5SInt
11l6P71DgEau1baEX4 11l6P71DgEau1baEX4
xaM1q4jQi3efYb0 xaM1q4jQi3efYb0
2qgWbB40Ya16 2qgWbB40Ya16
MY3aL96Y 5CCl0n2r5512 MY3aL96Y
u3Qv u3Qv 42U0k6JhTQxPvUw8
EnhLq7BgTj8IN3Z2m EnhLq7BgTj8IN3Z2m
fgM12T eqYzN7b19UgNo1K fgM12T
6RiHvQ4xTN5 6RiHvQ4xTN5
eDv5MBdo 5Qkzz260R7 eDv5MBdo
MVvh MVvh
DUiYDuR9yYFD5 DUiYDuR9yYFD5
YKpC4gQmPKaU311w9eOT YKpC4gQmPKaU311w9eOT
O41Muu O41Muu
O58T O58T
95E0752p51t 95E0752p51t
ZT3 ZT3
y B4mQOl023dn1 y
