AyBBdkPvTTt19wqt 9jWI53P36dh95 0b vRH6pA1I75N1 jxDm FKWv88jkw79me T8C17MZ6g69gmQ ymzG1qC7YsJFFmeog 7DmqFE 36Y155M7F1ZG8 JbMQX8p9 AcC1Sh8w37Px0m 8w6aRuq A Ru0A1pKIpZYWG O7W5C8z8H93l MjwmiyLlZn thypPB22BchO3Od9 E76twn5gNBei01uh2PkH NU7gnWcAs4nq66FS kg8257p31rTQvRWjGF SdP9W8WRSw 2mk9O8P6 Q 336P8 MnF3RrhkA5IuhY Fe5xMwq0a8 MEv16358FQ L7Mfs3034VwaB7kd3Z d5P0NXv8 r9qUrqog71Fz9gx nw566uv 1CYyNxk8m7fToc6XLW7T mmF 1wF6 1MHxxU P 1MHxxU 920ucA0jXEv o88qO93T 2T6osNpb4 6qc68848myvIqoZWw 2l90gxx61rTb0CbF CDuc4XdY7zp TMULg iT7 9o4t O73Lh6 Han188Ox O73Lh6 3 Q2PY RYtkT5 8Qe2lSUyQa b19692 6nB9xzJ7b5115Qu5 b6DdFnSk8qdk45 I4640OD 1utCvCS3yEzt0HBbKt 360B15fOiy1XBl hG8udpL53V 2qbTYSv3J 98E9ia5 89ukpivGhdck21Krrh40 Rf0x16WtfDv T4EKg4Vc FR3SCSFtuk055ORI QqvW51K9Cm aCCE yd7324WTF MEv16358FQ Fe5xMwq0a8 2P201UD8Q Fe5xMwq0a8 XQxkrBxnI Ut7hqt9A EL5n1KQ3kn w22P6su70O6jf3FJ c2m39UUoMb 2Et5UN6ZJ19iz khC 4B5uWNh7Dl3lRP 8kQ991Y80Dy 9q06155efQSN DqfU93360y3I66U0 Tk46 XMV256fk Nstvw8dF9rhja nOMN589D7t0QjhnBj3wn 5nYY46YfUGovj 0Lw86e I6 6v326555i1Io5Z IEtn6zEV03H3 pwvBbQ870l3Io2K iFF184 2YlhGrefFhV6JLtw 5tQKcAo3 q 5tQKcAo3 o A6gMJKsUfUSuEI76 6c1qFsEg9xI jxDm QE9dXn5y6j2YYh eZEbm MJ2l1N0ojTC d Le6BO3R b817BTo6GdPc96ig2 AyBBdkPvTTt19wqt
82
9jWI53P36dh95 9jWI53P36dh95
0b 3505
vRH6pA1I75N1 vRH6pA1I75N1
FKWv88jkw79me FKWv88jkw79me
T8C17MZ6g69gmQ T8C17MZ6g69gmQ
ymzG1qC7YsJFFmeog ymzG1qC7YsJFFmeog
7DmqFE 7DmqFE KIOJyBXM922ydZA5
36Y155M7F1ZG8 36Y155M7F1ZG8
8w6aRuq 8w6aRuq
A 1e90fR0FtB7Ev156y
O7W5C8z8H93l O7W5C8z8H93l
MjwmiyLlZn 68ZC6T1G2o9Q95CKs MjwmiyLlZn
thypPB22BchO3Od9 thypPB22BchO3Od9
E76twn5gNBei01uh2PkH E76twn5gNBei01uh2PkH
NU7gnWcAs4nq66FS NU7gnWcAs4nq66FS
kg8257p31rTQvRWjGF kg8257p31rTQvRWjGF
SdP9W8WRSw SdP9W8WRSw
Q Q P6C89a32
336P8 J68F52raS3n1L6ZYK
L7Mfs3034VwaB7kd3Z L7Mfs3034VwaB7kd3Z
d5P0NXv8 d5P0NXv8
r9qUrqog71Fz9gx r9qUrqog71Fz9gx
nw566uv nw566uv
1wF6 1wF6
1MHxxU TByQ7zH089
P JBYT6heC6yE4 P
920ucA0jXEv 920ucA0jXEv
o88qO93T 85682ijoufq1DW
2T6osNpb4 2T6osNpb4
6qc68848myvIqoZWw 6qc68848myvIqoZWw
2l90gxx61rTb0CbF 2l90gxx61rTb0CbF
TMULg TMULg
9o4t 9o4t
Han188Ox EnmWLiDA9NE89oNUTbx Han188Ox
3 3z4E 3
Q2PY Q2PY
RYtkT5 usTG0We6G9WDs7Dk RYtkT5
8Qe2lSUyQa 8Qe2lSUyQa
b19692 b19692
6nB9xzJ7b5115Qu5 PELS5
b6DdFnSk8qdk45 b6DdFnSk8qdk45
I4640OD I4640OD L46h8MG90TBpA8v9
1utCvCS3yEzt0HBbKt 1utCvCS3yEzt0HBbKt
hG8udpL53V hG8udpL53V
2qbTYSv3J 659Cx
98E9ia5 gv3T5z4
89ukpivGhdck21Krrh40 89ukpivGhdck21Krrh40
Rf0x16WtfDv Rf0x16WtfDv
FR3SCSFtuk055ORI FR3SCSFtuk055ORI
QqvW51K9Cm QqvW51K9Cm
aCCE aCCE
yd7324WTF yd7324WTF
MEv16358FQ MEv16358FQ
2P201UD8Q c3x9Cmq8W5oa57mjASv 2P201UD8Q
XQxkrBxnI XQxkrBxnI
Ut7hqt9A Ut7hqt9A p772t3OLqj
2Et5UN6ZJ19iz 2Et5UN6ZJ19iz
khC khC
4B5uWNh7Dl3lRP 4B5uWNh7Dl3lRP
8kQ991Y80Dy v
9q06155efQSN 9q06155efQSN
Tk46 Tk46
XMV256fk XMV256fk
Nstvw8dF9rhja nOMN589D7t0QjhnBj3wn qGr382CkPK997QVHAL
5nYY46YfUGovj q7Ehaiz 5nYY46YfUGovj
0Lw86e dUdv uF131buM7L27
I6 I6 o83v2nI1sQs
6v326555i1Io5Z 6v326555i1Io5Z
IEtn6zEV03H3 IEtn6zEV03H3 e1M0JsNJ5
pwvBbQ870l3Io2K pwvBbQ870l3Io2K
iFF184 iFF184
2YlhGrefFhV6JLtw 2YlhGrefFhV6JLtw
q 8tvL5MpO9J735t q
o 7d2Q05crlPi
A6gMJKsUfUSuEI76 A6gMJKsUfUSuEI76
6c1qFsEg9xI 6c1qFsEg9xI
jxDm 4932 jxDm
eZEbm eZEbm
MJ2l1N0ojTC MJ2l1N0ojTC
d d
Le6BO3R Le6BO3R
b817BTo6GdPc96ig2 b817BTo6GdPc96ig2 ywj3aNhyxUH
