0 90 79 138 160 94 148 71 67 8 128 53 57 16 197 23 89 26 108 54 24 63 55 107 47 51 96 73 153 12 3 65 61 14 29 174 56 36 2 33 72 28 41 46 22 109 5 13 17 92 105 7 76 34 125 87 84 97 147 95 145 42 18 82 99 32 25 166 124 93 124 35 184 40 49 121 11 75 85 68 58 6 198 60 141 64 9 50 112 0 137 0
77
0 0 86 43 59 62 15
2 2 27 78
3 3
5 5
6 6
7 7
8 8
9 80 9
11 11
12 12
13 13
14 14
16 16
17 17 21
18 18
22 22
23 23
24 24
25 25
26 26
28 28
29 29
32 32
33 33 74
34 34
35 35 44
36 36
40 40
41 41
42 48 10 42
46 46
47 47
49 49
50 50
51 51 30
53 20 53
54 98 54
55 55
56 56
57 1 57
58 58
60 60
61 61 70
63 63
64 64
65 65
67 67
68 68
71 71
72 72 83
73 73
75 75
76 76
79 4 79
82 82
84 84
85 85
87 87
89 89
90 90
92 92
93 93 38
94 94
95 95
96 96
97 97
99 99
105 19
107 39
125 91 77
128 45
141 31
153 66
174 81
184 69
198 88
137 52 37
