loc0 loc58 loc185 loc100 loc44 loc172 loc82 loc78 loc53 loc160 loc106 loc52 loc105 loc60 loc192 loc151 loc130 loc29 loc49 loc144 loc37 loc46 loc42 loc138 loc25 loc183 loc188 loc120 loc84 loc141 loc150 loc109 loc177 loc47 loc159 loc72 loc186 loc83 loc14 loc36 loc116 loc89 loc191 loc39 loc28 loc187 loc107 loc162 loc129 loc15 loc23 loc197 loc23 loc85 loc173 loc179 loc41 loc119 loc97 loc76 loc196 loc50 loc122 loc96 loc134 loc11 loc67 loc65 loc92 loc168 loc66 loc170 loc147 loc181 loc110 loc34 loc113 loc20 loc165 loc164 loc184 loc127 loc27 loc131 loc198 loc157 loc112 loc75 loc156 loc69 loc167 loc0
73
loc185 loc185
loc100 loc100
loc172 loc172
loc82 loc82
loc78 loc78
loc53 loc54
loc160 loc160 loc45
loc106 loc106
loc52 loc52
loc105 loc105
loc192 loc192
loc130 loc130
loc49 loc49
loc144 loc144
loc37 loc37
loc46 loc46
loc42 loc42
loc138 loc118 loc138 loc32
loc25 loc25
loc183 loc183
loc188 loc188
loc120 loc120 loc8
loc84 loc84
loc150 loc10 loc150
loc109 loc109
loc177 loc177
loc47 loc47
loc75 loc75
loc112 loc112
loc157 loc157
loc198 loc198
loc131 loc131
loc27 loc27
loc184 loc184
loc164 loc164
loc165 loc165
loc20 loc20
loc113 loc113
loc34 loc57
loc147 loc147
loc170 loc17
loc66 loc31 loc66
loc168 loc168 loc93
loc92 loc92
loc67 loc67
loc11 loc11
loc134 loc134
loc96 loc96
loc122 loc122
loc196 loc196
loc76 loc182
loc97 loc97
loc119 loc119
loc41 loc41
loc179 loc179
loc85 loc85
loc197 loc197
loc186 loc186
loc83 loc83
loc14 loc14
loc36 loc36
loc116 loc116
loc89 loc89
loc191 loc191
loc39 loc39
loc28 loc28
loc187 loc187
loc162 loc162
loc129 loc129
loc15 loc15
loc156 loc156
loc69 loc69
loc167 loc167
