loc0 loc23 loc99 loc47 loc25 loc83 loc54 loc7 loc53 loc30 loc51 loc94 loc21 loc89 loc86 loc68 loc81 loc4 loc62 loc90 loc71 loc78 loc9 loc88 loc8 loc5 loc35 loc45 loc43 loc49 loc91 loc31 loc91 loc39 loc24 loc74 loc58 loc84 loc23 loc0
29
loc23 loc23
loc99 loc20 loc99
loc51 loc51
loc30 loc34
loc53 loc28 loc72
loc8 loc8
loc4 loc42
loc81 loc81
loc25 loc25
loc83 loc48
loc54 loc54
loc7 loc7
loc89 loc33
loc86 loc86 loc69
loc35 loc35 loc29 loc6 loc52
loc84 loc84
loc58 loc75
loc24 loc24
loc78 loc61
loc71 loc93
loc49 loc40
loc45 loc45 loc62
loc91 loc91 loc26 loc49
loc39 loc39 loc79
loc31 loc31
loc88 loc88
loc21 loc21
loc62 loc16 loc65
loc90 loc90
