a0 d3 c8 d3 a0 h7 i7 h7 a0 b6 a2 b9 a0 h2 i4 h2 a0 d6 e3 e2 e1 e0 d4 a0 f4 f5 g8 i0 g8 g7 g5 g4 g2 g1 f5 f4 a0 l0 l1 l2 l3 l4 l5 l6 l7 l8 l7 l6 l5 l4 l3 l2 l1 l0 a0 m4 n0 m5 n2 m5 n0 m4 a0 g9 e8 h0 p8 p7 p6 p5 p4 p3 p2 p1 a0 d5 e5 e6 e7 d7 d8 e9 d8 a0 a1 a0 d1 c6 d2 c5 c4 c3 a0 a3 c0 a3 a0 n4 n5 n6 n7 n8 n9 o0 o1 o2 o3 o4 o5 o6 o7 o8 o9 a0
69
a0 b4 b5 k8 k2 i6 k6 i2 k9 k7 i1 p0 k3 k0 p9 i3 i9 k1 k4 k5
d3 c7
c8 c9 c8
i7 i8 i7
b6 b6
a2 b7 b8
b9 b9
i4 i4 i5
d6 e4
e3 e3
e2 e2
e1 e1
e0 e0
i0 i0 g6
g8 g8
g7 g7
g5 g5
g4 g4
g2 g3 g2
g1 g1
l1 l1
l2 l2
l3 l3
l4 l4
l6 l6
l8 l9 l8
l7 l7
l5 l5
l0 l0
n2 n2 n3
m5 n1
n0 n0
g9 g9
e8 e8
p8 p8
p7 p7
p6 p6
p5 p5
p4 p4
p3 p3
p2 p2
p1 p1
e5 e5
e6 e6
e7 e7
e9 e9 g0
a1 b3 b0 b2 b1
c6 c6
c5 c5
c4 c4
c3 c3
c0 c0 c1
a3 c2
n4 n4
n5 n5
n6 n6
n7 n7
n8 n8
n9 n9
o0 o0
o1 o1
o2 o2
o3 o3
o4 o4
o5 o5
o6 o6
o7 o7
o8 o8
o9 o9
