74 123 81 167 162 91 131 53 37 178 176 165 171 136 184 96 20 181 142 42 8 141 129 163 94 34 52 130 151 135 56 80 125 50 66 63 115 148 192 13 45 146 73 100 97 137 99 11 140 16 152 47 127 193 4 168 179 54 133 199 51 190 155 90 64 17 187 43 58 68 23 25 44 107 112 134 86 31 21 76 154 18 110 72 100 173 132 48 5 172 95 147 103 27 32 39 14 59 60 83 33 108 183 188 88 113 198 120 116 138 139 161 109 123 74
90
81 81
167 167
91 91
131 200
53 53
178 178
165 165
171 171
136 136
184 184
96 96
20 20
142 142
42 42
141 61
129 129
163 163
94 94
52 52
130 130
135 135
56 56
80 80
125 125 98 157
50 50
66 66
63 174 63
115 115
148 105
192 192
45 45
146 146
73 73
100 100
97 97
99 99
11 11
140 140
16 16
152 152
47 47
127 127
193 193
4 4
179 179
54 54
133 133
199 199 111
51 77 51
190 190
155 155
90 90
17 17
43 158
58 58
23 23
44 44
107 107
112 112 114
134 134
86 86 128
31 31
76 76 89
154 154
18 18
72 72
173 173
132 132
5 5
172 12
95 95
103 103
27 27
32 32
39 39
14 118 14
59 59
60 60
83 83
108 108
88 88
113 113
198 143 198
120 120
116 116
138 138
139 139
161 161
109 109
123 123
