112 118 96 143 13 94 40 8 73 109 69 29 27 53 126 127 84 146 23 174 183 34 78 181 184 194 49 107 152 81 52 83 71 33 190 36 85 129 168 97 172 121 120 169 136 149 66 64 80 162 14 186 58 59 119 138 144 165 114 75 182 44 21 32 157 188 105 17 170 9 54 56 42 24 131 163 68 41 99 6 187 154 160 171 72 70 158 11 147 20 0 117 166 151 102 35 28 95 123 112
98
118 118
96 96
143 60 143
13 13
94 94
40 40
8 8
73 73
109 109
69 69
29 29
27 27
53 53
126 126
127 127
84 84
146 146
23 23
174 174
183 183
34 34
78 78
181 181
184 184
194 194
49 49
107 107
152 152
81 81
52 52
83 83
71 71
33 33
190 190
36 36
85 85
129 129
168 168
97 97
172 172
121 121
120 120
169 169
136 136
149 149
66 66
64 64
80 80
162 162
14 14
186 130
58 58
59 59
119 119
138 138
144 144
165 165
114 114
75 75
182 182
44 44
21 21
32 124
157 157
188 188
105 105
17 17
170 170
9 9
54 54
56 56
42 42
24 24
131 131
163 163
68 68
41 41
99 99
6 6
187 187
154 154
160 160
171 171
72 72
70 70
158 158
11 11
147 147
20 20
0 104 0
117 117
166 166
151 151
102 102
35 35
28 28
95 95
123 123
