Soda loc80 loc63 loc10 loc86 loc96 loc53 loc92 loc12 loc61 loc23 loc30 loc63 loc57 loc64 loc83 loc91 loc68 loc91 loc83 loc17 loc8 loc31 loc8 loc64 loc72 loc6 loc44 loc40 loc44 loc6 loc24 loc22 loc43 loc26 loc67 loc90 loc45 loc49 loc73 loc20 loc45 loc66 loc36 loc97 loc48 loc32 loc45 loc19 loc71 loc33 loc50 loc18 Soda
38
loc18 loc18
loc19 loc19
loc24 loc21
loc26 loc26
loc33 loc33
loc40 loc40 loc39
loc43 loc43
loc44 loc89 loc44
loc45 loc81 loc93 loc45
loc57 loc57
loc67 loc67
loc71 loc71
loc72 loc72
loc80 loc79
loc90 loc90
loc68 loc68 loc38
loc8 loc8
loc17 loc17
loc83 loc83
loc91 loc91
loc31 loc41 loc31
loc32 loc32
loc97 loc97
loc66 loc66
loc36 loc36
loc73 loc73
loc48 loc48
loc49 loc49
loc20 loc20
loc96 loc96 loc99
loc10 loc10
loc12 loc12
loc53 loc13 loc53 loc55 loc28 loc29 loc95
loc86 loc86
loc23 loc23
loc92 loc92
loc61 loc61
loc30 loc30
