Soda loc3 loc64 loc199 loc80 loc179 loc45 loc92 loc75 loc137 loc40 loc137 loc75 loc57 loc157 loc57 loc92 loc151 loc104 loc163 loc154 loc171 loc42 loc163 loc104 loc129 loc17 loc23 loc74 loc13 loc34 loc84 loc167 loc97 loc189 loc32 loc34 loc14 loc121 loc88 loc34 loc94 loc83 loc50 loc43 loc27 loc26 loc181 loc111 loc11 loc30 loc39 loc198 loc166 loc28 loc198 loc24 loc31 loc128 loc111 loc193 loc38 loc122 loc77 loc173 loc107 loc173 loc77 loc41 loc141 loc115 loc99 loc134 loc35 loc194 loc55 loc79 loc15 loc8 loc101 loc164 loc47 loc87 loc192 loc170 loc196 loc142 loc196 loc51 loc155 loc103 loc51 loc196 loc52 loc126 loc68 loc60 loc183 loc22 loc165 loc95 loc10 loc147 loc131 loc180 loc27 loc43 loc82 loc184 loc90 loc179 loc58 loc53 loc25 loc106 loc36 loc145 loc156 loc145 loc36 loc172 loc106 Soda
85
Soda Soda
loc3 loc3
loc64 loc64
loc199 loc199
loc80 loc80
loc45 loc45
loc75 loc75
loc137 loc137
loc40 loc40 loc20
loc157 loc59 loc157
loc57 loc72 loc57
loc151 loc151
loc154 loc154
loc171 loc171
loc42 loc42
loc163 loc163
loc17 loc17
loc23 loc23
loc74 loc74
loc13 loc13
loc84 loc84
loc167 loc167
loc97 loc97
loc189 loc189
loc32 loc32
loc34 loc118 loc34 loc138
loc14 loc14
loc121 loc121
loc88 loc88
loc94 loc94
loc83 loc83
loc50 loc50
loc26 loc188 loc26
loc181 loc181 loc37
loc11 loc11
loc30 loc30 loc136
loc39 loc39
loc166 loc109
loc28 loc28
loc24 loc24
loc128 loc128
loc111 loc111
loc193 loc114 loc193
loc38 loc38
loc122 loc122
loc173 loc173
loc107 loc107 loc146
loc77 loc77
loc41 loc41
loc141 loc141
loc99 loc9
loc35 loc35
loc194 loc194
loc55 loc55
loc79 loc79
loc15 loc15
loc8 loc8
loc101 loc101
loc192 loc192
loc170 loc170
loc142 loc142 loc7
loc196 loc185 loc61
loc155 loc155
loc103 loc103
loc51 loc51
loc126 loc126
loc183 loc183
loc22 loc22
loc165 loc100 loc165
loc95 loc95
loc10 loc10
loc147 loc147
loc131 loc131
loc180 loc180
loc43 loc65
loc82 loc82
loc90 loc90
loc58 loc58
loc53 loc53
loc25 loc140 loc25
loc106 loc106
loc36 loc36
loc145 loc145
loc156 loc156 loc6
loc172 loc172
