0 13 106 50 59 51 89 167 110 17 125 28 20 49 48 74 4 133 52 82 22 62 12 10 188 87 79 41 147 35 78 111 70 11 64 40 124 140 81 192 95 132 76 47 37 139 86 39 29 100 73 7 195 57 88 90 3 25 6 21 63 93 120 96 97 194 66 169 135 5 65 123 72 177 92 60 151 55 77 32 18 196 148 45 56 99 113 30 9 98 8 34 145 58 36 46 44 27 144 157 16 24 91 121 14 31 80 71 83 68 54 53 2 0
92
13 13
50 50
59 59
51 51
89 89
110 26
17 17
28 28
20 20
49 49
48 48
74 74
4 4
52 52
82 82
22 22
62 62
12 12
10 10
87 87
79 79
41 41 19
35 35
78 78
111 75
70 70
11 11
64 64
40 40
81 81
95 95
132 43
76 76
47 47
37 37
86 86
39 39
29 29
100 61 100
73 73
7 7
57 57
88 88
90 23 90
3 3
25 25
6 6
21 21
63 63
93 93
96 96
97 97
66 66
169 84
5 5
65 65
72 72
177 33
92 92
60 60
55 55
77 77
32 32
18 18
148 85
45 45
56 56
99 99
113 15 1
30 42 30
9 9
98 98
8 38 8
34 34
58 58
36 36
46 46
44 44
27 27
157 69
16 16
24 94 24
91 67 91
14 14
31 31
80 80
71 71
83 83
68 68
54 54
53 53
2 2
