48 20 168 109 6 11 79 21 148 80 114 157 194 193 52 156 180 51 84 60 57 103 98 16 40 176 138 199 141 196 46 10 115 154 197 159 195 179 174 125 143 155 3 170 106 133 93 119 126 94 182 113 181 135 147 38 165 175 7 78 185 39 23 2 124 77 164 58 118 145 173 163 171 25 90 87 107 66 74 149 92 177 158 42 9 129 136 152 29 36 55 47 108 72 186 73 48
87
2 2
3 3
7 7
9 9
10 10
11 11
16 16
20 20
21 21
23 23
25 25
29 29
36 36
38 117 38
39 85 39
40 40
42 42
46 46
48 48
51 5
52 52
55 55
57 151
58 58
60 60
66 66 191
73 73
74 74
77 19
78 78
79 79
84 84
87 87
90 90
93 93
98 98 67 101
103 103
106 64
107 107
108 108
109 109
113 113 69
114 123
115 115
118 118
119 119
124 56
125 125
126 126
129 129
133 133
135 135
136 136
138 138
141 141
143 143 137 167
145 145
147 147
148 148
149 149
152 152
154 154 53 110
155 155
156 156
157 157
158 158
159 120
163 163
164 164
165 34 165
170 170
171 171
173 88 35
175 175
176 176
177 177
179 179
180 180
181 181
182 182
185 185 190
186 186
193 193
194 194
196 196
197 197
199 199
