evdoyagqfp xawkqmfmmx xftptyrlvl mysadifwma xftptyrlvl jqtguzxxsl optviwhmbr ivugtsvtqb guuudgvhny vugkhjygfe xywdziunpr oggftsricu xeigbnzhbj seeyrseflx jrmlkfexfk osdeymjeil qiqnnrlapz spdafzaivh ldnozwuuuq frfueiglva ymvlfsdhbu nbjyrygtdh cpwyxulkjm jfccyptuug tgkujfknod bswhowadhl zpjhxyylhb kvfpaspidv ouxenssqdu mdyuzxshey wtlzrefwav afrdrejwtp pwgublhwxg hofbtczdgp yqwistxtxc xguvjomcdt nwlccbonas bbwcqzwyoz ijbfzrqwct qfbvncxldf ixyurvbpvu qepegujmaa pcilmgdrgc wwqchwdmtx jedsthbmzo euqbrkzdsw zivwgfcxqi phknwbtipl fdgcygwgjf rnpokwoqgt oownpsyviv oavtmpaqji ichabbvkhm jrusiskazm vkrlpmybdj lndsfxewdc eqdxeqvtsb xnppuesbrr gllungmori qxuqrfzzob opmnfgpclg tgbmxdmvwe lcrihrmoqu tvcolajnao xqwyvbvueh oegfbrwyrp ebqxbaqnmm xwrvhrxnqy pbefrggyje unihwwnyqz vnzypgtlkj gbdejcnknd ahqdrcepub afortwurqt zmfuudfatm cttlxdtaiw byyqgjwsrp tmatbexcil qpxtrjvxpe lnicnhmajr xychpimpzb bulywvvpni wkwwcqjtxf koawdpgqdx pdljcbluhp cmdqzmgvfi qgfchcatzi yriqtwavfx uhalgukdzb fczruomdab eooyfwmxln epdwcjuvdr wynbxuuxru lazlsvgukx bbczvyonym hsjqtjkukk sjtuxgdwms kvxwqiryyu qbiylslccb xftptyrlvl evdoyagqfp
80
evdoyagqfp evdoyagqfp
xawkqmfmmx xawkqmfmmx
mysadifwma bnmegnfgii mysadifwma
xftptyrlvl fluzhooehk uooysjrxsb
eooyfwmxln eooyfwmxln
vugkhjygfe vugkhjygfe
zmfuudfatm zmfuudfatm
vkrlpmybdj vkrlpmybdj
unihwwnyqz kijbyyuzhd
jqtguzxxsl smwxdupkdv
koawdpgqdx psiebvskfb
tgbmxdmvwe tgbmxdmvwe
rnpokwoqgt rnpokwoqgt
wtlzrefwav wtlzrefwav
oggftsricu oggftsricu
ouxenssqdu ouxenssqdu
nwlccbonas itbfnxnauh nwlccbonas
epdwcjuvdr kgktiatgjn
seeyrseflx hkempoemlv seeyrseflx
ahqdrcepub ahqdrcepub
bswhowadhl bswhowadhl
qfbvncxldf qfbvncxldf
jrmlkfexfk scesbtewjx jrmlkfexfk
qgfchcatzi qgfchcatzi
wkwwcqjtxf lkvtxfwozs wkwwcqjtxf
xywdziunpr xywdziunpr
ixyurvbpvu yiwwdwbzth
tvcolajnao tvcolajnao
qepegujmaa qepegujmaa etdxtwotzh
mdyuzxshey mdyuzxshey
lnicnhmajr aruwdskzta lnicnhmajr
bulywvvpni bulywvvpni
bbwcqzwyoz bbwcqzwyoz
hsjqtjkukk hsjqtjkukk
jrusiskazm jrusiskazm
lndsfxewdc lndsfxewdc kyrhqthnvz
oegfbrwyrp oegfbrwyrp
wynbxuuxru tmrnpjqnxx wynbxuuxru voaumgrcuj
optviwhmbr optviwhmbr vfdsalrajq
euqbrkzdsw euqbrkzdsw
kvxwqiryyu kvxwqiryyu
qxuqrfzzob qxuqrfzzob
pcilmgdrgc pcilmgdrgc ivgbjyugdu
kvfpaspidv kvfpaspidv
qpxtrjvxpe qpxtrjvxpe
tgkujfknod tgkujfknod
xnppuesbrr xnppuesbrr
wwqchwdmtx wwqchwdmtx
ijbfzrqwct bimtbhwsby
xwrvhrxnqy xwrvhrxnqy xifuopshzj
lcrihrmoqu lcrihrmoqu xkasbvrrxd
uhalgukdzb uhalgukdzb
fdgcygwgjf fdgcygwgjf
hofbtczdgp hofbtczdgp
nbjyrygtdh nbjyrygtdh
pbefrggyje pbefrggyje
zivwgfcxqi zivwgfcxqi
oavtmpaqji oavtmpaqji
osdeymjeil osdeymjeil
ichabbvkhm ichabbvkhm
ivugtsvtqb ivugtsvtqb
byyqgjwsrp qxfgqgbbdn byyqgjwsrp
pdljcbluhp pdljcbluhp
ymvlfsdhbu ymvlfsdhbu aokbiptbzc
xychpimpzb xychpimpzb
bbczvyonym bbczvyonym
eqdxeqvtsb eqdxeqvtsb
afortwurqt afortwurqt
gbdejcnknd gbdejcnknd
cpwyxulkjm cpwyxulkjm
afrdrejwtp afrdrejwtp
xguvjomcdt xguvjomcdt
ldnozwuuuq ldnozwuuuq
tmatbexcil tmatbexcil
xqwyvbvueh xqwyvbvueh
qiqnnrlapz qiqnnrlapz
cttlxdtaiw cttlxdtaiw
guuudgvhny stdiixwrjc guuudgvhny
vnzypgtlkj vnzypgtlkj
yriqtwavfx gucdicwxmb rkyixxpcbx
