mdyuzxshey vkrlpmybdj jatkaoyfxb zumetrybth ebqxbaqnmm kdujdjjwot zjbarjhmau bulywvvpni lndsfxewdc mswyvpdrsy hkempoemlv fznfvsgjhc lkvobxyfca oggftsricu lnicnhmajr owusjcmdkp oewptytlja jedsthbmzo xftptyrlvl yiwwdwbzth jqtguzxxsl hadchvmijq wynbxuuxru epdwcjuvdr wtlzrefwav hsjqtjkukk smwxdupkdv koawdpgqdx unihwwnyqz qepegujmaa unihwwnyqz koawdpgqdx aokbiptbzc smwxdupkdv hsjqtjkukk wtlzrefwav jrmlkfexfk gllungmori rkyixxpcbx optviwhmbr ixyurvbpvu uooysjrxsb seeyrseflx uooysjrxsb ixyurvbpvu siatqqydwf ahqdrcepub lazlsvgukx idfvjoquhh lbuiysostx oegfbrwyrp bswhowadhl psiebvskfb zpybghfdbe cmdqzmgvfi qydclznxrd ouxenssqdu tvcolajnao vkrlpmybdj mdyuzxshey
39
mdyuzxshey mdyuzxshey mysadifwma
vkrlpmybdj zmfuudfatm vkrlpmybdj
jatkaoyfxb jatkaoyfxb bnmegnfgii
zumetrybth zumetrybth
ebqxbaqnmm ebqxbaqnmm
kdujdjjwot kdujdjjwot
zjbarjhmau zjbarjhmau
bulywvvpni bulywvvpni
lndsfxewdc lndsfxewdc
mswyvpdrsy mswyvpdrsy
fznfvsgjhc fznfvsgjhc
lkvobxyfca lkvobxyfca
oggftsricu euqbrkzdsw
lnicnhmajr lnicnhmajr
owusjcmdkp owusjcmdkp ljhmnbaicr
oewptytlja knfzsnhzvx oewptytlja nwlccbonas
jedsthbmzo jedsthbmzo
xftptyrlvl xftptyrlvl
yiwwdwbzth wtyqwjwskq
jqtguzxxsl jqtguzxxsl
hadchvmijq hadchvmijq
wynbxuuxru wynbxuuxru
qepegujmaa xtvbrolacp qepegujmaa
koawdpgqdx koawdpgqdx
aokbiptbzc aokbiptbzc
wtlzrefwav wtlzrefwav
gllungmori gllungmori
rkyixxpcbx rkyixxpcbx eooyfwmxln
optviwhmbr optviwhmbr
seeyrseflx seeyrseflx vugkhjygfe
ixyurvbpvu gwnccktgki
ahqdrcepub ahqdrcepub
lazlsvgukx lazlsvgukx
lbuiysostx lbuiysostx
oegfbrwyrp tgbmxdmvwe
psiebvskfb psiebvskfb
cmdqzmgvfi cmdqzmgvfi qfbvncxldf
qydclznxrd qydclznxrd
tvcolajnao qcktwemqbm
