0 54 191 54 10 114 115 10 197 10 26 158 26 47 152 47 164 47 78 185 78 25 125 124 25 49 194 49 53 176 53 31 119 118 31 41 122 123 41 113 112 41 45 173 45 90 182 90 5 117 116 5 21 140 21 1 155 1 12 139 138 12 39 106 107 39 44 104 105 44 69 111 110 69 46 170 46 58 100 101 58 57 188 57 137 136 57 11 179 11 131 130 11 83 167 83 60 129 128 60 109 108 60 94 126 127 94 87 149 87 38 146 38 34 120 121 34 84 132 133 84 143 84 9 161 9 18 103 102 18 40 134 135 40 0
79
191 191 192
54 193
114 114
115 115
197 197 198
10 199
26 160
158 159 158
47 154 166
152 153 152
164 164 165
78 187
185 186 185
125 125
124 124
49 196
194 195 194
53 178
176 177 176
119 119
118 118
122 122
123 123
113 113
112 112
45 175
173 174 173
182 182 183
90 184
117 117
116 116
21 142
140 141 140
1 157
155 156 155
139 139
138 138
106 106
107 107
104 104
105 105
111 111
110 110
170 170 171
46 172
100 100
101 101
188 188 189
57 190
137 137
136 136
11 181
179 180 179
131 131
130 130
167 167 168
83 169
129 129
128 128
109 109
108 108
126 126
127 127
87 151
149 150 149
146 146 147
38 148
120 120
121 121
132 132
133 133
143 143 144
84 145
161 161 162
9 163
103 103
102 102
134 134
135 135
