0 130 132 141 142 140 44 100 15 95 145 99 105 47 183 180 182 189 74 125 39 35 37 35 20 150 152 151 122 120 123 67 66 12 10 13 2 28 25 27 65 30 32 58 55 57 110 113 17 104 149 159 124 179 69 54 90 92 191 192 190 154 184 79 134 139 64 94 170 129 144 195 114 160 137 166 117 116 77 101 102 108 82 169 52 135 40 42 186 187 185 75 0
81
0 3
130 133
132 132 131
141 141
142 142
44 44
100 100
15 15
95 87 95 97
145 145 148
99 99
105 105
47 47
183 183
180 180
182 182 181
189 189
74 74
125 125 128
39 39
37 36 37
35 35 38
20 20
152 152
122 122
120 120
123 123
67 67
66 66
12 12 11
13 13
2 2
28 28
25 25
27 27 118
65 68 65
30 30
32 32
58 58
55 55
57 56 57
110 110
113 113
17 17 16
104 104
149 149
159 159
124 124
179 179
69 69
54 54
92 92 91
192 192
154 154
184 184
79 79
134 134
139 139
64 64
94 94
170 172
129 129 72
144 144
195 195 197
114 114
160 161 160
137 136
166 166
117 168
116 116
101 101
102 102
108 108
82 82
52 52
135 135 138
40 43
42 41 42
186 186
187 187
75 78
