loc0 loc193 loc67 loc157 loc12 loc129 loc75 loc138 loc66 loc102 loc48 loc165 loc39 loc180 loc54 loc189 loc27 loc108 loc9 loc162 loc81 loc135 loc90 loc153 loc163 loc10 loc109 loc64 loc127 loc91 loc172 loc100 loc136 loc73 loc146 loc20 loc137 loc65 loc128 loc74 loc110 loc74 loc128 loc2 loc164 loc29 loc113 loc77 loc131 loc32 loc185 loc14 loc176 loc59 loc158 loc62 loc125 loc98 loc161 loc44 loc179 loc53 loc107 loc71 loc143 loc26 loc169 loc7 loc124 loc61 loc187 loc34 loc151 loc79 loc115 loc88 loc178 loc97 loc133 loc78 loc150 loc195 loc15 loc177 loc24 loc159 loc87 loc123 loc30 loc183 loc21 loc157 loc13 loc103 loc184 loc50 loc122 loc95 loc140 loc40 loc148 loc0
81
loc67 loc67
loc157 loc49 loc4 loc85 loc22
loc12 loc12
loc75 loc75
loc66 loc66
loc102 loc84
loc48 loc48
loc39 loc39
loc180 loc72
loc54 loc54
loc189 loc57 loc99
loc27 loc27
loc108 loc63
loc9 loc9
loc81 loc81
loc135 loc18 loc36
loc90 loc90
loc153 loc45
loc163 loc1
loc10 loc10
loc109 loc19 loc46
loc64 loc64
loc91 loc91
loc172 loc82 loc55
loc100 loc100
loc136 loc28 loc37
loc73 loc73
loc20 loc20
loc137 loc38
loc65 loc65
loc2 loc2
loc29 loc29
loc113 loc41 loc5
loc77 loc77
loc131 loc56 loc83
loc32 loc32
loc14 loc14
loc176 loc68
loc59 loc59
loc158 loc86
loc62 loc62
loc125 loc23
loc98 loc98
loc161 loc80
loc44 loc44
loc179 loc89 loc17
loc53 loc53
loc107 loc35
loc71 loc71
loc143 loc8
loc26 loc26
loc7 loc7
loc124 loc70
loc61 loc61
loc34 loc34
loc79 loc79
loc115 loc25 loc43
loc88 loc88
loc178 loc16
loc97 loc97
loc133 loc52
loc78 loc78
loc150 loc42 loc69
loc195 loc96 loc51 loc60
loc15 loc15
loc24 loc24
loc87 loc87
loc123 loc33 loc93
loc30 loc30
loc183 loc3 loc6
loc21 loc21
loc13 loc13
loc103 loc58
loc184 loc94
loc50 loc50
loc95 loc95
loc140 loc76
loc40 loc40
loc148 loc31
loc74 loc74
loc110 loc11 loc92 loc47
