loc0 loc76 loc22 loc67 loc2 loc65 loc46 loc82 loc19 loc73 loc29 loc65 loc11 loc92 loc47 loc59 loc50 loc86 loc5 loc95 loc41 loc98 loc8 loc89 loc17 loc53 loc35 loc79 loc25 loc97 loc34 loc88 loc24 loc87 loc42 loc69 loc15 loc60 loc33 loc57 loc12 loc93 loc3 loc63 loc45 loc90 loc36 loc54 loc18 loc99 loc30 loc84 loc39 loc66 loc4 loc58 loc13 loc76 loc0
43
loc22 loc22
loc67 loc14
loc2 loc2
loc65 loc38 loc20
loc46 loc46
loc82 loc10 loc37 loc28 loc1
loc19 loc19
loc29 loc29
loc11 loc11
loc47 loc47
loc50 loc50
loc86 loc32
loc5 loc5
loc95 loc23
loc41 loc41
loc8 loc8
loc89 loc44
loc17 loc17
loc53 loc26
loc35 loc35
loc79 loc16
loc25 loc25
loc97 loc43
loc34 loc34
loc88 loc7
loc24 loc24
loc42 loc42
loc15 loc15
loc60 loc21 loc6
loc33 loc33
loc12 loc12
loc3 loc3
loc63 loc27
loc45 loc45
loc36 loc36
loc54 loc9
loc18 loc18
loc30 loc30
loc39 loc39
loc66 loc48
loc4 loc4
loc58 loc40 loc49 loc31
loc13 loc13
