99 58 149 154 122 48 26 199 42 74 166 84 160 120 55 144 169 104 31 82 69 100 81 158 107 163 187 117 116 27 49 126 118 142 156 75 79 178 175 188 34 32 152 98 36 155 110 33 139 12 1 19 184 95 106 159 174 85 186 137 185 45 111 138 170 113 64 165 23 78 21 0 162 53 37 16 148 121 18 43 56 96 157 119 196 88 29 129 54 61 135 8 47 2 112 71 146 86 168 164 128 62 161 76 167 52 103 176 99
87
99 99
58 102
149 149
122 122
26 26
199 39
42 42
166 166
160 160
120 171
55 55
169 169
104 130
82 82
69 173 83 25
100 100
81 9
158 158
107 94
163 163
187 68
117 117
27 27
49 125 10 123
126 126
118 4
142 142
156 70
75 75
178 178
175 15
188 188
34 34
152 90
98 98
155 155
110 151
33 33
12 12
1 1
184 184
95 24 183
106 106
159 131
174 174
85 127
186 186
137 150
185 185
45 41
111 111
138 20
170 170
113 51 124 30 114 59
165 165
23 5
78 78
0 0
53 53
37 180
16 17 190
148 148
18 18
43 66 97
56 56
96 132
157 172
119 119
88 88
129 28
61 61
8 8
47 47
2 40 63
112 112
71 192
146 146
86 181
168 168
164 164
128 80
62 73
161 161
167 167
52 92 22
103 103
176 35
