81 159 1 80 12 71 109 9 107 132 42 167 126 153 157 189 36 16 108 86 178 89 145 78 34 161 115 81
27
81 81
161 161
115 115
16 16
108 108
145 145
89 89
159 159
1 1
80 80
12 12
132 65 132 97
42 42
157 95
189 189
36 36
153 153
126 170 126
167 167 56
107 107
9 9
109 109
71 71
86 86
178 178
78 78 124 197 162 49 87 90 76 166 158 138 130 57 199 70 135 184 41 35 43 183 84 17 46 156 45 164 74 165
34 141 85 77 103 14 20 200 150 154 123 69 8 93 198 191 195 179 59 64 196 127 27 188 24 100 96 48 34 88 53 121 92 152 33 18 125 182 23 52 58 180 117
