10 3 4 7 37 38 8 34 35 32 6 36 39 43 42 41 14 29 24 23 10 50 184 185 112 111 109 108 107 106 104 103 102 101 99 98 97 96 94 93 92 91 89 88 87 86 84 83 82 81 79 78 77 76 74 73 72 71 69 68 67 66 64 63 62 61 197 196 199 198 59 58 57 56 190 191 193 192 54 53 52 51 186 187 50 10
81
3 5 3
4 2 1
7 7
37 37
38 38
8 8
34 34
35 35
32 32
6 6
36 36
39 39
43 43
42 42
41 41
14 11 12
29 29 15
24 21 22
23 25 23
184 184
185 185
112 112
111 111
109 109
108 108
107 107
106 106
104 104
103 103
102 102
101 101
99 99
98 98
97 97
96 96
94 94
93 93
92 92
91 91
89 89
88 88
87 87
86 86
84 84
83 83
82 82
81 81
79 79
78 78
77 77
76 76
74 74
73 73
72 72
71 71
69 69
68 68
67 67
66 66
64 64
63 63
62 62
61 61
197 197
196 196
199 199
198 198
59 59
58 58
57 57
56 56
190 190
191 191
193 193
192 192
54 54
53 53
52 52
51 51
186 186
187 187
