0 56 35 20 81 84 158 98 88 61 100 111 3 15 25 67 64 119 144 14 29 72 46 87 5 62 17 70 94 21 71 93 10 75 79 90 36 41 42 28 76 55 31 97 176 45 177 54 7 96 85 32 4 66 95 37 74 194 34 11 59 40 69 26 50 22 57 195 49 27 99 78 39 65 23 60 189 51 92 104 24 159 138 113 12 19 30 0
83
0 91
56 56
35 35
20 20
81 81
84 84
98 98
88 8 88
61 61
100 100
111 48
3 58 3
15 15
25 25
67 67
64 64
119 73
144 52
14 14
29 29
72 72
46 38 46
87 87
5 5
62 62
17 17 89
70 70
94 94
21 13 21
71 71
93 93
10 2 43 83 10
75 75
79 79
90 90
36 36 77
41 41
42 42
28 28
76 76 33
55 55
31 31
97 97
176 44
45 45
177 18
54 54
7 7
96 96 6
85 85 16
32 32
4 4
66 66
95 95
37 37 47
74 74
34 34
11 11 1
59 59
40 40
69 69
26 26
50 50
22 22
57 57
195 53 68
49 49
27 27
99 99 86
78 9 78
39 39
65 65
23 23
60 60
51 51
92 92
24 24
159 63
138 80
113 82
12 12
19 19
30 30
