0 2 3 5 6 7 8 9 11 12 13 15 16 17 16 15 13 12 11 9 10 20 21 23 24 25 26 25 24 23 21 20 10 9 8 7 6 5 3 4 28 30 31 32 33 35 36 38 36 35 33 34 41 43 44 45 46 47 48 49 50 51 52 53 55 56 58 59 60 62 63 64 66 67 68 69 70 122 123 138 139 140 141 142 143 145 147 148 150 151 146 152 153 154 155 156 157 158 157 156 155 154 153 152 146 145 143 142 141 140 139 138 123 122 124 126 128 126 124 125 131 132 133 134 135 136 135 134 133 132 131 125 124 122 70 121 163 164 165 166 167 168 169 171 173 175 177 172 171 169 170 183 185 186 187 191 192 193 194 195 196 197 198 197 196 195 194 193 192 191 189 188 186 185 183 170 169 168 167 166 165 164 163 121 70 69 71 73 74 75 76 77 78 79 80 81 80 79 78 77 76 75 74 73 71 72 91 92 98 99 100 99 98 92 91 93 95 93 91 72 90 105 106 107 108 109 110 112 113 115 116 117 118 117 116 115 113 112 110 109 108 107 106 105 90 72 71 69 1 0
83
0 0
2 2
13 13 14
17 18 17
15 15
11 11
9 9
21 22 21
26 26 27
25 25
24 24
10 10 19
5 5
4 4
31 31
38 38 39
35 35
41 42
44 44
45 45
47 29
50 50
51 51
52 52
53 54
58 58
59 59
60 61
62 62
63 63 57
64 65
66 66
68 68
140 140
141 141
142 142
147 147
148 148
150 150
158 159 158
154 154
153 153
146 146
128 128 129
131 131
136 137 136
134 134
132 132
121 121
166 166
167 167
168 168
175 175 176
177 181
172 172
183 183
191 191
195 195
198 198 199
196 196
188 188
170 170
163 163
73 73
81 82 83
80 80
79 79
78 78
77 77
76 76
75 75
74 74
91 91
100 101 100
93 94 93
95 96 95
118 120 118
113 113
108 108
107 107
90 90
69 69
1 1
