0 3 4 5 6 7 8 9 11 14 13 16 15 14 92 93 96 99 100 122 100 101 102 106 105 107 ViksNode 112 115 114 113 115 112 116 117 33 34 36 37 39 40 41 42 44 49 51 53 54 58 59 60 61 58 62 64 70 71 65 72 74 76 77 78 79 80 81 83 86 85 17 19 20 32 23 25 26 28 30 0
40
3 3
4 4
7 7
8 8
9 10
13 13
15 15
92 94
99 99
122 121 123
101 104
106 106
105 108
ViksNode 130
114 114
113 113
117 117
34 35
36 36
37 37
42 43 42
44 47 48
53 53
54 55 56
59 59
60 60
62 63
64 73
70 70
71 71
74 74
78 78
80 80
86 86
17 18
19 19
20 21 20
25 25
28 27
30 30
