yZx4F8OpIk5Ar2sBMJAx iPYb45Axawv8d5E4ZUWT 4vVzhXxSoe23m0D4crAQ coccrxCAACMV0GSxD2xc evP9W9Sp0JotOHAnvl9E aUS8Ma4u9DWG5rGkGMu3 O3Hkka0xTn4TYlQWkSEt OX2sgS0EKma0KPRXo24b SxhNwhmBZW56skeskoXT MjcrC2MkSyccg6AM7KMW 2GGOgT8kgyBmX858M38j ylc14u4guzQsG1HGoIaW BoPjxvlt26bTwBLbfnZh Jl9fGpEEaLR4lmSJYVKz tg1w5Br4i5001iky5uAt YXB7UTVLkwJ3CJcMVTzW 1nX5xj0493ZNrFPUOVt9 xfBJiQuas9xv3hIOUe8o xjrY90FEcI7klV7sjO39 oNRzekgjmcfhwbUnE9E5 KdV5bt367BMwPhG3obI3 TIQTzk08mTKB7r8LXluj k4TDiYyIyLOxd2S09stN sI5I68bj40h6dFM0JU7L OLNsB9xLMpVZMUaTLkU7 Z5A3tROaNW2mCwf9Mwns 3NlcmlomZH13bXyH9A3z e6PVUjjd6ajldcTPycA6 Ux0fPXy37kADOkMzDLQ2 sYiNL7uSzhZbFuuuJ7Ov bSPdwFdSvkSaDMkIhhIm u8Sh3uzUVF2pFMTdyMgE 73lJNME3ed7CVENNhT28 MMuVzSLYdkYJSnZzYgpt 9RASC8iIlFoW2F9PoUXZ mhfSTNs1vGxIVkKDB1R9 pyuAeTbcVcifrFis8Hjk K5SbR7BNjzxCUkAdrGa5 a37twrOQlX8ckvFplsbJ YCHj3zwS8C1T4iIu3mub u3rvHKE2Cknh2L20VX31 brD3Sp7VWuo0VotesZDK 3Nm0UHOvSd34D8rM2yZH p1HQ9bUXYQS3CJ4AN6us t3p35rQwuMfICpxwBTRV uwJup2WiLVChmnkelhR8 E0w68ygm8mlxdWmjUSMA hCu50otWd5xV17Ex0c3a c2xoK29xdkQaHgutY5NS ixBQklcj47gZLpsoK0Z1 j8a5XYXH6AK0uHrNRime yZx4F8OpIk5Ar2sBMJAx
50
iPYb45Axawv8d5E4ZUWT iPYb45Axawv8d5E4ZUWT
4vVzhXxSoe23m0D4crAQ 4vVzhXxSoe23m0D4crAQ
coccrxCAACMV0GSxD2xc coccrxCAACMV0GSxD2xc
evP9W9Sp0JotOHAnvl9E evP9W9Sp0JotOHAnvl9E
aUS8Ma4u9DWG5rGkGMu3 aUS8Ma4u9DWG5rGkGMu3
O3Hkka0xTn4TYlQWkSEt O3Hkka0xTn4TYlQWkSEt
OX2sgS0EKma0KPRXo24b OX2sgS0EKma0KPRXo24b
SxhNwhmBZW56skeskoXT SxhNwhmBZW56skeskoXT
MjcrC2MkSyccg6AM7KMW MjcrC2MkSyccg6AM7KMW
2GGOgT8kgyBmX858M38j 2GGOgT8kgyBmX858M38j
ylc14u4guzQsG1HGoIaW ylc14u4guzQsG1HGoIaW
BoPjxvlt26bTwBLbfnZh BoPjxvlt26bTwBLbfnZh
Jl9fGpEEaLR4lmSJYVKz Jl9fGpEEaLR4lmSJYVKz
tg1w5Br4i5001iky5uAt tg1w5Br4i5001iky5uAt
YXB7UTVLkwJ3CJcMVTzW YXB7UTVLkwJ3CJcMVTzW
1nX5xj0493ZNrFPUOVt9 1nX5xj0493ZNrFPUOVt9
xfBJiQuas9xv3hIOUe8o xfBJiQuas9xv3hIOUe8o
xjrY90FEcI7klV7sjO39 xjrY90FEcI7klV7sjO39
oNRzekgjmcfhwbUnE9E5 oNRzekgjmcfhwbUnE9E5
KdV5bt367BMwPhG3obI3 KdV5bt367BMwPhG3obI3
TIQTzk08mTKB7r8LXluj TIQTzk08mTKB7r8LXluj
k4TDiYyIyLOxd2S09stN k4TDiYyIyLOxd2S09stN
sI5I68bj40h6dFM0JU7L sI5I68bj40h6dFM0JU7L
OLNsB9xLMpVZMUaTLkU7 OLNsB9xLMpVZMUaTLkU7
Z5A3tROaNW2mCwf9Mwns Z5A3tROaNW2mCwf9Mwns
3NlcmlomZH13bXyH9A3z 3NlcmlomZH13bXyH9A3z
e6PVUjjd6ajldcTPycA6 e6PVUjjd6ajldcTPycA6
Ux0fPXy37kADOkMzDLQ2 Ux0fPXy37kADOkMzDLQ2
sYiNL7uSzhZbFuuuJ7Ov sYiNL7uSzhZbFuuuJ7Ov
bSPdwFdSvkSaDMkIhhIm bSPdwFdSvkSaDMkIhhIm
u8Sh3uzUVF2pFMTdyMgE u8Sh3uzUVF2pFMTdyMgE
73lJNME3ed7CVENNhT28 73lJNME3ed7CVENNhT28
MMuVzSLYdkYJSnZzYgpt MMuVzSLYdkYJSnZzYgpt
9RASC8iIlFoW2F9PoUXZ 9RASC8iIlFoW2F9PoUXZ
mhfSTNs1vGxIVkKDB1R9 mhfSTNs1vGxIVkKDB1R9
pyuAeTbcVcifrFis8Hjk pyuAeTbcVcifrFis8Hjk
K5SbR7BNjzxCUkAdrGa5 K5SbR7BNjzxCUkAdrGa5
a37twrOQlX8ckvFplsbJ a37twrOQlX8ckvFplsbJ
YCHj3zwS8C1T4iIu3mub YCHj3zwS8C1T4iIu3mub
u3rvHKE2Cknh2L20VX31 u3rvHKE2Cknh2L20VX31
brD3Sp7VWuo0VotesZDK brD3Sp7VWuo0VotesZDK
3Nm0UHOvSd34D8rM2yZH 3Nm0UHOvSd34D8rM2yZH
p1HQ9bUXYQS3CJ4AN6us p1HQ9bUXYQS3CJ4AN6us
t3p35rQwuMfICpxwBTRV t3p35rQwuMfICpxwBTRV
uwJup2WiLVChmnkelhR8 uwJup2WiLVChmnkelhR8
E0w68ygm8mlxdWmjUSMA E0w68ygm8mlxdWmjUSMA
hCu50otWd5xV17Ex0c3a hCu50otWd5xV17Ex0c3a
c2xoK29xdkQaHgutY5NS c2xoK29xdkQaHgutY5NS
ixBQklcj47gZLpsoK0Z1 ixBQklcj47gZLpsoK0Z1
j8a5XYXH6AK0uHrNRime j8a5XYXH6AK0uHrNRime
