OYUinzd4zxVxIptSBcML 6YPXen0OkUAjsBQbugH8 4R5nKw333ATOizKdSrav C4iWe9yR2mvfNmTv1Ujg xtyNkgmQQDlFdBVfN1o5 2mMEW336zlvoabKQ0Mze n14fgY77RxYuy7mkbJU1 5euTHFaulIyTMDOpAOiL paxbzGIrGUKuLL8gNR12 TOlchSnWWkR7rRWP9Cdc mSL1gwuFl7ezuWmYhoWX 2LHGJx7lje13o5VgjaWa lM0uQphyVNPO90DR8P6A 29cQGjH4xgr2WjuBLLEb dVfyZ8osOWlPeWeMnteY jVnJVrQfkUuQ5PfgtD65 ysFvkOBVEgTOFmcR2xc1 ugVnD0zzPxsfEn932v1t 7sEAL87eVGtPRFGU7wZL 3SpSgYRcx99pESu1D9Wi 0Y8GuXeRCg3UQ8iw3rJM 5dLU2ihY8weFRtdH0NCX wDv7iczN6LiK2xDJOu0N 0rs0of9LUAzWTuABwTnG knZxc5ZrIrcQzv054Pss KRZBWx1Sd8wB0uU3QWeQ OYUinzd4zxVxIptSBcML
25
6YPXen0OkUAjsBQbugH8 6YPXen0OkUAjsBQbugH8
4R5nKw333ATOizKdSrav 4R5nKw333ATOizKdSrav
C4iWe9yR2mvfNmTv1Ujg C4iWe9yR2mvfNmTv1Ujg
xtyNkgmQQDlFdBVfN1o5 xtyNkgmQQDlFdBVfN1o5
2mMEW336zlvoabKQ0Mze 2mMEW336zlvoabKQ0Mze
n14fgY77RxYuy7mkbJU1 n14fgY77RxYuy7mkbJU1
5euTHFaulIyTMDOpAOiL 5euTHFaulIyTMDOpAOiL
paxbzGIrGUKuLL8gNR12 paxbzGIrGUKuLL8gNR12
TOlchSnWWkR7rRWP9Cdc TOlchSnWWkR7rRWP9Cdc
mSL1gwuFl7ezuWmYhoWX mSL1gwuFl7ezuWmYhoWX
2LHGJx7lje13o5VgjaWa 2LHGJx7lje13o5VgjaWa
lM0uQphyVNPO90DR8P6A lM0uQphyVNPO90DR8P6A
29cQGjH4xgr2WjuBLLEb 29cQGjH4xgr2WjuBLLEb
dVfyZ8osOWlPeWeMnteY dVfyZ8osOWlPeWeMnteY
jVnJVrQfkUuQ5PfgtD65 jVnJVrQfkUuQ5PfgtD65
ysFvkOBVEgTOFmcR2xc1 ysFvkOBVEgTOFmcR2xc1
ugVnD0zzPxsfEn932v1t ugVnD0zzPxsfEn932v1t
7sEAL87eVGtPRFGU7wZL 7sEAL87eVGtPRFGU7wZL
3SpSgYRcx99pESu1D9Wi 3SpSgYRcx99pESu1D9Wi
0Y8GuXeRCg3UQ8iw3rJM 0Y8GuXeRCg3UQ8iw3rJM
5dLU2ihY8weFRtdH0NCX 5dLU2ihY8weFRtdH0NCX
wDv7iczN6LiK2xDJOu0N wDv7iczN6LiK2xDJOu0N
0rs0of9LUAzWTuABwTnG 0rs0of9LUAzWTuABwTnG
knZxc5ZrIrcQzv054Pss knZxc5ZrIrcQzv054Pss
KRZBWx1Sd8wB0uU3QWeQ KRZBWx1Sd8wB0uU3QWeQ
