PQlYD3syBoo7C0hcATPD iGcRn4eFfZI68Qr0MOgy 0UIZ9YDhxr3ipBPf2WkK KFbZubIZwxKjbFZIhivu CtdShr26uGGV2W6zZTdS 2RLdpM4k7Le8vufDMuf4 CQFH0bM5UHhxPATIQeaZ xUd3lWAackpOjTn98YBa 4xoBiS6HZ3COfmNv2aTR Saezs03GHhWlgEusf2xb tBx3RfPMJg4OhazCeTsa ikaH2IngBoan8x64dwnD 5wKsB6wx9H7PujNL03GN TRIzdQQDV9bs8k4M9U4X EWUzUZ9Yb7H9gHpK5NdI 4EHOWDgXvpoSadcvvLu4 XfIhMNfCnUCbP8MIjhA8 lP2ISUwXZ5Vr1Dbyi5b2 j0WhcaOOy1JCyHTrxCSk lTNvRGBulC52xVXvXmmj IBSvm7mZeG0vXjguUx8d c5B3yGaAxuGVYEd7DCc5 WpDgsUZvfm1s3J1djPk6 29ZrssG8owPMWU0dtlEx y5UFufU6hy8Zt47b4K3v 1AmZo7yJ6YJzwrjZr6vX NpHJpdHaoVuG1evDy4mD symCtAIG82LYD9Qs6FxZ XtcwDUG5TGpryRZKRvrm dcRmXZcpiyoLWuwR56cL ul5TY5YtUVHURRbHo0xt daYVb2kr83paGhJZJJyA oAwJ8ncZge95DCLogDfz 58PE6yTygndgQ75HC5PU C8l14blndt8uGQmGfPky AcGlxsvhfAOKA2Ti96Hg I3dKkMa3JUxVpADvWcmQ pmpfdWSNFW4BZf3j9zey zTPp43usagg8jQuMreHJ Zd6upjEKdV6jHG9xKORy MGPH1ZQv2OM6dRC07Rj5 AhTd32p44tQrgKLluTfO DLNj52Bf5LL4ZddWTcYY ouUk8HCXkT1xNHUSpktV SWMrIKPuAQFTY7HmPty0 8kEed91vb76Fhm6ivuFw diWFyYW4KuKIAVWCVTOh oRnkB9WX4h9Vz2XYe2Mz N4yrn0aLU6ELQucPFmw8 PRxK9WGPQn2vmuBbswLk y5HlDp3ZOU3fT35BihFS hQH0nHlpxkrlncu9buJt iA0OPvpmSXnD5PmFrIY3 gByPZFfsA72SjYPmontO CE9MuYF6CpN99atuGjZ0 Mo6dK8I2XR9RUnPgLFfU 4yCDRp1k04Ch6IBU1p1H VjMruztOvYBB57sBtK7F zOauzkXEQku3g7FmlO3i UWVA5dAu4wDF6Efl9d4O wpM05AhdMYgh3n4WvalH MmXiw0PdJXAsicjY4bml egafCQ4ih9nCuFY3RBSk aAf4nv1B7ggfx0DjrAOi FE9d826a5RuYfSI6vEz4 IjoU40tEWMCkwd5SaIZC dRs9JullKCFwk8f9TP2C ajZwDYcDrAcHajKZpRul MnuekaeS1NiILcuuvn3o m3uIZkevVRyscNPa6NkD 4ck2vdbl0wzRRSh9h5JI BfkNC5T0oZOQYOkOg1Lr mHciHIbodF92KWBlyZhd BHDRDstSlZtm71sWfOHB j1u2ybLPFsWda7RGIo6J CeJalRL3KinyCQjl6tio Hj9GXo6u0dDYfg4xoW2T xM3fh05um8j45RhdwKOx h36zX7NC4P81W3KQD11u aZ1gME9dgT1obQwN7kgz JNypu0O2hxRmLxF04Zie e7HIMwL2s8LjuoIRxDl7 JWNjS0Xtxw6CDJbk4UbK jN7FJhuhmTKkduIKGyBx rRx4ufuRfBzAjOzuQptQ mMXK7rFRd7VNNboRtMKu 8BVD1mXIeFKDWXC0pHC5 dPunn27br1tTUelFVNIt XT2Ymi7YdhYVjSO57uvy Kxk6VsPzNOhHpwuN2F67 yuNLI2bosn9XVMaJllU2 LvHeBFyLyC9KHnAltZnF upn88whXcmTNEpbLaMgR pGBevvfrXEYRwdy9Xa3h r52GhdJM3J6bC9RxltxZ ZOUAFthiVkWe23hp0746 58LVuHISdldtYbuuEa4z WuSb6mZA4Ht48gzyBwrs IuwSP1hfYZRam5iX6Sbk SJuQEhk6NZgb7Y1YXHxx PQlYD3syBoo7C0hcATPD
100
PQlYD3syBoo7C0hcATPD PQlYD3syBoo7C0hcATPD
iGcRn4eFfZI68Qr0MOgy iGcRn4eFfZI68Qr0MOgy
0UIZ9YDhxr3ipBPf2WkK 0UIZ9YDhxr3ipBPf2WkK
KFbZubIZwxKjbFZIhivu KFbZubIZwxKjbFZIhivu
CtdShr26uGGV2W6zZTdS CtdShr26uGGV2W6zZTdS
2RLdpM4k7Le8vufDMuf4 2RLdpM4k7Le8vufDMuf4
CQFH0bM5UHhxPATIQeaZ CQFH0bM5UHhxPATIQeaZ
xUd3lWAackpOjTn98YBa xUd3lWAackpOjTn98YBa
4xoBiS6HZ3COfmNv2aTR 4xoBiS6HZ3COfmNv2aTR
Saezs03GHhWlgEusf2xb Saezs03GHhWlgEusf2xb
tBx3RfPMJg4OhazCeTsa tBx3RfPMJg4OhazCeTsa
ikaH2IngBoan8x64dwnD ikaH2IngBoan8x64dwnD
5wKsB6wx9H7PujNL03GN 5wKsB6wx9H7PujNL03GN
TRIzdQQDV9bs8k4M9U4X TRIzdQQDV9bs8k4M9U4X
EWUzUZ9Yb7H9gHpK5NdI EWUzUZ9Yb7H9gHpK5NdI
4EHOWDgXvpoSadcvvLu4 4EHOWDgXvpoSadcvvLu4
XfIhMNfCnUCbP8MIjhA8 XfIhMNfCnUCbP8MIjhA8
lP2ISUwXZ5Vr1Dbyi5b2 lP2ISUwXZ5Vr1Dbyi5b2
j0WhcaOOy1JCyHTrxCSk j0WhcaOOy1JCyHTrxCSk
lTNvRGBulC52xVXvXmmj lTNvRGBulC52xVXvXmmj
IBSvm7mZeG0vXjguUx8d IBSvm7mZeG0vXjguUx8d
c5B3yGaAxuGVYEd7DCc5 c5B3yGaAxuGVYEd7DCc5
WpDgsUZvfm1s3J1djPk6 WpDgsUZvfm1s3J1djPk6
29ZrssG8owPMWU0dtlEx 29ZrssG8owPMWU0dtlEx
y5UFufU6hy8Zt47b4K3v y5UFufU6hy8Zt47b4K3v
1AmZo7yJ6YJzwrjZr6vX 1AmZo7yJ6YJzwrjZr6vX
NpHJpdHaoVuG1evDy4mD NpHJpdHaoVuG1evDy4mD
symCtAIG82LYD9Qs6FxZ symCtAIG82LYD9Qs6FxZ
XtcwDUG5TGpryRZKRvrm XtcwDUG5TGpryRZKRvrm
dcRmXZcpiyoLWuwR56cL dcRmXZcpiyoLWuwR56cL
ul5TY5YtUVHURRbHo0xt ul5TY5YtUVHURRbHo0xt
daYVb2kr83paGhJZJJyA daYVb2kr83paGhJZJJyA
oAwJ8ncZge95DCLogDfz oAwJ8ncZge95DCLogDfz
58PE6yTygndgQ75HC5PU 58PE6yTygndgQ75HC5PU
C8l14blndt8uGQmGfPky C8l14blndt8uGQmGfPky
AcGlxsvhfAOKA2Ti96Hg AcGlxsvhfAOKA2Ti96Hg
I3dKkMa3JUxVpADvWcmQ I3dKkMa3JUxVpADvWcmQ
pmpfdWSNFW4BZf3j9zey pmpfdWSNFW4BZf3j9zey
zTPp43usagg8jQuMreHJ zTPp43usagg8jQuMreHJ
Zd6upjEKdV6jHG9xKORy Zd6upjEKdV6jHG9xKORy
MGPH1ZQv2OM6dRC07Rj5 MGPH1ZQv2OM6dRC07Rj5
AhTd32p44tQrgKLluTfO AhTd32p44tQrgKLluTfO
DLNj52Bf5LL4ZddWTcYY DLNj52Bf5LL4ZddWTcYY
ouUk8HCXkT1xNHUSpktV ouUk8HCXkT1xNHUSpktV
SWMrIKPuAQFTY7HmPty0 SWMrIKPuAQFTY7HmPty0
8kEed91vb76Fhm6ivuFw 8kEed91vb76Fhm6ivuFw
diWFyYW4KuKIAVWCVTOh diWFyYW4KuKIAVWCVTOh
oRnkB9WX4h9Vz2XYe2Mz oRnkB9WX4h9Vz2XYe2Mz
N4yrn0aLU6ELQucPFmw8 N4yrn0aLU6ELQucPFmw8
PRxK9WGPQn2vmuBbswLk PRxK9WGPQn2vmuBbswLk
y5HlDp3ZOU3fT35BihFS y5HlDp3ZOU3fT35BihFS
hQH0nHlpxkrlncu9buJt hQH0nHlpxkrlncu9buJt
iA0OPvpmSXnD5PmFrIY3 iA0OPvpmSXnD5PmFrIY3
gByPZFfsA72SjYPmontO gByPZFfsA72SjYPmontO
CE9MuYF6CpN99atuGjZ0 CE9MuYF6CpN99atuGjZ0
Mo6dK8I2XR9RUnPgLFfU Mo6dK8I2XR9RUnPgLFfU
4yCDRp1k04Ch6IBU1p1H 4yCDRp1k04Ch6IBU1p1H
VjMruztOvYBB57sBtK7F VjMruztOvYBB57sBtK7F
zOauzkXEQku3g7FmlO3i zOauzkXEQku3g7FmlO3i
UWVA5dAu4wDF6Efl9d4O UWVA5dAu4wDF6Efl9d4O
wpM05AhdMYgh3n4WvalH wpM05AhdMYgh3n4WvalH
MmXiw0PdJXAsicjY4bml MmXiw0PdJXAsicjY4bml
egafCQ4ih9nCuFY3RBSk egafCQ4ih9nCuFY3RBSk
aAf4nv1B7ggfx0DjrAOi aAf4nv1B7ggfx0DjrAOi
FE9d826a5RuYfSI6vEz4 FE9d826a5RuYfSI6vEz4
IjoU40tEWMCkwd5SaIZC IjoU40tEWMCkwd5SaIZC
dRs9JullKCFwk8f9TP2C dRs9JullKCFwk8f9TP2C
ajZwDYcDrAcHajKZpRul ajZwDYcDrAcHajKZpRul
MnuekaeS1NiILcuuvn3o MnuekaeS1NiILcuuvn3o
m3uIZkevVRyscNPa6NkD m3uIZkevVRyscNPa6NkD
4ck2vdbl0wzRRSh9h5JI 4ck2vdbl0wzRRSh9h5JI
BfkNC5T0oZOQYOkOg1Lr BfkNC5T0oZOQYOkOg1Lr
mHciHIbodF92KWBlyZhd mHciHIbodF92KWBlyZhd
BHDRDstSlZtm71sWfOHB BHDRDstSlZtm71sWfOHB
j1u2ybLPFsWda7RGIo6J j1u2ybLPFsWda7RGIo6J
CeJalRL3KinyCQjl6tio CeJalRL3KinyCQjl6tio
Hj9GXo6u0dDYfg4xoW2T Hj9GXo6u0dDYfg4xoW2T
xM3fh05um8j45RhdwKOx xM3fh05um8j45RhdwKOx
h36zX7NC4P81W3KQD11u h36zX7NC4P81W3KQD11u
aZ1gME9dgT1obQwN7kgz aZ1gME9dgT1obQwN7kgz
JNypu0O2hxRmLxF04Zie JNypu0O2hxRmLxF04Zie
e7HIMwL2s8LjuoIRxDl7 e7HIMwL2s8LjuoIRxDl7
JWNjS0Xtxw6CDJbk4UbK JWNjS0Xtxw6CDJbk4UbK
jN7FJhuhmTKkduIKGyBx jN7FJhuhmTKkduIKGyBx
rRx4ufuRfBzAjOzuQptQ rRx4ufuRfBzAjOzuQptQ
mMXK7rFRd7VNNboRtMKu mMXK7rFRd7VNNboRtMKu
8BVD1mXIeFKDWXC0pHC5 8BVD1mXIeFKDWXC0pHC5
dPunn27br1tTUelFVNIt dPunn27br1tTUelFVNIt
XT2Ymi7YdhYVjSO57uvy XT2Ymi7YdhYVjSO57uvy
Kxk6VsPzNOhHpwuN2F67 Kxk6VsPzNOhHpwuN2F67
yuNLI2bosn9XVMaJllU2 yuNLI2bosn9XVMaJllU2
LvHeBFyLyC9KHnAltZnF LvHeBFyLyC9KHnAltZnF
upn88whXcmTNEpbLaMgR upn88whXcmTNEpbLaMgR
pGBevvfrXEYRwdy9Xa3h pGBevvfrXEYRwdy9Xa3h
r52GhdJM3J6bC9RxltxZ r52GhdJM3J6bC9RxltxZ
ZOUAFthiVkWe23hp0746 ZOUAFthiVkWe23hp0746
58LVuHISdldtYbuuEa4z 58LVuHISdldtYbuuEa4z
WuSb6mZA4Ht48gzyBwrs WuSb6mZA4Ht48gzyBwrs
IuwSP1hfYZRam5iX6Sbk IuwSP1hfYZRam5iX6Sbk
SJuQEhk6NZgb7Y1YXHxx SJuQEhk6NZgb7Y1YXHxx
