destitute Loomis Hindi MN Isfahan balustrade papal septillion transpiration stanza Injun illusion amateur slowdown schedule connubial Fisk anvil extractor mediate midget funny Gilmore tate diligent swingy Rio Darwin ripe Hewlett decor swordfish Vega Andersen Halstead embassy Dominican Bleeker Dominican bobble McCall shroud choice fatten trill yogurt Elizabethan Modesto Auberge jewel namesake destitute
48
Loomis Loomis
Hindi Hindi
MN MN
Isfahan Isfahan
balustrade balustrade
papal papal
septillion creekside septillion
transpiration transpiration
stanza stanza
Injun Injun
illusion illusion
amateur amateur
slowdown slowdown
schedule schedule
connubial connubial
Fisk Fisk
anvil anvil
extractor extractor
mediate mediate
midget midget
funny funny
Gilmore Gilmore
tate tate
diligent diligent
swingy swingy
Rio Rio
Darwin Darwin
ripe ripe
Hewlett Hewlett
decor decor
swordfish swordfish
Vega Vega
Andersen Andersen
Halstead Halstead
embassy embassy
Dominican Dominican
Bleeker minion Bleeker
bobble bobble
McCall McCall
shroud shroud
choice choice
fatten fatten
trill trill
yogurt yogurt
Elizabethan Elizabethan
Modesto Modesto
Auberge Auberge
jewel jewel
