woebegone encumbrance transonic atom bifurcate update icon torus coarse embroil septillion McCall diligent numerology directory bat Winchester connubial postscript inform millennium funky swordfish Rodney Auberge mediate Fisk swingy dull archive papal car softball anvil balustrade whatsoever Sunday PDP oriole bunch slowdown involuntary spill involuntary backplate relaxation Irvin mack Zorn December Hewlett Durango monotonous MN casserole felony thoroughfare Isfahan yearn barnacle broil thirteen catenate Darwin Simon yogurt trimester illusion trimester Curtis sphalerite noon midstream deduce Tucson extrovert Andersen cowhand Stephen simulate Gilmore switchmen funny wingspread shovel choice lexicon Modesto stanza administer trill woebegone
85
transonic transonic
coarse coarse
icon icon
update update
bifurcate bifurcate
Irvin Irvin
mack mack
Zorn Zorn
December December
Hewlett Hewlett
Durango Reilly Durango sinh
monotonous monotonous dreadnought
MN exothermic
casserole renaissance casserole
felony felony tate equipping
Isfahan Isfahan
thoroughfare thoroughfare
balustrade babysat
anvil anvil
softball softball
car car
papal papal
archive archive
sphalerite sphalerite
noon noon
inform inform secondary
millennium millennium
funky funky
swordfish swordfish
Rodney Rodney
Auberge Auberge
mediate mediate
Fisk Fisk
swingy swingy
dull dull Wheller
postscript postscript
connubial connubial
Winchester Winchester
bat bat
directory directory
numerology numerology viscous
diligent diligent
McCall McCall
septillion septillion
embroil embroil
whatsoever whatsoever
Sunday silage Sunday
PDP PDP limitate
oriole oriole
bunch bunch
midstream midstream
relaxation relaxation
backplate backplate
involuntary involuntary
spill spill mitre
slowdown slowdown
yearn yearn
barnacle barnacle
broil broil
thirteen thirteen
catenate catenate
Darwin Darwin
Simon Goodrich Simon
yogurt yogurt
trimester trimester transfuse
illusion illusion griddle
Curtis Curtis
deduce deduce
Tucson Tucson
extrovert extrovert
Andersen Andersen
cowhand explosion
Stephen Stephen
simulate simulate
Gilmore Gilmore
switchmen imperishable
funny funny
wingspread wingspread
shovel shovel
choice choice
lexicon Vega
Modesto Modesto
stanza stanza
administer administer
trill fulsome
