exothermic felony Irvin decor shovel trill combine Iowa FPC coarse midget amateur Injun Curtis Bernini Tucson intangible lordosis Halstead Sicilian extrovert sacrifice McCall namesake Dominican swordfish exothermic
23
felony felony
Irvin Irvin
decor decor
shovel shovel
trill trill
combine combine
Iowa Iowa
FPC FPC
coarse coarse
midget midget
amateur amateur
Injun Injun
Curtis Curtis
Bernini Bernini
Tucson Tucson
lordosis lordosis
Halstead Halstead
extrovert extrovert
sacrifice sacrifice
McCall Andersen McCall
namesake namesake
Dominican yogurt
swordfish wafer swordfish
