birthday fearless absorb nimble use tent worship unused spread knot differ selfish spill volleyball angry attack impend separate imitate scientific teeny bang joke compete joke bang teeny scientific imitate separate impend attack angry volleyball spill selfish differ knot spread unused worship tent use nimble absorb fearless birthday
24
birthday birthday
tent tent
worship worship
unused unused
spread spread
knot knot
differ differ
selfish selfish
spill spill
volleyball volleyball
angry angry
attack attack
impend impend
separate separate
imitate imitate
scientific scientific
teeny teeny
bang bang
joke joke
compete compete airplane
use use
nimble nimble
absorb absorb
fearless fearless
