1 8 9 38 31 44 18 7 28 6 37 19 27 17 43 30 36 46 33 20 12 15 40 11 23 14 25 13 47 21 32 39 48 5 42 24 10 45 35 4 26 2 29 41 34 3 22 16 1
48
8 123 56
9 73 72
38 111 61
31 143 70
44 102 114
18 69 63
7 107 120
28 83 131
6 119 126
37 99 125
19 53 98
27 78 140
17 66 60
43 64 136
30 101 95
36 130 110
46 54 144
33 127 67
20 124 115
12 116 59
15 85 103
40 117 87
11 65 142
23 55 108
14 105 75
25 80 86
13 109 79
47 113 141
21 138 82
32 135 139
39 57 52
48 68 58
5 90 93
42 89 104
24 134 88
10 132 76
45 74 122
35 84 92
4 118 51
26 100 121
2 81 62
29 96 129
41 106 137
34 77 50
3 112 97
22 71 94
16 91 133
1 128 49
