ctUVEJSyNR Z82QDWb0Pr 7d3UA4fKWz 8Jejdr7ynm sY3UqAEMG3 HG8olhhcTZ BtCEVbHoQI oPQmRUijH5 gLI8ArV2Ui osdKgXyg1e MuYreynm57 f91pUtm9EZ vzXeZbLrSW UphA2uAaYC HEqjxwCWnl zUWT7uduzq uVIshS2g8a VBTKstUXwG HTp005294X TDmNOuGJBk T3o9dNVbcG ctUVEJSyNR
19
TDmNOuGJBk TDmNOuGJBk
T3o9dNVbcG RLF9v27sOQ T3o9dNVbcG
Z82QDWb0Pr Z82QDWb0Pr U5XdtBFGOe
BtCEVbHoQI I4iTN5KXjB BtCEVbHoQI
7d3UA4fKWz 7d3UA4fKWz
VBTKstUXwG VBTKstUXwG 8UaR4YpZys
uVIshS2g8a qg08r1Pg6g
sY3UqAEMG3 MzId8uwrPz
HG8olhhcTZ HG8olhhcTZ
MuYreynm57 MuYreynm57
HTp005294X IU0Ia8127Z
8Jejdr7ynm QwY2G6aX6c 8Jejdr7ynm
oPQmRUijH5 6lpxgUxCxO oPQmRUijH5
f91pUtm9EZ f91pUtm9EZ
gLI8ArV2Ui gLI8ArV2Ui
vzXeZbLrSW vzXeZbLrSW
UphA2uAaYC UphA2uAaYC
osdKgXyg1e osdKgXyg1e
zUWT7uduzq zUWT7uduzq
