g3ylJsdLuC idQHxtSnxr onlLq65Azx j98kcW9qGB aEo62SfMqH WvFZJEkTrw 5SSy593K31 33omYiVXOD oCk2Yieytb bWDewy6WbV pWVnBerIra IT4pKw3giW 7wS9dKOnJR XlU2fx0ZPn BNkM7qaRNw yky49wE4YG YAqGe4tKAP FvzkpZRSj8 Oiowits7js 12ECENJIev 7wS9dKOnJR J3muHocLp9 gZXiityEnU Pz3egMzKU8 srT70dfQEr K05xB79KZo 2O61j91J3T 7ZWqK2F5XG 97ZNlakBoq mwzQG3SxnO IA0Uf143OT uvoepIQg9n fWIjO8yhE3 EG1t1o8YrR 8KtuAXHUy3 rCoEuOa7EU XW1Wn7EqpN GQ4F0g3Mdj TyL7NE2puV 0SQlBVJ1YY oWmQcQwHPo WcyuqGYOzU XOxGPscMMG yU6iUY8YgO qnkfLCmfDn dMOAUqH7Z3 CUEWGmB7Gt oEdovEhrWM YpRs8m6oyX 2S929yZddP 1QXjsHNYao 723MhcLxt0 TBzLS0OAYU xjSWG1YKh9 wRn7Oi1bcW 0mnwiU4XrT u4LnQNaaiz yvMowGbkvn vUu8ijgxxf bsEkAY2K41 Q1N77BLmyb TSSOUimHPg LCKLTNE1vp uNliYB9ELN x7iq98BiN3 IGpxjveim7 vnZBjkVngj LeZK9UvMT9 emYRLTiyj9 2eMl9AO5o8 QrJxLpX875 dj8JMfo3hX 4znnlMjVra MXIvZpEPtW uIf3wnJUdn Tk8ERvdKxF WAi18jd2vJ S8BtTu4yH9 bserQRNqfz KpxiCfRqh3 WYEDqSuNRX oVMPVsMWrZ g2I4si69gU u4FAx2sHZm 1TfvXd6dPZ dC48GQHGzO RN0bCAV6rQ pk0Vh75DnH 2fevl06VRg t25XjDwQhD 8ZKCAWlImg tubjzjzUpV M2hatQPY96 CxfzSa2YOV 2q1lo9tSYb JD3uem81Lg r8njDwxc2t FqFik17fFH qjDSEKmZMW jBYJ7v19BQ lfdanPGo3c Pijq8aHqIR fXy828RCG4 KUJdxKVZFO 7g0Idy1nzK 03xK87sjTf nKHFs5cKTX s3eMpsYH00 oIVQ2qkgnR h5Si5BAPN0 QTNhZIciNJ CSjLrGbUz3 xtp1B5q0W1 AXNCIbkEJh BUMLJo6sc3 idQHxtSnxr g3ylJsdLuC
90
idQHxtSnxr idQHxtSnxr
onlLq65Azx onlLq65Azx
aEo62SfMqH aEo62SfMqH
WvFZJEkTrw WvFZJEkTrw
5SSy593K31 5SSy593K31
oCk2Yieytb oCk2Yieytb
bWDewy6WbV bWDewy6WbV
IT4pKw3giW IT4pKw3giW
XlU2fx0ZPn XlU2fx0ZPn
BNkM7qaRNw BNkM7qaRNw
yky49wE4YG WRd4lScvm6 yky49wE4YG Pv5LMSkQii
YAqGe4tKAP YAqGe4tKAP
FvzkpZRSj8 FvzkpZRSj8
Oiowits7js Oiowits7js
12ECENJIev 12ECENJIev
gZXiityEnU gZXiityEnU
Pz3egMzKU8 Pz3egMzKU8
srT70dfQEr srT70dfQEr
K05xB79KZo K05xB79KZo
2O61j91J3T 2O61j91J3T
97ZNlakBoq 97ZNlakBoq
mwzQG3SxnO mwzQG3SxnO
IA0Uf143OT IA0Uf143OT
uvoepIQg9n uvoepIQg9n
fWIjO8yhE3 KHDeTTvJC1
8KtuAXHUy3 8KtuAXHUy3
XW1Wn7EqpN XW1Wn7EqpN
GQ4F0g3Mdj GQ4F0g3Mdj TP2TNyk7wl
TyL7NE2puV TyL7NE2puV
oWmQcQwHPo oWmQcQwHPo
WcyuqGYOzU WcyuqGYOzU
yU6iUY8YgO yU6iUY8YgO
qnkfLCmfDn qnkfLCmfDn
dMOAUqH7Z3 dMOAUqH7Z3
CUEWGmB7Gt CUEWGmB7Gt
oEdovEhrWM oEdovEhrWM
YpRs8m6oyX YpRs8m6oyX
2S929yZddP 2S929yZddP
1QXjsHNYao 1QXjsHNYao
723MhcLxt0 723MhcLxt0
TBzLS0OAYU TBzLS0OAYU
wRn7Oi1bcW wRn7Oi1bcW
0mnwiU4XrT 0mnwiU4XrT
u4LnQNaaiz u4LnQNaaiz
yvMowGbkvn yvMowGbkvn
vUu8ijgxxf vUu8ijgxxf
bsEkAY2K41 bsEkAY2K41
Q1N77BLmyb Q1N77BLmyb
LCKLTNE1vp LCKLTNE1vp
x7iq98BiN3 x7iq98BiN3
LeZK9UvMT9 LeZK9UvMT9
emYRLTiyj9 emYRLTiyj9
QrJxLpX875 QrJxLpX875
dj8JMfo3hX dj8JMfo3hX
4znnlMjVra 4znnlMjVra
MXIvZpEPtW biWuM2iRnz
uIf3wnJUdn uIf3wnJUdn
Tk8ERvdKxF Tk8ERvdKxF
WAi18jd2vJ WAi18jd2vJ
S8BtTu4yH9 S8BtTu4yH9
KpxiCfRqh3 KpxiCfRqh3
oVMPVsMWrZ oVMPVsMWrZ
g2I4si69gU g2I4si69gU
u4FAx2sHZm 2OsmeZV9xh u4FAx2sHZm
1TfvXd6dPZ 1TfvXd6dPZ mbSdju1TJK
RN0bCAV6rQ RN0bCAV6rQ
pk0Vh75DnH pk0Vh75DnH
t25XjDwQhD t25XjDwQhD
8ZKCAWlImg z9nRKYQ1ub
tubjzjzUpV tubjzjzUpV
M2hatQPY96 M2hatQPY96
CxfzSa2YOV CxfzSa2YOV
JD3uem81Lg JD3uem81Lg
r8njDwxc2t r8njDwxc2t
qjDSEKmZMW qjDSEKmZMW
jBYJ7v19BQ jBYJ7v19BQ
lfdanPGo3c lfdanPGo3c
Pijq8aHqIR Pijq8aHqIR
fXy828RCG4 fXy828RCG4
KUJdxKVZFO KUJdxKVZFO 0wTk0mYkLH
7g0Idy1nzK 7g0Idy1nzK
03xK87sjTf 03xK87sjTf
nKHFs5cKTX nKHFs5cKTX
s3eMpsYH00 s3eMpsYH00
oIVQ2qkgnR bhojeHeddF oIVQ2qkgnR 0hs3CNDF4L
h5Si5BAPN0 h5Si5BAPN0
QTNhZIciNJ QTNhZIciNJ
CSjLrGbUz3 CSjLrGbUz3
xtp1B5q0W1 xtp1B5q0W1
BUMLJo6sc3 fecMfiAuGC BUMLJo6sc3 jPXsbXPNMq
