153 20 4 86 13 196 76 182 75 16 126 59 152 28 74 89 49 167 93 188 36 120 47 58 113 170 15 129 12 34 99 109 29 192 5 145 178 21 161 95 77 53 27 68 118 169 35 177 137 41 108 79 172 26 181 146 194 135 111 37 160 42 147 189 78 163 162 56 100 23 90 3 98 122 187 2 179 112 60 0 139 138 131 25 195 80 39 70 180 197 92 83 186 19 81 119 156 50 128 96 24 134 150 168 11 165 153
95
20 20
4 4
86 86
13 13
196 196
76 7 124
182 182
16 16
126 126
152 152
28 28
74 74
89 89
49 49
167 167
93 93
188 188
36 36
120 120
47 47
58 58
113 113
170 170
15 15
129 129
12 12
34 34
99 99
29 29
192 192
5 5
145 145
178 178
21 21 184
161 161
95 95
77 77
53 53
68 68
118 118
169 169
35 35
177 177
137 137
41 41
108 108
79 79
172 172
26 26
181 136
146 146
194 194
135 135
37 37
160 160
42 42
147 147
189 8
163 163
56 56
100 127
23 23
90 90 40
3 3
98 98 88
122 122
187 187
2 2
179 179
112 112
60 60
0 0
139 43
138 138 61
131 131
195 195
80 140
70 70
180 180
197 197
92 171
83 83
186 52
19 19
81 81
119 119
156 156
50 50
128 128
96 96
134 134
150 150
168 168
11 11
153 153
