y1ueyuwp 2bwd2j f3vyq53xc swoprer 8cfvpx26xwcwt 7og7qr4t86 q847myi 8eg2mee w4qoh15 eq5c5ygub 6u33i 2y9obuu yik8cqxn2 quxig9xz2 95nsenz6 4cddmu86gmo umnww3 fhrrge vehkyi71w 9956fi ehy39 3hlob94j5u rkd38ui5s4 jjeivv4j55 l12pu 31raz5hp9v vnsdusp svhmnjst1e u4xzrfm7f kc3zwg52 my85gnmouy kab7t8o7qjj xllfi9b bmicm4au j2pso94 8erlfq ywksl5wd kch7lui7 t9q1ztn8723 p53u2x9bku99j mqt67y9n yida2btlrgcd2it 38s4jyp4eu uus7jirbe oso2xmpn1i y1ueyuwp
43
2bwd2j 2bwd2j
f3vyq53xc f3vyq53xc
swoprer swoprer
8cfvpx26xwcwt 8cfvpx26xwcwt
7og7qr4t86 7og7qr4t86
q847myi q847myi
8eg2mee 8eg2mee
w4qoh15 w4qoh15
eq5c5ygub eq5c5ygub
6u33i 6u33i
2y9obuu 2y9obuu
yik8cqxn2 yik8cqxn2
quxig9xz2 quxig9xz2
95nsenz6 95nsenz6
4cddmu86gmo 4cddmu86gmo
umnww3 umnww3
fhrrge fhrrge
vehkyi71w vehkyi71w
9956fi 9956fi
ehy39 ehy39
3hlob94j5u 3hlob94j5u
rkd38ui5s4 rkd38ui5s4
jjeivv4j55 jjeivv4j55
l12pu l12pu
31raz5hp9v 31raz5hp9v
vnsdusp vnsdusp
svhmnjst1e svhmnjst1e
u4xzrfm7f u4xzrfm7f
kc3zwg52 kc3zwg52
my85gnmouy my85gnmouy
kab7t8o7qjj kab7t8o7qjj
xllfi9b xllfi9b
bmicm4au bmicm4au
j2pso94 j2pso94
8erlfq 8erlfq
ywksl5wd ywksl5wd
kch7lui7 kch7lui7
t9q1ztn8723 t9q1ztn8723
p53u2x9bku99j p53u2x9bku99j
mqt67y9n mqt67y9n
yida2btlrgcd2it yida2btlrgcd2it
38s4jyp4eu 38s4jyp4eu
uus7jirbe uus7jirbe
