3xgrfvks 1huq1df ifmqwyt6x it92vprqk ual3asit d3y7jq 8evxiqgcp69n kr5jy4uyjt 4418l7vdyv 4l424khddum 45bp6qh 5ed169a5jrt pxtk2 d8hwo5pi i3la5wvv4 nbvknr lrleda m5uyvxo2h d5podyx2rn1o dooatf4 b9zxvj22sc ag29aqlop ho87zq94a914a okbjywtq4zz9 uqc3avv5 bt3xcgwcd6c 3xgrfvks
23
1huq1df 1huq1df
ifmqwyt6x ifmqwyt6x
it92vprqk it92vprqk
ual3asit ual3asit
d3y7jq d3y7jq
8evxiqgcp69n 8evxiqgcp69n
kr5jy4uyjt kr5jy4uyjt
4418l7vdyv 4418l7vdyv
4l424khddum 4l424khddum
45bp6qh 45bp6qh
5ed169a5jrt 5ed169a5jrt
pxtk2 pxtk2
i3la5wvv4 i3la5wvv4
nbvknr nbvknr
lrleda lrleda
m5uyvxo2h m5uyvxo2h
d5podyx2rn1o d5podyx2rn1o
dooatf4 dooatf4
b9zxvj22sc b9zxvj22sc
ag29aqlop ag29aqlop
ho87zq94a914a ho87zq94a914a
uqc3avv5 uqc3avv5
bt3xcgwcd6c bt3xcgwcd6c
