hC71hIuyRaST3AiaSZqg Ca5sYccbD9TUz7JLHrcf l0FfsrqWcvxMXnkTPBHi m0W1PzAhoOpYXaJ0LLW5 UQEmoPmHSH2FlTDuXOEx btiXecpJBKmrIHtQ7jPA 4wWd3kvalFkda9M583i7 zbsjvfwSdNExCnTFLo8x TrUW9m3qjkTMvqHNRot0 uJlmjikTUoEO48jGpFMW nnG2z19YXqYOoAxMQkFV 2dfprAgHp3T6RrgooKgP Mi1upMhcgP7iV16OWKN5 NXZByMrsstrrXRLxVcyg qsbRHSDlSHG3Ep5gugbq 3MmCPAjYheu6g9TkIxDm 1wSeohNTb1oCspxe2x4j MCc3yEIO8tXzzu5ZknlT kuIwHVHn49UEM4TprHKr CMQ0OeWc1jOFVxmSr3hH jLS4UljOCe6h8LwAOGRX 24YcTAlCtPoNC11H3BAQ NWAZrSnr0i1Dj5TA6dLc fuNQ8Sfy86k6zaBQjwEz RSJQdRAK7H6zYHVeXyPj yXrak2UUHdgFCsCWvgfp oakCd1HozhO35GtImcF2 C5aQkckiWq5qVUhbiI57 W5rNQea9NsCafaUbLgWC rW1b1NT9NaRlIIxoT8XF ddzqPXECnHQT4a4RIpSF 61VEe5QpRdEG1AHTZmSn laRDyozSdXcFtmdQ5VqD nP45x6vSjSYCI8DDOBiZ aGWdv30UuUFiszMErlJF NjrNYv2s9TjuFmdhy6vq eULKHiriYHElwEbrQo2X l5OFQGDhW1xJJ8ERuglz RP9IQz70eEvTJVIHw5Lv CgUyoeVDFzkf0g6EiF8w x81SdeDfzbsk8wgCHcJT 468JV90VoJDfHRf7bwGC 2YL9dYowMkTTxjU0fVal nmwnnNlPCMIjajSEo2R3 63EFNMvLteBrV7Lj9nA4 dsEyS8WvuzfBZPrbbzZx RDnAjQbgrCahBSBieO1p 6KcltWtleWJ6izN3XL0F wqyhoOJuJuNfuZ1c9ZhU EqrhH8oFQmMRN10foGjV fxnnXXAtldMGBgqECnVx FE29I03FH1qEyEvIQNGT PqB0lgs9Brze4wJGQzAM mkGdh9qd7uj9x5W3Koxj 8IUV6HBSYn47shRwVW5F JuSdCG8HSUzwufkmRvTN RNtZ6m1O9hQj2ovJiJE3 1uTE034Q24DWmybWBbX4 8w6JkwNghwwfzVWZlMG6 OLGSBuAPLZmdhTN6ApoS KqTw626stjcdChciHrJ6 4MuL6AbQo2ozZ4x7psrd EfhuR5UGBxqkoqdQBn2E 6jnt0RQvUBeXBhrLOwzh EnQuMk7pVZUnmn2BboBv g6Fit1BcwBIbAAJnBKGn OBEPyJuvhH0Z9VoT2UNC h52UeNen88U7Y4iFuOF7 1Oc2bGjHzXrMLiYLik5Z 7DZfG4yobV0xCcSaxf27 vXrEXAmThLoQVXFImZcg b9q1t3OMZ6dXE5R6ca5w tb41LamjPxrSZBTCVL4N D3gODzQIzHZRe5A487BX g5fwwkfUKem4JdibLkXM PFAHK1LPbENiUm01N8B0 xtgYSd34f56WAH3CCBpW lVjpvSHc5hBrS7dzTmI1 Mufarp9xGx29xj0P1ijS Tgouk8HApNFShyYjQedR QYsTJmc2IUi36H1YK47s 2QgUKFj4HV0dn5Ia55tj IWOalMs6IXX5Ln6F9Eov LI8fhHKJlh7mQx1nNK0m 2TderjwrXrNV2UBZ77eD Z2YJKymsE6JEohxl2CgC nOsoIFzZBhdd6bjP45Ba 5doygtE58PVlrfBbaaxD ZUt08qPkISJA3VT4fdsK iS3QMNvYa0RbuZKbJowP YygsiZkXDS9oQ07w4psX kITtdSORrLGuHqAl2YGb EEWjQ3rZ3GM9oucA2vc5 qyWH5Ui5kFJGpXM7i2RZ qzhMj5jvroYQ0sxm9D9f ymIUUgCvgB7r5le0Mh11 P6PcaiimLTne6w5m7SJi COVfDobG5VcfcSxLDUch cXmjc3Wu4kjM1IHGgfA5 hC71hIuyRaST3AiaSZqg
89
1uTE034Q24DWmybWBbX4 1uTE034Q24DWmybWBbX4
3MmCPAjYheu6g9TkIxDm 3MmCPAjYheu6g9TkIxDm
FE29I03FH1qEyEvIQNGT FE29I03FH1qEyEvIQNGT
6KcltWtleWJ6izN3XL0F 6KcltWtleWJ6izN3XL0F
EfhuR5UGBxqkoqdQBn2E fzCA3w8Mu664WC0yRZb5
61VEe5QpRdEG1AHTZmSn 61VEe5QpRdEG1AHTZmSn
7DZfG4yobV0xCcSaxf27 7DZfG4yobV0xCcSaxf27
cXmjc3Wu4kjM1IHGgfA5 cXmjc3Wu4kjM1IHGgfA5
Z2YJKymsE6JEohxl2CgC Z2YJKymsE6JEohxl2CgC
aGWdv30UuUFiszMErlJF aGWdv30UuUFiszMErlJF
oakCd1HozhO35GtImcF2 oakCd1HozhO35GtImcF2
5doygtE58PVlrfBbaaxD 5doygtE58PVlrfBbaaxD
mkGdh9qd7uj9x5W3Koxj mkGdh9qd7uj9x5W3Koxj
dsEyS8WvuzfBZPrbbzZx dsEyS8WvuzfBZPrbbzZx
g5fwwkfUKem4JdibLkXM g5fwwkfUKem4JdibLkXM
OLGSBuAPLZmdhTN6ApoS OLGSBuAPLZmdhTN6ApoS
2YL9dYowMkTTxjU0fVal 2YL9dYowMkTTxjU0fVal
P6PcaiimLTne6w5m7SJi P6PcaiimLTne6w5m7SJi
8IUV6HBSYn47shRwVW5F 8IUV6HBSYn47shRwVW5F 1ae7bJScGomdGEdgag5b
RNtZ6m1O9hQj2ovJiJE3 RNtZ6m1O9hQj2ovJiJE3
Tgouk8HApNFShyYjQedR Tgouk8HApNFShyYjQedR sCcEFmBkhTop4sycKzuM Dv6lwBgjbbZceuQXFzFf
EEWjQ3rZ3GM9oucA2vc5 EEWjQ3rZ3GM9oucA2vc5
wqyhoOJuJuNfuZ1c9ZhU wqyhoOJuJuNfuZ1c9ZhU
4MuL6AbQo2ozZ4x7psrd 4MuL6AbQo2ozZ4x7psrd
RDnAjQbgrCahBSBieO1p RDnAjQbgrCahBSBieO1p
EqrhH8oFQmMRN10foGjV EqrhH8oFQmMRN10foGjV
btiXecpJBKmrIHtQ7jPA btiXecpJBKmrIHtQ7jPA
6jnt0RQvUBeXBhrLOwzh 6jnt0RQvUBeXBhrLOwzh
b9q1t3OMZ6dXE5R6ca5w b9q1t3OMZ6dXE5R6ca5w
PFAHK1LPbENiUm01N8B0 PFAHK1LPbENiUm01N8B0
JuSdCG8HSUzwufkmRvTN JuSdCG8HSUzwufkmRvTN
CgUyoeVDFzkf0g6EiF8w CgUyoeVDFzkf0g6EiF8w
Mufarp9xGx29xj0P1ijS Mufarp9xGx29xj0P1ijS
tb41LamjPxrSZBTCVL4N IC3wlDskAWyf0o1M61kl
lVjpvSHc5hBrS7dzTmI1 lVjpvSHc5hBrS7dzTmI1
eULKHiriYHElwEbrQo2X eULKHiriYHElwEbrQo2X
468JV90VoJDfHRf7bwGC NqvNOj5h3GSbJm5NawjL 468JV90VoJDfHRf7bwGC
kITtdSORrLGuHqAl2YGb oq1GulTWdKtwAlNIQxnY
1Oc2bGjHzXrMLiYLik5Z 1Oc2bGjHzXrMLiYLik5Z
zbsjvfwSdNExCnTFLo8x zbsjvfwSdNExCnTFLo8x
jLS4UljOCe6h8LwAOGRX jLS4UljOCe6h8LwAOGRX
1wSeohNTb1oCspxe2x4j 1wSeohNTb1oCspxe2x4j
24YcTAlCtPoNC11H3BAQ 24YcTAlCtPoNC11H3BAQ
nOsoIFzZBhdd6bjP45Ba nOsoIFzZBhdd6bjP45Ba
OBEPyJuvhH0Z9VoT2UNC OBEPyJuvhH0Z9VoT2UNC
C5aQkckiWq5qVUhbiI57 R22TNV5lr1tmI44FcHvv C5aQkckiWq5qVUhbiI57
ddzqPXECnHQT4a4RIpSF ddzqPXECnHQT4a4RIpSF
m0W1PzAhoOpYXaJ0LLW5 Wf6tYlitgmZKoXfughsS
QYsTJmc2IUi36H1YK47s QYsTJmc2IUi36H1YK47s
YygsiZkXDS9oQ07w4psX v0QCMKnmfkXllH4nQHen YygsiZkXDS9oQ07w4psX
fuNQ8Sfy86k6zaBQjwEz fuNQ8Sfy86k6zaBQjwEz
LI8fhHKJlh7mQx1nNK0m LI8fhHKJlh7mQx1nNK0m
8w6JkwNghwwfzVWZlMG6 8w6JkwNghwwfzVWZlMG6
iS3QMNvYa0RbuZKbJowP OAcbYkMyAi1Iu0vWaaFc
Ca5sYccbD9TUz7JLHrcf Ca5sYccbD9TUz7JLHrcf
nmwnnNlPCMIjajSEo2R3 nmwnnNlPCMIjajSEo2R3
2dfprAgHp3T6RrgooKgP 2dfprAgHp3T6RrgooKgP
UQEmoPmHSH2FlTDuXOEx UQEmoPmHSH2FlTDuXOEx
l5OFQGDhW1xJJ8ERuglz l5OFQGDhW1xJJ8ERuglz
TrUW9m3qjkTMvqHNRot0 TrUW9m3qjkTMvqHNRot0
kuIwHVHn49UEM4TprHKr kuIwHVHn49UEM4TprHKr
xtgYSd34f56WAH3CCBpW t9sTQNaMU9o2HF5pm7xT xtgYSd34f56WAH3CCBpW
Mi1upMhcgP7iV16OWKN5 Mi1upMhcgP7iV16OWKN5
yXrak2UUHdgFCsCWvgfp yXrak2UUHdgFCsCWvgfp
NXZByMrsstrrXRLxVcyg gZiMcGUkLd8qaWleLH1T NXZByMrsstrrXRLxVcyg
IWOalMs6IXX5Ln6F9Eov IWOalMs6IXX5Ln6F9Eov
KqTw626stjcdChciHrJ6 KqTw626stjcdChciHrJ6
COVfDobG5VcfcSxLDUch COVfDobG5VcfcSxLDUch
W5rNQea9NsCafaUbLgWC W5rNQea9NsCafaUbLgWC
2TderjwrXrNV2UBZ77eD yMXdJdorJpzOHHt9uIfg 2TderjwrXrNV2UBZ77eD
rW1b1NT9NaRlIIxoT8XF rW1b1NT9NaRlIIxoT8XF
laRDyozSdXcFtmdQ5VqD laRDyozSdXcFtmdQ5VqD
h52UeNen88U7Y4iFuOF7 z0rRwRZbA1TaaAgS8PYu
4wWd3kvalFkda9M583i7 4wWd3kvalFkda9M583i7
nnG2z19YXqYOoAxMQkFV 72cxNTZ1Tw5teVGiR2xj nnG2z19YXqYOoAxMQkFV
2QgUKFj4HV0dn5Ia55tj 2QgUKFj4HV0dn5Ia55tj
ymIUUgCvgB7r5le0Mh11 ymIUUgCvgB7r5le0Mh11
x81SdeDfzbsk8wgCHcJT x81SdeDfzbsk8wgCHcJT
qyWH5Ui5kFJGpXM7i2RZ qyWH5Ui5kFJGpXM7i2RZ
ZUt08qPkISJA3VT4fdsK VkEnPX1CQCoh4CxlXSlf
NWAZrSnr0i1Dj5TA6dLc NWAZrSnr0i1Dj5TA6dLc WgneGAZv4qtDq8Q5DYZf
vXrEXAmThLoQVXFImZcg vXrEXAmThLoQVXFImZcg
g6Fit1BcwBIbAAJnBKGn g6Fit1BcwBIbAAJnBKGn
63EFNMvLteBrV7Lj9nA4 63EFNMvLteBrV7Lj9nA4
nP45x6vSjSYCI8DDOBiZ bw0K7NVh1sgqlnescYkX
qsbRHSDlSHG3Ep5gugbq qsbRHSDlSHG3Ep5gugbq
fxnnXXAtldMGBgqECnVx DmIjX4adnoqSEDmx2f39
RSJQdRAK7H6zYHVeXyPj RSJQdRAK7H6zYHVeXyPj
EnQuMk7pVZUnmn2BboBv QHOT9LWV0s6xVVreglDh
