M2S9flVUcYP2sJdh8LXf H59EihDjhfpS7ToXFM3L X9TJsvmT50zYeG0q6XSG 93aDiM8K0XhtiVcCVKi2 tuE7UekaxGUib4idWtYa sH3pvLOfMUrEGUrmsHCu cdaizmjQrCe5Vnwy3JQF vodEvdIApqt0N3TZsbxN MtQDjkLToWj4d53MMhKG pNXWB5geApaSjbsCCT4J Dt5YfbjQq6VoKnyw6Zav m1IYiQsUBuvvpTv7yWXO fmFrd4vggNac5TkiFJAd XmlH4l2BXG35TF70bZqZ NMTjl1jsvrb7y2ggdCSc PbYOO88SokShsv7XrgBm Z8MZ2JfftjeVVnGFSOQe wpBgd82GxlO3hr1i0lHL tVhIJJgs0kEFaQx1hdWm L8bxdxuDa5issn2PiN3u Jjat3uJ5XboI9kZe0522 Dc1wEVV3kuOZotG6pNlL k7k4sHxeh1pR4sOjcVuj Eu0wGcDBBrgvePzHfqrS ECCnzlgsMEvTYjNwAlfM uy6RcQAYd3ATM1Icq3my dOKaHsIcDX32wPXAX2Gt zdtRVpQ9lVyEhNj9Evpp vxiwkV1b5fV2sGCBFsRQ 5gumrx48u1yPpF6ivPOI yHMPX8vHctuUweyLluyz oWxP87H6AXwFzF0dpB9d jgcWqrcniA4q9WNs9xkc 9Jr76N4fnNot7SNYqBKG 9GrchmlNCDIapQ9OnEYh 4bQwji0D4wyEDLd54MWv 8KfYYXeMqM0D4nShLOzi v0QJIKD4q7sFXrzFSb6J lxlEsWbbqG2dcyvjsLTA zD7ErBenXxsG4D9b5TEV 0uvEfLgT4s8ImTk9VWBt dKH5OdpmJKCU83bbXVxZ S8uMGvUglWyhnfV5Wzdp EtrZREkmL456viQQJ9Rb Pqf0Sn4UvsBLaxz7WO4n 48nWZMVqWDxfH9uMf2U3 M2S9flVUcYP2sJdh8LXf
45
MtQDjkLToWj4d53MMhKG nbZglhhmYQAPQz4eETaj
PbYOO88SokShsv7XrgBm W4IxjYZtRN88GGSV9Uoc
jgcWqrcniA4q9WNs9xkc jgcWqrcniA4q9WNs9xkc
zD7ErBenXxsG4D9b5TEV zD7ErBenXxsG4D9b5TEV
yHMPX8vHctuUweyLluyz yHMPX8vHctuUweyLluyz
tVhIJJgs0kEFaQx1hdWm tVhIJJgs0kEFaQx1hdWm
zdtRVpQ9lVyEhNj9Evpp zdtRVpQ9lVyEhNj9Evpp
X9TJsvmT50zYeG0q6XSG Bc6dudheE3WGLxP0iDdK
Eu0wGcDBBrgvePzHfqrS Eu0wGcDBBrgvePzHfqrS
Z8MZ2JfftjeVVnGFSOQe Z8MZ2JfftjeVVnGFSOQe
wpBgd82GxlO3hr1i0lHL Z0DuoZMcx6oyDPWFznMK
Dc1wEVV3kuOZotG6pNlL LNMZej67uy0Whvqp5OR1
v0QJIKD4q7sFXrzFSb6J v0QJIKD4q7sFXrzFSb6J
Pqf0Sn4UvsBLaxz7WO4n Pqf0Sn4UvsBLaxz7WO4n
S8uMGvUglWyhnfV5Wzdp S8uMGvUglWyhnfV5Wzdp
0uvEfLgT4s8ImTk9VWBt 0uvEfLgT4s8ImTk9VWBt
9GrchmlNCDIapQ9OnEYh 9GrchmlNCDIapQ9OnEYh
48nWZMVqWDxfH9uMf2U3 48nWZMVqWDxfH9uMf2U3
XmlH4l2BXG35TF70bZqZ XmlH4l2BXG35TF70bZqZ
uy6RcQAYd3ATM1Icq3my LxEzX08MG9T8knIYbul0 uy6RcQAYd3ATM1Icq3my
cdaizmjQrCe5Vnwy3JQF cdaizmjQrCe5Vnwy3JQF
m1IYiQsUBuvvpTv7yWXO m1IYiQsUBuvvpTv7yWXO
H59EihDjhfpS7ToXFM3L H59EihDjhfpS7ToXFM3L
NMTjl1jsvrb7y2ggdCSc NMTjl1jsvrb7y2ggdCSc
vxiwkV1b5fV2sGCBFsRQ vxiwkV1b5fV2sGCBFsRQ gZVNRDm5p6aX5QEEX8UG
8KfYYXeMqM0D4nShLOzi 8KfYYXeMqM0D4nShLOzi tUowOUG1V7iCXBCMR0AT
L8bxdxuDa5issn2PiN3u L8bxdxuDa5issn2PiN3u yZPIHwySFuIdRJCMzjnz
dOKaHsIcDX32wPXAX2Gt dOKaHsIcDX32wPXAX2Gt
dKH5OdpmJKCU83bbXVxZ Kfu1pc3YPMGebW7Iu8ex dKH5OdpmJKCU83bbXVxZ
k7k4sHxeh1pR4sOjcVuj k7k4sHxeh1pR4sOjcVuj
EtrZREkmL456viQQJ9Rb EtrZREkmL456viQQJ9Rb
93aDiM8K0XhtiVcCVKi2 93aDiM8K0XhtiVcCVKi2
M2S9flVUcYP2sJdh8LXf M2S9flVUcYP2sJdh8LXf
tuE7UekaxGUib4idWtYa PZrpdQAa8H8tkrajh08J
5gumrx48u1yPpF6ivPOI 5gumrx48u1yPpF6ivPOI
ECCnzlgsMEvTYjNwAlfM ECCnzlgsMEvTYjNwAlfM
Jjat3uJ5XboI9kZe0522 Jjat3uJ5XboI9kZe0522
9Jr76N4fnNot7SNYqBKG 9Jr76N4fnNot7SNYqBKG
pNXWB5geApaSjbsCCT4J pNXWB5geApaSjbsCCT4J
Dt5YfbjQq6VoKnyw6Zav Dt5YfbjQq6VoKnyw6Zav
sH3pvLOfMUrEGUrmsHCu sH3pvLOfMUrEGUrmsHCu
vodEvdIApqt0N3TZsbxN vodEvdIApqt0N3TZsbxN
fmFrd4vggNac5TkiFJAd fmFrd4vggNac5TkiFJAd
4bQwji0D4wyEDLd54MWv 4bQwji0D4wyEDLd54MWv
oWxP87H6AXwFzF0dpB9d oWxP87H6AXwFzF0dpB9d
