ZfI6StUliqd8YxBr0zVp Z6746tUNXH05XsKVq5bc sxZzRXnVfKw2KrspKPg1 Z38PT2VWeDoNiuh4rc0v gGXF4imn3IOLlYGD81XA ZBTm8fkarNXg3vLUAnt8 SI1jqone3x4IZwZ6qVW6 98jc4TOf5CFD5ooRLXKs WEpQsV1SPLNjRDFxWGJw RnnCc8OgQLqPe5HvvbS3 Af4sQnaDf5G2yrOfmk45 YzWX8RqUW0YPFsebUKYP gj1PIUxoUprs5rKMLNpv gX6xMy6pWnenI68kwgcu uYmver98TgwbkIsM8XgU zs8puphf0SbuOBS6XpM9 ip0vmcqzxYgrY2Mc3Bu9 Fa64KRccvM4rqOgxBKtu ufkSgxNAeRAXQFn3w6eB QGzcn6XPemZ0IhmCJCmq 5JVto9dbOz4Lu3AeAOZD mMagcNSN7U8s7oy3e0j4 Hxhi6IYOb3B8uxHbGYVt ZfI6StUliqd8YxBr0zVp
22
ip0vmcqzxYgrY2Mc3Bu9 ip0vmcqzxYgrY2Mc3Bu9
RnnCc8OgQLqPe5HvvbS3 RnnCc8OgQLqPe5HvvbS3
98jc4TOf5CFD5ooRLXKs 98jc4TOf5CFD5ooRLXKs
WEpQsV1SPLNjRDFxWGJw WEpQsV1SPLNjRDFxWGJw
ZBTm8fkarNXg3vLUAnt8 ZBTm8fkarNXg3vLUAnt8
YzWX8RqUW0YPFsebUKYP YzWX8RqUW0YPFsebUKYP
SI1jqone3x4IZwZ6qVW6 SI1jqone3x4IZwZ6qVW6
uYmver98TgwbkIsM8XgU uYmver98TgwbkIsM8XgU
Hxhi6IYOb3B8uxHbGYVt Hxhi6IYOb3B8uxHbGYVt
QGzcn6XPemZ0IhmCJCmq QGzcn6XPemZ0IhmCJCmq
ufkSgxNAeRAXQFn3w6eB cC9SZGtAtirSBnbvLWzt
Fa64KRccvM4rqOgxBKtu Fa64KRccvM4rqOgxBKtu
Z38PT2VWeDoNiuh4rc0v UoiNiYnewh16WNDFqvYW
Z6746tUNXH05XsKVq5bc Z6746tUNXH05XsKVq5bc
mMagcNSN7U8s7oy3e0j4 mMagcNSN7U8s7oy3e0j4
zs8puphf0SbuOBS6XpM9 zs8puphf0SbuOBS6XpM9
gj1PIUxoUprs5rKMLNpv BFat56YSkekx77JCOMI4 gj1PIUxoUprs5rKMLNpv
gX6xMy6pWnenI68kwgcu gX6xMy6pWnenI68kwgcu
5JVto9dbOz4Lu3AeAOZD 5JVto9dbOz4Lu3AeAOZD
ZfI6StUliqd8YxBr0zVp ZfI6StUliqd8YxBr0zVp
gGXF4imn3IOLlYGD81XA gGXF4imn3IOLlYGD81XA
Af4sQnaDf5G2yrOfmk45 QBaUzVWA62rnfcsnEShZ QUmdpeJNwq8Od3rclrVL Af4sQnaDf5G2yrOfmk45
