Chattanooga Cleveland SanAntonio Memphis Wichita Carrollton Surprise Stockton Richmond Fayetteville Aurora Tempe Scottsdale Riverside Indianapolis FortLauderdale Savannah ElkGrove SanFrancisco Honolulu Fremont Huntsville Tacoma Oxnard Spokane Springfield Berkeley Knoxville GardenGrove Salinas Murfreesboro Salinas Bakersfield BatonRouge CapeCoral LittleRock Phoenix Anchorage Midland Mobile Olathe Corona Lubbock Hollywood Boston Brownsville Jackson HuntingtonBeach Alexandria NewportNews DesMoines Austin Vancouver PortStLucie Chandler Washington SaintPaul Norfolk Irvine Syracuse NewYork SantaClarita Hayward Akron RanchoCucamonga TianamenSquare Ontario Salem FortCollins Pomona Buffalo Tallahassee MorenoValley Anaheim ChulaVista Arlington SanDiego Sunnyvale Boise SanBernardino Tucson Fontana Oceanside Paterson Cincinnati LongBeach Waco Albuquerque Orlando Naperville Chicago Atlanta Toledo Henderson Orange Frisco KansasCity Gilbert Denton Madison Lincoln OklahomaCity SantaAna Killeen Jacksonville SanJose Glendale VirginiaBeach FortWorth Roseville Durham Yonkers Plano Fresno Plano Dayton ElPaso Chattanooga
94
Cleveland Cleveland
SanAntonio SanAntonio
Memphis Memphis
Wichita Wichita
Surprise Surprise
Richmond Richmond
Fayetteville Fayetteville
Aurora Aurora Lexington Baltimore
Tempe Tempe
Scottsdale Scottsdale
Riverside Riverside
Indianapolis Indianapolis
FortLauderdale FortLauderdale
Savannah Savannah
ElkGrove McAllen
SanFrancisco SanFrancisco
Honolulu Honolulu
Fremont Fremont
Tacoma Tacoma
Oxnard Oxnard
Spokane Spokane
Springfield Springfield
Berkeley Berkeley
Knoxville Knoxville
GardenGrove GardenGrove
Murfreesboro Murfreesboro Charlotte
Bakersfield Bakersfield
BatonRouge BatonRouge
CapeCoral CapeCoral
LittleRock LittleRock Shreveport
Phoenix Phoenix
Anchorage Anchorage
Midland Midland
Olathe Olathe
Corona Corona
Lubbock Lubbock
Hollywood Louisville
Boston Boston
Brownsville Brownsville
Jackson Jackson
Alexandria Alexandria
NewportNews NewportNews
DesMoines DesMoines
Austin Austin
Vancouver Vancouver
PortStLucie PortStLucie
Washington Washington
SaintPaul SaintPaul
Norfolk Raleigh
Irvine Irvine
Syracuse Syracuse
NewYork NewYork
SantaClarita SantaClarita
Hayward Hayward
Akron Akron
RanchoCucamonga Newark
Ontario Ontario
Salem Salem
Pomona Pomona
Buffalo Buffalo
Tallahassee Tallahassee
Anaheim Anaheim
ChulaVista ChulaVista
SanDiego SanDiego
Boise Boise
SanBernardino SanBernardino
Fontana Fontana
Oceanside Oceanside
Paterson Paterson
Cincinnati Cincinnati
LongBeach GrandPrairie
Waco Waco
Albuquerque LosAngeles
Orlando Orlando
Naperville Naperville
Chicago Chicago
Toledo Toledo
Henderson Henderson
Orange Orange
Frisco Frisco
KansasCity KansasCity
Denton Denton
Madison Madison Joliet
Lincoln Lincoln
SantaAna SantaAna
Jacksonville Jacksonville
SanJose SanJose
Glendale Glendale
FortWorth FortWorth
Durham Durham
Yonkers Yonkers
Plano Plano
Fresno GrandRapids Worcester
ElPaso ElPaso
