Jacksonville Atlanta Louisville Arlington Portland Seattle LasVegas LongBeach Oakland Phoenix OklahomaCity Boston SanJose Indianapolis LosAngeles Raleigh Austin Milwaukee Tucson Columbus Detroit Tulsa Minneapolis Chicago ColoradoSprings VirginiaBeach Nashville SanFrancisco Atlanta Jacksonville
23
Jacksonville Jacksonville
Louisville Louisville
Portland Portland
Seattle Seattle
LasVegas LasVegas
LongBeach LongBeach
Oakland Albuquerque Philadelphia
Phoenix Phoenix
OklahomaCity FortWorth
Boston Boston
SanJose SanJose
Indianapolis Indianapolis
LosAngeles LosAngeles
Raleigh Memphis
Austin Austin
Tucson Tucson
Columbus Columbus
Tulsa Tulsa
Minneapolis Minneapolis
VirginiaBeach VirginiaBeach
Nashville ElPaso
SanFrancisco SanFrancisco
Atlanta Fresno Atlanta
