SaintPaul Garland Newark Scottsdale Honolulu Memphis Louisville Stockton Houston Tampa Toledo JerseyCity Denver Detroit Tucson Dallas Greensboro Chandler NewOrleans KansasCity Miami Omaha Aurora Austin LosAngeles Plano Fresno Chesapeake Lubbock StPetersburg Milwaukee Columbus Glendale Hialeah OklahomaCity FortWayne Albuquerque Baltimore ChulaVista Charlotte Phoenix Durham SantaAna Lincoln Minneapolis SanDiego SanJose SaintPaul
40
LosAngeles ElPaso
Houston Houston
Phoenix Phoenix
SanDiego SanDiego
Dallas Dallas
SanJose SanJose
Austin Austin SanAntonio
Columbus Columbus
Charlotte Charlotte
Denver Denver
Memphis Memphis
OklahomaCity OklahomaCity
Louisville Madison
Baltimore Indianapolis LongBeach Baltimore
Milwaukee Milwaukee
Albuquerque FortWorth
Tucson Tucson Raleigh
Fresno Lexington Spokane
Minneapolis Bakersfield
Tampa Tampa
NewOrleans NewOrleans
Aurora Aurora
Honolulu Honolulu
SantaAna SantaAna Pittsburgh
Stockton Stockton
Plano Plano
Lincoln Lincoln
Newark Newark
Toledo Atlanta
Durham WinstonSalem Durham
ChulaVista Cincinnati
FortWayne Anchorage FortWayne
JerseyCity JerseyCity Laredo
StPetersburg Henderson StPetersburg
Chandler Chandler
Lubbock Lubbock
Scottsdale Scottsdale
Glendale Glendale
Chesapeake Chesapeake
Hialeah Hialeah
