Hernandezville Joelview Downsville Richardhaven Tammychester Richardhaven Downsville Joelview Farmerside Ryanton Williamsmouth Mcdonaldmouth Williamsmouth Ryanton Farmerside Ralphtown Garciaport Charlesburgh Garciaport Ralphtown Stricklandbury Tylermouth Stricklandbury Ralphtown Farmerside Gabriellabury Courtneyfurt Gabriellabury Farmerside Joelview Mitchellchester Lopezmouth Heathermouth Lopezview Heathermouth Lopezmouth Dixonton Keithton Dixonton Francesmouth Dixonton Lopezmouth Mitchellchester Joelview Hernandezville Beckyshire Derekton Wallaceville Morenoside Wallaceville Derekton Beckyshire Ponceville Bridgesville Riveramouth Martinton Riveramouth Bradshawside Riveramouth Bridgesville Esparzaberg Kristinbury Esparzaberg Thomasburgh Esparzaberg Bridgesville Dennisstad Wilsonburgh Dennisstad Bridgesville Ponceville Garymouth Camposstad Donaldstad Camposstad Garymouth Christophertown Crystaltown Christophertown Garymouth Ponceville Mcculloughchester Crystalchester Smithmouth Crystalchester Mcculloughchester Jonestown Barbarachester Jonestown Kellyfort Jonestown Mcculloughchester Ponceville Beckyshire Hernandezville
26
Tammychester Tammychester Rebeccaton
Downsville Haasville
Williamsmouth Johnstonmouth
Mcdonaldmouth Mcdonaldmouth Adkinsfurt
Charlesburgh Angelaview Charlesburgh
Tylermouth Deanstad Tylermouth
Gabriellabury Hendersonchester
Courtneyfurt Contrerasland Morrisbury
Heathermouth Emilymouth
Lopezview Robertsfort Lopezview
Keithton Andrewland Keithton Aprilstad
Francesmouth Francesmouth Richardville
Mitchellchester Huynhton
Morenoside Amberfurt Johnport
Derekton Belindamouth
Martinton Deborahfort Brianland Martinton
Bradshawside Bradshawside Wandaside
Kristinbury Allenberg Kristinbury
Thomasburgh Thomasburgh Johnsonmouth Sanchezland
Wilsonburgh Josephton Wilsonburgh Harristown
Donaldstad Thomastown Donaldstad
Camposstad Williamsville
Crystaltown Crystaltown Johnsontown
Smithmouth Robertborough Smithmouth
Barbarachester Barbarachester Jonesberg
Kellyfort Kellyfort Tinatown Pittsland
