Porterton Dianashire Burgessview Marcusburgh Fletcherland Kingview Williamschester Kingview Fletcherland Marcusburgh Matthewburgh Bondfort Shawnmouth Bondfort Adamview Bondfort Matthewburgh Virginiastad Robinsonmouth Virginiastad Matthewburgh Marcusburgh Tylerbury Marcusburgh Burgessview Billton Banksburgh Yvonneborough Parkermouth Yvonneborough Banksburgh Simmonsburgh Michaelville Simmonsburgh Banksburgh Billton Burgessview Williamfort Williamport Ashleystad Codyton Ashleystad Holthaven Ashleystad Williamport Williamfort Moodyburgh Gregoryberg Smithfort Gregoryberg Moodyburgh Heatherberg Thomasborough Heatherberg Moodyburgh Williamfort Thomasville Lopezburgh Byrdfurt Lopezburgh Thomasville Williamfort Burgessview Dianashire Ashleyborough Osborneville Christophermouth Shawnhaven Christophermouth Osborneville Payneview Jacksonville Jennifertown Jacksonville Payneview Teresafort Smithtown Teresafort Payneview Barnesmouth Harrisport Barnesmouth Payneview Osborneville Ashleyborough Clarkberg Reevestown Judithview Michaelview Judithview Reevestown Clarkberg Burtonview Murphyside Bakertown Murphyside Burtonview Clarkberg Ashleyborough Paulburgh Walltown Callahantown Maryport Callahantown Walltown Scotttown Jacksonview Scotttown Walltown Paulburgh Robertsstad Toddtown Swansonshire Toddtown Robertsstad Paulburgh Ashleyborough Dianashire Porterton Wallton Derekmouth Jeffreyfort Garytown Audreyfort Garytown Jeffreyfort Johnsonchester Jeffreyfort Derekmouth Charlesberg Weberbury Kimberlyburgh Weberbury Charlesberg Kevinberg Patriciabury Kevinberg Adamside Kevinberg Charlesberg Sethland Ellisstad Sethland Charlesberg Derekmouth Geraldside Michellehaven Cranemouth Michellehaven Ramosborough Michellehaven Geraldside Joseport Hallborough Joseport Gabrielburgh Joseport Geraldside Derekmouth Wallton Danielleport Scottburgh Laurenbury Haleview Laurenbury Scottburgh Danielleport Cooperton Lopezborough Waltersmouth Lopezborough Cooperton Danielleport Melissaview Campbellhaven Annberg Campbellhaven Melissaview Cheyennefurt Watsonville Cheyennefurt Melissaview Danielleport Wallton Davisstad Leechester Pettyton Bondmouth Pettyton Leechester Davisstad Jacksonton Singletonton Clarkbury Singletonton Jacksonton Davisstad Newmanburgh Gallowaymouth Rioshaven Gallowaymouth Newmanburgh Davisstad Wallton Porterton
50
Williamschester Mirandaview Williamschester
Fletcherland Ortizberg
Shawnmouth Shawnmouth Buckleyside Priceville
Adamview Harrisborough Adamview
Robinsonmouth Robinsonmouth Horneside
Virginiastad Johnsonberg
Tylerbury Hansonbury Wilsonstad
Parkermouth Shawnfort Parkermouth
Michaelville Michaelville Williamland
Codyton Ryanside Mindyview Codyton
Holthaven Holthaven Vickiville
Smithfort Millerborough Smithfort
Thomasborough Masseyside Thomasborough Ortegaberg
Byrdfurt Garciamouth Loweryborough Byrdfurt
Lopezburgh Leahmouth
Shawnhaven Candaceborough Dannyside
Jacksonville Christopherhaven
Jennifertown Jennifertown Feliciaville
Smithtown Jacksonland Abigailville Smithtown
Teresafort Calvinton
Barnesmouth Clarkborough
Harrisport Brendaview Harrisport
Michaelview Michaelview Clarenceview
Bakertown Jameston Derekville Bakertown
Maryport Reynoldsview Combsville Maryport
Walltown Williamshire
Jacksonview Jacksonview Danielville
Swansonshire Swansonshire Abigailhaven
Audreyfort Patriciaside Audreyfort
Johnsonchester Nealfurt Susanfort
Weberbury Clarkport
Kimberlyburgh Candiceland Kimberlyburgh
Patriciabury Patriciabury Troyfort Thomasmouth
Adamside Andrewschester Bradberg Adamside
Sethland Tannerhaven
Ellisstad Ellisstad Osbornemouth
Cranemouth Cranemouth Joneschester
Ramosborough Ramosborough Fordhaven
Hallborough Hallborough Kylieview
Gabrielburgh Hodgesstad Gabrielburgh
Haleview Hallstad Haleview
Waltersmouth Adamport Adkinsberg
Annberg Dyerport Annberg Houstonchester
Cheyennefurt Thompsonshire
Watsonville Robertomouth Christyland Watsonville
Leechester Suttonville
Bondmouth Bondmouth Mercedesmouth Taylorton
Pettyton Jonesfurt
Clarkbury Clarkbury Jermaineton
Rioshaven Josephstad Rioshaven
