A0 H9 E1 F0 C0 E5 J7 G2 J3 J1 C2 F3 H5 C7 D7 C1 I6 B6 B7 H4 C8 G0 H8 E6 A8 F4 D8 A9 G5 B4 J9 A3 D6 E3 H6 I8 H7 D0 J0 G8 I3 I4 E4 J8 I9 F5 E2 H3 D5 G9 A4 J4 B9 C6 B3 F8 C5 I7 B1 J2 A6 B0 H0 E0 A7 D2 A5 C3 G4 E8 D4 B8 I5 D9 B2 A1 J5 H2 J6 F6 I2 G6 F7 F9 A2 G1 G7 E9 H1 F2 D1 F1 I0 C4 I1 K0 G3 D3 B5 E7 C9 A0
100
H9 H9
E1 E1
F0 F0
C0 C0
E5 E5
J7 J7
G2 G2
J3 J3
J1 J1
C2 C2
F3 F3
H5 H5
C7 C7
D7 D7
C1 C1
I6 I6
B6 B6
B7 B7
H4 H4
C8 C8
G0 G0
H8 H8
E6 E6
A8 A8
F4 F4
D8 D8
A9 A9
G5 G5
B4 B4
J9 J9
A3 A3
D6 D6
E3 E3
H6 H6
I8 I8
H7 H7
D0 D0
J0 J0
G8 G8
I3 I3
I4 I4
E4 E4
J8 J8
I9 I9
F5 F5
E2 E2
H3 H3
D5 D5
G9 G9
A4 A4
J4 J4
B9 B9
C6 C6
B3 B3
F8 F8
C5 C5
I7 I7
B1 B1
J2 J2
A6 A6
B0 B0
H0 H0
E0 E0
A7 A7
D2 D2
A5 A5
C3 C3
G4 G4
E8 E8
D4 D4
B8 B8
I5 I5
D9 D9
B2 B2
A1 A1
J5 J5
H2 H2
J6 J6
F6 F6
I2 I2
G6 G6
F7 F7
F9 F9
A2 A2
G1 G1
G7 G7
E9 E9
H1 H1
F2 F2
D1 D1
F1 F1
I0 I0
C4 C4
I1 I1
K0 K0
G3 G3
D3 D3
B5 B5
E7 E7
C9 C9
