0 73 91 98 65 26 107 79 17 87 18 3 80 43 69 1 85 176 44 134 62 12 53 20 81 10 71 94 123 50 34 55 90 84 76 33 15 194 30 8 45 42 185 28 75 49 54 60 4 57 25 70 182 13 51 142 156 145 140 68 77 36 78 14 56 67 96 27 99 179 82 177 93 21 74 5 41 32 59 97 31 2 83 9 6 24 46 63 139 64 88 23 0
90
0 0
73 73
91 91
98 98
65 65
26 26
107 11
79 79
17 17
87 95 87
18 18
3 3
80 80
43 43
69 69
1 58 1
85 85
176 19 35 37
44 44
62 62
12 12
53 53
20 20
81 81
10 10
71 71
94 94
123 39
50 50 7
34 34
55 55
90 90
84 84
76 76
33 33
15 15
194 72 61
30 30
8 8
45 45
42 42
185 38
28 28
75 75
49 49
54 54
60 60
4 4
57 57
25 25
70 70
13 13
51 51
142 47 22
156 16
145 66
140 86
68 68
77 77
36 36
78 78
14 14
56 56
67 67
96 96
27 27
99 99
179 92
82 82
177 29 89
93 93
21 21
74 74
5 5
41 41
32 32
59 59
97 97
31 31
2 2
83 40 83
9 9 52
6 6
24 24
46 46
63 63
139 48
64 64
88 88
23 23
