K B AD AM CF BT M GN R AS CM DN EH FU CH EZ AB DZ FM BG Z GO FI V BY BE G BA CB FO T EK DT AJ DK DI EL DG U DC EB AN DS DH GA Y FP CE EQ GF CT GI I AX AP FV FE EC P GJ FJ BP EM DX DB BI FG AU FR GK FT BR CJ FH CK BQ DR FX GG AG EG AF BB CW CV X AE ED GC CI EV DE EO GR AW AH EU BX DP GL BF DV BJ FD EN CA GD FS BH K
96
B B
AM AM
CF CF
M M
GN BL
R R
AS AS
CM CM
EH EH
FU FU
FX FX
DR DR
EZ EZ
AB AB
DZ DZ
FM FM
BG BG
Z Z
GO GO
FI FI
V V
BY BY
BE BE
G G
BA BA
CB CB FZ
FO FO
T T
EK GE EK
AJ AJ
DK DK
DI DI
EL EL
DG DG
U U
DC DC
AN AN
DS DS
DH DH
Y Y
FP FP
CE CE
EQ EQ
GF GF
CT CT
GI GI
I I
AX AX
AP BO
FV FV
FE FE
EC EC
P P
GJ GJ
FJ FJ
BP BP
EM EA EM
DX DX
DB DB
BI BI
FG FG
AU CQ
FR FR
GK GK
BR BR
CJ CJ
FH FH
CK CK
BQ BQ
EG EG
AG AG
GG GG
AF AF
BB BB L
CW CW
X X
ED ED
GC GC
CI CY
EV EV
EO EO
GR GR
AW AW
AH AH
EU EU
BX BX
DP DP
GL GL
BF BF
DV DV
BJ BJ
FD FD
EN EN
CA EJ
GD GD
FS FS
