89 12 187 29 86 56 155 178 102 143 122 61 87 100 199 128 49 140 31 64 18 121 33 25 44 99 168 124 59 75 189 51 156 130 142 197 36 79 73 133 194 103 95 65 82 13 148 72 146 85 39 132 195 62 160 20 11 83 88 127 80 149 190 118 16 172 5 169 101 78 27 48 182 177 32 53 38 167 94 151 45 135 70 136 112 109 183 69 89
83
12 12
187 187
29 29
86 173 86
56 56
155 155
178 178
102 102
143 114 125
122 122
61 61
100 100
199 199
128 128 23
49 111 49
140 140
31 31 107 6
64 64
18 18
121 121
33 33
25 25
44 44
99 99
168 37
124 124
59 59
75 75
189 189
51 51
156 156
130 130
142 21 188
197 197
36 36
79 79
73 73
133 133
194 194 141
103 193
95 97
65 191 65
82 147 82
13 13
148 148
72 58
146 146
85 85
39 39
132 132
195 195
62 144
160 160
11 11
83 83
88 88
127 4 127
80 80
149 149
190 190
118 1 118
16 16
172 172
5 5
169 169
101 101
78 78
27 27
48 9 48
177 98
32 32
53 96
38 81 38
167 41
94 94
151 151
135 135
70 70 179 192
136 3 136
112 112
109 109
183 183
69 69
