fmdhlepsteinstdnkill epsteindlsfdntmkillh dnkillepsteinlshdtfm killepsteinlhtfdsmdn epsteinlshkilldnfdmt flepsteindndhmtkills killdmnsfhldepsteint ndkillftdsmepsteinlh tdfepsteinnlhdkillsm dfkilllmtepsteinhdsn nfdhkilllsmtepsteind killnsfmhdepsteindtl fdshnmkillepsteinltd epsteinskilldlndhmtf lthfkilldnsmepsteind hepsteinsddnfkillmlt ddtmkillepsteinflsnh fddsepsteinhnlkilltm msfltdkillnepsteinhd hnfdtmlepsteinkillds epsteindfhlmdnskillt fmsepsteindntldhkill tlmsdhdnkillfepstein hsndepsteindlmtkillf lndsdkilltmepsteinhf fshtdepsteinmldnkill dmepsteinfnhltkillsd depsteinnlsfmhtkilld fkillepsteinmldnhstd epsteinkillnmsdhtdlf nepsteinlmdkilldhfts ntlepsteindmfdshkill killmlepsteindthnfsd fepsteinhsntddkilllm ddlmnftepsteinhskill hnsdkilllftdmepstein epsteinfsddmthkillnl tlsfdmdepsteinnhkill fhndskillepsteintldm lhsepsteindtdnmkillf lnsmkilltfdepsteindh stepsteinhkillfmnldd fkillepsteindlhdnsmt nltdmsfepsteinkilldh tmsdnfdlkillhepstein lkilltndepsteindsmfh fmdhlepsteinstdnkill
40
msfltdkillnepsteinhd msfltdkillnepsteinhd
flepsteindndhmtkills flepsteindndhmtkills
hepsteinsddnfkillmlt nkilltdhlmdepsteinsf hepsteinsddnfkillmlt
fhndskillepsteintldm fhndskillepsteintldm
nepsteinlmdkilldhfts nepsteinlmdkilldhfts
ndkillftdsmepsteinlh ndkillftdsmepsteinlh
ddtmkillepsteinflsnh ddtmkillepsteinflsnh
nltdmsfepsteinkilldh nltdmsfepsteinkilldh
lndsdkilltmepsteinhf lndsdkilltmepsteinhf
killmlepsteindthnfsd killmlepsteindthnfsd
ntlepsteindmfdshkill ntlepsteindmfdshkill
dmepsteinfnhltkillsd dmepsteinfnhltkillsd
fmsepsteindntldhkill fmsepsteindntldhkill
hnsdkilllftdmepstein hnsdkilllftdmepstein
epsteinfsddmthkillnl dhepsteindsnlkillfmt
fshtdepsteinmldnkill fshtdepsteinmldnkill
epsteindlsfdntmkillh epsteindlsfdntmkillh
epsteindfhlmdnskillt dlnsthfmepsteinkilld epsteindfhlmdnskillt
killdmnsfhldepsteint killdmnsfhldepsteint epsteintdkilllnfdhms
depsteinnlsfmhtkilld depsteinnlsfmhtkilld
tlmsdhdnkillfepstein lsdepsteinfmkillndth tlmsdhdnkillfepstein tmlepsteinsdnfkillhd
dfkilllmtepsteinhdsn dfkilllmtepsteinhdsn
epsteinskilldlndhmtf epsteinskilldlndhmtf
nfdhkilllsmtepsteind nfdhkilllsmtepsteind
fkillepsteindlhdnsmt epsteinkillmsftnddlh
hsndepsteindlmtkillf hsndepsteindlmtkillf
tdfepsteinnlhdkillsm epsteinmhndfkilltdls
epsteinlshkilldnfdmt epsteinlshkilldnfdmt
dnkillepsteinlshdtfm dnkillepsteinlshdtfm lmhdtfdepsteinnkills
fdshnmkillepsteinltd fdshnmkillepsteinltd
killnsfmhdepsteindtl killnsfmhdepsteindtl
tlsfdmdepsteinnhkill tlsfdmdepsteinnhkill
tmsdnfdlkillhepstein lhepsteinkilldtnmfsd mftkillepsteinndlhsd
stepsteinhkillfmnldd stepsteinhkillfmnldd
hnfdtmlepsteinkillds hsdfepsteintlnkilldm hnfdtmlepsteinkillds hdepsteinskillldtnfm
fmdhlepsteinstdnkill nhmkilllsftepsteindd
fepsteinhsntddkilllm fepsteinhsntddkilllm
killepsteinlhtfdsmdn dhkilllsepsteinmntdf killepsteinlhtfdsmdn
ddlmnftepsteinhskill ddlmnftepsteinhskill
lnsmkilltfdepsteindh lnsmkilltfdepsteindh
