dldkilltnmhfepsteins msddkilllthepsteinfn killsepsteindmtflhnd killfthnmsdlepsteind tsmdepsteinkillhfdln depsteinlfnmkilldsht tldkillhsfnmepsteind depsteinftndhmkillsl epsteindkilltlmnhsfd hkilllepsteinnstfddm lsmftnepsteinkillhdd dflstmkillepsteindhn killdepsteinmfltdshn tsdnhkilllmepsteindf tdfkillslepsteinhdmn sldhnfmtdkillepstein msepsteintlhnfkilldd hmdkilllnepsteinfsdt killmfndshdtepsteinl depsteinslkillhdftmn killthsepsteindmlfdn nepsteindhkillltmsfd sndldftmkillepsteinh killhtdmdlnsfepstein nfltdmkillsdepsteinh mkilldlshdtfepsteinn epsteinhnkillsldfdmt nmdhepsteinkilltfsld hsepsteinfkillnmddtl epsteindmshtfldnkill hmndfkillslepsteintd dkillldfepsteintsmnh ldfsmnepsteinkilltdh mndtkillepsteindlfhs fddsmepsteintnkillhl ntmdhepsteinsdkillfl epsteinfthkilldnslmd mdkilllfdnstepsteinh fdmtdepsteinkilllsnh lntkillepsteinfsddhm mhdskillldftnepstein dhmkillfdltnsepstein lkilldtnmsepsteindfh tdnfmdhepsteinslkill fmtnkilldepsteindhsl fhdmnepsteindkillslt nftmskilldldepsteinh mdkillnlsdtepsteinhf lhsntdepsteindkillmf lmkillepsteintsndfhd hepsteinntdkillsdmfl lmkillepsteintsndfhd ndshkilldmlepsteinft shfnmltepsteindkilld killtdslhfdepsteinnm shfnmltepsteindkilld killdldepsteinmfsthn dnldkillhmfstepstein dmtlsfhnkilldepstein thdlskillnfdmepstein hnddkilltslmfepstein killtepsteinddhlmnsf ltfnsdhepsteinkilldm killtdmsdfhnepsteinl dhkillldsepsteintnmf epsteinfsltkillnhddm killhdfnsepsteinmltd fsepsteindkillhmtdln skillthlfndepsteindm mkillthfdlnepsteinds dtsmdnlhfepsteinkill epsteinsnmflhtdkilld epsteintfhndkilllmsd tdkillepsteinsmhdfnl dtnkillsepsteinmdfhl lkillfthdsepsteindnm nsepsteinfmdkillhldt hnskillepsteintfdmld hnsepsteinmkillfddtl dhtepsteinkillsdflmn killepsteinfdlhdtnms skillmfepsteinthddnl dkillnmhldstfepstein epsteinshlkilldmnfdt dfdepsteintlnskillhm ldepsteindhkilltsmfn mfndlsdepsteinhkillt dmldfhskillntepstein mdkillntepsteindfhsl tndskilldfepsteinmhl dkillnmsfhtlepsteind fdskillndtmepsteinlh killmdshdtnflepstein sdndhepsteinltkillfm dfkilllepsteinsnmhtd epsteinhdkillltsmfdn dhsepsteintlkillmfnd lepsteindsmnhftdkill epsteinldtnfmshdkill thnkillmddsepsteinfl fthlkillnepsteindsdm killfhdndtlepsteinsm lepsteindnhstfdmkill fhnmkillepsteinsdltd dlfdkilltepsteinhnms msddkilllthepsteinfn dldkilltnmhfepsteins
89
killfthnmsdlepsteind killfthnmsdlepsteind
tsmdepsteinkillhfdln tsmdepsteinkillhfdln
depsteinlfnmkilldsht lhepsteintndkilldsmf depsteinlfnmkilldsht
tldkillhsfnmepsteind tldkillhsfnmepsteind
depsteinftndhmkillsl hepsteinnfdmlsdtkill depsteinftndhmkillsl
epsteindkilltlmnhsfd epsteindkilltlmnhsfd
lsmftnepsteinkillhdd lsmftnepsteinkillhdd
dflstmkillepsteindhn dflstmkillepsteindhn
killdepsteinmfltdshn killdepsteinmfltdshn
tsdnhkilllmepsteindf tsdnhkilllmepsteindf
tdfkillslepsteinhdmn tdfkillslepsteinhdmn
sldhnfmtdkillepstein sldhnfmtdkillepstein tepsteinhsdkillmldfn
msepsteintlhnfkilldd msepsteintlhnfkilldd
hmdkilllnepsteinfsdt hmdkilllnepsteinfsdt
killmfndshdtepsteinl killmfndshdtepsteinl
depsteinslkillhdftmn depsteinslkillhdftmn
killthsepsteindmlfdn killthsepsteindmlfdn
nepsteindhkillltmsfd nepsteindhkillltmsfd
sndldftmkillepsteinh sndldftmkillepsteinh
killhtdmdlnsfepstein killhtdmdlnsfepstein
nfltdmkillsdepsteinh nfltdmkillsdepsteinh
mkilldlshdtfepsteinn mkilldlshdtfepsteinn
epsteinhnkillsldfdmt epsteinhnkillsldfdmt
nmdhepsteinkilltfsld nmdhepsteinkilltfsld
hsepsteinfkillnmddtl hsepsteinfkillnmddtl
epsteindmshtfldnkill epsteindmshtfldnkill
hmndfkillslepsteintd hmndfkillslepsteintd
dkillldfepsteintsmnh dlshdtepsteinnkillfm
ldfsmnepsteinkilltdh ldfsmnepsteinkilltdh
mndtkillepsteindlfhs mndtkillepsteindlfhs
fddsmepsteintnkillhl fddsmepsteintnkillhl
ntmdhepsteinsdkillfl ntmdhepsteinsdkillfl
epsteinfthkilldnslmd epsteinfthkilldnslmd
mdkilllfdnstepsteinh mdkilllfdnstepsteinh lkillepsteintdshmfnd
fdmtdepsteinkilllsnh fdmtdepsteinkilllsnh
mhdskillldftnepstein mhdskillldftnepstein
dhmkillfdltnsepstein dhmkillfdltnsepstein
lkilldtnmsepsteindfh lkilldtnmsepsteindfh
fmtnkilldepsteindhsl mkillldnhepsteinstfd fmtnkilldepsteindhsl
fhdmnepsteindkillslt fhdmnepsteindkillslt
nftmskilldldepsteinh nftmskilldldepsteinh
mdkillnlsdtepsteinhf mdkillnlsdtepsteinhf
lhsntdepsteindkillmf lhsntdepsteindkillmf
hepsteinntdkillsdmfl depsteintkilllnmsfdh hepsteinntdkillsdmfl
lmkillepsteintsndfhd lmkillepsteintsndfhd
ndshkilldmlepsteinft ndshkilldmlepsteinft
shfnmltepsteindkilld shfnmltepsteindkilld
killtdslhfdepsteinnm killtdslhfdepsteinnm slepsteinkillfmddhtn
killdldepsteinmfsthn killdldepsteinmfsthn
dnldkillhmfstepstein dnldkillhmfstepstein
dmtlsfhnkilldepstein dmtlsfhnkilldepstein
thdlskillnfdmepstein thdlskillnfdmepstein lepsteinkilldhfmstnd
killtepsteinddhlmnsf killtepsteinddhlmnsf
ltfnsdhepsteinkilldm ltfnsdhepsteinkilldm tepsteinmdfldhnskill
killtdmsdfhnepsteinl killtdmsdfhnepsteinl
epsteinfsltkillnhddm fmltddhnepsteinskill
killhdfnsepsteinmltd killhdfnsepsteinmltd
fsepsteindkillhmtdln epsteinlmkillfshnddt fsepsteindkillhmtdln
skillthlfndepsteindm skillthlfndepsteindm
mkillthfdlnepsteinds mkillthfdlnepsteinds
dtsmdnlhfepsteinkill dtsmdnlhfepsteinkill
epsteinsnmflhtdkilld epsteinsnmflhtdkilld
epsteintfhndkilllmsd epsteintfhndkilllmsd
tdkillepsteinsmhdfnl tdkillepsteinsmhdfnl
dtnkillsepsteinmdfhl dtnkillsepsteinmdfhl
lkillfthdsepsteindnm ndkillthdepsteinlsmf
hnskillepsteintfdmld hnskillepsteintfdmld
hnsepsteinmkillfddtl hnsepsteinmkillfddtl
dhtepsteinkillsdflmn dhtepsteinkillsdflmn
skillmfepsteinthddnl skillmfepsteinthddnl
dkillnmhldstfepstein dkillnmhldstfepstein mhkillepsteinddlfsnt
dfdepsteintlnskillhm dfdepsteintlnskillhm
ldepsteindhkilltsmfn ldepsteindhkilltsmfn
mfndlsdepsteinhkillt sdlhfnmdepsteintkill
dmldfhskillntepstein dmldfhskillntepstein
mdkillntepsteindfhsl mdkillntepsteindfhsl
tndskilldfepsteinmhl tndskilldfepsteinmhl
dkillnmsfhtlepsteind dkillnmsfhtlepsteind
fdskillndtmepsteinlh fdskillndtmepsteinlh
sdndhepsteinltkillfm sdndhepsteinltkillfm
dfkilllepsteinsnmhtd dfkilllepsteinsnmhtd
epsteinhdkillltsmfdn epsteinhdkillltsmfdn
dhsepsteintlkillmfnd dhsepsteintlkillmfnd
epsteinldtnfmshdkill epsteinldtnfmshdkill
thnkillmddsepsteinfl thnkillmddsepsteinfl
lepsteindnhstfdmkill lepsteindnhstfdmkill
fhnmkillepsteinsdltd fhnmkillepsteinsdltd
dlfdkilltepsteinhnms dlfdkilltepsteinhnms
msddkilllthepsteinfn msddkilllthepsteinfn
