tepsteinfdkilldlmhns killepsteintdldshfnm nfdhepsteinltsdmkill lepsteinfdkillsdnmht dhlepsteindkillsmtnf mfskillnhlddtepstein thmepsteinlkillfsndd slepsteinftndkillmdh htskillepsteindnlfdm ndlmhepsteintdskillf tmhsnfepsteinldkilld nkillsdtdhfmlepstein epsteinthsdmndkillfl snldmtkillfepsteindh msnepsteinfkillhtdld fnmhskilldepsteinltd ndlepsteinhdtskillfm ldnmepsteinhfstdkill hfskillnepsteinldtdm hdepsteinsmdtnflkill tepsteinfdkilldlmhns
19
ndlmhepsteintdskillf ndlmhepsteintdskillf
nfdhepsteinltsdmkill nfdhepsteinltsdmkill
ldnmepsteinhfstdkill hepsteinnfstkilllmdd hldmepsteindsnkilltf skilldnmlhdftepstein
lepsteinfdkillsdnmht lepsteinfdkillsdnmht
mfskillnhlddtepstein epsteindsmnlfdtkillh
dhlepsteindkillsmtnf dhlepsteindkillsmtnf
nkillsdtdhfmlepstein nkillsdtdhfmlepstein
msnepsteinfkillhtdld hkillmepsteinstdfdnl msnepsteinfkillhtdld
killepsteintdldshfnm killepsteintdldshfnm nlhtdsdepsteinfmkill tskillepsteinhfmddnl
epsteinthsdmndkillfl epsteinthsdmndkillfl
hdepsteinsmdtnflkill fnlskillhtepsteindmd hdepsteinsmdtnflkill
hfskillnepsteinldtdm killnfhdsdltepsteinm
fnmhskilldepsteinltd fnmhskilldepsteinltd
ndlepsteinhdtskillfm ndlepsteinhdtskillfm
snldmtkillfepsteindh snldmtkillfepsteindh
htskillepsteindnlfdm htskillepsteindnlfdm
thmepsteinlkillfsndd thmepsteinlkillfsndd
tmhsnfepsteinldkilld tmhsnfepsteinldkilld
slepsteinftndkillmdh epsteinsdfmhltkillnd
