149 000 001 002 013 024 031 044 036 037 038 028 027 035 025 024 013 002 001 000 149 100 105 103 104 102 101 100 107 116 121 122 126 117 116 107 100 149 060 062 054 053 056 053 054 063 090 099 096 097 092 091 090 063 072 084 088 087 086 074 075 076 077 078 079 063 054 062 070 069 067 070 062 060 149
29
024 006
031 031
037 037
038 048
025 026
105 111
103 103
104 104
121 142 123
126 126
117 115
053 053 050
056 066 056
054 054 059
096 096
097 097
091 091
063 064 065
088 088
087 089
086 086
074 085
076 080 081
078 078 083
079 079
070 068
069 069
067 067
060 060
