FortCollins Danbury Evansville Clearwater Chicago McAllen Bridgeport Bradenton Hollywood Grayslake Bremerton Allentown AppleValley Fontana Harrisburg ElkGrove Canton FortWorth Berkeley FortWorth KansasCity Carrollton Lafayette Hampton Frederick Carrollton Alexandria Amarillo FortWaltonBeach Akron FortSmith Manchester HuntingtonBeach BoiseCity Eugene Bethlehem Beaumont Detroit Irving Lacey Brighton Fremont Cincinnati Bakersfield AnnArbor Charleston Fargo Arvada Hickory Inglewood Lubbock Lancaster Fairfield Joliet LasCruces Killeen GrandRapids Garland Burlington Burbank BatonRouge Jefferson Appleton Fayetteville DalyCity Houston Fresno Kalamazoo Charlotte Jacksonville Gilbert Barnstable Aberdeen Bryan Lorain Clarksville Dallas Abilene Greensboro LittleRock Chandler Boston Bloomington Layton LasVegas Kennewick Anaheim Harlingen Knoxville Hemet ElPaso CollegeStation Lakeland Bellevue Independence Aurora Champaign Elkhart FortCollins
84
FortCollins FortCollins
Hollywood Hollywood
Grayslake Grayslake
Bremerton Bremerton
Allentown Allentown
AppleValley AppleValley
Fontana Fontana
Harrisburg Harrisburg
ElkGrove Irvine
Canton DavidsonCounty
KansasCity CapeCoral
Berkeley ElMonte Berkeley
Frederick Frederick
Lafayette Lakewood Lafayette
Hampton Hampton
Carrollton Carrollton
Alexandria Alexandria
Amarillo Amarillo
FortWaltonBeach FortWaltonBeach
Akron Akron Elizabeth
Arvada Albuquerque Erie Leominster Arvada
Manchester Atlanta Manchester
HuntingtonBeach Henderson
BoiseCity BoiseCity
Eugene Eugene
Bethlehem Bethlehem
Beaumont Beaumont
Detroit Detroit
Irving Irving Cary
Lacey Brighton Lacey
Fremont Fremont
Bakersfield Bakersfield
AnnArbor AnnArbor
Charleston Baltimore BonitaSprings
Fargo Fargo
Hickory Hickory
Inglewood Inglewood
Lubbock Louisville Lubbock
Lancaster Anchorage Lancaster
Fairfield Fairfield
Joliet Joliet
LasCruces LasCruces
GrandRapids GrandRapids
Garland Garland
Burlington Indianapolis
Burbank Burbank
BatonRouge Augusta
Jefferson Jefferson
Appleton Appleton
Fayetteville Fayetteville Brownsville
DalyCity DalyCity
Houston Houston
Fresno Fresno
Kalamazoo Kalamazoo
Jacksonville Jacksonville
Gilbert Gilbert
Barnstable Barnstable
Aberdeen Aberdeen
Bryan CedarRapids
Lorain Lorain
Anaheim Anaheim
Kennewick Kennewick
LasVegas Cleveland Austin
Layton Denver Layton
Bloomington ColoradoSprings
Boston DesMoines
Chandler Chandler
LittleRock LittleRock
Abilene Abilene
Dallas Dallas
Bradenton Bradenton
Chicago Chicago
Evansville Evansville
Danbury Danbury
Harlingen Harlingen
Knoxville Knoxville
Hemet Hemet
ElPaso ElPaso
CollegeStation Boise CollegeStation
Lakeland Lakeland
Bellevue Bellevue
Independence Independence
Champaign Champaign
Elkhart Elkhart
