CorpusChristi ElMonte Burbank CedarRapids BonitaSprings Dallas Bridgeport Chicago Denton Bremerton CathedralCity Anaheim Champaign Elkhart Anchorage Davenport Bloomington Austin Asheville BatonRouge Chesapeake Durham Albuquerque Arvada Carrollton Buffalo Columbia Brownsville Cleveland BoiseCity Danbury DavidsonCounty AppleValley Amarillo Boise Chattanooga Abilene Bryan Clearwater Bradenton Canton DalyCity Akron ElPaso CorpusChristi
40
CorpusChristi Downey CapeCoral CorpusChristi
ElMonte ElMonte
Burbank Denver
CedarRapids Alexandria
BonitaSprings BonitaSprings
Dallas Dallas
Bridgeport Bridgeport
Chicago Appleton Chicago
Denton Denton
Bremerton Bremerton
CathedralCity CathedralCity
Anaheim Anaheim
Champaign Champaign
Elkhart Elkhart
Anchorage BelAir Deltona
Davenport Davenport
Bloomington Bloomington
Austin Beaumont Austin
Asheville Asheville
BatonRouge Augusta
Durham Durham
Albuquerque Columbus Albuquerque
Arvada Arvada
Carrollton Carrollton
Buffalo Elizabeth
Columbia Columbia
Brownsville Brownsville
BoiseCity BoiseCity
Danbury Danbury
DavidsonCounty ColoradoSprings
AppleValley Chandler AppleValley
Amarillo Cincinnati Amarillo
Chattanooga Escondido Chattanooga
Bryan Bryan
Clearwater Clearwater Boulder
Bradenton Charleston
Canton Canton
DalyCity DalyCity
Akron Akron
ElPaso ElPaso
