152 75 50 183 9 81 166 35 95 0 179 184 7 14 85 61 45 160 157 162 97 27 79 21 73 168 111 31 112 115 59 53 102 181 125 5 113 4 161 56 149 24 143 24 173 94 105 140 169 134 165 116 133 41 126 37 101 139 65 144 6 38 13 42 28 142 87 171 66 180 130 51 154 78 123 170 58 155 121 104 12 186 136 108 89 60 145 62 75 152
67
50 153 50
183 183
9 9
81 81
166 166
35 35
95 95
0 0
184 184
85 85 96
45 45
160 175
157 157
97 97
27 27
79 79
21 92
73 73
168 168
111 111
31 31
112 112
115 54
53 53
181 181
5 182 5
113 113
56 56
149 149 163
143 151 143
94 94
105 105
169 169
134 134
165 165
116 116
133 90
41 41
126 126
37 37
101 101
139 139
65 65
144 144
38 38
13 13
42 42
28 28
142 142
87 87
171 171
66 66
180 180
130 130
51 172 51
154 2
78 78
170 170
58 58
121 121
12 12
136 136
108 8
89 89
60 60
145 145
75 75
