location12 location84 location22 location89 location63 location55 location27 location47 location71 location42 location54 location98 location83 location75 location38 location43 location87 location86 location32 location72 location0 location77 location11 location17 location79 location16 location65 location74 location60 location1 location26 location67 location51 location13 location91 location57 location8 location19 location84 location12
28
location12 location12
location0 location0
location1 location1
location8 location24
location11 location11
location13 location13
location16 location16
location19 location19
location26 location26
location27 location27
location47 location35
location51 location51
location54 location54
location57 location57
location60 location60
location63 location5 location63
location65 location28
location67 location67
location71 location71
location72 location72 location36 location94
location74 location74
location77 location77
location79 location79
location86 location86
location87 location87
location89 location89
location91 location49 location31
location98 location14
