WNYCV K1ZSD XTUSM UUOP5 18R1B H7R17 XRQ65 EQWAL OE5TB HR8IA GXYLV BO3AW 1XUNX 1NBGE XDKMD 2PD2W GAXPM CHXFM URMBF 2FT0Z 77EY5 KRLTG ZA57Z BMC9X 9HVLF XPFOM WH9QK HHCET 65TK9 1ACIU B8UZ8 KR27P 42QVU QTZLJ EYREL PQ40E 91RFG TG5ZG X2AM4 KB443 YMTTJ 7CXN0 ULCTZ H8ZPW CUG55 HZ80H XBRKQ H212X 1BUOS V11OW 5I6U4 2KYXC F07YB QSI1X 1UWW5 WNYCV
48
K1ZSD K1ZSD
XTUSM XTUSM UGOIO
UUOP5 UUOP5
18R1B 18R1B
H7R17 F5YBY
XRQ65 XRQ65
EQWAL EQWAL
OE5TB OE5TB
HR8IA HR8IA
GXYLV GXYLV
BO3AW BO3AW
1NBGE 1NBGE
XDKMD XDKMD
GAXPM GAXPM
URMBF URMBF
2FT0Z 2FT0Z
77EY5 77EY5
KRLTG KRLTG
ZA57Z ZA57Z
BMC9X BMC9X
9HVLF 9HVLF
XPFOM XPFOM
HHCET HHCET
65TK9 65TK9
1ACIU XD7IR 1ACIU
B8UZ8 B8UZ8
42QVU 42QVU
QTZLJ QTZLJ
EYREL EYREL
91RFG 91RFG
TG5ZG TG5ZG
X2AM4 X2AM4
KB443 KB443
YMTTJ YMTTJ
7CXN0 7CXN0
ULCTZ ULCTZ
H8ZPW H8ZPW
CUG55 CUG55
HZ80H HZ80H
XBRKQ XBRKQ
H212X H212X
1BUOS 1BUOS
V11OW V11OW
5I6U4 5I6U4
2KYXC 2KYXC
F07YB F07YB
QSI1X QSI1X
1UWW5 1UWW5
