4HOMU JXLE1 FC0PR P419D WI88U EDSMH L2GJ5 1F0YL TORQI DTPF4 9WSXC FCYPJ RAAD4 TI35I 6NY7T BE5V8 4WDJE Q7FCL W2M5C ELH5L UW44H 52MNN SA6G0 8EXDQ PYPSO DCHO3 A1QRL HZHRA RU85S 50J5H SHOOM AT3CI VHCFR W2H22 OHJD0 C7WKJ OIPRN V8GEC WZB33 H3R1V 0U9HU KC9RF IZESQ ZN2EP NPDI9 M1HJR TBPBM Y61KP WXZHF CM5WA 53Y1R 7U3JG K50JQ 6OA3K CFGE5 PXCIN 2BUI5 6WOBI 7GA8O TY0L7 61QWU ZRPB5 O9J47 PMFJ2 1RS2N 945CN Q02X6 0D2BR BVMDZ C45HH H1LTE UX00P MC71K LKP22 HWKGJ T9O11 C8O6I UDYJK DOLRQ 45JXE PTADN TCC7B L2PQE LEBVZ OSJ7O V22SY KN0CP 6ACGE IF7TL LLTLN 69BJO FRZVP K92O5 YJ67U 8CLEZ Z22CS KOYRV 3AIXW Q5DAA ZZH8Z HV4Z2 XEEQB 2C63O LIRLU X180A DDXG0 DL8LT 4HOMU
96
JXLE1 JXLE1
FC0PR FC0PR
P419D P419D
WI88U WI88U
EDSMH EDSMH
L2GJ5 L2GJ5
1F0YL 1F0YL
TORQI TORQI
DTPF4 DTPF4
9WSXC 9WSXC
FCYPJ FCYPJ
RAAD4 RAAD4
TI35I TI35I
BE5V8 BE5V8
4WDJE 4WDJE
Q7FCL Q7FCL
W2M5C W2M5C
ELH5L ELH5L
UW44H UW44H
52MNN 52MNN
SA6G0 SA6G0
8EXDQ 8EXDQ
PYPSO PYPSO
DCHO3 DCHO3
A1QRL A1QRL
HZHRA HZHRA
RU85S RU85S
50J5H 50J5H
SHOOM SHOOM
AT3CI AT3CI
VHCFR VHCFR
W2H22 W2H22
C7WKJ C7WKJ
OIPRN OIPRN
V8GEC V8GEC
WZB33 WZB33
0U9HU 0U9HU
KC9RF KC9RF
IZESQ IZESQ
ZN2EP ZN2EP
NPDI9 NPDI9
M1HJR ZHSBU M1HJR
TBPBM TBPBM
Y61KP Y61KP
WXZHF WXZHF
CM5WA CM5WA
53Y1R 53Y1R
7U3JG 7U3JG
K50JQ K50JQ
6OA3K 6OA3K
CFGE5 CFGE5
PXCIN PXCIN
2BUI5 2BUI5
6WOBI 6WOBI
7GA8O 7GA8O
TY0L7 TY0L7
61QWU 61QWU
ZRPB5 ZRPB5
PMFJ2 PMFJ2
1RS2N 1RS2N
945CN 945CN
0D2BR 0D2BR
BVMDZ BVMDZ
C45HH C45HH
H1LTE H1LTE OLLV9
MC71K MC71K
LKP22 LKP22
HWKGJ HWKGJ
T9O11 T9O11
C8O6I C8O6I
DOLRQ DOLRQ
45JXE 45JXE
PTADN PTADN
TCC7B TCC7B
L2PQE L2PQE
LEBVZ LEBVZ
V22SY V22SY
KN0CP 0VPRW
6ACGE 6ACGE
IF7TL IF7TL
LLTLN LLTLN
69BJO 69BJO
FRZVP FRZVP
K92O5 768ZF
YJ67U YJ67U
8CLEZ 8CLEZ
KOYRV KOYRV
3AIXW 3AIXW
Q5DAA Q5DAA SKPO7
ZZH8Z ZZH8Z
HV4Z2 SYV5N WP2MA
XEEQB XEEQB
2C63O 2C63O
LIRLU LIRLU
X180A X180A
DDXG0 DDXG0
