fab8g LBzlR L54Jg wiGnS l0HDP 1xx4U adW6k tEdSo cQMFl 7J90B lJJK2 tQXF5 1SvIs iy8Ty 1pNjr aiycm gwQSf b4E7v AGorf uQK8T qchZ3 cm8oa TQZik Q0oXi nScgp 9u8oD bD2TR 8PY0r sF84c XDGuI HKgVO ZlgGe PpZP8 KB016 H6HgM 015ql O1QPI 2Z0oU G944F Nbb6U pesnn o4F0A ciJ7c Vjk2Z BWyM2 g1WJz KWmhW 3XMfZ nRTkO lJfgZ TtUXd CT8M8 FW6DI RgC1Q 8tK4L 5Ix1v 8xyrX eDWES kCdcu mgHYN VIl39 1OpM2 n9AEE c17Qf yM9nQ wKKkJ bepE0 DHhK9 4b2sA P5ucv GHmnJ 3FUsL 9ZatH f5Qx2 x8KLa VUKiE RhMSo F7m3U B3NSd dAx9s rzyrR fr0Bd Lqz0g guI5B BybTG G91ym 4ORRk KzS0e BJ1iC lcarA Gt2w1 0YoJb HaHFT Bw1D7 Flgse cDkiZ 4GEPG RnwlC fhc2k obqW1 fab8g
100
fab8g fab8g
LBzlR LBzlR
L54Jg L54Jg
wiGnS wiGnS
l0HDP l0HDP
1xx4U 1xx4U
adW6k adW6k
tEdSo tEdSo
cQMFl cQMFl
7J90B 7J90B
lJJK2 lJJK2
tQXF5 tQXF5
1SvIs 1SvIs
iy8Ty iy8Ty
1pNjr 1pNjr
aiycm aiycm
gwQSf gwQSf
b4E7v b4E7v
AGorf AGorf
uQK8T uQK8T
qchZ3 qchZ3
cm8oa cm8oa
TQZik TQZik
Q0oXi Q0oXi
nScgp nScgp
9u8oD 9u8oD
bD2TR bD2TR
8PY0r 8PY0r
sF84c sF84c
XDGuI XDGuI
HKgVO HKgVO
ZlgGe ZlgGe
PpZP8 PpZP8
KB016 KB016
H6HgM H6HgM
015ql 015ql
O1QPI O1QPI
2Z0oU 2Z0oU
G944F G944F
Nbb6U Nbb6U
pesnn pesnn
o4F0A o4F0A
ciJ7c ciJ7c
Vjk2Z Vjk2Z
BWyM2 BWyM2
g1WJz g1WJz
KWmhW KWmhW
3XMfZ 3XMfZ
nRTkO nRTkO
lJfgZ lJfgZ
TtUXd TtUXd
CT8M8 CT8M8
FW6DI FW6DI
RgC1Q RgC1Q
8tK4L 8tK4L
5Ix1v 5Ix1v
8xyrX 8xyrX
eDWES eDWES
kCdcu kCdcu
mgHYN mgHYN
VIl39 VIl39
1OpM2 1OpM2
n9AEE n9AEE
c17Qf c17Qf
yM9nQ yM9nQ
wKKkJ wKKkJ
bepE0 bepE0
DHhK9 DHhK9
4b2sA 4b2sA
P5ucv P5ucv
GHmnJ GHmnJ
3FUsL 3FUsL
9ZatH 9ZatH
f5Qx2 f5Qx2
x8KLa x8KLa
VUKiE VUKiE
RhMSo RhMSo
F7m3U F7m3U
B3NSd B3NSd
dAx9s dAx9s
rzyrR rzyrR
fr0Bd fr0Bd
Lqz0g Lqz0g
guI5B guI5B
BybTG BybTG
G91ym G91ym
4ORRk 4ORRk
KzS0e KzS0e
BJ1iC BJ1iC
lcarA lcarA
Gt2w1 Gt2w1
0YoJb 0YoJb
HaHFT HaHFT
Bw1D7 Bw1D7
Flgse Flgse
cDkiZ cDkiZ
4GEPG 4GEPG
RnwlC RnwlC
fhc2k fhc2k
obqW1 obqW1
