cy4fm C565q 6ceXl yMPWG kbRYl yFKGt P3lE7 nogr2 Iks3D X6hJp F2nEN FnVf8 KYsbm NvAYI OoKEI qt5AA jse5F Vjg5l gk2cW DCl5F 8aYYW lA2MC LNh60 dU1Ub vSPJ5 Xhpv3 Cfmbw uWr4y rUUVt C0eRL GHZOS G6G4p 5rdYI 19YKC tao9t hOy4D zQjQm P8Fbf IjjWK 3iQ53 uT5W0 1H2uK 7l0Vw EWhpw OFvld BoNoJ 7XIxZ di7h7 8RNd8 wdXpe w4BF1 cy4fm
50
C565q C565q
6ceXl 6ceXl
yMPWG yMPWG
kbRYl kbRYl
yFKGt yFKGt
P3lE7 P3lE7
nogr2 nogr2
Iks3D Iks3D
X6hJp X6hJp
F2nEN F2nEN
FnVf8 FnVf8
KYsbm KYsbm
NvAYI NvAYI
OoKEI OoKEI
qt5AA qt5AA
jse5F jse5F
Vjg5l Vjg5l
gk2cW gk2cW
DCl5F DCl5F
8aYYW 8aYYW
lA2MC lA2MC
LNh60 LNh60
dU1Ub dU1Ub
vSPJ5 vSPJ5
Xhpv3 Xhpv3
Cfmbw Cfmbw
uWr4y uWr4y
rUUVt rUUVt
C0eRL C0eRL
GHZOS GHZOS
G6G4p G6G4p
5rdYI 5rdYI
19YKC 19YKC
tao9t tao9t
hOy4D hOy4D
zQjQm zQjQm
P8Fbf P8Fbf
IjjWK IjjWK
3iQ53 3iQ53
uT5W0 uT5W0
1H2uK 1H2uK
7l0Vw 7l0Vw
EWhpw EWhpw
OFvld OFvld
BoNoJ BoNoJ
7XIxZ 7XIxZ
di7h7 di7h7
8RNd8 8RNd8
wdXpe wdXpe
w4BF1 w4BF1
