0 160 161 18 147 80 145 193 194 146 7 108 31 107 168 167 106 31 78 91 134 186 33 185 33 179 180 125 97 126 38 183 130 95 131 184 41 129 77 127 181 182 26 153 51 152 198 197 27 112 113 35 64 85 137 188 187 136 30 166 165 103 59 104 30 189 139 96 140 96 60 143 192 191 142 60 144 15 164 101 43 100 163 2 176 119 50 118 23 196 149 148 88 150 36 169 170 110 109 21 115 25 116 14 93 154 21 12 178 122 94 121 94 123 2 159 92 0
87
160 160
161 161
147 147
145 145
193 193
194 194
146 146
108 108
107 107
168 168
167 167
106 106
91 135
134 134
186 186
185 133 185
179 179
180 180
125 125
97 124
126 126
183 183
130 130
95 132
131 131
184 184
129 129
77 128
127 127
181 181
182 182
153 153
51 151
152 152
198 198
197 197
112 112 171
113 113 172
35 114
85 138
137 137
188 188
187 187
136 136
166 166
165 165
103 103
59 105
104 104
189 189
139 139
140 140 190
96 141
143 143
192 192
191 191
142 142
144 144
164 164
101 101
43 102
100 100
163 163
176 176
119 119
50 120
118 175 118
196 196
149 149
148 195 148
150 150
169 169
170 170
110 110 111
109 109
115 173 115
25 117
116 174 116
93 155 156
154 154
178 178
122 122
121 177 121
123 123
159 159
92 158 157
0 162
