0 2 6 14 29 60 29 59 29 14 30 62 30 61 30 14 6 13 27 55 27 56 27 13 28 58 28 13 6 2 5 11 24 50 24 49 24 11 23 47 95 47 96 47 23 48 97 48 98 48 23 11 5 12 25 52 25 51 25 12 26 53 26 54 26 12 5 2 0 1 4 10 21 44 89 44 90 44 21 43 88 43 87 43 21 10 22 45 91 45 92 45 22 46 94 46 93 46 22 10 4 9 19 40 81 40 82 40 19 39 80 39 79 39 19 9 20 41 83 41 20 42 85 42 86 42 20 9 4 1 3 8 18 37 76 37 75 37 18 38 78 38 77 38 18 8 17 36 73 36 17 35 71 35 17 8 3 7 15 31 63 31 64 31 15 32 66 32 65 32 15 7 16 33 67 33 68 33 16 34 69 34 70 34 16 7 3 1 0
50
60 122 121
59 119 120
62 125 126
61 123 124
55 112 111
56 114 113
28 116 115
58 117 118
50 101 102
49 199 100
95 191 192
96 193 194
97 196 195
98 198 197
52 106 105
51 104 103
53 107 108
54 110 109
89 179 180
90 182 181
88 177 178
87 176 175
91 184 183
92 185 186
94 189 190
93 188 187
81 164 163
82 165 166
80 161 162
79 160 159
41 170 169
83 167 168
85 171 172
86 173 174
76 153 154
75 152 151
78 157 158
77 156 155
36 149 150
73 147 148
35 145 146
71 143 144
63 127 128
64 129 130
66 133 134
65 132 131
67 135 136
68 137 138
69 140 139
70 141 142
