1 4 2 98 83 87 91 97 0 95 94 72 86 22 45 47 64 48 42 46 51 85 16 80 78 76 89 88 24 67 75 81 68 90 63 82 60 58 66 69 62 81 49 38 57 61 79 61 57 38 49 81 67 24 88 89 76 78 80 16 44 99 54 45 27 29 39 40 18 73 30 23 28 31 50 32 26 41 19 36 37 65 12 8 13 14 33 20 11 9 17 21 25 10 3 5 7 5 3 10 25 21 17 9 11 20 33 14 13 8 12 65 37 36 19 41 26 32 50 31 28 23 30 73 18 40 39 29 27 45 22 86 72 94 95 0 97 91 87 83 98 2 4 1
40
94 94
47 47
64 64
48 48
42 42
46 46
51 51
85 85
80 80
78 78
89 89
24 24
67 67
75 75
68 68
90 90
63 63
82 82
60 60
58 58
66 66
69 69
62 62
49 34 53 70 59 49 52 74 55 56
57 57
79 79 77
61 61
38 38
81 81
88 88
76 76
16 16
44 44
99 99
54 54
45 45
36 36
7 7 6
20 20
1 15
