55 34 96 31 72 65 75 62 48 94 2 36 29 60 93 45 98 63 12 37 77 58 23 90 52 44 87 71 106 112 107 102 54 16 92 3 39 9 108 20 11 83 49 110 13 35 21 100 69 46 79 41 6 103 25 27 89 4 70 67 61 51 15 80 104 18 73 57 7 81 32 99 85 42 55
74
55 55
34 34
96 96
31 31
72 72
65 65
75 75
62 62
48 48
94 94
2 2
36 36
29 29
60 60
93 93
45 45
98 98
63 63
12 12
37 37
77 77
58 58
23 23
90 90
52 52
44 44
87 87
71 71
106 106
112 112
107 107
102 102
54 54
16 16
92 92
3 3
39 39
9 9
108 108
20 20
11 11
83 83
49 49
110 110
13 13
35 35
21 21
100 100
69 69
46 46
79 79
41 41
6 6
103 103
25 25
27 27
89 89
4 4
70 70
67 67
61 61
51 51
15 15
80 80
104 104
18 18
73 73
57 57
7 7
81 81
32 32
99 99
85 85
42 42
