Soda BAMPFA Emeryville Tang ChiOmega MexicoCity CafeTibet LosAngeles ElGrullo Saturn BayStreet SigmaKappa Perris Fontana DKingGallery Irvine Jalisco Chino DeltaDelta Venus Cancun SouthGate Tijuana Compton Whittier Talpa ChezPanisse SanMiguel BerkeleyHigh FantasticComics Platano BerkeleyHillel SanDiego Rasputin AlphaChi Guadalajara AlphaCentauri Sacramento Tako Myto VictoryPoint Tuhuamixtel SanBernardino Jupiter CREAM SantaBarbara Ashby Pomona Gregoire Upland Riverside InternationalHouse Mars Tuxcacuesco Kips TripleRock Soda
55
BAMPFA BAMPFA
Emeryville Emeryville
Tang Tang
ChiOmega ChiOmega
MexicoCity MexicoCity
CafeTibet CafeTibet
LosAngeles LosAngeles
ElGrullo ElGrullo
Saturn Saturn
BayStreet BayStreet
SigmaKappa SigmaKappa
Perris Perris
Fontana Fontana
DKingGallery DKingGallery
Irvine Irvine
Jalisco Jalisco
Chino Chino
DeltaDelta DeltaDelta
Venus Venus
Cancun Cancun
SouthGate SouthGate
Tijuana Tijuana
Compton Compton
Whittier Whittier
Talpa Talpa
ChezPanisse ChezPanisse
SanMiguel SanMiguel
BerkeleyHigh BerkeleyHigh
FantasticComics FantasticComics
Platano Platano
BerkeleyHillel BerkeleyHillel
SanDiego SanDiego
Rasputin Rasputin
AlphaChi AlphaChi
Guadalajara Guadalajara
AlphaCentauri AlphaCentauri
Sacramento Sacramento
Tako Tako
Myto Myto
VictoryPoint VictoryPoint
Tuhuamixtel Tuhuamixtel
SanBernardino SanBernardino
Jupiter Jupiter
CREAM CREAM
SantaBarbara SantaBarbara
Ashby Ashby
Pomona Pomona
Gregoire Gregoire
Upland Upland
Riverside Riverside
InternationalHouse InternationalHouse
Mars Mars
Tuxcacuesco Tuxcacuesco
Kips Kips
TripleRock TripleRock
