Soda Wellman Morgan Doe Foothill GBC Barrows TheRoof Blackwell Unit3 MainStacks RSF BWW Hertz GoldenStatePark MemorialStadium Unit2 Sproul BC Wheeler Mulford Haas Unit1 Stephans ClarkKerr MLK LakeMerrit Soda
26
Wellman Wellman
Morgan Morgan
Doe Doe
Foothill Foothill
GBC GBC
Barrows Barrows
TheRoof TheRoof
Blackwell Blackwell
Unit3 Unit3
MainStacks MainStacks
RSF RSF
BWW BWW
Hertz Hertz
GoldenStatePark GoldenStatePark
MemorialStadium MemorialStadium
Unit2 Unit2
Sproul Sproul
BC BC
Wheeler Wheeler
Mulford Mulford
Haas Haas
Unit1 Unit1
Stephans Stephans
ClarkKerr ClarkKerr
MLK MLK
LakeMerrit LakeMerrit
