5 4 33 43 47 81 76 156 137 42 165 63 26 35 110 53 0 27 174 101 1 99 23 95 116 134 71 119 67 139 45 158 102 55 138 34 133 68 195 56 118 113 61 138 69 183 51 194 191 150 130 64 37 177 18 192 100 78 179 32 166 199 48 46 154 187 74 170 136 117 83 104 171 112 10 135 86 85 184 196 77 189 103 162 52 121 157 39 94 109 58 38 193 29 164 140 2 90 149 28 180 65 30 25 105 17 66 75 109 84 168 155 96 155 40 123 62 36 11 20 94 5
90
33 33
43 43
47 47
81 81 151
76 76
156 156
137 137
42 42
165 173
63 63
26 26
35 188
110 110
53 53
174 174
101 101
1 1
99 99
116 116
134 50
71 71
67 41 67
45 14
158 80 158
102 102
55 55
138 138
34 9 34
133 133
68 68
56 56
61 61
69 153 69
183 183
51 51
194 194
150 91
64 64
37 37
177 177
18 16 18
192 192
100 100
78 78
179 179
32 32
166 122
199 199
48 48
46 46
154 154
187 187
74 31
170 170
83 83
104 104
171 171
112 146
10 10
135 135
86 44
85 85
184 184
196 196
77 77 143
189 189
103 103
162 162
52 52
157 157
39 92 39
58 152 58
193 193
164 164
140 140
2 2
90 159
149 149
28 28
180 180
65 178
25 25
105 105
17 17
75 75
168 168
96 96 22
123 123
11 11
20 20
