A42 A71 A153 A93 A183 A84 A43 A163 A124 A12 A139 A142 A83 A114 A72 A125 A182 A125 A168 A7 A4 A115 A77 A66 A45 A108 A9 A167 A13 A88 A56 A185 A193 A40 A73 A172 A143 A186 A34 A186 A64 A191 A30 A189 A30 A196 A127 A32 A137 A16 A0 A98 A148 A98 A144 A106 A149 A39 A76 A187 A117 A50 A65 A82 A194 A28 A169 A44 A21 A112 A177 A95 A151 A17 A158 A11 A51 A133 A67 A136 A5 A2 A154 A104 A118 A146 A31 A159 A130 A35 A58 A176 A57 A23 A184 A100 A42
80
A0 A0
A2 A2 A135
A4 A4
A5 A5
A7 A7
A9 A9 A105
A11 A122
A13 A75 A13 A70
A16 A16
A17 A17
A21 A21
A23 A23
A28 A28
A30 A90 A30
A32 A32
A35 A35
A39 A39
A40 A40
A42 A42
A43 A43
A44 A120
A45 A45
A51 A51
A57 A57 A38
A58 A58
A64 A64
A65 A65
A66 A126
A67 A67
A71 A71
A72 A72 A37
A73 A123
A76 A76
A77 A77
A82 A82
A83 A103
A84 A84
A88 A88 A113
A93 A93
A95 A95
A98 A98 A132
A100 A100 A78
A106 A106
A114 A114
A115 A179
A117 A117
A118 A118
A124 A145 A124
A127 A127
A130 A130
A136 A136
A137 A137
A139 A139
A142 A142
A143 A143
A144 A144
A146 A128
A149 A33
A151 A96
A154 A154
A159 A159
A167 A167
A168 A54
A172 A172
A176 A176
A177 A177
A183 A183
A184 A184 A92
A185 A185
A186 A107 A111
A187 A187 A198
A189 A3 A189
A191 A46 A191
A193 A193 A20
A194 A194
A196 A196
A34 A34 A94
A148 A192 A148
A125 A181
A182 A182 A102
