DZA ALB AND ESP FIN ERI GGY BVT CAF COG GTM GRD GNQ GUY GRC BRA BLM BFA BGD CYM ARE DNK CUW DOM BHS BRB CAN CIV CHE COD BRN BEL BDI BEN BLR CCK CMR HKG GRL GLP GNB HND DMA ATA ATF ASM FSM ECU FRA FRO GBR DZA
41
ALB ALB ARG
AND AND
FIN ABW FIN FLK
ERI ERI
BVT BVT
CAF CAF
COG COG
GTM HMD
GRD GRD
GNQ GNQ
GUY CUB
GRC GRC
BLM BLM BES
BFA BFA
BGD BGD
CYM CYM CZE CXR
ARE ARE
DNK DNK
CUW CUW
DOM DOM AUS
BHS BHS
BRB BRB
CAN CAN
CHE CHE
COD COD
BRN BRN
BDI BDI
BEN BEN
BLR BLR
CCK CCK
HKG HKG
GLP GLP
HND GEO HND
DMA DJI
ATA ATA
ATF ATF
FSM FSM GHA
ECU ECU
FRA FRA
FRO FRO
GBR GBR
