7fcc1d84300644be96ff c209dc4800af480aa8a9 55eba7a5bccc4fd9a0ae 6592d0e0880b409797db fd29a032ea6f4fa8af31 25d19831ded246068d14 2c1c409ec1cf4b218311 a02ee3e1e61841deb291 23992e8c2bc6424eb819 880ba8152cfd4f73957b 12b733ebf4e64bb1a4ff 5ee31fbdd1474476bace 3c5c53800af34ac7a88c 2f2858798df14a92b8d8 d707fa76fcf84c7e800f cfb57287281b46ad87a9 9031ef8f674e4d779fa0 2b27cf9a2a694fbe8837 5908baa6b60a4c979837 388e95179fd24452815c 6afb2f1ae60d4fbab234 f2f4662e6ed04dafb493 f6935ab070174f85ace3 78a51d586d7f44f0b783 7fcc1d84300644be96ff
21
6592d0e0880b409797db 6592d0e0880b409797db
2f2858798df14a92b8d8 2f2858798df14a92b8d8
25d19831ded246068d14 25d19831ded246068d14
a02ee3e1e61841deb291 a02ee3e1e61841deb291
3c5c53800af34ac7a88c 3c5c53800af34ac7a88c
78a51d586d7f44f0b783 78a51d586d7f44f0b783 f6c143b65e1e4e4ebc52
6afb2f1ae60d4fbab234 6afb2f1ae60d4fbab234
2c1c409ec1cf4b218311 2c1c409ec1cf4b218311
f6935ab070174f85ace3 f6935ab070174f85ace3
f2f4662e6ed04dafb493 1d8c9e35fb2b4ff2bc40
5908baa6b60a4c979837 3bf8fa71c1e047219afa 5908baa6b60a4c979837 31366d05dac94ba2a870
9031ef8f674e4d779fa0 9031ef8f674e4d779fa0
5ee31fbdd1474476bace 09cdcfd339b348b1afb0
12b733ebf4e64bb1a4ff 12b733ebf4e64bb1a4ff
d707fa76fcf84c7e800f c38d4339ac974bd4bc03
cfb57287281b46ad87a9 cfb57287281b46ad87a9
388e95179fd24452815c 388e95179fd24452815c
2b27cf9a2a694fbe8837 07a67dce41b846bcb6df 2b27cf9a2a694fbe8837
c209dc4800af480aa8a9 c209dc4800af480aa8a9
fd29a032ea6f4fa8af31 fd29a032ea6f4fa8af31
880ba8152cfd4f73957b 880ba8152cfd4f73957b
