Soda 124 161 116 174 165 177 136 166 147 115 189 125 153 162 118 109 126 112 128 156 134 172 178 179 168 185 163 99 155 121 169 192 160 186 139 111 164 183 181 133 107 102 132 146 154 100 135 131 170 144 187 127 196 190 122 141 110 151 114 130 113 148 176 104 182 195 149 159 150 123 117 120 142 198 105 140 171 194 106 143 157 184 145 101 191 173 180 188 119 158 193 197 129 138 152 137 103 175 108 167 Soda
100
124 124
161 161
116 116
174 174
165 165
177 177
136 136
166 166
147 147
115 115
189 189
125 125
153 153
162 162
118 118
109 109
126 126
112 112
128 128
156 156
134 134
172 172
178 178
179 179
168 168
185 185
163 163
99 99
155 155
121 121
169 169
192 192
160 160
186 186
139 139
111 111
164 164
183 183
181 181
133 133
107 107
102 102
132 132
146 146
154 154
100 100
135 135
131 131
170 170
144 144
187 187
127 127
196 196
190 190
122 122
141 141
110 110
151 151
114 114
130 130
113 113
148 148
176 176
104 104
182 182
195 195
149 149
159 159
150 150
123 123
117 117
120 120
142 142
198 198
105 105
140 140
171 171
194 194
106 106
143 143
157 157
184 184
145 145
101 101
191 191
173 173
180 180
188 188
119 119
158 158
193 193
197 197
129 129
138 138
152 152
137 137
103 103
175 175
108 108
167 167
