Soda 50 43 60 90 97 87 96 49 77 72 81 73 76 63 44 71 93 55 66 51 78 82 70 32 34 45 57 16 26 20 4 13 39 8 69 59 85 84 47 12 94 101 65 79 21 23 61 19 11 89 54 9 28 58 68 14 35 56 46 15 36 2 67 29 75 52 64 86 31 30 53 88 83 6 7 24 33 99 18 92 40 74 5 80 22 48 91 62 100 98 27 17 41 10 25 42 37 38 95 3 Soda
100
50 50
43 43
60 60
90 90
97 97
87 87
96 96
49 49
77 77
72 72
81 81
73 73
76 76
63 63
44 44
71 71
93 93
55 55
66 66
51 51
78 78
82 82
70 70
32 32
34 34
45 45
57 57
16 16
26 26
20 20
4 4
13 13
39 39
8 8
69 69
59 59
85 85
84 84
47 47
12 12
94 94
101 101
65 65
79 79
21 21
23 23
61 61
19 19
11 11
89 89
54 54
9 9
28 28
58 58
68 68
14 14
35 35
56 56
46 46
15 15
36 36
2 2
67 67
29 29
75 75
52 52
64 64
86 86
31 31
30 30
53 53
88 88
83 83
6 6
7 7
24 24
33 33
99 99
18 18
92 92
40 40
74 74
5 5
80 80
22 22
48 48
91 91
62 62
100 100
98 98
27 27
17 17
41 41
10 10
25 25
42 42
37 37
38 38
95 95
3 3
