Wurster Visitor Simon Maxwell Hilgard Class Hazardous Gilman Florida Sutardja Sather Alabama Massachusetts Optometry Stanley Simpson Vermont Idaho Juneau Parking Blackwell Anthony Oregon Chan North Nevada Cory Pitzer McLaughlin Silver Frank Raleigh Pennsylvania Indianapolis Montgomery Tennessee Honolulu Observatory Barrows Hesse California Recreational Salem Boston Brain Moffitt Spieker Kleeberger Goldman Moses Wurster
50
Wurster Wurster
Visitor Visitor
Simon Simon
Maxwell Maxwell
Hilgard Hilgard
Class Class
Hazardous Hazardous
Gilman Gilman
Florida Florida
Sutardja Sutardja
Sather Sather
Alabama Alabama
Massachusetts Massachusetts
Optometry Optometry
Stanley Stanley
Simpson Simpson
Vermont Vermont
Idaho Idaho
Juneau Juneau
Parking Parking
Blackwell Blackwell
Anthony Anthony
Oregon Oregon
Chan Chan
North North
Nevada Nevada
Cory Cory
Pitzer Pitzer
McLaughlin McLaughlin
Silver Silver
Frank Frank
Raleigh Raleigh
Pennsylvania Pennsylvania
Indianapolis Indianapolis
Montgomery Montgomery
Tennessee Tennessee
Honolulu Honolulu
Observatory Observatory
Barrows Barrows
Hesse Hesse
California California
Recreational Recreational
Salem Salem
Boston Boston
Brain Brain
Moffitt Moffitt
Spieker Spieker
Kleeberger Kleeberger
Goldman Goldman
Moses Moses
