Rhode Donner Harrisburg Martin Hellman Life University Valley Michigan Campanile Silver Simpson Nevada Brain Chvez Maryland International Barrows Nashville Blackwell Oregon Warren Cleary Hawaii Chou Birge Hargrove Cory Moses Krutch BART CNMAT Clark Minnesota Durant Hertz Stadium Moffitt Morrison Haste Mississippi Observatory Mathematical Edwards Class Bancroft Montgomery West Simon Illinois Topeka Police Hearst Little Foothill Montana Tennessee McLaughlin Etcheverry Trenton Maxwell Richmond Providence Salt Springer Energy Pennsylvania LeConte Jefferson Sproul Boalt Jacobs Insectary Jones Hartford Heating Durham Wisconsin Concord Lower Utah Columbia Tang Bowles Berkeley Santa Madison Columbus Florida Mulford Lansing Austin Annapolis Baton Grinnell Kentucky Cheyenne East Olympia McEnerney Rhode
100
Rhode Rhode
Donner Donner
Harrisburg Harrisburg
Martin Martin
Hellman Hellman
Life Life
University University
Valley Valley
Michigan Michigan
Campanile Campanile
Silver Silver
Simpson Simpson
Nevada Nevada
Brain Brain
Chvez Chvez
Maryland Maryland
International International
Barrows Barrows
Nashville Nashville
Blackwell Blackwell
Oregon Oregon
Warren Warren
Cleary Cleary
Hawaii Hawaii
Chou Chou
Birge Birge
Hargrove Hargrove
Cory Cory
Moses Moses
Krutch Krutch
BART BART
CNMAT CNMAT
Clark Clark
Minnesota Minnesota
Durant Durant
Hertz Hertz
Stadium Stadium
Moffitt Moffitt
Morrison Morrison
Haste Haste
Mississippi Mississippi
Observatory Observatory
Mathematical Mathematical
Edwards Edwards
Class Class
Bancroft Bancroft
Montgomery Montgomery
West West
Simon Simon
Illinois Illinois
Topeka Topeka
Police Police
Hearst Hearst
Little Little
Foothill Foothill
Montana Montana
Tennessee Tennessee
McLaughlin McLaughlin
Etcheverry Etcheverry
Trenton Trenton
Maxwell Maxwell
Richmond Richmond
Providence Providence
Salt Salt
Springer Springer
Energy Energy
Pennsylvania Pennsylvania
LeConte LeConte
Jefferson Jefferson
Sproul Sproul
Boalt Boalt
Jacobs Jacobs
Insectary Insectary
Jones Jones
Hartford Hartford
Heating Heating
Durham Durham
Wisconsin Wisconsin
Concord Concord
Lower Lower
Utah Utah
Columbia Columbia
Tang Tang
Bowles Bowles
Berkeley Berkeley
Santa Santa
Madison Madison
Columbus Columbus
Florida Florida
Mulford Mulford
Lansing Lansing
Austin Austin
Annapolis Annapolis
Baton Baton
Grinnell Grinnell
Kentucky Kentucky
Cheyenne Cheyenne
East East
Olympia Olympia
McEnerney McEnerney
