Donner Santa Helena Cyclotron Juneau Optometry McCone North Topeka Illinois Ishi Minnesota Old Iowa Foothill Gayley Recreational Gilman Tallahassee Life Phoenix Haas Providence Wurster Haste Donner
25
Donner Donner
Santa Santa
Helena Helena
Cyclotron Cyclotron
Juneau Juneau
Optometry Optometry
McCone McCone
North North
Topeka Topeka
Illinois Illinois
Ishi Ishi
Minnesota Minnesota
Old Old
Iowa Iowa
Foothill Foothill
Gayley Gayley
Recreational Recreational
Gilman Gilman
Tallahassee Tallahassee
Life Life
Phoenix Phoenix
Haas Haas
Providence Providence
Wurster Wurster
Haste Haste
