100 58 98 94 95 189 192 188 21 56 21 188 136 20 141 133 50 131 142 46 2 44 4 44 2 17 1 54 61 60 22 25 59 16 61 14 34 7 39 7 34 103 13 29 43 45 43 72 40 8 9 6 74 73 41 3 42 144 129 130 131 50 19 47 48 49 51 23 53 18 55 58 100 86 85 164 165 104 156 153 115 111 119 121 76 10 11 12 33 36 70 27 15 31 100
56
100 32
189 182
192 192
56 57 56
21 21
20 20
46 46
44 44
4 4 5
2 2
17 17
1 1
54 54
60 60
22 22
25 25
59 59
16 16 30
14 14
34 34
7 7
39 37 39
13 13
29 29
43 43
45 45 26
40 40
8 8
9 9
6 6
41 41
3 3
42 42
50 50
19 19
47 47
48 48
49 49
51 51
23 23
53 53 52
18 18
55 55 24
58 58
165 165
153 153
111 111
121 121
10 10
11 11
12 12
33 33
36 28 36
27 27
15 15
31 31
