LeonieHill ChangiPoint SungeiKadut KampongUbi Shipyard NeeSoon OrangeGrove DefuIndustrialPark OrangeGrove NeeSoon JurongWestCentral Kranji Sennett Outram MonksHill Gombak ConeyIsland CompassvaleTrafalgar Changi Ridout BishanEast Yishun Phillip SerangoonGarden Victoria Clementi Novena TampinesWest YuhuaWestBoonLay LoyangEast ChoaChuKangCentral Townsville PunggolTownCentre YishunCentral ClementiCentral ChangiWest AirportRoad GeylangBahru Springleaf NorthCoast MandaiWest YioChuKang AnchorvaleBuangkok KallangWay SungeiRoad Semakau Frankel FarrerPark KampongGlam SembawangSprings PasirRisPark Sentosa Trafalgar GreenwoodPark Guilin TanglinHalt TuasBay LeonieHill
46
SungeiKadut SungeiKadut
Shipyard Shipyard
NeeSoon NeeSoon
OrangeGrove OrangeGrove
DefuIndustrialPark DefuIndustrialPark Tyersall
JurongWestCentral JurongWestCentral
Kranji Kranji
Sennett Sennett
Outram Outram
MonksHill MonksHill
ConeyIsland ConeyIsland
Ridout Ridout
BishanEast BishanEast
Yishun Yishun
Phillip Phillip
SerangoonGarden SerangoonGarden
Victoria Victoria
Novena SingaporePolytechnic Novena
TampinesWest TampinesWest
YuhuaWestBoonLay YuhuaWestBoonLay
LoyangEast LoyangEast
ChoaChuKangCentral ChoaChuKangCentral
Townsville Townsville
PunggolTownCentre PunggolTownCentre
YishunCentral Woodgrove
ClementiCentral ClementiCentral
ChangiWest ChangiWest
AirportRoad AirportRoad
GeylangBahru PasirPanjang2
Springleaf Springleaf
NorthCoast NorthCoast
MandaiWest BukitBatokCentral MandaiWest
YioChuKang YioChuKang Boulevard
AnchorvaleBuangkok AnchorvaleBuangkok
KallangWay KallangWay
SungeiRoad SungeiRoad
Semakau Semakau
FarrerPark FarrerPark
KampongGlam KampongGlam
SembawangSprings SembawangSprings
Sentosa Sentosa
Trafalgar Trafalgar
GreenwoodPark GreenwoodPark
Guilin Guilin
TanglinHalt TanglinHalt
TuasBay TuasBay
