YuhuaEast TelokBlangahDrive CityHall BayfrontSubzone PeoplesPark OrangeGrove Matilda Geylang Mandai ChengSan BoonLayPlace LowerSeletar PearlsHill MandaiEast Boulevard RochorCanal Port AlexandraNorth SimpangNorth Khatib SerangoonCentral PasirPanjang2 BukitBatokSouth WoodlandsWest Northland Mountbatten ClementiNorth EvertonPark ReservoirView PulauPunggolTimor YioChuKangEast UluPandan Dunearn KeatHong HongKahNorth SouthernIslands WestCoast TuasNorthPioneer LoyangEast InstitutionHill Chatsworth Commonwealth SungeiRoad WaterwayEast YioChuKang Aljunied BoatQuay Saujana HougangCentral SungeiKadut PunggolField TuasBay TiongBahru TuasPromenade Tanglin JooSengPayaLebar JurongPort PeiChun DairyFarm PangSua Kranji MandaiWest NatureReserve TampinesNorth Sembawang EastCoast Sentosa KampongUbi Brickworks Serangoon Trafalgar ClarkeQuay Shipyard SembawangStraits OneTreeHill HongKah UpperThomson BedokNorth IstanaNegara ClementiWest Anson AngMoKioTownCentre ChangiPoint Cairnhill DhobyGhaut BukitBatokWest PengSiang Tampines KebunBahru MountEmily GeylangEast Moulmein Museum TohGuan PayaLebarEast MountPleasant BenoiSector Punggol TagoreSindo SerangoonNorth ChinaSquare Sennett SerangoonGarden Sennett YuhuaEast
92
CityHall CityHall
BayfrontSubzone BayfrontSubzone
PeoplesPark PeoplesPark
OrangeGrove OrangeGrove
Matilda Matilda
Geylang Geylang
Mandai PasirRis Mandai
BoonLayPlace BoonLayPlace
LowerSeletar LowerSeletar
PearlsHill PearlsHill
MandaiEast MandaiEast
RochorCanal RochorCanal
Port Port
AlexandraNorth AlexandraNorth
SimpangNorth Paterson SimpangNorth
Khatib Khatib
SerangoonCentral SerangoonCentral
BukitBatokSouth BukitBatokSouth
WoodlandsWest WoodlandsWest
Northland Northland
Mountbatten Mountbatten
ClementiNorth ClementiNorth
EvertonPark EvertonPark
ReservoirView ReservoirView
PulauPunggolTimor PulauPunggolTimor
YioChuKangEast YioChuKangEast
UluPandan UluPandan
Dunearn SembawangHills
KeatHong KeatHong
HongKahNorth HongKahNorth
SouthernIslands SouthernIslands
TuasNorthPioneer TuasNorthPioneer
LoyangEast Kembangan
InstitutionHill InstitutionHill
Chatsworth Chatsworth
Commonwealth Commonwealth KentRidge
SungeiRoad SungeiRoad
WaterwayEast WaterwayEast
YioChuKang YioChuKang
Aljunied Aljunied
BoatQuay BoatQuay
Saujana Saujana ChoaChuKang
HougangCentral DefuIndustrialPark HougangCentral
SungeiKadut SungeiKadut
PunggolField PunggolField
TuasBay TuasBay
TiongBahru TiongBahru
TuasPromenade TuasPromenade
Tanglin Tanglin
JooSengPayaLebar JooSengPayaLebar
JurongPort JurongPort
PeiChun PeiChun
DairyFarm DairyFarm
PangSua PangSua
NatureReserve ChangiWest
TampinesNorth TampinesNorth
Sembawang Sembawang
EastCoast EastCoast
Sentosa Sentosa
KampongUbi TelokBlangahRise
Brickworks Brickworks
Serangoon Serangoon
Trafalgar Trafalgar
ClarkeQuay BedokSouth
Shipyard PasirRisPark Shipyard
SembawangStraits SembawangStraits
OneTreeHill OneTreeHill
HongKah HongKah
UpperThomson UpperThomson
BedokNorth BedokNorth
IstanaNegara IstanaNegara
ClementiWest JurongWestCentral
Anson OneNorth
AngMoKioTownCentre AngMoKioTownCentre
ChangiPoint ChangiPoint
Cairnhill Cairnhill
DhobyGhaut DhobyGhaut
BukitBatokWest BukitBatokWest
Tampines Tampines
KebunBahru KebunBahru
GeylangEast GeylangEast
Moulmein Moulmein
Museum Museum
TohGuan TohGuan PasirRisDrive
PayaLebarEast PayaLebarEast
BenoiSector BenoiSector
Punggol Punggol
TagoreSindo TagoreSindo
SerangoonNorth SerangoonNorth
ChinaSquare ChinaSquare
SerangoonGarden SingaporeRiver SerangoonGarden
Sennett Sennett
