BukitBatokEast RiverValley Hillcrest Bayshore ChoaChuKang NeeSoon AirportRoad Tyersall JooKoon Sembawang GhimMoh SimpangNorth TanjongPagar CityHall Springleaf SwissClub Frankel Tengeh Safti LowerSeletar DowntownCore Gombak Redhill RobertsonQuay Sudong SungeiRoad Simei BukitBatokEast
22
BukitBatokEast LeonieHill TiongBahruStation
RiverValley RiverValley
Hillcrest Hillcrest
ChoaChuKang ChoaChuKang
NeeSoon NeeSoon
Tyersall Tyersall
JooKoon JooKoon
Sembawang Sembawang
GhimMoh GhimMoh
SimpangNorth SimpangNorth
TanjongPagar TanjongPagar
CityHall CityHall
SwissClub SwissClub
Frankel Frankel
Tengeh Tengeh
Safti Safti GaliBatuMandai
LowerSeletar LowerSeletar
DowntownCore DowntownCore
Redhill Redhill PearlsHill
Sudong Sudong
SungeiRoad SungeiRoad
Simei Simei
