139 18 57 43 13 30 144 37 142 22 125 131 105 127 11 147 118 23 146 119 89 21 78 77 138 148 130 111 25 134 186 172 98 156 123 152 32 101 64 184 9 161 2 72 69 82 5 35 65 16 26 48 141 191 187 108 109 188 27 14 15 31 198 71 153 106 1 58 74 7 60 39 173 113 189 84 44 41 112 91 75 104 33 67 128 182 79 114 122 81 95 178 8 157 176 47 96 145 158 85 139
99
18 18
57 57
43 43
13 13
30 30
144 144
37 37
142 142
22 22
125 125
131 131
105 105
127 127
11 11
147 147
118 118
23 23
146 146
119 119
89 89
21 21
78 78
77 77
138 138
148 148 165
130 130
111 111
25 25
134 134
186 186
172 172
98 98
156 156
123 123
152 152
32 32
101 101
64 64
184 184
9 9
161 161
2 2
72 72
69 69
82 82
5 5
35 35
65 65
16 16
26 26
48 48
141 141
191 191
187 187
108 108
109 109
188 188
27 27
14 14
15 15
31 31
198 198
71 71
153 153
106 106
1 1
58 58
74 74
7 7
60 60
39 39
173 173
113 113
189 189
84 84
44 44
41 41
112 112
91 91
75 75
104 104
33 33
67 67
128 128
182 182
79 79
114 114
122 122
81 81
95 95
178 178
8 8
157 157
176 176
47 47
96 96
145 145
158 158
85 85
