Qwilfish Tropius Shellos Magmar Volcarona Vullaby Drapion Taillow Scatterbug Meloetta Porygon2 Crawdaunt Woobat Escavalier Weepinbell Honedge Kakuna Treecko Seaking Munna Swadloon Magnemite Comfey Nincada Whismur Bastiodon Shellder Vespiquen Inkay Slurpuff Metang Steenee Jumpluff Stufful Conkeldurr Zekrom Wailord Plusle Weezing Tauros Amoonguss Lotad Skorupi Skiddo Noibat Simisear Sandile Metapod Gengar Bounsweet Froakie Drampa Qwilfish
50
Shellos Shellos
Magmar Magmar
Volcarona Volcarona
Vullaby Vullaby
Drapion Drapion
Taillow Taillow
Scatterbug Scatterbug
Meloetta Meloetta
Porygon2 Porygon2
Crawdaunt Crawdaunt
Woobat Woobat
Escavalier Escavalier
Weepinbell Weepinbell
Honedge Honedge
Kakuna Kakuna
Treecko Treecko
Seaking Seaking
Munna Munna
Swadloon Swadloon
Magnemite Magnemite
Comfey Comfey
Nincada Nincada
Whismur Whismur
Bastiodon Bastiodon
Shellder Shellder
Vespiquen Vespiquen
Inkay Inkay
Slurpuff Slurpuff
Metang Metang
Steenee Steenee
Jumpluff Jumpluff
Stufful Stufful
Conkeldurr Conkeldurr
Wailord Wailord
Plusle Plusle
Weezing Weezing
Tauros Tauros
Amoonguss Amoonguss
Lotad Lotad
Skorupi Skorupi
Skiddo Skiddo
Noibat Noibat
Simisear Simisear
Sandile Sandile
Metapod Metapod
Gengar Gengar
Bounsweet Bounsweet
Froakie Froakie
Drampa Drampa
Qwilfish Qwilfish
