Latias Toxicroak Jigglypuff Unown Raticate Reshiram Noivern Palkia Primeape Vibrava Charmeleon Elgyem Relicanth Exeggutor Wurmple Bounsweet Infernape Staryu Luvdisc Petilil Keldeo Dartrix Latias
22
Toxicroak Toxicroak
Jigglypuff Jigglypuff
Unown Magearna
Raticate Raticate
Reshiram Reshiram
Noivern Talonflame Noivern
Palkia Palkia
Primeape Primeape
Vibrava Vibrava
Charmeleon Charmeleon Golisopod
Elgyem Elgyem
Relicanth Relicanth
Exeggutor Exeggutor
Wurmple Wurmple
Bounsweet Bounsweet
Infernape Infernape Scolipede
Staryu Staryu
Luvdisc Luvdisc
Petilil Petilil
Keldeo Keldeo
Dartrix Dartrix
Latias Shelgon
