Qwilfish Drampa Phanpy Skiddo Skorupi Honedge Weepinbell Lumineon Comfey Magnemite Froakie Bounsweet Yungoos Xerneas Gengar Munna Swadloon Tauros Amoonguss Stufful Conkeldurr Zekrom Wailord Plusle Jumpluff Steenee Volcarona Vullaby Drapion Taillow Paras Tsareena Woobat Escavalier Weezing Crawdaunt Porygon2 Meloetta Scatterbug Terrakion Noibat Metapod Sandile Simisear Slowbro Nincada Whismur Dewpider Politoed Tornadus Kakuna Treecko Seaking Bastiodon Shellder Vespiquen Inkay Slurpuff Metang Lotad Wartortle Magmar Shellos Tropius Qwilfish
64
Qwilfish Qwilfish
Drampa Drampa
Phanpy Phanpy
Skiddo Skiddo
Skorupi Skorupi
Honedge Honedge
Weepinbell Weepinbell
Lumineon Lumineon
Comfey Comfey
Magnemite Magnemite
Froakie Froakie
Bounsweet Bounsweet
Yungoos Yungoos
Xerneas Xerneas
Gengar Gengar
Munna Munna
Swadloon Swadloon
Tauros Tauros
Amoonguss Amoonguss
Stufful Stufful
Conkeldurr Conkeldurr
Zekrom Zekrom
Wailord Wailord
Plusle Plusle
Jumpluff Jumpluff
Steenee Steenee
Volcarona Volcarona
Vullaby Vullaby
Drapion Drapion
Taillow Taillow
Paras Paras
Tsareena Tsareena
Woobat Woobat
Escavalier Escavalier
Weezing Weezing
Crawdaunt Crawdaunt
Porygon2 Porygon2
Meloetta Meloetta
Scatterbug Scatterbug
Terrakion Terrakion
Noibat Noibat
Metapod Metapod
Sandile Sandile
Simisear Simisear
Slowbro Slowbro
Nincada Nincada
Whismur Whismur
Dewpider Dewpider
Politoed Politoed
Tornadus Tornadus
Kakuna Kakuna
Treecko Treecko
Seaking Seaking
Bastiodon Bastiodon
Shellder Shellder
Vespiquen Vespiquen
Inkay Inkay
Slurpuff Slurpuff
Metang Metang
Lotad Lotad
Wartortle Wartortle
Magmar Magmar
Shellos Shellos
Tropius Tropius
