Burlington Honolulu Davenport Prairie Killeen McAllen Hampton Myrtle Louisville Chicago Independence Naperville Bridgeport Miramar Clarke Columbus Cedar Rapids Denver Merced Chattanooga Greenville Amarillo Hayward Buffalo Cambridge Burlington
25
Honolulu Honolulu
Davenport Davenport
Prairie Prairie
Killeen Killeen
McAllen McAllen
Hampton Hampton
Myrtle Myrtle
Louisville Louisville
Chicago Chicago
Independence Independence
Naperville Naperville
Bridgeport Bridgeport
Miramar Miramar
Clarke Clarke
Columbus Columbus
Cedar Cedar
Rapids Rapids
Denver Denver
Merced Merced
Chattanooga Chattanooga
Greenville Greenville
Amarillo Amarillo
Hayward Hayward
Buffalo Buffalo
Cambridge Cambridge
