Monroe Lewisville Allentown Miami Corpus Bethlehem Bridgeport Abilene Arlington Rapids Davidson Hialeah Mesa Carrollton Charleston Johnson Boulder Four Monterey Denver Kennewick Bradenton Akron Laredo Seven Kissimmee Canton Layton Brownsville Glendale Hartford Lafayette Hickory Huntington Elkhart Erie Athens Asheville Fairfield Fayetteville Apple Anchorage Daytona Antioch Hagerstown Lancaster Havre Austin Aberdeen Lowell Cambridge Albany Muskegon Prairie Naples Bedford Hayward Denton Hesperia Clarke Killeen Cary Manchester Chesapeake Mobile Leominster Lakeland Ten Jacksonville Anaheim Lacey Melbourne Birmingham Amarillo Mesquite Burlington Kenosha Baltimore Greensboro Vista Gainesville Cleveland Julian Baton Irving Elizabeth Dayton Merced Montgomery Detroit Three Kailua Boise Viejo Hampton Modesto Gilbert Dallas Huntsville Clarksville Monroe
100
Monroe Monroe
Lewisville Lewisville
Allentown Allentown
Miami Miami
Corpus Corpus
Bethlehem Bethlehem
Bridgeport Bridgeport
Abilene Abilene
Arlington Arlington
Rapids Rapids
Davidson Davidson
Hialeah Hialeah
Mesa Mesa
Carrollton Carrollton
Charleston Charleston
Johnson Johnson
Boulder Boulder
Four Four
Monterey Monterey
Denver Denver
Kennewick Kennewick
Bradenton Bradenton
Akron Akron
Laredo Laredo
Seven Seven
Kissimmee Kissimmee
Canton Canton
Layton Layton
Brownsville Brownsville
Glendale Glendale
Hartford Hartford
Lafayette Lafayette
Hickory Hickory
Huntington Huntington
Elkhart Elkhart
Erie Erie
Athens Athens
Asheville Asheville
Fairfield Fairfield
Fayetteville Fayetteville
Apple Apple
Anchorage Anchorage
Daytona Daytona
Antioch Antioch
Hagerstown Hagerstown
Lancaster Lancaster
Havre Havre
Austin Austin
Aberdeen Aberdeen
Lowell Lowell
Cambridge Cambridge
Albany Albany
Muskegon Muskegon
Prairie Prairie
Naples Naples
Bedford Bedford
Hayward Hayward
Denton Denton
Hesperia Hesperia
Clarke Clarke
Killeen Killeen
Cary Cary
Manchester Manchester
Chesapeake Chesapeake
Mobile Mobile
Leominster Leominster
Lakeland Lakeland
Ten Ten
Jacksonville Jacksonville
Anaheim Anaheim
Lacey Lacey
Melbourne Melbourne
Birmingham Birmingham
Amarillo Amarillo
Mesquite Mesquite
Burlington Burlington
Kenosha Kenosha
Baltimore Baltimore
Greensboro Greensboro
Vista Vista
Gainesville Gainesville
Cleveland Cleveland
Julian Julian
Baton Baton
Irving Irving
Elizabeth Elizabeth
Dayton Dayton
Merced Merced
Montgomery Montgomery
Detroit Detroit
Three Three
Kailua Kailua
Boise Boise
Viejo Viejo
Hampton Hampton
Modesto Modesto
Gilbert Gilbert
Dallas Dallas
Huntsville Huntsville
Clarksville Clarksville
