Myrtle Alexandria Minneapolis Lexington Macon Barnstable Mobile Brownsville Baltimore Montgomery Plen Huntington Muskegon Bloomington Medford GreenBay Corpus Cedar Hollywood Davidson Hartford Abilene Aribel Grays Erie Huntsville Cary Champaign Kansas Joliet Deltona Bradenton Hemet Dallas Chandler Cathedral Bridgeport Albany Albuquerque Kissimmee Miramar Chicago Lansing Lorain Harlingen Houma Leominster Appleton Nashua Moreno Merced Myrtle
50
Alexandria Alexandria
Minneapolis Minneapolis
Lexington Lexington
Kansas Kansas
Champaign Champaign
Cary Cary
Huntsville Huntsville
Erie Erie
Plen Plen
Huntington Huntington
Muskegon Muskegon
Bloomington Bloomington
Medford Medford
GreenBay GreenBay
Corpus Corpus
Cedar Cedar
Brownsville Brownsville
Baltimore Baltimore
Montgomery Montgomery
Cathedral Cathedral
Bridgeport Bridgeport
Albany Albany
Albuquerque Albuquerque
Kissimmee Kissimmee
Miramar Miramar
Chicago Chicago
Lansing Lansing
Lorain Lorain
Harlingen Harlingen
Houma Houma
Leominster Leominster
Appleton Appleton
Nashua Nashua
Moreno Moreno
Merced Merced
Mobile Mobile
Barnstable Barnstable
Macon Macon
Grays Grays
Aribel Aribel
Abilene Abilene
Hartford Hartford
Davidson Davidson
Hollywood Hollywood
Chandler Chandler
Dallas Dallas
Hemet Hemet
Bradenton Bradenton
Deltona Deltona
Joliet Joliet
