DK FH AY CC GV HC BH BP FP DN DT AZ CT CY EF BM GB CP CA GN EP HJ DZ DF AO DX HE GR EO AN EB DO BE EN CX BC CG DI CE AU CR EM DL AM BF AB FZ ED DP FA CS GG AG DU AK CU FT AV ET BI FW FD BR BL GX DD AT HB CK FN HF EY EQ BZ GT GZ CI HD CM CW DB DE ES FG FB EA BW GY HI DM EL BV AA CD EW DK
94
FH FH
AY AY
CC CC
GV GV
HC HC
BH BH
BP BP
FP FP
DN DN
DT DT
AZ AZ
CT CT
CY CY
EF EF
BM BM
GB GB
CP CP
CA CA
GN GN
EP EP
HJ HJ
DZ DZ
DF DF
AO AO
DX DX
HE HE
GR GR
EO EO
AN AN
EB EB
DO DO
BE BE
EN EN
CX CX
BC BC
CG CG
DI DI
CE CE
AU AU
CR CR
EM EM
DL DL
AM AM
BF BF
AB AB
FZ FZ
ED ED
DP DP
FA FA
CS CS
GG GG
AG AG
DU DU
AK AK
CU CU
FT FT
AV AV
ET ET
BI BI
FW FW
FD FD
BR BR
BL BL
GX GX
DD DD
AT AT
HB HB
CK CK
FN FN
HF HF
EY EY
EQ EQ
BZ BZ
GT GT
GZ GZ
CI CI
HD HD
CM CM
CW CW
DB DB
DE DE
ES ES
FG FG
FB FB
EA EA
BW BW
GY GY
HI HI
DM DM
EL EL
BV BV
AA AA
CD CD
EW EW
