Soda DurantHall BrainImagingCenter BerkeleyWayWest Campanile AnthonyHall EastGate BancroftLibrary BoaltHall CyclotronRd BotanicalGarden DoeMemorialLibrary AlumniHouse BarkerHall BanwayBldg EdwardsStadium CaliforniaHall HertzHall EtcheverryHall ChanShunAuditorium DonnerLab ChouHall ClarkKerrCampus CalvinLaboratory BerkeleyArtMuseum EvansDiamond BarrowLane BarrowsHall BARTStation BirgeHall BlumHall CheitHall BlackwellHall EshlemanHall CampbellHall EastAsianLibrary Dwinelle CareerCenter VLSB Soda
38
DurantHall DurantHall
BrainImagingCenter BrainImagingCenter
BerkeleyWayWest BerkeleyWayWest
Campanile Campanile
AnthonyHall AnthonyHall
EastGate EastGate
BancroftLibrary BancroftLibrary
BoaltHall BoaltHall
CyclotronRd CyclotronRd
BotanicalGarden BotanicalGarden
DoeMemorialLibrary DoeMemorialLibrary
AlumniHouse AlumniHouse
BarkerHall BarkerHall
BanwayBldg BanwayBldg
EdwardsStadium EdwardsStadium
CaliforniaHall CaliforniaHall
HertzHall CNMAT
EtcheverryHall EtcheverryHall
ChanShunAuditorium ChanShunAuditorium
DonnerLab DonnerLab
ChouHall ChouHall
ClarkKerrCampus ClarkKerrCampus
CalvinLaboratory CalvinLaboratory
BerkeleyArtMuseum DavisHall BerkeleyArtMuseum
EvansDiamond EvansDiamond
BarrowLane Cory BarrowLane
BarrowsHall BarrowsHall
BARTStation BARTStation
BirgeHall BirgeHall
BlumHall BlumHall
CheitHall CheitHall
BlackwellHall BlackwellHall
EshlemanHall EshlemanHall
CampbellHall CampbellHall
EastAsianLibrary EastAsianLibrary
Dwinelle Dwinelle
CareerCenter CareerCenter
VLSB VLSB
