Soda MartinezCommons SimonHall Pittsburg SatherTower KleebergerFieldHouse StHelena MinorHallAddition FoundersRock Piedmont NorthGateHall DonnerLab LewisHall BarrowsHall Oakley Orinda GiauqueHall Alameda LowerSproulPlaza Pacifica Hillsborough SanRamon EvansHall SutardjaDaiHall Healdsburg MLK SternHall WellmanHall ZellerbachHall MulfordHall ZellerbachPlayhouse WursterHall Fairfield SanRafael IshiCourt Benicia BancroftLibrary EastGate ChouHall StadiumRimWay HearstMiningCircle Unit3 Hayward Saratoga BlumHall Cory WestCircle KroeberHall WheelerHall GoldmanField GilmanHall HearstGreekTheatre CalvinLaboratory PimentelHall BarkerHall VLSB AnthonyHall SproulPlaza HertzHall Unit1 WicksonNaturalArea EtcheverryHall Soda
61
MartinezCommons MartinezCommons
GoldmanField GoldmanField
Orinda Orinda
Hayward Hayward
WursterHall WursterHall
AnthonyHall AnthonyHall
BarrowsHall WestGate
SutardjaDaiHall Insectary Campanile
DonnerLab DonnerLab
MinorHallAddition MinorHallAddition
WellmanHall WellmanHall
Pittsburg Pittsburg
ZellerbachPlayhouse ZellerbachPlayhouse
BlumHall BlumHall
SternHall SternHall
PimentelHall PimentelHall
Oakley Oakley
MulfordHall MulfordHall
StadiumRimWay StadiumRimWay
MLK WomenFacultyClub Brisbane
FoundersRock FoundersRock
Hillsborough Hillsborough
ZellerbachHall ZellerbachHall
SimonHall Pinole ClearyHall
Pacifica Pacifica
LowerSproulPlaza LowerSproulPlaza
SanRafael SanRafael Albany
KroeberHall KroeberHall
HearstMiningCircle HearstMiningCircle
CalvinLaboratory CalvinLaboratory
EtcheverryHall EtcheverryHall
BarkerHall BarkerHall
Alameda Alameda
KleebergerFieldHouse KleebergerFieldHouse
Saratoga Saratoga
GiauqueHall GiauqueHall
Cory Cory
Healdsburg Healdsburg
LewisHall LewisHall
IshiCourt IshiCourt ClarkKerrCampus SanPablo
EastGate EastGate
Piedmont Piedmont
ChouHall ChouHall Belmont
GilmanHall GilmanHall
Fairfield Fairfield
StHelena StHelena
NorthGateHall HargroveMusicLibrary NorthGateHall
WheelerHall WheelerHall
WestCircle WestCircle
HertzHall HertzHall
SatherTower SatherTower
HearstGreekTheatre HearstGreekTheatre
SanRamon SanRamon
Benicia Benicia
SproulPlaza Emeryville SproulPlaza
Unit3 Unit3
BancroftLibrary BancroftLibrary
VLSB FrankSchlessingerWay
Unit1 Unit1
EvansHall EvansHall
WicksonNaturalArea WicksonNaturalArea
