BerkeleyArtMuseumand LawSchool BancroftLibrary SatherTower FallProgramforFreshm SpiekerAquaticsCompl MulfordHall LawrenceHallofScienc UniversityHouse IRLE EvansDiamond Demography Library AlumniHouse PublicAffairsOfficeo MorrisonHall McLaughlinHall FacultyGlade Sebastians SutardjaDaiHall GolbousPlace UniversityHealthServ KoretVisitorCenter LawrenceBerkeleyNati EllsworthParkingStru EvansHall MosesHall UpperHearstParkingSt CheitHall HearstMemorialMining LeConteHall ClarkKerrCampus FacultyClub CaliforniaHall GianniniHall BanwayBuilding AHammock EastAsianStudiesInst FoxCottage2350Bowdit LowerHearstParkingSt InternationalHouse Unit1ResidentHall SimonHall MaxwellFamilyFieldan MagnesCollectionofJe NaturalResourcesLabo WellmanHall InvestigativeReporti EdwardsTrackStadiumG ZellerbachHall HenryHWheelerBrainIm CesarEChavezStudentC ManvilleHall BowlesHall EnergyBiosciencesBui GoldmanField MartinezCommons MathematicalSciences GraduateTheologicalU StanleyHall CoryHall ObservatoryHill PacificFilmArchiveBe LatinAmericanStudies SimpsonCenterforStud InsectaryGreenhouse AcademicInnovationSt MariesHouse NorthField KoshlandHall HavilandHall BancroftDanceStudio LiKaShingCenter BarrowsHall AnthonyHall McConeHall HaasSchoolofBusiness ChancellorsEsplanade WarrenHall CareerCenter ArchitectsEngineersA LegendsAquaticCenter BerkeleyArtMuseumand
82
BerkeleyArtMuseumand BerkeleyArtMuseumand
LawSchool LawSchool
BancroftLibrary BancroftLibrary
SatherTower SatherTower
FallProgramforFreshm FallProgramforFreshm
SpiekerAquaticsCompl SpiekerAquaticsCompl
MulfordHall MulfordHall
LawrenceHallofScienc LawrenceHallofScienc
UniversityHouse UniversityHouse
IRLE IRLE
EvansDiamond EvansDiamond
Demography Demography
Library Library
AlumniHouse AlumniHouse
PublicAffairsOfficeo PublicAffairsOfficeo
MorrisonHall MorrisonHall
McLaughlinHall McLaughlinHall
FacultyGlade FacultyGlade
Sebastians Sebastians
SutardjaDaiHall SutardjaDaiHall
GolbousPlace GolbousPlace
UniversityHealthServ UniversityHealthServ
KoretVisitorCenter KoretVisitorCenter
LawrenceBerkeleyNati LawrenceBerkeleyNati
EllsworthParkingStru EllsworthParkingStru
EvansHall EvansHall
MosesHall MosesHall
UpperHearstParkingSt UpperHearstParkingSt
CheitHall CheitHall
HearstMemorialMining HearstMemorialMining
LeConteHall LeConteHall
ClarkKerrCampus ClarkKerrCampus
FacultyClub FacultyClub
CaliforniaHall CaliforniaHall
GianniniHall GianniniHall
BanwayBuilding BanwayBuilding
AHammock AHammock
EastAsianStudiesInst EastAsianStudiesInst
FoxCottage2350Bowdit FoxCottage2350Bowdit
LowerHearstParkingSt LowerHearstParkingSt
InternationalHouse InternationalHouse
Unit1ResidentHall Unit1ResidentHall
SimonHall SimonHall
MaxwellFamilyFieldan MaxwellFamilyFieldan
MagnesCollectionofJe MagnesCollectionofJe
NaturalResourcesLabo NaturalResourcesLabo
WellmanHall WellmanHall
InvestigativeReporti InvestigativeReporti
EdwardsTrackStadiumG EdwardsTrackStadiumG
ZellerbachHall ZellerbachHall
HenryHWheelerBrainIm HenryHWheelerBrainIm
CesarEChavezStudentC CesarEChavezStudentC
ManvilleHall ManvilleHall
BowlesHall BowlesHall
EnergyBiosciencesBui EnergyBiosciencesBui
GoldmanField GoldmanField
MartinezCommons MartinezCommons
MathematicalSciences MathematicalSciences
GraduateTheologicalU GraduateTheologicalU
StanleyHall StanleyHall
CoryHall CoryHall
ObservatoryHill ObservatoryHill
PacificFilmArchiveBe PacificFilmArchiveBe
LatinAmericanStudies LatinAmericanStudies
SimpsonCenterforStud SimpsonCenterforStud
InsectaryGreenhouse InsectaryGreenhouse
AcademicInnovationSt AcademicInnovationSt
MariesHouse MariesHouse
NorthField NorthField
KoshlandHall KoshlandHall
HavilandHall HavilandHall
BancroftDanceStudio BancroftDanceStudio
LiKaShingCenter LiKaShingCenter
BarrowsHall BarrowsHall
AnthonyHall AnthonyHall
McConeHall McConeHall
HaasSchoolofBusiness HaasSchoolofBusiness
ChancellorsEsplanade ChancellorsEsplanade
WarrenHall WarrenHall
CareerCenter CareerCenter
ArchitectsEngineersA ArchitectsEngineersA
LegendsAquaticCenter LegendsAquaticCenter
