LegendsAquaticCenter DurantHall GolbousPlace EucalyptusGrove LewisHall SodaHall EllsworthParkingStru StarrEastAsianLibrar NorthField InvestigativeReporti SatherTower LawSchool SoutheastAsianStudie GoldmanField LevineFrickeSoftball LeConteHall NorthGateHall CITRIS MemorialGlade ValleyLifeSciencesBu LegendsAquaticCenter
20
LegendsAquaticCenter LegendsAquaticCenter
DurantHall DurantHall
GolbousPlace GolbousPlace
EucalyptusGrove EucalyptusGrove
LewisHall LewisHall
SodaHall SodaHall
EllsworthParkingStru EllsworthParkingStru
StarrEastAsianLibrar StarrEastAsianLibrar
NorthField NorthField
InvestigativeReporti InvestigativeReporti
SatherTower SatherTower
LawSchool LawSchool
SoutheastAsianStudie SoutheastAsianStudie
GoldmanField GoldmanField
LevineFrickeSoftball LevineFrickeSoftball
LeConteHall LeConteHall
NorthGateHall NorthGateHall
CITRIS CITRIS
MemorialGlade MemorialGlade
ValleyLifeSciencesBu ValleyLifeSciencesBu
