a fv ev dx fu ga dn gn fa fh fn gh ec dg p k en e al bz bc ae ct c cu eq fb fs eu bd m dt u br bv fd o do ck ag dj y t aj ar bb cs fy em ey ak cb az aa cl ci l eg h er dq cd dm an ee b du ab ch ff bl cp bm ep gl et ea ah j dv bf de cq ap by aw bi cv fl gm ew fg w df fr fz gb ex ed gp a
100
a a
fv fv
ev ev
dx dx
fu fu
ga ga
dn dn
gn gn
fa fa
fh fh
fn fn
gh gh
ec ec
dg dg
p p
k k
en en
e e
al al
bz bz
bc bc
ae ae
ct ct
c c
cu cu
eq eq
fb fb
fs fs
eu eu
bd bd
m m
dt dt
u u
br br
bv bv
fd fd
o o
do do
ck ck
ag ag
dj dj
y y
t t
aj aj
ar ar
bb bb
cs cs
fy fy
em em
ey ey
ak ak
cb cb
az az
aa aa
cl cl
ci ci
l l
eg eg
h h
er er
dq dq
cd cd
dm dm
an an
ee ee
b b
du du
ab ab
ch ch
ff ff
bl bl
cp cp
bm bm
ep ep
gl gl
et et
ea ea
ah ah
j j
dv dv
bf bf
de de
cq cq
ap ap
by by
aw aw
bi bi
cv cv
fl fl
gm gm
ew ew
fg fg
w w
df df
fr fr
fz fz
gb gb
ex ex
ed ed
gp gp
