Pantheon LoneDruid Oracle Ashe Shyvana Jayce SpiritBreaker Rumble NightStalker Magnus Tailyah Bristleback Maokai Bard Skarner Jhin Kled Lich ChaosKnight Slark Ahri ArcWarden MasterYi TrollWarlord Talon Lux Draven Jinx Xerath Malphite Morgana BountyHunter Phoenix Galio CentaurWarrunner Ziggs Akali Heimerdinger Tiny Anivia Disruptor KogMaw CrystalMaiden Lucian Jax WraithKing Nunu Ezreal Spectre Pantheon
48
LoneDruid LoneDruid
Oracle Oracle
Ashe Ashe
Shyvana Shyvana
Jayce Jayce
SpiritBreaker SpiritBreaker
Rumble Rumble
NightStalker NightStalker
Magnus Magnus
Tailyah Tailyah
Bristleback Bristleback
Maokai Maokai
Bard Bard
Skarner Skarner
Jhin Jhin
Kled Kled
Lich Lich
ChaosKnight ChaosKnight
Slark Slark
Ahri Ahri
ArcWarden ArcWarden
MasterYi MasterYi
TrollWarlord TrollWarlord
Talon Talon
Lux Lux
Draven Draven
Jinx Jinx
Xerath Xerath
Malphite Malphite
Morgana Morgana
BountyHunter BountyHunter
Phoenix Phoenix
Galio Galio
CentaurWarrunner CentaurWarrunner
Ziggs Ziggs
Akali Akali
Heimerdinger Heimerdinger
Tiny Tiny
Anivia Anivia
Disruptor Disruptor
KogMaw KogMaw
CrystalMaiden CrystalMaiden
Lucian Lucian
Jax Jax
WraithKing WraithKing
Nunu Nunu
Ezreal Ezreal
Spectre Spectre
