Fizz Viktor Nasus Yorick Slark Xayah Kled Orianna Sona Jayce Weaver Thresh FacelessVoid Beastmaster Tiny Talon Terrorblade Gragas Amumu StormSpirit Zed Rumble Azir Heimerdinger Annie Sniper Zilean Techies Singed Timbersaw DeathProphet Katarina Nidalee Kennen Vladimir Rubick ShadowDemon CentaurWarrunner Magnus Jinx Rengar Leona Trundle Vi Kayn Irelia Ryze Visage Chen Lucian ShadowShaman NightStalker Quinn KhaZix Mirana Kassadin LoneDruid Oracle TrollWarlord TahmKench Cassiopeia SpiritBreaker Puck Tristana Brewmaster ShadowFiend LeBlanc Karma Pantheon Sven Slardar Medusa BountyHunter Venomancer Syndra Nunu JarvanIV Janna Undying Warlock Huskar Omniknight WinterWyvern Ekko Morphling Ziggs Fiddlesticks VelKoz Bane Fizz
89
Fizz Fizz
Viktor Viktor
Nasus Nasus
Yorick Yorick
Slark Slark
Xayah Xayah
Kled Kled
Orianna Orianna
Sona Sona
Jayce Jayce
Weaver Weaver
Thresh Thresh
FacelessVoid FacelessVoid
Beastmaster Beastmaster
Tiny Tiny
Talon Talon
Terrorblade Terrorblade
Gragas Gragas
Amumu Amumu
StormSpirit StormSpirit
Zed Zed
Rumble Rumble
Azir Azir
Heimerdinger Heimerdinger
Annie Annie
Sniper Sniper
Zilean Zilean
Techies Techies
Singed Singed
Timbersaw Timbersaw
DeathProphet DeathProphet
Katarina Katarina
Nidalee Nidalee
Kennen Kennen
Vladimir Vladimir
Rubick Rubick
ShadowDemon ShadowDemon
CentaurWarrunner CentaurWarrunner
Magnus Magnus
Jinx Jinx
Rengar Rengar
Leona Leona
Trundle Trundle
Vi Vi
Kayn Kayn
Irelia Irelia
Ryze Ryze
Visage Visage
Chen Chen
Lucian Lucian
ShadowShaman ShadowShaman
NightStalker NightStalker
Quinn Quinn
KhaZix KhaZix
Mirana Mirana
Kassadin Kassadin
LoneDruid LoneDruid
Oracle Oracle
TrollWarlord TrollWarlord
TahmKench TahmKench
Cassiopeia Cassiopeia
SpiritBreaker SpiritBreaker
Puck Puck
Tristana Tristana
Brewmaster Brewmaster
ShadowFiend ShadowFiend
LeBlanc LeBlanc
Karma Karma
Pantheon Pantheon
Sven Sven
Slardar Slardar
Medusa Medusa
BountyHunter BountyHunter
Venomancer Venomancer
Syndra Syndra
Nunu Nunu
JarvanIV JarvanIV
Janna Janna
Undying Undying
Warlock Warlock
Huskar Huskar
Omniknight Omniknight
WinterWyvern WinterWyvern
Ekko Ekko
Morphling Morphling
Ziggs Ziggs
Fiddlesticks Fiddlesticks
VelKoz VelKoz
Bane Bane
