0 2 3 4 5 4 3 2 0 7 8 74 66 62 58 56 52 55 54 55 52 56 58 62 66 74 8 10 26 28 27 28 29 34 38 75 95 96 97 96 95 75 38 34 29 35 39 37 84 87 82 87 84 37 39 35 36 33 41 81 41 33 30 32 31 14 15 16 76 78 99 86 42 45 47 48 49 92 49 50 93 89 94 88 80 43 91 46 47 14 17 18 19 18 17 14 13 12 73 69 65 61 60 51 57 59 63 67 72 10 11 71 68 71 11 10 9 7 0
81
0 0 23 21 1 22
7 7 25
9 24 9
10 10
72 72
67 67
63 63
59 59
57 57
51 51
60 60
61 61
65 65 70
69 69
73 73
12 12
13 13
14 14
47 47
45 45
42 42
86 86
99 85 99
78 78
76 76
16 16
15 15
17 17
18 18
19 20 19
48 48
49 49
92 92 90
50 50
93 93
89 89
94 94
88 88
80 80
43 44 43
91 91
46 46
31 40 31
32 32
30 30
33 33
41 41
81 81 79
36 36
35 35
39 39
37 37
84 84
87 87
82 82 83
29 29
34 34
38 38
75 75
95 95
96 96
97 98 97
28 28
27 27 77
26 26
11 11
71 71
68 68 64
8 8
74 74
66 66
62 62
58 58
56 56
52 52
55 55
54 53 54
2 2
3 3
4 4
5 5 6
