6 11 18 10 19 16 14 13 15 11 24 26 23 20 24 30 39 38 30 42 40 41 46 48 40 42 55 51 55 67 66 64 60 63 62 67 73 77 75 79 72 78 74 73 80 81 80 96 92 98 97 95 90 96 103 105 101 102 107 109 106 105 103 111 113 118 115 112 114 111 124 126 123 129 128 121 125 124 133 139 134 130 137 138 132 133 143 146 147 149 145 148 143 158 159 152 154 153 150 158 168 163 167 166 168 172 176 170 178 172 189 182 181 184 186 180 189 199 196 191 190 194 197 198 199 6 2 7 0 4 1 6
82
18 18
10 10
19 19
14 14
15 15
26 26
23 23
20 20 21
30 31
39 39
38 36 38
41 41
46 46
48 48
40 40
55 57
51 59 51 50
67 69
64 65
60 60
63 63
62 62
77 77
75 75
79 79
78 78
74 74
80 85 88
81 81 87
98 98
97 97
95 95
90 90
105 105
101 101
107 107
109 109
106 106
113 113
118 118
115 115
112 112
114 114
126 126
129 129
128 128
121 120
125 125
139 139
134 134
130 130
137 137
132 132
146 146
147 144
149 149
145 145
148 148
152 152
153 153
150 150 157
163 163
167 167
166 166
168 164
172 177
176 176
170 170 179
178 178
182 182
181 181 187
186 186
180 185
196 196
191 191
190 190
194 194
198 198
7 7
0 8 0
4 4
1 1
