L16 L73 L99 L129 L120 L145 L67 L55 L100 L71 L92 L90 L119 L75 L142 L37 L19 L130 L5 L18 L110 L53 L1 L152 L106 L35 L116 L101 L93 L6 L124 L62 L82 L153 L131 L141 L74 L11 L89 L107 L77 L70 L56 L85 L94 L22 L7 L24 L28 L12 L87 L150 L151 L126 L104 L9 L111 L83 L84 L114 L140 L52 L43 L91 L148 L78 L125 L134 L38 L76 L13 L109 L21 L147 L143 L4 L149 L138 L61 L63 L103 L133 L128 L120 L20 L146 L47 L29 L16
80
L99 L99
L129 L129
L145 L145
L67 L67
L100 L100
L71 L72
L92 L92
L90 L90
L119 L80 L119
L75 L75
L142 L142
L19 L95
L130 L130
L5 L5
L18 L18
L110 L110
L53 L53
L1 L1
L152 L152
L106 L106
L35 L35
L116 L8 L2
L101 L101
L93 L93
L124 L124
L62 L62
L82 L82
L153 L153
L131 L131
L141 L141
L74 L74
L11 L11
L89 L89
L107 L107
L77 L77
L70 L70
L56 L56
L85 L85
L94 L94
L22 L22
L7 L7
L24 L24
L28 L28
L12 L12
L87 L87
L150 L150
L151 L151
L126 L126
L104 L104
L9 L9
L83 L83
L84 L84
L114 L114 L79
L140 L140
L52 L52
L43 L43
L91 L91
L78 L78
L125 L125
L134 L134
L38 L38
L76 L76
L13 L139
L109 L109
L21 L21
L147 L147
L143 L40 L65 L143
L4 L4
L149 L149
L138 L138
L61 L61
L63 L27 L63
L103 L103
L133 L144 L68 L133
L128 L128
L20 L20
L146 L146
L47 L47
L29 L29
L16 L16
