5 179 173 167 161 155 149 143 137 131 125 119 113 107 103 102 106 105 104 107 101 100 96 97 98 99 101 95 92 91 90 94 93 95 89 84 88 87 86 85 89 83 78 82 81 80 79 83 77 74 73 72 76 75 77 71 66 67 68 69 70 71 65 63 64 60 61 62 65 59 54 55 56 57 58 59 53 50 51 52 48 49 53 47 46 45 44 43 42 47 41 37 36 40 39 38 41 35 33 32 31 30 34 35 29 27 26 25 24 28 29 23 22 18 19 20 21 23 17 15 16 12 13 14 17 11 8 7 6 10 9 11 5 1 2 3 4 0 5
90
103 103
102 102
106 106
105 105
104 104
100 100
96 96
97 97
98 98
99 99
92 92
91 91
90 90
94 94
93 93
84 84
88 88
87 87
86 86
85 85
78 78
82 82
81 81
80 80
79 79
74 74
73 73
72 72
76 76
75 75
66 66
67 67
68 68
69 69
70 70
63 63
64 64
60 60
61 61
62 62
54 54
55 55
56 56
57 57
58 58
50 50
51 51
52 52
48 48
49 49
46 46
45 45
44 44
43 43
42 42
37 37
36 36
40 40
39 39
38 38
33 33
32 32
31 31
30 30
34 34
27 27
26 26
25 25
24 24
28 28
22 22
18 18
19 19
20 20
21 21
15 15
16 16
12 12
13 13
14 14
8 8
7 7
6 6
10 10
9 9
1 1
2 2
3 3
4 4
0 0
