0 145 146 62 55 49 53 51 47 118 114 113 105 108 111 117 101 96 98 94 89 97 95 93 134 128 132 133 131 142 148 5 8 9 16 22 15 127 122 120 125 123 119 80 82 81 86 84 83 85 78 77 73 42 43 45 40 34 39 44 36 31 33 27 35 30 29 32 26 19 18 11 13 10 4 12 7 76 104 110 109 24 25 28 23 141 137 64 68 75 69 70 67 65 66 60 56 138 135 143 0
100
0 0
145 145
146 146
62 62
55 55
49 49
53 53
51 51
47 47
118 118
114 114
113 113
105 105
108 108
111 111
117 117
101 101
96 96
98 98
94 94
89 89
97 97
95 95
93 93
134 134
128 128
132 132
133 133
131 131
142 142
148 148
5 5
8 8
9 9
16 16
22 22
15 15
127 127
122 122
120 120
125 125
123 123
119 119
80 80
82 82
81 81
86 86
84 84
83 83
85 85
78 78
77 77
73 73
42 42
43 43
45 45
40 40
34 34
39 39
44 44
36 36
31 31
33 33
27 27
35 35
30 30
29 29
32 32
26 26
19 19
18 18
11 11
13 13
10 10
4 4
12 12
7 7
76 76
104 104
110 110
109 109
24 24
25 25
28 28
23 23
141 141
137 137
64 64
68 68
75 75
69 69
70 70
67 67
65 65
66 66
60 60
56 56
138 138
135 135
143 143
