1 93 45 14 17 20 119 197 87 127 70 7 129 89 9 131 16 42 132 76 126 97 137 148 161 180 60 3 11 140 190 170 2 74 123 142 12 25 64 116 176 65 117 164 100 78 36 67 188 118 114 94 68 181 191 44 147 57 120 151 92 28 13 178 52 35 53 143 79 186 172 163 77 32 122 192 108 112 21 167 91 139 182 59 184 149 121 183 159 34 165 6 29 155 27 160 95 99 40 81 153 1
100
93 93
45 45
14 14
17 17
20 20
119 119
197 197
87 87
127 127
70 70
7 7
129 129
89 89
9 9
131 131
16 16
42 42
132 132
76 76
126 126
97 97
137 137
148 148
161 161
180 180
60 60
3 3
11 11
140 140
190 190
170 170
2 2
74 74
123 123
142 142
12 12
25 25
64 64
116 116
176 176
65 65
117 117
164 164
100 100
78 78
36 36
67 67
188 188
118 118
114 114
94 94
68 68
181 181
191 191
44 44
147 147
57 57
120 120
151 151
92 92
28 28
13 13
178 178
52 52
35 35
53 53
143 143
79 79
186 186
172 172
163 163
77 77
32 32
122 122
192 192
108 108
112 112
21 21
167 167
91 91
139 139
182 182
59 59
184 184
149 149
121 121
183 183
159 159
34 34
165 165
6 6
29 29
155 155
27 27
160 160
95 95
99 99
40 40
81 81
153 153
