187 153 29 4 94 158 48 63 195 199 70 45 32 185 162 68 7 99 196 67 125 110 179 36 87 164 78 172 144 52 104 166 173 72 136 30 2 188 191 161 77 107 190 169 149 6 12 152 106 90 21 108 97 54 89 154 180 44 79 114 146 41 93 171 69 39 160 165 137 35 53 83 157 159 58 126 184 92 101 127 82 15 183 65 140 117 73 142 175 102 128 124 181 71 148 150 22 109 131 133 59 37 120 13 47 156 86 187
92
153 153
29 29
94 94
48 48
63 63
199 199
70 70
45 45
32 32
162 162
68 68
7 7
196 196
67 67 18
110 110
36 36
87 87
164 164
78 78
172 172
144 8 119
52 52
166 166
173 173
72 72
136 136
30 30
2 2
191 191
161 161
107 107
190 190
169 169
149 132
6 6
12 12
152 152
106 111 163
90 90
108 108
97 97
54 54 55
89 89 80
154 154 134
180 180
44 44
79 79
114 114
146 146
41 41
93 93
171 171
69 69
39 39
160 160
165 165
137 33
53 53
83 83
157 157
159 176
58 95 58
126 126
184 184
92 92
127 127
82 82
15 15
183 183
65 65
140 140
117 117
73 73
142 142
175 175
102 9
128 128
124 124 23
181 181
71 71
148 148
150 150
109 109
131 131
133 133
59 59
37 42
120 120
13 13
47 47
156 156
86 86
