location1 location43 location26 location38 location32 location12 location4 location49 location10 location6 location27 location34 location42 location37 location11 location36 location23 location16 location39 location45 location5 location1
20
location4 location48
location5 location5
location6 location6
location10 location10
location11 location11
location12 location12 location24
location16 location16
location23 location23 location31
location26 location26
location27 location27
location32 location32
location34 location28 location46
location36 location44
location37 location37
location38 location38
location39 location17 location39 location15
location42 location42
location43 location14
location45 location33
location49 location49
