location1 location31 location53 location54 location2 location99 location45 location46 location56 location94 location42 location44 location23 location47 location32 location91 location30 location57 location43 location35 location14 location80 location29 location8 location50 location48 location66 location72 location60 location40 location52 location84 location19 location36 location21 location75 location89 location6 location10 location17 location38 location1
40
location31 location31
location53 location53
location54 location54
location2 location2
location99 location99
location45 location45
location46 location46
location56 location56
location94 location94
location42 location59 location42
location44 location44
location23 location23
location47 location47
location32 location32
location91 location91
location30 location74 location30
location57 location95 location57
location43 location83 location43
location35 location35
location14 location79
location80 location80
location29 location29
location8 location8
location50 location58
location48 location48
location66 location66
location72 location72
location60 location78 location3 location77
location40 location40
location52 location52
location84 location71
location19 location19
location36 location36
location21 location21 location51
location75 location75 location9
location89 location89
location6 location6
location10 location49 location10
location17 location17
location38 location90 location38
