location1 location178 location27 location108 location150 location2 location66 location185 location29 location197 location16 location13 location180 location141 location136 location30 location26 location20 location133 location58 location181 location184 location40 location46 location149 location142 location110 location109 location138 location157 location22 location94 location196 location86 location95 location96 location85 location158 location179 location93 location188 location118 location148 location5 location44 location12 location128 location25 location111 location152 location17 location57 location143 location186 location75 location139 location146 location161 location177 location14 location49 location82 location91 location112 location97 location126 location172 location74 location164 location182 location151 location37 location106 location143 location169 location127 location154 location165 location116 location10 location69 location190 location19 location92 location100 location163 location32 location175 location1
87
location1 location90
location178 location178
location27 location27
location108 location108
location150 location150
location2 location2
location66 location11
location185 location185
location29 location35
location197 location197
location16 location16
location13 location13
location180 location180
location141 location105
location136 location136
location30 location30
location26 location26
location20 location56 location20
location133 location133
location58 location58
location181 location181
location184 location159 location184 location129
location40 location40
location46 location123 location46
location149 location149
location142 location142
location110 location110
location109 location109
location138 location6
location157 location157
location22 location22
location94 location130 location94
location196 location196
location86 location195
location95 location95
location96 location96
location85 location85
location158 location28 location158
location179 location179
location93 location93
location188 location188
location118 location118 location43
location148 location148
location5 location5 location114
location44 location44
location12 location12
location128 location128
location25 location25
location111 location111
location152 location152
location17 location17
location57 location57
location143 location143 location171
location186 location186
location75 location75
location139 location139
location146 location146
location161 location161
location177 location177
location14 location3
location49 location49 location140
location82 location82
location91 location91
location112 location68
location97 location97
location126 location199
location172 location172
location74 location74
location164 location164
location182 location182
location151 location59
location37 location37 location65
location106 location106
location169 location169
location127 location127
location154 location154
location165 location165
location116 location116
location10 location10
location69 location107 location69
location190 location190
location19 location193
location92 location92
location100 location100 location33
location163 location87
location32 location32
location175 location175
