0 18 85 100 52 43 135 63 6 72 14 68 84 73 24 58 91 70 92 69 51 57 94 26 3 83 31 16 48 46 5 95 77 54 53 61 36 33 17 62 13 40 82 8 97 56 79 34 99 93 65 75 55 50 64 45 27 74 1 66 44 71 87 30 41 2 15 32 67 10 28 60 81 86 11 76 9 47 89 88 4 39 38 35 42 12 98 49 22 19 37 59 29 78 25 21 0
95
18 18
85 85
100 100
52 52
43 43
135 23
63 63
6 6
72 72
14 14
68 68
84 84
73 73
24 24
58 58
91 91
70 70
92 92
69 69
51 51
57 57
94 94
26 26
3 3
83 83
31 31
16 16
48 48
46 46
5 5
95 95
77 77
54 54 7
53 53
61 61
36 36
33 33
17 17
62 62
13 13
40 40
82 82
8 8 96
97 97
56 56
79 79
34 34
99 99
93 93
65 65
75 75
55 55
50 50
64 64
45 45
27 27
74 74
1 1
66 66
44 44
71 71
87 87
30 30
41 41
2 2
15 15
32 32
67 67
10 10
28 28
60 90 60
81 81
86 86
11 11
76 76
9 9
47 47
89 89
88 88
4 4
39 39
38 38
35 35
42 42
12 80 12
98 98
49 49 20
22 22
19 19
37 37
59 59
29 29
78 78
25 25
21 21
