c5 s4 h4 r7 e4 e1 o4 g3 h0 o0 a0 j7 m4 q0 r1 o7 m7 g1 h5 a6 a4 l6 s3 j2 c3 k9 c8 g9 c4 h1 n6 s2 q3 f3 l0 p9 o8 j3 f5 t7 f2 j6 r2 i1 d4 b1 m0 p0 g0 e0 g5 q5 o2 k6 b3 a1 a8 l1 b7 p7 g6 i0 t2 k1 f6 n3 h2 q8 e5 t5 g4 r4 s9 g8 e2 d5 h6 j5 s1 o6 l4 b5 o5 l3 t6 l8 t8 i5 n0 d6 r9 i4 n4 q1 t0 t1 c5
96
s4 s4
h4 h4
r7 h3 r7
e4 e4
e1 e1
o4 o4
g3 g3
h0 h0
o0 o0
a0 a0
j7 j7
m4 m4
q0 q0
r1 r1
o7 o7
m7 m7
g1 g1
h5 h5
a6 a6
a4 a4
l6 l6
s3 s3
j2 j2
c3 c3
k9 k9
c8 c8
g9 g9
c4 c4
h1 h1
n6 n6
s2 s2
q3 q3
f3 f3
l0 l0
p9 p9
o8 o8
j3 j3
f5 f5
t7 t7
f2 f2
j6 j6
r2 r2
i1 i1 a7
d4 d4
b1 b1
m0 m0
p0 p0
g0 g0
e0 e0
g5 g5
q5 q5
o2 o2
k6 k6
b3 b3
a1 a1
a8 a8
l1 l1
b7 b7
p7 p7
g6 g6
i0 i0
t2 t2
k1 k1
f6 f6
n3 n3
h2 h2
q8 q8
e5 e5
t5 t5
g4 g4
r4 r4
s9 s9 g7
g8 g8 s7
e2 e2
d5 d5
h6 h6
j5 j5
s1 s1
o6 o6
l4 l4
b5 b5
o5 o5
l3 l3
t6 t6
l8 l8
t8 t8
i5 i5
n0 n0
d6 d6
r9 r9
i4 i4
n4 n4
q1 q1
t0 t0
t1 t1
c5 t9
