According to all known laws of there is no way a bee should be able Its wings are too small get its fat little body off the The flies anyway flies The the off body little fat its get small too are wings Its able be should bee a way no is there of laws known all to According what humans think black and shake it up Breakfast Hang on Oan you believe this I pick Looking Use Your fatherpaid good money for very proud A perfect report Very got Very report perfect A proud very for money good fatherpaid Your Use Looking pick I this believe you Oan on Hang Breakfast up it shake and black think humans what According You lint your Wave in row told flying Is that fuzz Special Never thought make Three days grade high Those were glad tooka day hitchhiked around did come back growing Looks Hear Looks growing back come did around hitchhiked day tooka glad were Those high grade days Three make thought Never Special fuzz that Is flying told row in Wave your lint You According
47
to to
of of
is is
way way
bee bee
be be
The The
anyway bees anyway
off off
little little
its its
small small
are are
Its Its
known known
think think
it it
Breakfast Breakfast
you you
this this
pick pick
Use Use
money money
A A
report report
got going got
very very
fatherpaid fatherpaid
on on
and and
what what
Wave Wave
row row
flying flying
Three Three
grade grade
Those Those
glad glad
come come
growing growing
Hear not Hear
around around
day day
thought thought
Special Special
that that
lint lint
