0 155 7 161 139 23 45 37 51 129 31 107 21 127 175 151 199 165 149 121 123 103 181 111 25 19 185 89 147 81 143 87 61 169 73 171 163 113 5 63 9 17 11 55 109 69 183 153 71 49 13 99 141 59 133 125 35 117 33 137 91 27 177 29 191 79 1 15 119 75 197 187 43 195 101 157 189 3 115 47 77 85 67 145 65 95 83 193 93 39 97 159 131 105 179 135 173 53 57 167 41 0
100
155 155
7 7
161 161
139 139
23 23
45 45
37 37
51 51
129 129
31 31
107 107
21 21
127 127
175 175
151 151
199 199
165 165
149 149
121 121
123 123
103 103
181 181
111 111
25 25
19 19
185 185
89 89
147 147
81 81
143 143
87 87
61 61
169 169
73 73
171 171
163 163
113 113
5 5
63 63
9 9
17 17
11 11
55 55
109 109
69 69
183 183
153 153
71 71
49 49
13 13
99 99
141 141
59 59
133 133
125 125
35 35
117 117
33 33
137 137
91 91
27 27
177 177
29 29
191 191
79 79
1 1
15 15
119 119
75 75
197 197
187 187
43 43
195 195
101 101
157 157
189 189
3 3
115 115
47 47
77 77
85 85
67 67
145 145
65 65
95 95
83 83
193 193
93 93
39 39
97 97
159 159
131 131
105 105
179 179
135 135
173 173
53 53
57 57
167 167
41 41
