According to all known laws of there is no way a bee should be should bee a way no is there of laws known all to According wings are too small get its fat little body off the The flies anyway flies The the off body little fat its get small too are wings According care what humans think black and shake it up Breakfast Hang on Oan you believe this believe you Oan on Hang Breakfast up it shake and black think humans what care According
22
are are
little little
off off
The The
anyway anyway bees
its its
small small
what what
you you
this this pick
on on
Breakfast Breakfast
it it
and and
think think
to to
known known
way way
bee bee
be be Its
is is
of of
