0 158 35 32 142 24 70 197 80 177 185 78 39 179 46 136 77 62 189 38 163 156 74 29 131 51 17 119 69 21 174 105 126 43 182 184 183 191 16 159 9 157 50 180 199 192 178 2 4 12 109 133 52 86 195 60 193 198 129 160 8 116 3 103 190 94 31 115 170 188 58 143 125 96 19 93 194 68 33 18 0
80
0 0
158 158
62 62
189 189
38 38
163 163
70 70
103 103
180 180
2 2
4 4
12 12
109 109
133 133
52 52
86 86
3 3
119 119
69 69
21 21
29 29
131 131
19 19
32 32
35 35
50 50
157 157
9 9
17 17
51 51
174 174
105 105
126 126
43 43
182 182
184 184
183 183
191 191
16 16
159 159
96 96
142 142
24 24
178 178
192 192
199 199
77 77
136 136
46 46
179 179
197 197
80 80
177 177
185 185
18 18
93 93
194 194
68 68
33 33
31 31
94 94
190 190
115 115
170 170
188 188
198 198
193 193
60 60
195 195
39 39
78 78
74 74
156 156
116 116
8 8
160 160
129 129
125 125
143 143
58 58
