190 135 114 33 58 83 129 136 165 67 111 189 93 116 24 152 132 92 106 137 6 145 38 65 64 55 34 16 21 176 169 57 50 54 108 69 192 84 186 23 168 103 44 82 52 138 47 4 172 5 153 45 56 68 25 22 117 30 141 94 113 182 2 99 134 188 95 162 108 133 156 1 142 118 181 120 151 102 109 46 170 139 115 177 159 81 147 27 40 90 193 146 171 71 66 179 11 7 85 112 185 49 76 60 74 56 166 75 190
89
135 135
114 114
33 33
83 83
129 129
136 136
165 165
67 67 8
111 111
189 189
93 164 93
116 116
152 152
132 132
92 92
106 106
137 137
145 121
38 38
65 65
55 55 36
34 34
21 21
176 176
169 169
57 57
50 50
54 54 163 32
108 3 108
69 69
192 192
84 84
186 186
23 23
168 168
103 103
44 44
82 61
52 52
138 138
47 47
172 172
5 5
153 153
45 45
68 10 68
25 104
22 22
117 117
30 30
141 141
94 94
113 123 113
182 182
2 2
99 99
188 188
95 95
162 162
133 133
156 156
1 1
142 142
118 118
181 181
151 29
102 102 198
109 109
46 46
170 62
139 139
177 177 101
81 173
27 27
40 40
193 193
146 146
171 195
71 71
66 66
179 100 179
11 11
85 149
112 112
185 185
76 76
60 60
56 56
166 166
