Loc1 Loc37 Loc19 Loc0 Loc83 Loc76 Loc45 Loc88 Loc65 Loc53 Loc25 Loc44 Loc62 Loc42 Loc55 Loc64 Loc15 Loc72 Loc57 Loc47 Loc68 Loc7 Loc4 Loc87 Loc16 Loc46 Loc79 Loc38 Loc98 Loc18 Loc51 Loc50 Loc70 Loc52 Loc75 Loc10 Loc34 Loc2 Loc11 Loc13 Loc92 Loc29 Loc3 Loc9 Loc21 Loc17 Loc32 Loc1
42
Loc0 Loc0
Loc2 Loc2
Loc3 Loc3
Loc4 Loc4
Loc7 Loc22 Loc7
Loc9 Loc9
Loc10 Loc10
Loc11 Loc11
Loc13 Loc13
Loc15 Loc15
Loc17 Loc17
Loc18 Loc18 Loc90 Loc63
Loc19 Loc19
Loc21 Loc21
Loc25 Loc56 Loc25
Loc29 Loc29
Loc32 Loc32
Loc34 Loc34 Loc91
Loc37 Loc49
Loc38 Loc38
Loc42 Loc42
Loc44 Loc41
Loc45 Loc45
Loc46 Loc46
Loc47 Loc47
Loc50 Loc50
Loc52 Loc52
Loc53 Loc53
Loc55 Loc80 Loc55
Loc57 Loc69
Loc62 Loc62
Loc64 Loc43
Loc65 Loc65 Loc81
Loc68 Loc68
Loc70 Loc70
Loc72 Loc72
Loc75 Loc6
Loc76 Loc76
Loc79 Loc79
Loc87 Loc74 Loc87
Loc92 Loc92
Loc98 Loc98
