114 78 161 119 74 175 173 51 108 62 92 47 26 18 63 133 10 25 191 0 29 187 135 93 171 127 165 111 115 37 5 195 196 134 177 167 96 147 32 24 179 36 7 3 4 84 38 87 169 146 183 176 130 16 54 132 70 125 124 31 14 33 48 15 43 197 198 89 59 131 107 66 181 148 42 112 105 143 109 75 182 164 117 1 35 149 95 53 85 28 91 67 98 100 81 188 166 150 174 102 170 49 114
94
78 78
161 161
119 119
74 74
175 175
173 173
51 51
108 108
62 62
92 92
47 47
26 26
18 18
63 63
133 133
10 10
25 76
191 191
0 0
29 29
187 187
135 135
93 93
171 171
127 127 155
165 69
111 111
115 115
37 37
5 5 41
195 195
196 196
134 134
177 177
167 167
96 96
147 147
32 32
24 24
36 36
7 7
3 3 103
4 4
84 84
38 38
87 87
169 169
146 146
183 183
176 176
16 16
132 12
70 70
124 124
31 31
14 14
33 33
15 15
43 43
197 197
89 89
59 59
131 131
66 66
181 21 181
148 148
42 42
112 112
105 105
109 109
75 75
182 182
164 154 164
117 117
1 1
35 35
149 149
95 95
53 53
85 199
28 28
91 91
67 67
98 98
100 100
81 81
188 188
166 166
150 150
174 174 94
102 102
170 170
49 49
114 114
