gc bl an ft fo fd gh gn dx ga es eg fg bu gq v ai dn at a bq fe e ff fk fq p by bc ah ao cv cl ee cj el bi ey fn bb ap bx ad cq gj di gi d dh en ae dq aw h dj gg dp do fi bj ge cy fa fy db az cn g br er go ck ep cd am cr cp k cz b bn et df bv fw dy ab cm ds u dg gm fr q co as ac em gk gc
94
bl bl
an an
ft ft
fo fo
fd fd
gh gh
gn gn
dx dx
ga ga
es es
fg y
bu bu
gq gq
v v
ai ai
dn dn
at at
a a
bq bq
fe fe
e e
ff ff
fk fk
fq fq
p p
by by
bc bc
ah ah
ao ao
cv cv
cl cs cl
ee ee
cj cj
el el
bi bi
ey ey
fn fn
bb bb bt
ap ap
bx bx
ad ad
cq cq
gj gj
di di
gi gi
d d
dh dh
en en
ae ae
dq dq bp
aw aw
dj dj
gg gg
dp dp
do do
fi fi
bj bj
ge ge
cy eq
fa fa
fy cg fy
db db
az az
cn cn
g g
br br
er er
go go
ck ck
ep ep
am am
cr cr
cp cp
cz cz
b b
bn bn
et et
df fh
bv bv j
fw fw
dy dy
ab ab
cm cm
ds ds
u u
dg dg
gm gm
fr fr dw
q q
co co
as as
ac ac
em em
gk gk
