Liam Jordan Jack Joshua Cooper Grant Antonio Kaleb Santiago Carter Elliott Caleb Cameron Gabriel Victor Dominic Joel Dylan Lincoln Max Jayden Bentley Camden Maverick Noah Brandon Kingston Dean Beau William Landon Bennett Justin Josiah Julian Matteo Jameson Daniel Nicholas Silas Braxton Jackson Ezra Ezekiel Maddox Xander Oscar Bryce Sebastian Edward Wyatt Gael Dawson Gavin Waylon Connor Nathan Kevin Weston Jaxson Angel Anthony Maxwell Grayson Alexander Leo Bryson Malachi Adam Colton Tucker Charles Tucker Aiden Richard Preston Jonathan Brayden Brantley Kai Brantley Ethan Juan Ivan Hudson Jameson Benjamin Jaxon King Matthew John Messiah Eric Greyson Chase Aaron David Brody Christian Hayden Austin Rowan Theodore Ayden Giovanni Robert Joseph Jude Zachary Tyler Eli Sawyer Steven James Steven Xavier Ryan Nolan Elijah Nolan Logan Andrew Isaiah Hunter Zachary Jude Evan Liam
78
Liam Liam
Jordan Jordan
Jack Jack
Joshua Joshua Lucas
Cooper Cooper
Antonio Owen
Kaleb Elias
Carter Carter
Caleb Caleb
Cameron Cameron
Gabriel Gabriel
Dominic Dominic
Dylan Dylan
Lincoln Lincoln
Jayden Jayden
Maverick Maverick
Noah Noah
Kingston Luke
William William
Landon Landon
Josiah Josiah
Julian Julian
Daniel Daniel
Nicholas Nicholas
Jackson Jackson
Ezra Jose Ezra
Ezekiel Jeremiah Ezekiel
Oscar Levi
Sebastian Sebastian
Wyatt Wyatt
Dawson Ian
Waylon Parker
Connor Connor
Nathan Nathan
Kevin Jacob
Jaxson Jaxson
Angel Angel
Anthony Anthony
Grayson Grayson
Alexander Alexander
Leo Leo
Bryson Bryson
Malachi Henry
Adam Adam
Colton Colton
Charles Charles Mason
Aiden Aiden Mateo
Richard Easton
Jonathan Jonathan
Brayden Brayden Asher
Kai Carson Christopher
Ethan Ethan
Hudson Hudson
Benjamin Benjamin
Jaxon Jaxon
Matthew Matthew
John John
Eric Samuel
Greyson Greyson
Aaron Aaron Michael
David David
Christian Christian
Austin Austin
Theodore Theodore
Robert Robert
Joseph Joseph
Eli Eli
James James Isaac
Xavier Xavier
Ryan Ryan
Elijah Adrian Elijah
Nolan Nolan
Logan Logan
Andrew Andrew Oliver
Isaiah Isaiah
Hunter Hunter Thomas
Jude Jace
Evan Evan
