Liam Isaiah Joseph Mateo Alexander Mason Elijah Aiden William Logan Christian Luke Noah Lucas Eli Dominic Carter Benjamin Sawyer Jose Owen Dylan Thomas Ezra Michael Jaxson Brayden Adam Robert Adam Jayden Cooper Maverick Roman Jordan Nicholas Theodore David Sebastian Mateo Joseph Isaiah Liam
27
Liam Liam
Joseph Joseph
Sebastian Sebastian David
Alexander Alexander
Mason Mason
Elijah Elijah
Aiden Aiden
William William
Logan Logan
Brayden Ethan Samuel
Michael Michael
Thomas James
Dylan Dylan
Owen Owen
Sawyer John
Benjamin Benjamin
Carter Carter
Dominic Oliver
Eli Jackson Wyatt
Lucas Lucas
Noah Noah
Luke Luke
Roman Jacob
Cooper Matthew
Jayden Jayden
Adam Henry
Robert Daniel
