LOC16 LOC52 LOC85 LOC9 LOC33 LOC44 LOC62 LOC89 LOC56 LOC48 LOC61 LOC90 LOC34 LOC12 LOC99 LOC73 LOC51 LOC3 LOC6 LOC97 LOC0 LOC36 LOC26 LOC4 LOC32 LOC78 LOC91 LOC8 LOC75 LOC63 LOC45 LOC80 LOC37 LOC82 LOC37 LOC59 LOC25 LOC46 LOC15 LOC18 LOC16
33
LOC0 LOC23
LOC3 LOC3
LOC4 LOC4
LOC6 LOC70
LOC8 LOC17
LOC9 LOC9
LOC12 LOC81 LOC12
LOC15 LOC15
LOC18 LOC57 LOC18 LOC22
LOC25 LOC25
LOC26 LOC26
LOC33 LOC33
LOC36 LOC36
LOC37 LOC37
LOC44 LOC96
LOC45 LOC50 LOC45 LOC79
LOC46 LOC53 LOC46
LOC52 LOC52
LOC56 LOC56 LOC98
LOC59 LOC59
LOC61 LOC61 LOC31
LOC62 LOC62
LOC63 LOC47
LOC73 LOC73
LOC78 LOC78
LOC80 LOC95
LOC82 LOC82 LOC28
LOC85 LOC85
LOC89 LOC89
LOC90 LOC90 LOC20 LOC29
LOC91 LOC43
LOC97 LOC97
LOC99 LOC99
