LOC60 LOC153 LOC166 LOC41 LOC160 LOC134 LOC50 LOC137 LOC159 LOC72 LOC54 LOC67 LOC8 LOC119 LOC156 LOC46 LOC122 LOC58 LOC63 LOC125 LOC133 LOC51 LOC116 LOC117 LOC56 LOC68 LOC198 LOC48 LOC188 LOC170 LOC164 LOC0 LOC55 LOC99 LOC89 LOC96 LOC145 LOC64 LOC70 LOC97 LOC154 LOC38 LOC172 LOC194 LOC196 LOC75 LOC192 LOC76 LOC59 LOC6 LOC61 LOC180 LOC120 LOC62 LOC161 LOC60
42
LOC6 LOC6
LOC8 LOC8
LOC38 LOC38
LOC46 LOC65 LOC46
LOC48 LOC48 LOC36 LOC190
LOC51 LOC51
LOC54 LOC54
LOC55 LOC55
LOC56 LOC56 LOC18
LOC58 LOC58
LOC59 LOC59
LOC61 LOC189
LOC62 LOC62
LOC63 LOC63
LOC64 LOC64
LOC68 LOC68 LOC158
LOC70 LOC70
LOC72 LOC72
LOC75 LOC52
LOC76 LOC177 LOC30
LOC89 LOC89
LOC96 LOC96
LOC97 LOC97
LOC116 LOC116
LOC117 LOC139 LOC117
LOC122 LOC24
LOC133 LOC133
LOC134 LOC134
LOC137 LOC144
LOC145 LOC145
LOC153 LOC17
LOC160 LOC160
LOC161 LOC161
LOC164 LOC164
LOC166 LOC166
LOC170 LOC170 LOC7
LOC180 LOC180
LOC188 LOC108
LOC192 LOC192
LOC194 LOC194
LOC196 LOC80
LOC198 LOC142
