zero five six seven fourteen thirteen twelve nineteen eighteen twentyfive thirtytwo thirtyone thirtyeight fortyfive fortysix thirtynine forty fortyone fortytwo thirtyfive thirtyfour twentyseven twenty twentyone fifteen sixteen nine ten three zero
24
five five
six six
seven seven
fourteen fourteen
thirteen thirteen
twelve twelve
nineteen nineteen
eighteen eighteen
twentyfive twentyfive
thirtytwo thirtytwo
thirtyone thirtyone
thirtyeight thirtyeight thirtyseven
fortyfive fortyfive
fortysix fortysix
forty forty
fortytwo fortytwo
thirtyfive thirtyfive
thirtyfour thirtyfour
twenty twenty
fifteen fifteen
sixteen sixteen
nine nine
ten eleven
three three
