zero six seven fourteen thirteen twelve eleven ten seventeen sixteen twentythree thirty thirtyseven fortyfour fortythree fortynine fortyeight fiftyfive fiftyfour fiftythree sixty sixtyseven sixtysix sixtyfive seventytwo seventyone seventyeight seventynine eighty eightyseven ninetyfour onehunone onehuneight onehunnine onehunten onehuneleven onehuneighteen onehunseventeen onehunsixteen onehuntwentythree onehunthirty onehunthirtyseven onehunfortyfour onehunfortyfive onehunfortysix onehunfortyseven onehunfiftyfour onehunsixtyone onehunsixty onehunfiftynine onehunsixtysix onehunseventythree onehunseventyfour onehunseventyfive onehunsixtynine onehunseventysix onehuneightytwo onehuneightyone onehuneighty onehuneightyseven onehunninetyfour onehunninetythree onehunninetytwo onehunninetyone onehuneightyfour onehunseventyseven onehunseventyeight onehunseventyone onehunseventy onehunsixtythree onehunsixtyfour onehunfiftyseven onehunfifty onehunfortythree onehunthirtysix onehunthirtyfive onehunthirtyfour onehuntwentyseven onehuntwentyeight onehuntwentyone onehuntwenty onehuntwentysix onehunnineteen onehunthirteen onehunsix ninetynine ninetytwo ninetyeight ninetyone eightyfour eightythree eightytwo seventyfive seventysix seventyseven seventy sixtyfour fiftyseven fiftyeight fiftyone fiftytwo fortyfive thirtyeight thirtyone thirty twentynine thirtyfive thirtyfour thirtythree twentysix twentyseven twenty twentyone fifteen eight one two three zero
94
six six
seven seven
fourteen fourteen
twelve twelve
eleven eleven
ten ten
seventeen seventeen
sixteen sixteen
twentythree twentythree
thirtyseven thirtyseven
fortyfour fortyfour
fortythree fortythree
fortynine fortynine
fiftyfive fiftyfive
fiftythree fiftythree
sixty sixty
sixtyseven sixtyseven
sixtysix sixtysix
seventytwo seventytwo
seventyone seventyone
seventyeight seventyeight
seventynine seventynine
eightyseven eightyseven
onehunone onehunone
onehuneight onehuneight
onehunten onehunten
onehuneleven onehuneleven
onehuneighteen onehuneighteen
onehunseventeen onehunseventeen
onehunsixteen onehunsixteen
onehuntwentythree onehuntwentythree onehuntwentyfour
onehunthirty onehunthirty
onehunfortyfour onehunfortyfour
onehunfortyfive onehunfortyfive
onehunfortysix onehunfortysix
onehunfiftyfour onehunfiftyfour
onehunsixtyone onehunsixtyone
onehunsixty onehunsixty
onehunfiftynine onehunfiftynine
onehunsixtysix onehunsixtyfive onehunsixtysix
onehunseventythree onehunseventythree
onehunseventyfour onehunseventyfour
onehunseventyfive onehunseventyfive
onehunsixtynine onehunsixtynine
onehunseventysix onehunseventysix
onehuneightytwo onehuneightytwo
onehuneightyone onehuneightyone
onehuneighty onehuneighty
onehuneightyseven onehuneightyseven
onehunninetyfour onehunninetyfour
onehunninetythree onehunninetythree
onehunninetytwo onehunninetytwo
onehunninetyone onehunninety onehunninetyone
onehuneightyfour onehuneightyfour
onehunseventyeight onehunseventyeight
onehunseventyone onehunseventyone
onehunseventy onehunseventy
onehunsixtythree onehunsixtythree
onehunsixtyfour onehunsixtyfour
onehunfiftyseven onehunfiftyseven
onehunfifty onehunfortynine onehunfifty
onehunfortythree onehunfortythree
onehunthirtyfive onehunthirtyfive
onehunthirtyfour onehunforty
onehuntwentyseven onehuntwentyseven
onehuntwentyeight onehuntwentyeight
onehuntwentyone onehuntwentyone
onehuntwentysix onehuntwentysix
onehunnineteen onehunnineteen
onehunthirteen onehunthirteen
ninetynine ninetynine
ninetyeight ninetyeight
eightyfour eightyfour
eightythree eightythree
eightytwo eightytwo
seventyfive seventyfive
seventyseven seventyseven
seventy sixtynine seventy
sixtyfour sixtyfour
fiftyseven fiftyseven
fiftyeight fiftyeight
fiftytwo fiftytwo
fortyfive fortyfive
thirtyeight thirtyeight
twentynine twentynine
thirtyfour thirtyfour
thirtythree thirtythree
twentysix twentyfive twentysix
twentyseven twentyseven
twenty twenty
fifteen fifteen
one one
two two
three three
