zero four five twelve thirteen twenty twentyone fifteen twentytwo twentynine thirtyfive thirtyfour thirtythree forty fortyseven fortyeight fiftyfive fiftyfour fiftythree sixty sixtyseven sixtysix sixtyfive sixtyfour seventy seventyseven seventyone seventyeight seventynine eighty eightyseven eightyeight eightyone eightytwo seventyfive sixtyeight sixtyone sixtytwo sixtythree fiftyseven fifty fiftyone fortyfour thirtyseven thirty twentythree twentyfour seventeen ten three two zero
43
four four
five five six
twelve twelve
thirteen fourteen
twenty twenty
fifteen fifteen
twentytwo twentytwo
twentynine twentynine
thirtyfive thirtyfive
thirtyfour thirtyfour
thirtythree thirtythree
forty thirtynine
fortyseven fortyseven
fortyeight fortyeight
fiftyfive fiftyfive
fiftythree fiftythree
sixty sixty
sixtyseven sixtyseven
sixtysix sixtysix
sixtyfive sixtyfive
seventy seventy
seventyseven seventyseven
seventyone seventyone
seventyeight seventyeight eightyfour
seventynine seventynine
eightyseven eightyseven
eightyeight eightynine ninetyfive eightyeight
eightyone eightyone
eightytwo eightytwo
seventyfive seventyfive
sixtyeight sixtyeight
sixtyone sixtyone
sixtytwo sixtytwo
fiftyseven fiftyseven
fifty fifty
fiftyone fiftyone
fortyfour fortyfour fortyfive
thirtyseven thirtysix thirtyseven
thirty thirty
twentyfour twentyfive twentyfour
ten ten
three three
two two
