0 20 79 12 36 86 15 150 92 182 59 89 83 104 4 31 5 173 63 13 17 33 78 6 51 183 120 98 90 28 84 121 9 194 94 82 113 11 85 144 43 29 75 62 176 34 179 48 46 2 66 134 132 69 41 30 55 193 80 54 16 96 100 24 56 65 21 52 74 19 153 50 93 26 37 68 72 22 71 58 81 18 39 184 7 76 97 67 116 130 64 73 122 95 3 88 10 8 57 40 91 1 61 25 38 14 188 77 49 87 47 35 42 99 32 53 20 0
98
53 53
32 32
99 99
42 42
35 35
47 47
87 87
49 49
77 77
14 14
38 38
25 25
61 61
1 1
91 91
40 40
57 57
8 8
10 10
88 88
3 3
95 95
73 73
64 64
116 60
67 67
97 27 97
76 76
7 7
39 39
18 18
81 81
58 58
71 71
22 22
72 72
68 68 23
37 37
26 26
93 93
50 50
19 19
74 74
52 52
21 21
65 65
56 56
24 24
96 96
16 16
54 54
80 80
55 55
30 30
41 41
69 69
66 66
2 2
46 46
48 48
34 34
176 45
62 62
75 75
29 29
43 43
85 85
11 11
82 82
94 94
9 9
84 84
28 28
90 90
98 98
183 44
51 51
6 6
78 78
33 33
17 17
13 13
63 63
5 5
31 31
4 4
83 83
89 89
59 59
182 70
92 92
15 15
86 86
36 36
12 12
79 79
20 20
0 0
