0 3 117 191 140 104 138 178 113 78 110 78 113 12 114 182 76 15 68 101 125 36 98 118 194 108 115 108 158 153 106 154 175 112 116 103 21 105 142 164 109 45 95 100 95 45 109 180 114 12 132 102 2 107 4 90 171 119 55 92 117 3 0
35
191 191
140 140
104 139
138 138
178 178
113 179
110 169 170 168
114 181 183 184 185
182 182
101 124 128 127 129 126 130
125 125
118 196 195
194 194
115 186 187
108 156 157 159 160
158 158
153 153
106 150 151 147 149 148 152
154 154
175 175
112 177 176 174 173 172
116 190 189 188
103 137 134 136 135
105 143 141 146 144 145
142 142
164 164
109 163 162 167 165 161 166
100 121 123 122 120
180 180
132 132
102 133 131
107 155
171 171
119 199 198 197
117 193 192
