Afghanistan Laos Kyrgyzstan Kuwait Kosovo Korea Kiribati Kenya Kazakhstan Jordan Japan Jamaica Italy Israel Ireland Iraq Iran Indonesia India Iceland Hungary Honduras HolySee Hesse Hawaii HanseaticRepublics Hanover Haiti Guyana GuineaBissau Guinea Guatemala Grenada Greece Ghana Germany Georgia Gabon France Finland Fiji Ethiopia Eswatini Estonia Eritrea EquatorialGuinea ElSalvador Egypt Ecuador Dominicanrepublic Dominica Djibouti Denmark Congo Czechoslovakia Czechi Cyprus Cuba Croatia CotedIvoire Costarica Comoros Colombia China Chile Chad Canada Cameroon Cambodia Cabo Burundi Burma Burkina Bulgaria Brunswick Brunei Brazil Botswana Bosnia Bolivia Benin Belize Belgium Belarus Bavaria Barbados Bangladesh Bahrain Baden Azerbaijan Austrian Austria Australia Armenia Argentina Antigu Angola Andorra Algeria Albania Afghanistan
100
Afghanistan Afghanistan
Laos Laos
Kyrgyzstan Kyrgyzstan
Kuwait Kuwait
Kosovo Kosovo
Korea Korea
Kiribati Kiribati
Kenya Kenya
Kazakhstan Kazakhstan
Jordan Jordan
Japan Japan
Jamaica Jamaica
Italy Italy
Israel Israel
Ireland Ireland
Iraq Iraq
Iran Iran
Indonesia Indonesia
India India
Iceland Iceland
Hungary Hungary
Honduras Honduras
HolySee HolySee
Hesse Hesse
Hawaii Hawaii
HanseaticRepublics HanseaticRepublics
Hanover Hanover
Haiti Haiti
Guyana Guyana
GuineaBissau GuineaBissau
Guinea Guinea
Guatemala Guatemala
Grenada Grenada
Greece Greece
Ghana Ghana
Germany Germany
Georgia Georgia
Gabon Gabon
France France
Finland Finland
Fiji Fiji
Ethiopia Ethiopia
Eswatini Eswatini
Estonia Estonia
Eritrea Eritrea
EquatorialGuinea EquatorialGuinea
ElSalvador ElSalvador
Egypt Egypt
Ecuador Ecuador
Dominicanrepublic Dominicanrepublic
Dominica Dominica
Djibouti Djibouti
Denmark Denmark
Congo Congo
Czechoslovakia Czechoslovakia
Czechi Czechi
Cyprus Cyprus
Cuba Cuba
Croatia Croatia
CotedIvoire CotedIvoire
Costarica Costarica
Comoros Comoros
Colombia Colombia
China China
Chile Chile
Chad Chad
Canada Canada
Cameroon Cameroon
Cambodia Cambodia
Cabo Cabo
Burundi Burundi
Burma Burma
Burkina Burkina
Bulgaria Bulgaria
Brunswick Brunswick
Brunei Brunei
Brazil Brazil
Botswana Botswana
Bosnia Bosnia
Bolivia Bolivia
Benin Benin
Belize Belize
Belgium Belgium
Belarus Belarus
Bavaria Bavaria
Barbados Barbados
Bangladesh Bangladesh
Bahrain Bahrain
Baden Baden
Azerbaijan Azerbaijan
Austrian Austrian
Austria Austria
Australia Australia
Armenia Armenia
Argentina Argentina
Antigu Antigu
Angola Angola
Andorra Andorra
Algeria Algeria
Albania Albania
