equinox analyst orange slice flow aisle houseplant seller jurisdiction essential paint clothes explicit referee secretary photograph hiccup union fibre disposition lamb twitch dry presidential chain funeral glove bark fish brick remark dollar farewell wilderness prejudice novel method muggy tropical mastermind corpse uncertainty band equinox
43
equinox equinox
orange orange
slice slice
flow flow
aisle aisle
houseplant houseplant
seller seller
paint paint
dollar dollar
farewell farewell
essential essential
jurisdiction jurisdiction
uncertainty uncertainty
glove glove
funeral funeral
chain chain
analyst analyst
remark remark
brick brick
fish fish
bark bark
twitch twitch
dry dry
presidential presidential
wilderness wilderness
prejudice prejudice
novel novel
method method
muggy muggy
tropical tropical
mastermind mastermind
corpse corpse
lamb lamb
disposition disposition
fibre fibre
union union
hiccup hiccup
photograph photograph
secretary secretary
referee referee
explicit explicit
clothes clothes
band band
