pump genetic parallel ghost unanimous button sticky separate reflection mouse plug judicial reject survival overlook freedom physical wage diagram guideline descent pipe anger brain wear literature exercise mud category engineer distributor impound privilege depressed range pedestrian prospect forest ground packet sentiment float ensure lemon row gloom innovation hierarchy affect nominate pursuit sit park pray sweet formulate sacrifice line consideration feign tip aspect minor fairy lot appearance admiration attractive title performance polish hallway linger valley rock leadership preoccupation need pump
78
pump pump
genetic genetic
parallel parallel
ghost ghost
unanimous unanimous
button button
sticky sticky
separate separate
reflection reflection
mouse mouse
plug plug
judicial judicial
reject reject
survival survival
overlook overlook
freedom freedom
physical physical
wage wage
diagram diagram
guideline guideline
descent descent
pipe pipe
anger anger
brain brain
wear wear
literature literature
exercise exercise
mud mud
category category
engineer engineer
distributor distributor
impound impound
privilege privilege
depressed depressed
range range
pedestrian pedestrian
prospect prospect
forest forest
ground ground
packet packet
sentiment sentiment
float float
ensure ensure
lemon lemon
row row
gloom gloom
innovation innovation
hierarchy hierarchy
affect affect
nominate nominate
pursuit pursuit
sit sit
park park
pray pray
sweet sweet
formulate formulate
sacrifice sacrifice
line line
consideration consideration
feign feign
tip tip
aspect aspect
minor minor
fairy fairy
lot lot
appearance appearance
admiration admiration
attractive attractive
title title
performance performance
polish polish
hallway hallway
linger linger
valley valley
rock rock
leadership leadership
preoccupation preoccupation
need need
