paint slam route finish indicate ambiguous learning complain determine glamorous ray desire inherit rake blade ice same floor thumb imported diligent measure nutty stink wooden paint
25
paint paint
slam slam
route route
finish finish
indicate indicate
ambiguous ambiguous
learning learning
complain complain
determine determine
glamorous glamorous
ray ray
desire desire
inherit inherit
rake rake
blade blade
ice ice
same same
floor floor
thumb thumb
imported imported
diligent diligent
measure measure
nutty nutty
stink stink
wooden wooden
