F1E81B DD07FF 6C010A 8417C8 CDC6D4 770D1A 17779E FFFD4B 573788 2334E8 851F90 D1967A 3B4B53 E3C2C9 2BF7B5 10520F 086D53 9A8DF4 191510 6B4619 CC9C14 A1F104 0F5860 002274 C3B3E7 91A0DC 2FEDFB 29D5D7 8015E0 93EBE3 D6CC7A B47658 5D0E2E 0CBC31 8F495E 13A782 E80628 14B430 C953A6 8B519F 2595F1 FFEEBD 614224 CF668A 7829D7 36C862 AEFF96 DCE144 205E5C 04439C 66048A 36590B 9096DB C9AF85 E5E6C0 BB4908 112AE7 94A561 77A0B5 490F1E D2BE39 783751 ABD8FE 20EAE7 846159 5BB557 1EC224 CEAC59 90451D BA3320 825EC5 151BC9 8F17C0 D8AAF4 A014A0 5F4E43 6B622D C45E71 1B337D 7E1C6C 4CAD30 5C7062 24743A A9F1B8 6B340B 1111F7 6966D7 1111F7 D4A75D 124C90 612FAA 8BFCAC 1D21D3 8EBF8A 239994 BDE94D DE6899 59843B EE2A22 4B97F1 14994D EB8E2E 596CF6 7D997B 85D6DB 230A7C 4B3F8A 86493E 0C73D8 7E78F3 1F842B B69F55 79BC3D 462226 396D53 813B05 6B644E 6CAF46 B7F75A EC4D08 E0BEFC 82A1F6 47FACD F1E81B
92
47FACD 47FACD
E0BEFC 28F6D1
B7F75A B7F75A
6CAF46 685D1A
813B05 813B05
396D53 396D53
B69F55 2CCB19 B69F55
1F842B 1F842B
7E78F3 7E78F3
0C73D8 E81014
86493E 86493E
230A7C 230A7C
85D6DB 63361A 85D6DB
7D997B E51A66
596CF6 596CF6
14994D 14994D
4B97F1 4B97F1
59843B 59843B
DE6899 DE6899
239994 239994
8EBF8A 8EBF8A
8BFCAC 8BFCAC
124C90 124C90
D4A75D D4A75D
6966D7 AE4A01 6966D7
6B340B 6B340B
A9F1B8 52C88C
5C7062 5C7062
4CAD30 4CAD30
7E1C6C 7E1C6C
C45E71 4A28BA
6B622D 6B622D
5F4E43 5F4E43
8F17C0 8F17C0
151BC9 151BC9
CEAC59 CEAC59
90451D 90451D
5BB557 5BB557
1EC224 293D59 4099A6 C4303B
93EBE3 93EBE3
8015E0 8015E0
29D5D7 29D5D7
2FEDFB 2FEDFB
C3B3E7 C3B3E7
002274 D337F2
0F5860 0F5860
A1F104 A1F104
CC9C14 CC9C14
191510 305D33
086D53 61199E 4A5708 F33196
10520F C3EF62
2BF7B5 2BF7B5
5D0E2E 6E313C
B47658 B47658
D6CC7A D6CC7A
846159 6D51F4
20EAE7 20EAE7
ABD8FE ABD8FE
783751 783751
490F1E 490F1E
77A0B5 77A0B5
94A561 94A561
BB4908 BB4908 C18C9B
E5E6C0 E5E6C0
C9AF85 C9AF85
9096DB 9096DB
36590B 36590B
66048A 66048A
205E5C BB40E6
DCE144 DCE144
AEFF96 AEFF96
36C862 36C862
7829D7 7829D7
614224 614224
FFEEBD FFEEBD
2595F1 8B6C2F
8B519F 8B519F
14B430 14B430
E80628 E80628
8F495E 8F495E
0CBC31 0CBC31
E3C2C9 E3C2C9
3B4B53 3B4B53
D1967A D1967A
851F90 851F90
573788 573788
FFFD4B FFFD4B
17779E 17779E
770D1A 770D1A
8417C8 8417C8
DD07FF 1E1095
F1E81B F1E81B
