7FD578 1AC5CE 283373 3E0BDD 2C376F E5D023 9B7F16 B40756 877D0E CE97C4 1BD5F4 2E60FC 1EE680 01684B 9F01C8 EEEA40 66B94B F4C859 4BCD0B 61D740 19E454 719360 981760 1176C9 853F1A 7FD578
21
9F01C8 9F01C8
66B94B 66B94B
61D740 61D740
2E60FC 2E60FC
01684B 859C0E 01684B
853F1A A085DD
3E0BDD 3E0BDD
1AC5CE 1AC5CE
1176C9 6C7BF0 1176C9
2C376F 2C376F
981760 FF39A5 981760
9B7F16 6CAF19 9B7F16
719360 E27C41
877D0E 877D0E
B40756 B40756
EEEA40 EEEA40
4BCD0B 7B7BDE
E5D023 E5D023
F4C859 F4C859
1EE680 1EE680
1BD5F4 1BD5F4
