188645 C0766C 07D80A 143B88 36D08C AFF8D1 7E5598 0FBCDC 7E5598 3B1041 3AA8C5 EF4D57 B7B073 A7E9D9 DBDC9A 94D700 3ADA02 61EDA9 E09D29 C98FE7 31D332 B86446 35F60D 2C101C CB09C0 E954F7 0D7DE7 467AB7 724A76 29B2A4 70146D 7E18E9 539A92 EC05F7 103C70 500783 35FF16 800641 ACB11D FF8D45 784F83 7BF2B5 37F745 8D0852 D443EB D7CAF9 825884 4B39CA 19FFAB 0801CC 1276AF B3243F 628AB2 D04F40 9B9BDD 2F1AB5 2EA2EE FA567E 0FB66D 188645
46
188645 188645
07D80A 07D80A
143B88 44716B
36D08C 6D778A
AFF8D1 AFF8D1
0FBCDC 0A5C0E 0FBCDC
3B1041 3B1041
EF4D57 EF4D57
B7B073 B7B073
A7E9D9 A7E9D9
DBDC9A A5CCB5 994F93 DBDC9A
94D700 94D700
3ADA02 3ADA02 D5356A
E09D29 E09D29
C98FE7 C98FE7
31D332 DD2694
B86446 4FBDE1
35F60D AA8E14
2C101C 2C101C
CB09C0 CB09C0
E954F7 E954F7
467AB7 467AB7
724A76 724A76
29B2A4 29B2A4
7E18E9 7E18E9
539A92 539A92
EC05F7 FD1783
500783 500783
800641 800641
ACB11D D01E6B
FF8D45 FF8D45
784F83 784F83
37F745 37F745
8D0852 8D0852
D443EB D443EB
D7CAF9 D7CAF9
825884 48C2D5
19FFAB 19FFAB
0801CC 9B0EC2
1276AF 1276AF
628AB2 628AB2
D04F40 D04F40
9B9BDD 9B9BDD
2EA2EE 84EBFF
FA567E B833F0
0FB66D 0FB66D
