engine teaching source error model tooth emphasis area drawer mind difficulty standard performance data promotion song space business situation meal significance town tool preparation police idea analyst country side step volume problem clothes money card moment time satisfaction girl tension process reputation tax buyer piano departure war figure measurement chapter engineering speech section beginning menu class age ear accident delivery member teacher director machine choice fact variation view temperature dealer bus grandmother editor beer singer secretary dirt material flight sport interaction answer funeral drawing ratio politics education failure two series aspect eye light worker leadership office energy understanding sympathy birth engine
100
engine engine
teaching teaching
source source
error error
model model
tooth tooth
emphasis emphasis
area area
drawer drawer
mind mind
difficulty difficulty
standard standard
performance performance
data data
promotion promotion
song song
space space
business business
situation situation
meal meal
significance significance
town town
tool tool
preparation preparation
police police
idea idea
analyst analyst
country country
side side
step step
volume volume
problem problem
clothes clothes
money money
card card
moment moment
time time
satisfaction satisfaction
girl girl
tension tension
process process
reputation reputation
tax tax
buyer buyer
piano piano
departure departure
war war
figure figure
measurement measurement
chapter chapter
engineering engineering
speech speech
section section
beginning beginning
menu menu
class class
age age
ear ear
accident accident
delivery delivery
member member
teacher teacher
director director
machine machine
choice choice
fact fact
variation variation
view view
temperature temperature
dealer dealer
bus bus
grandmother grandmother
editor editor
beer beer
singer singer
secretary secretary
dirt dirt
material material
flight flight
sport sport
interaction interaction
answer answer
funeral funeral
drawing drawing
ratio ratio
politics politics
education education
failure failure
two two
series series
aspect aspect
eye eye
light light
worker worker
leadership leadership
office office
energy energy
understanding understanding
sympathy sympathy
birth birth
