maintenance wife obligation cause bread price contract marketing style reputation focus description philosophy beer selection photo complaint resolution economy volume chest example future sister woman rock income competition church property feature inspection war sign version depression difficulty day context movie action object salad role rate account driver population average career maintenance
50
maintenance maintenance
career career
population population
average average
resolution resolution
account account
driver driver
style style
rate rate
role role
salad salad
marketing marketing
photo photo
description description
reputation reputation
focus focus
selection selection
beer beer
philosophy philosophy
woman woman
contract contract
feature feature
complaint complaint
volume volume
economy economy
chest chest
property property
sister sister
future future
example example
church church
competition competition
income income
rock rock
war war
inspection inspection
day day
difficulty difficulty
depression depression
version version
sign sign
context context
movie movie
action action
object object
price price
bread bread
cause cause
obligation obligation
wife wife
