context interaction fat attempt care currency anxiety state thanks bedroom farmer store bit soil ability aspect departure while reality wood construction satisfaction bread teaching road context
25
context context
road road
teaching teaching
bread bread
aspect aspect
construction construction
ability ability
soil soil
satisfaction satisfaction
reality reality
wood wood
bit bit
thanks thanks
bedroom bedroom
farmer farmer
store store
fat fat
interaction interaction
departure departure
while while
state state
anxiety anxiety
currency currency
care care
attempt attempt
