S Q AE AN CL K AX B BD C W BK U O BP A CV J Z BR AA AN BY CB CN I AZ D AF P AT E CF L AQ J AS AW AJ CT AM AN BS Q BC Q BW AW CS H CK AC BX AB BI V T R AP M CM F BL G CD N Y AY X AI S
64
S S
AI AI
X X
BK BK
U U
O O
AF AF
AB AB AL
BL BL
A A
BD BD
C C BG
BX BX
AN CO AK BO AD CR BB AG CJ CH BQ AV CQ CW BN AN
BW BW
AC CC AC
CK CK
H H
CS CS
CB CB CA
BY BY
N N
AX AX
B B
W W
AM AM
D D
CV CV
E E
BP BP
AZ AZ
I I AU BE
BS BS
J J
AS AS
CT CT AH
AJ AJ
AW AW AO BU BF BM
Z Z
AY AY
Y Y
BR BR
AA AA
BI BI
G CU G
CD CD
F F
CM CM
M M
CN CN
AT AT
P P
CF CF
L L
AQ AQ
CL CL
K K AR CI CP CE BZ BJ BT BH BV
AE AE
AP AP
R R
T T
V V
BC BC
Q Q BA
