Bowles Calvin Bowles Mulford Latimer Edwards Latimer MLK Hearst Jacob Hertz CVStarr Unit3 CKerr Unit3 CVStarr Hertz Jacob Foothill Davis Hildebrand Davis Foothill Haviland Morgan Haviland Foothill Dwinelle HearstAnnex Dwinelle Haas Crossroads Lawrence UCTheatre Lawrence Crossroads Haas Dwinelle Foothill Jacob TopDog Starbucks Chipotle Starbucks TopDog Jacob Evan Blackwell Evan SigmaPhiOmega BearFoodCourt Hargrove MemorialStadium Campbell Stanley LeConte Campanile Wurster McCone Spats Stonefire PiLambda Stonefire Spats McCone Wurster Campanile Bongo Campanile LeConte VLSB Boalt Kresge Gregoire Kah Sutardja Wellman Moses Pimentel Stacks Pimentel Moses Greek Unit2 Wolf StrawberryCreek Wilde Bechtel Baker Strada Baker Bechtel Minor Memorial Maxwell Memorial Minor Bechtel Birge Bowles
45
Bowles LaVals
Calvin Graduate Etcheverry Calvin
Mulford Crescent Mulford
Edwards Easterly Edwards
MLK Rochdale
Unit3 Unit3
CKerr CKerr Ridge WayWest
Foothill Foothill Unit1
Davis Browns
Hildebrand YogurtPark Hildebrand
Morgan Morgan Martinez
HearstAnnex Lothlorien HearstAnnex
Haas Pavilion Haas
UCTheatre NCEM UCTheatre
Crossroads Crossroads
Chipotle Chipotle MFoundry
TopDog Barker GammaPhiBeta
Blackwell GenPlantBio Blackwell
Evan Cloyne Evan
BearFoodCourt BearFoodCourt
Campbell Koshland Doe Campbell
LeConte RSF ALS
PiLambda PiAlphaPhi PiLambda
Spats Spats
Wurster Wurster Zellerbach
Bongo Cheeseboard ShengKee Bongo
Campanile Campanile
VLSB NorthGate VLSB
Boalt Boalt
Kresge Castro PeoplesPark Kresge
Sutardja Sutardja
Wellman Wellman
Moses Gypsys Moses
Stacks Stacks Sherman
Greek Safeway Greek
Unit2 IndianRock Unit2
Wolf Wolf
StrawberryCreek StrawberryCreek
Wilde Wilde
Strada RoseGarden Strada
Baker Simons Baker Daiso
Memorial AlphaSigmaPhi TacoBell
Maxwell Barrows Maxwell
Bechtel Extension
Birge Birge
