Wheeler Doe Campanile LeConte Birge Campbell Haviland Koshland Stonefire Haas Faculty FSM Baker McCone BigC Pavilion Simons Koja Simons Pavilion BigC McCone Baker FSM Faculty Haas Minor Memorial McLaughlin South Stephens HearstAnnex Anthony GBC WayWest Cloyne Cafe3 Hearst Davis Kresge Normandy Cheit Soda Sather Soda Moffitt VLSB Etcheverry Latimer Evans Morrison Greek Bechtel Greek Lewis Kroeber Hertz Morrison Evans Wheeler
27
Wheeler Sproul Dwinelle
Birge Birge
Koshland RSF
Stonefire Stonefire
Haas Haas
Baker Fiji Baker
McCone CKerr
Simons Unit2
Koja Legends TriDelta
Pavilion PeoplePark
Minor Hargrove
Memorial IHouse
McLaughlin McLaughlin
Stephens Moses
Anthony Anthony
WayWest Warren Metropolitan
Cloyne Cloyne
Hearst Hearst
Davis Davis
Cheit Cheit
Sather Barker OCF Martinez Unit3
Moffitt Moffitt
Etcheverry Etcheverry
Latimer Foothill
Bechtel Bechtel Jacobs
Kroeber Kroeber Boalt
Morrison Morrison
