0 11 3 4 3 29 75 3 57 31 25 31 89 64 35 13 17 77 17 68 17 70 65 5 81 10 20 86 0 100 104 100 102 100 101 112 101 108 101 109 101 111 101 110 101 113 101 115 101 100 107 100 103 100 105 100 106 100 0
37
57 57 21
31 53 31
25 59 24 25
89 1 89 26
35 35
64 7 72
11 58 55
3 51 56
29 29
75 54 18 75 28
4 14 87 96 63 4 49
20 20 43
10 10 99 83
81 82 81
86 86 90 85 98 62
5 42 5
65 65
70 70
17 66 17
77 22 77
68 68 44
13 13
100 100
104 136 104
102 118 102 124 121 123
101 198 101 117
112 182 112 179 180
108 156 158 154 160
109 167 109
111 177 178
110 169 171 168 175 172 173
113 189 113 188
115 196 194
107 152 153 151
103 127 128 130
105 105 138
106 106 147 149 142 144 146 145
