86 125 49 122 40 149 39 177 18 51 61 30 79 8 23 66 60 1 42 11 3 19 180 53 115 89 62 138 12 48 143 181 32 157 81 107 104 62 84 88 199 188 198 108 44 134 36 20 38 135 52 114 54 67 2 63 75 171 10 9 26 186 172 131 126 98 91 147 113 182 100 68 22 142 4 183 109 145 167 140 25 150 161 163 7 101 133 116 58 93 114 94 188 139 47 188 71 78 76 99 87 127 72 95 156 37 73 147 184 151 192 43 92 127 97 171 129 111 121 131 196 186 120 86
89
125 125
122 122
40 64
149 149
177 177
51 51
61 69
30 30
79 21 137
8 8
23 185
66 66
1 1
11 11
19 19
180 106
53 53
89 89
138 138
12 123
48 48
143 117 6
181 181
32 175 159
157 157
107 107
104 189
84 84
88 27
199 199
198 198
44 44
36 36
20 82
38 38
52 52
54 54
2 2
63 74
75 75
10 10
9 13 110
26 26
172 56
126 126
98 173
91 91
113 113
182 174
100 100
68 90 35
22 22
4 179
183 183
109 5
145 145
167 146 132
140 140
25 153 154 158
150 150
163 163
101 101
133 152
116 116
58 28
93 93
114 105
94 94
139 139
47 41
71 71
78 148 14
76 76
87 87
72 72
95 57
156 156
73 73
147 45
184 184
151 17 160 194
192 192
92 92
97 97
129 129
121 121
196 196
186 169
120 120
