110 26 90 132 163 15 67 91 145 190 122 127 3 138 55 39 171 176 11 142 13 160 98 189 178 148 74 172 92 169 54 47 45 73 76 94 20 25 41 192 40 30 170 14 193 123 43 101 121 131 6 140 51 141 83 18 19 52 165 22 53 175 1 36 79 149 126 147 107 0 154 29 28 103 199 152 64 96 50 56 161 182 85 87 66 60 100 72 44 168 124 81 159 38 181 99 195 77 110
98
110 110
26 26
90 90
132 132
163 163
15 15
67 67
91 91
145 145
190 190
122 122
127 127
3 3
138 138
55 55
39 39
171 171
176 176
11 11
142 142
13 13
160 160
98 98
189 189
178 178
148 148
74 74
172 172
92 92
169 197 169
54 54
47 47
45 45
73 73
76 76
94 94
20 20
25 25
41 41
192 192
40 40
30 30
170 170
14 14
193 193
123 123
43 43
101 101
121 121
131 131
6 6
140 140
51 51
141 141
83 83 5
18 18
19 19
52 52
165 165
22 22
53 53
175 175
1 1
36 36
79 79
149 149
126 126
147 147
107 107
0 0
154 154
29 29
28 28
103 103
199 199
152 152
64 64
96 96
50 50
56 56
161 161
182 182
85 85
87 87
66 66
60 60
100 100
72 72
44 44
168 168
124 124
81 81
159 159
38 38
181 181
99 99
195 195
77 77
