Location0 Location43 Location19 Location6 Location24 Location115 Location37 Location45 Location37 Location2 Location14 Location75 Location33 Location23 Location107 Location40 Location8 Location1 Location41 Location4 Location7 Location21 Location26 Location20 Location117 Location5 Location12 Location39 Location17 Location110 Location105 Location30 Location29 Location121 Location58 Location80 Location18 Location42 Location44 Location13 Location10 Location28 Location9 Location25 Location43 Location0
38
Location1 Location1 Location31
Location2 Location2
Location4 Location4
Location5 Location5
Location6 Location6
Location7 Location7
Location8 Location8
Location9 Location9
Location10 Location10
Location12 Location12
Location13 Location13
Location14 Location14 Location22
Location17 Location3 Location17 Location11
Location18 Location18
Location19 Location19
Location20 Location20
Location21 Location21
Location23 Location23
Location24 Location24 Location35
Location25 Location25 Location34
Location26 Location26
Location28 Location28
Location29 Location29
Location30 Location30
Location33 Location33
Location37 Location37
Location39 Location39
Location40 Location40
Location41 Location41
Location42 Location42
Location43 Location43
Location44 Location44
Location45 Location36 Location45
Location80 Location27
Location105 Location32
Location107 Location15
Location110 Location38
Location115 Location16
