1 8 87 130 102 99 103 193 151 86 27 26 6 20 49 50 136 171 13 3 182 189 74 200 59 69 116 10 84 60 44 75 140 150 61 95 2 141 184 88 124 36 77 164 31 131 176 21 101 144 143 159 174 70 81 58 89 97 177 56 161 68 111 85 9 41 137 156 35 139 133 80 83 37 42 34 55 138 47 82 53 110 126 51 162 106 157 129 33 169 57 165 167 16 92 127 198 1
97
1 1
8 8
87 87
130 130
102 102
99 99
103 103
193 193
151 151
86 86
27 27
26 26
6 6
20 20
49 49
50 50
136 136
171 171
13 13
3 3
182 182
189 189
74 74
200 200
59 59
69 69
116 116
10 10
84 84
60 60
44 44
75 75
140 140
150 150
61 61
95 95
2 2
141 141
184 184
88 88
124 124
36 36
77 77
164 164
31 31
131 131
176 176
21 21
101 101
144 144
143 143
159 159
174 174
70 70
81 81
58 58
89 89
97 97
177 177
56 56
161 161
68 68
111 111
85 85
9 9
41 41
137 137
156 156
35 35
139 139
133 133
80 80
83 83
37 37
42 42
34 34
55 55
138 138
47 47
82 82
53 53
110 110
126 126
51 51
162 162
106 106
157 157
129 129
33 33
169 169
57 57
165 165
167 167
16 16
92 92
127 127
198 198
