0 15 14 3 14 12 16 17 13 9 20 21 30 35 37 38 41 38 36 42 36 38 37 35 30 34 33 47 44 48 44 47 33 34 30 29 23 24 26 24 23 29 30 21 20 18 7 8 7 18 20 9 13 17 16 12 14 15 0 50 100 150 199 198 194 197 183 184 180 185 187 188 186 192 186 188 191 188 187 185 180 179 173 174 176 174 173 179 180 171 170 168 157 158 157 168 170 159 163 167 166 162 164 153 164 165 150 100 115 114 103 114 112 116 117 113 109 120 118 107 108 107 118 120 121 130 135 137 138 141 138 136 142 136 138 137 135 130 134 133 147 144 148 144 147 133 134 130 129 123 124 126 124 123 129 130 121 120 109 113 117 116 112 114 115 100 50 65 64 62 66 67 63 59 70 71 80 84 83 97 94 98 94 97 83 84 80 85 87 88 91 88 86 92 86 88 87 85 80 79 73 74 76 74 73 79 80 71 70 68 57 58 57 68 70 59 63 67 66 62 64 53 64 65 50 0
65
0 1
3 3 2
13 4
9 10
41 41 40
42 46 42
36 36
30 22
47 47
44 44
48 49 48
33 33
23 27
24 24
26 26 25
8 5 6
50 51
150 151
199 199
198 198
194 194
197 197
183 183
180 172
192 192 196
186 186
191 190 191
174 174
176 176 175
173 177
158 156 155
159 160
163 154
153 153 152
100 101
103 103 102
113 104
109 110
108 106 105
141 141 140
136 136
142 142 146
147 147
148 149 148
144 144
133 133
130 122
124 124
126 126 125
123 127
98 98 99
94 94
97 97
83 83
91 91 90
86 86
92 92 96
80 72
74 74
76 76 75
73 77
58 55 56
59 60
63 54
53 53 52
