31 107 112 127 77 42 148 83 80 143 90 47 121 114 48 99 156 140 45 94 149 82 152 88 9 28 4 160 67 108 93 147 49 27 106 123 117 103 22 86 7 68 66 14 115 81 13 131 119 141 20 34 30 6 58 32 134 138 110 60 69 38 64 35 125 89 8 29 33 120 12 137 186 199 179 180 193 197 171 169 195 184 170 198 173 164 188 168 175 196 167 46 52 128 65 31
95
107 107
112 146 112
127 127
77 77
42 42
148 148
83 83
80 80
143 143
90 90
47 47
121 121
114 114
48 48
99 99
156 156
140 140
45 21 45
94 94
149 149
82 82
152 152
88 88
9 9
28 28
4 4
160 160
67 67
108 108
93 93
147 147
49 49 78
27 27
106 106
123 123
117 117
103 103
22 22
86 86
7 7
68 68
66 66
14 14
115 115
81 81
13 13
131 131
119 119
141 141
20 20
34 34
30 30
6 6
58 58
32 32
134 134
138 138
110 110
60 60
69 69
38 38
64 64
35 35
125 125 151
89 89
8 57
29 29
33 105 33
120 120
12 12
137 137
186 186
199 199
179 179
180 180
193 191
197 197
171 171
169 169
195 195
184 184
170 170
198 198
173 173
164 164
188 188
168 168
175 175
196 196
167 167
46 46
52 52
128 128
65 65
31 74
