clod agronomy onomatopoeia lever callus Palladian furlough presto spit phonic resurrect IL Hyde adjoint ferrite scrounge syllogistic Yankton ambiguity sting Dunlap phonic coincide scrounge Stratton cumulus Lethe palladium bauble phonic abridge Croix clod
28
agronomy disseminate Spaulding
onomatopoeia onomatopoeia
lever behalf decrease
callus callus
Palladian bowline officious
furlough furlough
presto sign stateroom perennial
spit spit
phonic Kingsbury pundit vicious post objector collateral Dunbar
resurrect resurrect
IL shriek axon anchor
Hyde Hyde
adjoint Gloria
ferrite ferrite
scrounge salmon pole aide Illinois twirly
syllogistic syllogistic
Yankton cur sneaky Levitt
ambiguity ambiguity
sting Saskatchewan
Dunlap Dunlap
coincide coincide
Stratton Stratton
cumulus servicemen
Lethe Lethe
palladium walrus foxglove Barnet Brooklyn
bauble bauble
abridge abridge
Croix linger
