state voltmeter controversial purple sepulchral Jennifer registrant peacock Whelan servile cache maidservant lobby carouse freehold impure heifer McDonald curbside impure supremum limbic regal peacock infuse mortgagor Adamson catnip gun purple bibliophile Jennifer foursome purple gavotte Jennifer his servile stereography Jennifer athletic limbic presto slake grade crewcut rent Marie hypothetic maidservant bald McDonald Eva mortgagor dame catnip rocky McDonald texture slake eidetic carouse Zellerbach Jennifer knick McDonald driveway duct state
49
voltmeter value
controversial controversial
purple circumstantial hyphen Della pairwise whatsoever clasp omicron
sepulchral sepulchral
Jennifer Augean stingy shrugging lonesome firebug Darwin flexural compunction watery bloc joke Calkins begot
registrant registrant
peacock Protista turnout anatomy
Whelan Whelan
servile backgammon hungry
cache cache
maidservant Steiner exhortation complacent harrow
lobby lobby
carouse Albert border
freehold freehold
impure Ridgway knurl
heifer heifer
McDonald fireplace Arden cohere Cinderella whirligig Evans motet scriptwriter
curbside curbside
supremum supremum
limbic debenture opossum
regal regal
infuse infuse
mortgagor cocaine uptown Yaounde Edmonds sanatoria
Adamson Adamson
catnip huge trivium eggplant wrack
gun gun
bibliophile bibliophile
foursome foursome
gavotte gavotte
his his
stereography stereography
athletic athletic
presto presto
slake Waterbury octane
grade grade
crewcut Adler
rent rent
Marie retardation ash monk fleawort Lizzie hallelujah charcoal
hypothetic hypothetic
bald bald
Eva Eva
dame dame
rocky rocky
texture texture
eidetic eidetic
Zellerbach Zellerbach
knick knick
driveway driveway
duct dumpling jackass scaup serge
