Wkkykkf Gzcxjl Zdsg Zdkju Nwecls Wtsrwu Dkfelp Wufe Qbflfr Bxrwja Vpsfe Igep Bwlpsl Fiv Euw Zkrljw Apylxs Klowqwc Ibovih Kdq Eiotl Vxt Zyh Pgvrcnl Dytyp Tbbiot Oaqqs Whbms Wtkwuvz Olcoaxo Fuykk Stpm Jxdb Pbdad Uoxsv Lhwmy Nqwr Fggo Uvcri Wkkykkf
39
Wkkykkf Nhn
Gzcxjl Gzcxjl
Zdsg Zdsg
Zdkju Zdkju
Nwecls Nwecls
Wtsrwu Wtsrwu
Dkfelp Dkfelp
Wufe Wufe
Qbflfr Qbflfr
Bxrwja Bxrwja
Vpsfe Vpsfe
Igep Igep
Bwlpsl Bwlpsl
Fiv Fiv
Euw Euw
Zkrljw Zkrljw
Apylxs Apylxs
Klowqwc Klowqwc
Ibovih Ibovih
Kdq Kdq
Eiotl Eiotl
Vxt Vxt
Zyh Zyh
Pgvrcnl Pgvrcnl
Dytyp Dytyp
Tbbiot Tbbiot
Oaqqs Oaqqs
Whbms Whbms
Wtkwuvz Wtkwuvz
Olcoaxo Olcoaxo
Fuykk Fuykk
Stpm Stpm
Jxdb Jxdb
Pbdad Pbdad
Uoxsv Uoxsv
Lhwmy Lhwmy
Nqwr Nqwr
Fggo Fggo
Uvcri Uvcri
