142 167 151 159 45 8 163 100 34 175 130 58 147 27 72 145 139 153 181 18 103 85 187 132 39 115 5 185 22 149 63 171 140 171 135 97 164 59 21 150 99 54 14 134 52 178 195 158 69 64 122 128 68 152 41 133 33 9 92 16 177 126 12 197 38 118 190 183 0 26 60 78 186 78 91 3 174 4 46 148 108 160 77 143 90 111 106 66 137 48 137 121 142
51
167 167
151 151 93 144
159 159
8 31
34 34
58 58
145 145
139 30
153 23
181 181
85 89
39 39
115 115
22 22
63 63 35
140 129 140
97 97
21 21 157
150 150
99 141
14 14
178 178
195 195
158 158
69 69
64 64
41 41
133 133
33 33
9 7
92 70
16 16
177 177
197 197
38 38
183 183
60 124 60
186 55 186
91 91
3 3
174 174
4 4
46 46
108 108
77 77
90 90
106 127 106
66 44
137 137
48 76 48
121 121
