149 14 68 75 59 4 16 96 100 76 2 45 80 20 18 37 44 51 74 23 79 29 43 28 33 66 64 7 11 6 25 5 10 90 89 1 83 34 85 21 56 13 52 49 26 3 40 65 12 58 73 32 92 81 70 84 22 38 55 47 150 8 17 78 53 31 93 94 39 87 54 88 71 61 9 46 27 86 15 98 77 82 91 95 67 50 62 30 41 19 60 63 57 72 69 42 36 48 97 24 149
99
14 14
68 68
75 75
59 59
4 4
16 16
96 96
100 100
76 76
2 2
45 45
80 80
20 20
18 18
37 37
44 44
51 51
74 74
23 99 23
79 79
29 29
43 43
28 28
33 33
66 66
64 64
7 7
11 11
6 6
25 25
5 5
10 10
90 90
89 89
1 1
83 83
34 34
85 85
21 21
56 56
13 13
52 52
49 49
26 26
3 3
40 40
65 65
12 12
58 58
73 73
32 32
92 92
81 81
70 70
84 84
22 22
38 38
55 55
47 47
150 35
8 8
17 17
78 78
53 53
31 31
93 93
94 94
39 39
87 87
54 54
88 88
71 71
61 61
9 9
46 46
27 27
86 86
15 15
98 98
77 77
82 82
91 91
95 95
67 67
50 50
62 62
30 30
41 41
19 19
60 60
63 63
57 57
72 72
69 69
42 42
36 36
48 48
97 97
24 24
