myBc2oGXtwQIbhN8LZB1 vy2boLWO2lxg10y7uS0y 6X2CNJieZ0I5rs3Wfu65 nmetx4LmU9YBYTmghDrT 1ZOzWuPMAgV9noIUn6fI FMx2ghinkTg3bXUUbaTx jHmvxfAZsjs2mCnHbbFf 4jo8IXw984NR3wvT2Dr9 5f6BSghRQWi4UfjviKjn e3j3O8zLHFaoF4L54lX4 wqC51QdeDTq2cT8foWJ0 X0l14s0sRXjXSeLRZLOJ zWpsWJk9vbOt0JkC0vhz jy3jNWgqegakpFSv6gUm oTKjE2BVS0AvV4XvUeLk 6yzFaM9N8M8BsjLACDds yAYyOcL4ZKdEiLdSPQJm RBvtNZMBTgecfVkYzQF0 w5Yg5o0VnYd77fs4XPRL j2d1svPUTAqQIDPXwffl lRM59z2yUMoVl3kzgo9u bVCSBWLjvEmxQEUvDzc4 qz4O4bOhKA0YZxpN4mu9 C4VxHS7oWghMg001nCqT lYkJhGqsFKbDklNelAfr GvRFaXYJvrU5PAeeG88T MrSQPZSbMdgYshneAfKf saIZq3FqZhdVPNoQWmqU ki0pv73E3TweydEr2xMN o9aZyqilfPONdyLlpTRX m1eNgjuhkxodElFqqgdb EY74ASuADSlYlDTJLkL6 uNXUIWejT1w4vLTe7QBt VThEkwdtHmaZ1zsmfh4s LJTA7Za5kd0YC7vjiAyc 69TQpRojisYUrVnWqBaA 9OL9rFCWxsvkui0BnJrR q1ntlEPy5TkjTDK1N7QA fbJ1XhavEsRSCGVVB1U1 olDP1pNg8HxpvCq8TOIJ K674cUKePzN7aRSq4iqU o53aRQwjhcCKlIFPSjvf o2dWBGyrvosFrr6mKxkG SUNxIlWVwIvWYg6OTKeH wy0RiFWOddqgqdcatQ9A ZhHxBzOYsJAOHrqq4mZM UMmbOoOKP6EkLMuN70H3 RpB10dFWsUl9DC779n8X KtbSULrz2h1IxsKP2DHz fpPjeU3Q7Ml0oxbNnONE myBc2oGXtwQIbhN8LZB1
49
vy2boLWO2lxg10y7uS0y vy2boLWO2lxg10y7uS0y
6X2CNJieZ0I5rs3Wfu65 6X2CNJieZ0I5rs3Wfu65
nmetx4LmU9YBYTmghDrT nmetx4LmU9YBYTmghDrT
1ZOzWuPMAgV9noIUn6fI 1ZOzWuPMAgV9noIUn6fI
FMx2ghinkTg3bXUUbaTx FMx2ghinkTg3bXUUbaTx
jHmvxfAZsjs2mCnHbbFf jHmvxfAZsjs2mCnHbbFf
4jo8IXw984NR3wvT2Dr9 4jo8IXw984NR3wvT2Dr9
5f6BSghRQWi4UfjviKjn 5f6BSghRQWi4UfjviKjn
e3j3O8zLHFaoF4L54lX4 e3j3O8zLHFaoF4L54lX4
wqC51QdeDTq2cT8foWJ0 1GbSD7rTlpNb4qV46SKR
X0l14s0sRXjXSeLRZLOJ X0l14s0sRXjXSeLRZLOJ
zWpsWJk9vbOt0JkC0vhz zWpsWJk9vbOt0JkC0vhz
jy3jNWgqegakpFSv6gUm jy3jNWgqegakpFSv6gUm
oTKjE2BVS0AvV4XvUeLk oTKjE2BVS0AvV4XvUeLk
6yzFaM9N8M8BsjLACDds 6yzFaM9N8M8BsjLACDds
yAYyOcL4ZKdEiLdSPQJm yAYyOcL4ZKdEiLdSPQJm
RBvtNZMBTgecfVkYzQF0 RBvtNZMBTgecfVkYzQF0
w5Yg5o0VnYd77fs4XPRL w5Yg5o0VnYd77fs4XPRL
j2d1svPUTAqQIDPXwffl j2d1svPUTAqQIDPXwffl
lRM59z2yUMoVl3kzgo9u lRM59z2yUMoVl3kzgo9u
bVCSBWLjvEmxQEUvDzc4 bVCSBWLjvEmxQEUvDzc4
qz4O4bOhKA0YZxpN4mu9 qz4O4bOhKA0YZxpN4mu9
C4VxHS7oWghMg001nCqT C4VxHS7oWghMg001nCqT
lYkJhGqsFKbDklNelAfr lYkJhGqsFKbDklNelAfr
GvRFaXYJvrU5PAeeG88T GvRFaXYJvrU5PAeeG88T
MrSQPZSbMdgYshneAfKf MrSQPZSbMdgYshneAfKf
saIZq3FqZhdVPNoQWmqU saIZq3FqZhdVPNoQWmqU
ki0pv73E3TweydEr2xMN ki0pv73E3TweydEr2xMN
o9aZyqilfPONdyLlpTRX o9aZyqilfPONdyLlpTRX
m1eNgjuhkxodElFqqgdb m1eNgjuhkxodElFqqgdb
EY74ASuADSlYlDTJLkL6 EY74ASuADSlYlDTJLkL6
uNXUIWejT1w4vLTe7QBt uNXUIWejT1w4vLTe7QBt
VThEkwdtHmaZ1zsmfh4s VThEkwdtHmaZ1zsmfh4s
LJTA7Za5kd0YC7vjiAyc LJTA7Za5kd0YC7vjiAyc
69TQpRojisYUrVnWqBaA 69TQpRojisYUrVnWqBaA
9OL9rFCWxsvkui0BnJrR 9OL9rFCWxsvkui0BnJrR
q1ntlEPy5TkjTDK1N7QA q1ntlEPy5TkjTDK1N7QA
fbJ1XhavEsRSCGVVB1U1 fbJ1XhavEsRSCGVVB1U1
olDP1pNg8HxpvCq8TOIJ olDP1pNg8HxpvCq8TOIJ
K674cUKePzN7aRSq4iqU K674cUKePzN7aRSq4iqU jjCSZnB5168QDqTrFROq
o53aRQwjhcCKlIFPSjvf o53aRQwjhcCKlIFPSjvf
o2dWBGyrvosFrr6mKxkG o2dWBGyrvosFrr6mKxkG
SUNxIlWVwIvWYg6OTKeH SUNxIlWVwIvWYg6OTKeH
wy0RiFWOddqgqdcatQ9A wy0RiFWOddqgqdcatQ9A
ZhHxBzOYsJAOHrqq4mZM ZhHxBzOYsJAOHrqq4mZM
UMmbOoOKP6EkLMuN70H3 UMmbOoOKP6EkLMuN70H3
RpB10dFWsUl9DC779n8X RpB10dFWsUl9DC779n8X
KtbSULrz2h1IxsKP2DHz KtbSULrz2h1IxsKP2DHz
fpPjeU3Q7Ml0oxbNnONE fpPjeU3Q7Ml0oxbNnONE
