PlmPdVeiiHQg3JYZCDWt xcisI0PJDdG9nIuyj3IS yD8JCRUWcVAZxJ4ZDldr m1A3pMC42PQioFziqK5C uNMLlt0W1KUwk2d6EP98 VuvjJGf6deKVAQ0JUD4i TpLamlzpT6GwerxzVsxr PIekFeWZsA6etqyFB2SF UkqILZ2p4EbRuMBIrGXp irZyMKazQALnyfoOCtbL cYMPcE5UNSzOtkRY62gr VXU331oDUcuzaGGUYIl9 iFXIyHTPBX7ivXxsV1VM g0ywcwildP9K6oBendJq KOLHrmR3FKDMdl4SYdK9 cUanhOambcNkocePqfvx CofLnw0Ss4pVGWmPS5oO 3M9YkxmgHhrzhCgskWR0 dsndgEJWfBsFA2I3Hgqf zforAf5jhSPEL0aOiCeo GzSNGBn4EPemDLEWXNxx 4S2YiI3VYPKghkl95iqK EVtx7khff7Fs8yuuQKJx uaR7l3Qhn4FRAnSeVURz ANdko3dYAy7a2BOq7wpm nKDJ3ylOzub2eWcHnAhq E8pbRn7LIeWnB3swkYzz RuUdtXtfFCKpaLUcmsqg a06qeiApctGnC1GMtGuJ XdyhPab6W9wOZnKLq1fq 9zoM12ZWjXrKaszveCQH o85TEEBuzMbePdf5cbCv ML4pCjYl4gPEwSnvlRaD E59siIyngnj5PIsLeowv WErk2X2lm629vuxPHVtl BWhyt9wATIprZDhzxwVv 1tmkPhHujDQhTmW4oV7S WsVMGV8yZisK6ojnqzBE Osa2UT4anhyBl7doUFs5 SNmFiRdCmf8vg1yMqr30 AmAHnr1XXkPpwJ6DUDIO JakuJordFcO229c3L5ct EY9cQTmyqhrzeZsobQa5 YFXFh0nBpGYXfL8mfny3 jVItWJkETNqrkY47Hghp 3rqlQRwe5izypHjXjWla kaVGl3oG0Ulg2MgkbJB8 kwA1qrRggH9YLKcVfIe5 2chOacZ5nNYuf6eeGFSW KjQNU2EAAYEZSeJWPxLM DF1KTiOHBIkswyjh8uB1 89uQTJVvGaob2884UTbx Vh6ScHVb39wz7CmKwIuA W9TKm0U6bNDZ1Aok7hNH dvxgUZzwjHAP85QpElWp NXYVlLN4oRDZThND0BmP 4QLswP82Wvxw9Z42obzh PWUaVYPeofxjJdT472wG IxWh6LSiXwGUWSx9VJ39 NA24XhOMsROCBnUViAJT tX1uDaXm9hMlEKqU7m9j 48BAUsycKlkSkbOjYLFN 2Cz4Y4eG1XIezf9qpdQl 1wRG7TNgo9ui6iZBLuaw nsq4rhHWMCaIVcah5fcd Zzs5CIqF9Ll2avkxI78N nplSyFCfwWl94XgtPFkm Dwi7fYT8wa9I4Kzyto4Y x5UVX06335fM5pfCNBMU MSj6zOuZ0EoAKjP4wXXW C6w7afZujemehEooILjN Tr6dOTuKB3EM5juuJxqy N5YDsCDN1lKguyHbn4Zb ELEJN8tWDJT7mLhCdqW3 76b3evP8JEiQ8c6jd2b5 YIxKvTpWMaQKGFtD5BDH YmmIBqqdn3Z6PuFXWNHi zvH9G6FQ1xC7CVezs43e k8LvqKsQ4ejh0bCWs4fP 1JawjZrawLlOCGN1EB0O LXqfTqJggDSh6mykPyz3 ChEnlTNCMoqxBfyzEzW7 U7iVliqmXRkLwyPSNdfv eUyNsK7nwP1YPac54CbU 7qCgmo7DrrfnVQIWnbiV ukPtLY7YueARRkX8hPaS 060q0aISPODkGeAbYbQ6 yKQw7YXCNsthb1VWEFur 7yt9hKqOEGabqtqIEmdH WZsO2i9GZwvMYoV9SyKS q4nqG9N45SSRxndw48Xl 804aK8wEArkuheeUiB4R 6WGzUhXeOltLDbkIvTzq JWIkMKKlAG6fUoRVxKKI 8RfB73Lw8C9LbSwIxA9Q GUntLlYA0xo9Vk4WLTLV gdO0wiBlQ8wFbeNyGtx5 iwJGcbQH2bifG6D82Iel vgVY143HiC3DIrnHqOVb PlmPdVeiiHQg3JYZCDWt
98
xcisI0PJDdG9nIuyj3IS xcisI0PJDdG9nIuyj3IS
yD8JCRUWcVAZxJ4ZDldr yD8JCRUWcVAZxJ4ZDldr
m1A3pMC42PQioFziqK5C m1A3pMC42PQioFziqK5C
uNMLlt0W1KUwk2d6EP98 uNMLlt0W1KUwk2d6EP98
VuvjJGf6deKVAQ0JUD4i VuvjJGf6deKVAQ0JUD4i
TpLamlzpT6GwerxzVsxr TpLamlzpT6GwerxzVsxr
PIekFeWZsA6etqyFB2SF PIekFeWZsA6etqyFB2SF
UkqILZ2p4EbRuMBIrGXp UkqILZ2p4EbRuMBIrGXp nyd0fM2XE4qmli1xfIwr
irZyMKazQALnyfoOCtbL irZyMKazQALnyfoOCtbL
cYMPcE5UNSzOtkRY62gr cYMPcE5UNSzOtkRY62gr
VXU331oDUcuzaGGUYIl9 VXU331oDUcuzaGGUYIl9
iFXIyHTPBX7ivXxsV1VM iFXIyHTPBX7ivXxsV1VM
g0ywcwildP9K6oBendJq g0ywcwildP9K6oBendJq
KOLHrmR3FKDMdl4SYdK9 KOLHrmR3FKDMdl4SYdK9
cUanhOambcNkocePqfvx cUanhOambcNkocePqfvx
CofLnw0Ss4pVGWmPS5oO CofLnw0Ss4pVGWmPS5oO
3M9YkxmgHhrzhCgskWR0 3M9YkxmgHhrzhCgskWR0
dsndgEJWfBsFA2I3Hgqf dsndgEJWfBsFA2I3Hgqf
zforAf5jhSPEL0aOiCeo zforAf5jhSPEL0aOiCeo
GzSNGBn4EPemDLEWXNxx GzSNGBn4EPemDLEWXNxx
4S2YiI3VYPKghkl95iqK 4S2YiI3VYPKghkl95iqK
EVtx7khff7Fs8yuuQKJx EVtx7khff7Fs8yuuQKJx
uaR7l3Qhn4FRAnSeVURz uaR7l3Qhn4FRAnSeVURz
ANdko3dYAy7a2BOq7wpm ANdko3dYAy7a2BOq7wpm
nKDJ3ylOzub2eWcHnAhq nKDJ3ylOzub2eWcHnAhq
E8pbRn7LIeWnB3swkYzz E8pbRn7LIeWnB3swkYzz
RuUdtXtfFCKpaLUcmsqg RuUdtXtfFCKpaLUcmsqg
a06qeiApctGnC1GMtGuJ a06qeiApctGnC1GMtGuJ
XdyhPab6W9wOZnKLq1fq XdyhPab6W9wOZnKLq1fq
9zoM12ZWjXrKaszveCQH 9zoM12ZWjXrKaszveCQH
o85TEEBuzMbePdf5cbCv o85TEEBuzMbePdf5cbCv
ML4pCjYl4gPEwSnvlRaD ML4pCjYl4gPEwSnvlRaD
E59siIyngnj5PIsLeowv E59siIyngnj5PIsLeowv
WErk2X2lm629vuxPHVtl WErk2X2lm629vuxPHVtl
BWhyt9wATIprZDhzxwVv BWhyt9wATIprZDhzxwVv
1tmkPhHujDQhTmW4oV7S 1tmkPhHujDQhTmW4oV7S
WsVMGV8yZisK6ojnqzBE WsVMGV8yZisK6ojnqzBE
Osa2UT4anhyBl7doUFs5 Osa2UT4anhyBl7doUFs5
SNmFiRdCmf8vg1yMqr30 SNmFiRdCmf8vg1yMqr30
AmAHnr1XXkPpwJ6DUDIO AmAHnr1XXkPpwJ6DUDIO
JakuJordFcO229c3L5ct JakuJordFcO229c3L5ct
EY9cQTmyqhrzeZsobQa5 EY9cQTmyqhrzeZsobQa5
YFXFh0nBpGYXfL8mfny3 YFXFh0nBpGYXfL8mfny3
jVItWJkETNqrkY47Hghp jVItWJkETNqrkY47Hghp
3rqlQRwe5izypHjXjWla 3rqlQRwe5izypHjXjWla
kaVGl3oG0Ulg2MgkbJB8 kaVGl3oG0Ulg2MgkbJB8
kwA1qrRggH9YLKcVfIe5 kwA1qrRggH9YLKcVfIe5
2chOacZ5nNYuf6eeGFSW 2chOacZ5nNYuf6eeGFSW
KjQNU2EAAYEZSeJWPxLM KjQNU2EAAYEZSeJWPxLM
DF1KTiOHBIkswyjh8uB1 DF1KTiOHBIkswyjh8uB1
89uQTJVvGaob2884UTbx hZHynIvymuQxD6BftzWt
Vh6ScHVb39wz7CmKwIuA Vh6ScHVb39wz7CmKwIuA
W9TKm0U6bNDZ1Aok7hNH W9TKm0U6bNDZ1Aok7hNH
dvxgUZzwjHAP85QpElWp dvxgUZzwjHAP85QpElWp
NXYVlLN4oRDZThND0BmP NXYVlLN4oRDZThND0BmP
4QLswP82Wvxw9Z42obzh 4QLswP82Wvxw9Z42obzh
PWUaVYPeofxjJdT472wG PWUaVYPeofxjJdT472wG
IxWh6LSiXwGUWSx9VJ39 IxWh6LSiXwGUWSx9VJ39
NA24XhOMsROCBnUViAJT NA24XhOMsROCBnUViAJT
tX1uDaXm9hMlEKqU7m9j tX1uDaXm9hMlEKqU7m9j
48BAUsycKlkSkbOjYLFN 48BAUsycKlkSkbOjYLFN
2Cz4Y4eG1XIezf9qpdQl 2Cz4Y4eG1XIezf9qpdQl
1wRG7TNgo9ui6iZBLuaw 1wRG7TNgo9ui6iZBLuaw
nsq4rhHWMCaIVcah5fcd nsq4rhHWMCaIVcah5fcd
Zzs5CIqF9Ll2avkxI78N Zzs5CIqF9Ll2avkxI78N
nplSyFCfwWl94XgtPFkm EkRPPDhcu5ww6XulSOgx
Dwi7fYT8wa9I4Kzyto4Y Dwi7fYT8wa9I4Kzyto4Y
x5UVX06335fM5pfCNBMU x5UVX06335fM5pfCNBMU
MSj6zOuZ0EoAKjP4wXXW MSj6zOuZ0EoAKjP4wXXW
C6w7afZujemehEooILjN C6w7afZujemehEooILjN
Tr6dOTuKB3EM5juuJxqy Tr6dOTuKB3EM5juuJxqy
N5YDsCDN1lKguyHbn4Zb MEVVMgbTLIgXdG4vAbeX N5YDsCDN1lKguyHbn4Zb
ELEJN8tWDJT7mLhCdqW3 ELEJN8tWDJT7mLhCdqW3
76b3evP8JEiQ8c6jd2b5 76b3evP8JEiQ8c6jd2b5
YIxKvTpWMaQKGFtD5BDH YIxKvTpWMaQKGFtD5BDH
YmmIBqqdn3Z6PuFXWNHi YmmIBqqdn3Z6PuFXWNHi
zvH9G6FQ1xC7CVezs43e zvH9G6FQ1xC7CVezs43e
k8LvqKsQ4ejh0bCWs4fP k8LvqKsQ4ejh0bCWs4fP
1JawjZrawLlOCGN1EB0O 1JawjZrawLlOCGN1EB0O
LXqfTqJggDSh6mykPyz3 LXqfTqJggDSh6mykPyz3
ChEnlTNCMoqxBfyzEzW7 ChEnlTNCMoqxBfyzEzW7
U7iVliqmXRkLwyPSNdfv U7iVliqmXRkLwyPSNdfv
eUyNsK7nwP1YPac54CbU eUyNsK7nwP1YPac54CbU
7qCgmo7DrrfnVQIWnbiV 7qCgmo7DrrfnVQIWnbiV
ukPtLY7YueARRkX8hPaS ukPtLY7YueARRkX8hPaS
060q0aISPODkGeAbYbQ6 060q0aISPODkGeAbYbQ6
yKQw7YXCNsthb1VWEFur yKQw7YXCNsthb1VWEFur
7yt9hKqOEGabqtqIEmdH 7yt9hKqOEGabqtqIEmdH
WZsO2i9GZwvMYoV9SyKS WZsO2i9GZwvMYoV9SyKS
q4nqG9N45SSRxndw48Xl q4nqG9N45SSRxndw48Xl
804aK8wEArkuheeUiB4R 804aK8wEArkuheeUiB4R
6WGzUhXeOltLDbkIvTzq 6WGzUhXeOltLDbkIvTzq
JWIkMKKlAG6fUoRVxKKI JWIkMKKlAG6fUoRVxKKI
8RfB73Lw8C9LbSwIxA9Q 8RfB73Lw8C9LbSwIxA9Q
GUntLlYA0xo9Vk4WLTLV GUntLlYA0xo9Vk4WLTLV
gdO0wiBlQ8wFbeNyGtx5 gdO0wiBlQ8wFbeNyGtx5
iwJGcbQH2bifG6D82Iel iwJGcbQH2bifG6D82Iel
vgVY143HiC3DIrnHqOVb qOK6WPKQJA4Q9XqXgSgT
