xse uok ybr jam phg zud ask zdb loj ckx kfu aeu cen ego fin dgl adx kxn mok vlb fgp xjt ceo tlh ksg rir qbf wiy emz vmt uuw nwn vvn mti jgt vzr nhi cun nry agh bnl nko fbk vmv fjy kpp xeh aeg vtd hmi rjv idv ukv nii tdu tso cma ljd gex pjf wyg ocp njg wbg qwk igs bdh rtc txq lrj nfr lwk fzi pvs ikb xme vwg nwc xnr khu fhv nmf fia lvm nvz qkp qdw zkt qxs ruo byu ttw bda svk uau krr bod ogh tko qjf uwo miy jfh ils hcr nsw dkp rsg xse
97
uok uok
ybr ybr
jam jam
phg phg
zud zud
zdb zdb
loj loj
ckx ckx
kfu kfu
cen cen
ego ego
fin fin
dgl dgl
adx adx
kxn kxn
mok mok
fgp fgp
xjt xjt
tlh tlh
ksg ksg
qbf qbf
wiy wiy
emz emz
vmt vmt
uuw uuw
vvn vvn
mti mti
jgt jgt
vzr fyc vzr
nhi nhi
cun cun
nry nry
bnl bnl
nko nko
fbk fbk
vmv vmv
fjy fjy
kpp kpp
xeh xeh
aeg aeg
vtd vtd
hmi hmi
rjv rjv
idv idv
ukv ukv
nii nii
tdu tdu
tso tso
cma cma
ljd ljd
gex gex
pjf pjf
wyg wyg
ocp ocp
wbg wbg
qwk hpx
igs aii
bdh bdh
rtc rtc
txq txq
lrj lrj
nfr nfr
lwk lwk
fzi fzi
pvs pvs
ikb ikb
xme xme
vwg vwg
nwc nwc
khu khu
fhv fhv
nmf nmf
fia fia
lvm lvm
nvz nvz
qkp yug
qdw qdw
zkt zkt
qxs qxs
ruo ruo
byu byu
ttw ptu ttw
bda bda
svk svk
uau uau
krr krr
bod bod
ogh ogh
tko tko
qjf qjf
uwo uwo
miy miy
jfh jfh
ils ils
hcr hcr
nsw nsw
rsg rsg
