azv oqv rti ovx ijd dqy jwx brw cwq cim gei wcd hob hsi jvc ryg hcc ivp lmh zuz rov uyd rfl vxn cvb rcw uua qzx hlc hwc scm aur sau txp ufa cib mpw boc mis eqa vfq ncc yfq mtd gcw ipq yvc wpu yiy hyb xie azv
48
wcd wcd
mis mis
rfl rfl
wpu hip
gei ctf gei
azv azv
rti rti
zuz zuz
oqv oqv
aur aur
hcc hcc
brw brw
yvc yvc
ipq ipq
ufa ufa
uua uua
hlc hlc
hwc hwc
xie xie
yiy yiy
hsi hsi
rcw rcw
jvc jvc
hob pzr
hyb hyb
boc boc
sau sau
cib cib
ijd ijd
vxn vxn
mpw mpw
ivp ivp
eqa eqa
ovx ovx
lmh lmh
scm scm
vfq vfq
qzx qzx
cim cim
jwx jwx
dqy dqy
rov rov
ncc ncc
uyd uyd gfr
gcw gcw
cwq cwq
mtd mtd
yfq yfq
