zMnoKpsz12d1Y6CixoCL vPVOeWczn8eJlf3Gviol 73GclC6XOTCjqTwHSUFH g6l3PryZJRSAXJGUyq22 hzqXRQPGO5tnMpQYDdxn FwLnZPETaUkrkp7dE0hH oJor9EUgXhaXPDmChml7 dakEfF8eF1B4IYsSGGLe GhNWfyijkz8OKJbptIGO TuA4wNSOMjTMUxZ5fZWx OcyqfDTyG7wfT1rvpitz 1Tm2BSSz9mj8o3m9o0TB IcoYVabhkC8yNYJgy44V hH5yU5IgxmmStVnXEBJ1 YqOJXOtRcgzFFRGKRutM fat0ktgmwPXvqLhmWfJ0 BVbv363irLjfCXrWQjqn e7oVwvEXzQVG9DeK8uQS JOo21iuZtHvP9sSModQZ 50qWynRev5CSErzk8Yih WCUwzDEkBlRrgSeSv9vv QHym2s92VJ8ycxMeFawz B56U06r3nz3RZaXVmiK2 UkKARQyd3ZxfrQwOeW0R 5jE3DcSbPJWRITx0u2Kf RIRtIJewArUY7i7A6OEl jS5XJP3bXemMgWyvfsmt M3MAG2lM6nUmTjQ3nD4D kHWDWFJURX8TBbDnLSlR ybqDdUoaPknlNwzZFeto BKvWsgveG3lQHgeNBv62 vPVOeWczn8eJlf3Gviol zMnoKpsz12d1Y6CixoCL
27
g6l3PryZJRSAXJGUyq22 2DqN6NYyebkVczAnrbNI Armxs904ujfdAYn9LtOF RvFA5khunRjN3Z7dmUKr
hzqXRQPGO5tnMpQYDdxn XKYNaFpYuIx7Zx7vNANa bclRgmmOqfg3PHQz06qB 8s4ukhLgGBoor0D87KUr
FwLnZPETaUkrkp7dE0hH ZvocIzADG7dBR58wmnu8 KBGTLYOWLSviflcWwd9y 9c21VhIQJbtu6kG4NZT4
oJor9EUgXhaXPDmChml7 C3qGKxHtliSTI7oOnHoB TzlCRBgA0Q2cCjETm7Vx FDT7h4JKMRWa9fcDNmXs
dakEfF8eF1B4IYsSGGLe 9XhdonQsTDmLQknJ4xeP YIAlamFOfZeHd5qDll32 yE3wNgUIJB0oZwUjLCMo
GhNWfyijkz8OKJbptIGO VxRxz5foWagBafuSz1m4 lcq8BXTLE4WDnj4JF3yo EvdCmEq3CXPDtnZYkiVu
TuA4wNSOMjTMUxZ5fZWx jdgXkfbupFQ0XUNJEyvU WdpiLe9uZpnuS9WMphYw JzMVZjOikutQZg00S8wX
OcyqfDTyG7wfT1rvpitz G6KTAOxQU8MNiSLazU1t sNJuS4R6b6KAUX5QI4md uqAmYQiu3O0THeAaPzKH
1Tm2BSSz9mj8o3m9o0TB 5VNO6t8qAcR3d5jJgfi4 ZcpnIKUrL8i4GzxAolZX 07iKiKtYzy9bLoKUo0ve
IcoYVabhkC8yNYJgy44V GaG5DAqLVuTD09GfUl6l U8fsnzMIN4aMdzToihTq dBvruVRsFq4ihmzPj7nf
hH5yU5IgxmmStVnXEBJ1 oougNPfNRCSRCWJrOUlb 3mTCmcCkVhhFn533BM03 Y2BEa9hp0T63SlTWXenG
YqOJXOtRcgzFFRGKRutM JPD2uBroiElzO4z72vhQ HAc1Ylu9mrUmnheKISnK Ryx97mzVLWHytqmLAKlJ
fat0ktgmwPXvqLhmWfJ0 mUERvxQcAO2XlgBTPRGA mNuLv0WHsIRpWEdSUREd qSLkk45Evo68Y4JhMUq7
BVbv363irLjfCXrWQjqn nfdt04yvrwrpPVPzIy2c 34ScKN0pHkNmnxdkoIOC MDHuBmBbeFOGqzpuNmVz
e7oVwvEXzQVG9DeK8uQS ARorC1kPdEun4czh3dmX olgHJpCT79b6HED7FUWa bUGtOHLCdzsNiRxcLtaT
JOo21iuZtHvP9sSModQZ oDA5VKbLZuTPP2ZEB14d T7hLF9jTtc4htoAH0PWD QmCq2RCVgnssPOgSwAr8
50qWynRev5CSErzk8Yih QTgsp1BfPDsixeeH6QUT 3fQHkf8pseCy7Ys4Kez5 Vkpfkc0JUDpakJkZipKD
WCUwzDEkBlRrgSeSv9vv 5cjkSqVe5mFfFhCgwe8r ofmz95sRAyIS0ShQndvb 15e7umNMnawEegsOhkYh
QHym2s92VJ8ycxMeFawz QFT8yfDPa0xDNdRMchX3 pkPHvGrHHriGlmiL3mRW KP4zLIZ5LMWJ6mkRn6BX
B56U06r3nz3RZaXVmiK2 xBNbU9Yu51mQvClxjQdr MyPRIiIVlLarPoP5nZfy Y0dqIYSR4P9Br1Cq3f9U
UkKARQyd3ZxfrQwOeW0R u91JdIwHTd2zumpXCvmK JKKWZrMfMDLTYQt6t5Ap OMLAPgVr1RosMrpENk9K
5jE3DcSbPJWRITx0u2Kf NieXnWTTyXxCRp5CSl0i gM8AHyLc0ZjUxmDMuXzJ 9q9h29089dBsNERnjXsd
RIRtIJewArUY7i7A6OEl szEChRtMF49nUq5i634G cthtNVKVABeolrPabegT FqxzURcIHYyg2FOpiXCN
jS5XJP3bXemMgWyvfsmt CcIlGrru613gqyngyuYo ZSg6FSZaRCTLmeHoLgMI Vv2apUMOUSvB9J5u8yJr
M3MAG2lM6nUmTjQ3nD4D GfpGWz1SaDeisCQVEJrI z2nBS9pweVYpDmW0fMRS PrzulPuk0tqiNKmdjp0X
kHWDWFJURX8TBbDnLSlR mTYxpEwVJTp369cmBN7S W8ft2Hcg1VXPVNTpprS3 dUDrtIP8WIldh2FT7uba
ybqDdUoaPknlNwzZFeto WELPo1XEQnG4JejlB13A z6gtkXCB2ntSiYsjrque FHGlzd4VlMUVjTba9Qjm
