Potrero Hume Woffard Ames Santa Richvale Carmel Laguna All Boulevard Banning Merced Warner Linden 18th Smoke Balsdon Fiorini Oceanside Chinese Fremont Ida Clayton Calaveras Meyers Potrero
25
Potrero Potrero
Hume Hume
Woffard Woffard
Ames Ames
Santa Santa
Richvale Richvale
Carmel Carmel
Laguna Laguna
All All
Boulevard Boulevard
Banning Banning
Merced Merced
Warner Warner
Linden Linden
18th 18th
Smoke Smoke
Balsdon Balsdon
Fiorini Fiorini
Oceanside Oceanside
Chinese Chinese
Fremont Fremont
Ida Ida
Clayton Clayton
Calaveras Calaveras
Meyers Meyers
