Vernon Grasslands Clayton Marshall Industry Warner Bakersfield Louis Dulzura Roseland Presidio Timbuctoo Antelope Armstrong Sunny Strawberry South Cypress Yankee Buena Smoke Lake Wallace Hoffman Kaiser Rowland Portola Robertsville Stockdale All Davenport Downtown Ramona Rough Le Winterhaven Brundage Capuchino Sulpizio Garcia Collins Civic Bodad Richvale Fiorini Escondido Ritter Three Fullerton Balboa Yurok Cudahy Santa Sherman Costa Chittenden Fox Carmel Helm Del Blue Bonny Donner Coddingtown Escalon Tijuana Manker Crestmont Beach California Saint Bangor Smith Terra Quail Parchester Hammer Cressey Calaveras Sacramento Cabbage Potrero Delta Veterans Forbestown Alamo Cambridge Pleasant Woody Mecca Flinn Glencoe Moores Bell Bradley Huron Cerro Temecula Pacheco Industrial Anaheim Vernon
100
Grasslands Grasslands
Clayton Clayton
Marshall Marshall
Industry Industry
Warner Warner
Bakersfield Bakersfield
Louis Louis
Dulzura Dulzura
Roseland Roseland
Presidio Presidio
Timbuctoo Timbuctoo
Antelope Antelope
Armstrong Armstrong
Sunny Sunny
Strawberry Strawberry
South South
Cypress Cypress
Yankee Yankee
Buena Buena
Smoke Smoke
Lake Lake
Wallace Wallace
Hoffman Hoffman
Kaiser Kaiser
Rowland Rowland
Portola Portola
Robertsville Robertsville
Stockdale Stockdale
All All
Davenport Davenport
Downtown Downtown
Ramona Ramona
Rough Rough
Le Le
Winterhaven Winterhaven
Brundage Brundage
Capuchino Capuchino
Sulpizio Sulpizio
Garcia Garcia
Collins Collins
Civic Civic
Bodad Bodad
Richvale Richvale
Fiorini Fiorini
Escondido Escondido
Ritter Ritter
Three Three
Fullerton Fullerton
Balboa Balboa
Yurok Yurok
Cudahy Cudahy
Santa Santa
Sherman Sherman
Costa Costa
Chittenden Chittenden
Fox Fox
Carmel Carmel
Helm Helm
Del Del
Blue Blue
Bonny Bonny
Donner Donner
Coddingtown Coddingtown
Escalon Escalon
Tijuana Tijuana
Manker Manker
Crestmont Crestmont
Beach Beach
California California
Saint Saint
Bangor Bangor
Smith Smith
Terra Terra
Quail Quail
Parchester Parchester
Hammer Hammer
Cressey Cressey
Calaveras Calaveras
Sacramento Sacramento
Cabbage Cabbage
Potrero Potrero
Delta Delta
Veterans Veterans
Forbestown Forbestown
Alamo Alamo
Cambridge Cambridge
Pleasant Pleasant
Woody Woody
Mecca Mecca
Flinn Flinn
Glencoe Glencoe
Moores Moores
Bell Bell
Bradley Bradley
Huron Huron
Cerro Cerro
Temecula Temecula
Pacheco Pacheco
Industrial Industrial
Anaheim Anaheim
