Encanto Banning Welden Yurok Granite Elmira Cypress Forest Presidio Shafter Green Santa Quail Homestead Garden Willow Woodbridge Vernon Delta Moccasin City Clayton Cherokee Kentfield Pumpkin Foothills Riverside Los Jane Woffard Laguna Costa Smoke Mount Warner Cabbage Two Alpaugh Ames Vista Ramona Beach Kern Richvale Bonita All Chinese McAuley Glencoe Sherman Encanto
50
Encanto Encanto
Banning Banning
Welden Welden
Yurok Yurok
Granite Granite
Elmira Elmira
Cypress Cypress
Forest Forest
Presidio Presidio
Shafter Shafter
Green Green
Santa Santa
Quail Quail
Homestead Homestead
Garden Garden
Willow Willow
Woodbridge Woodbridge
Vernon Vernon
Delta Delta
Moccasin Moccasin
City City
Clayton Clayton
Cherokee Cherokee
Kentfield Kentfield
Pumpkin Pumpkin
Foothills Foothills
Riverside Riverside
Los Los
Jane Jane
Woffard Woffard
Laguna Laguna
Costa Costa
Smoke Smoke
Mount Mount
Warner Warner
Cabbage Cabbage
Two Two
Alpaugh Alpaugh
Ames Ames
Vista Vista
Ramona Ramona
Beach Beach
Kern Kern
Richvale Richvale
Bonita Bonita
All All
Chinese Chinese
McAuley McAuley
Glencoe Glencoe
Sherman Sherman
