1 5 4 8 9 13 12 16 17 21 20 24 25 29 28 32 33 37 36 40 41 45 44 48 49 53 52 56 57 61 60 64 65 69 68 72 73 77 76 80 81 85 84 88 89 93 92 96 97 101 100 104 105 109 108 112 113 117 116 120 121 125 124 128 129 133 132 136 137 141 140 144 145 149 148 152 153 157 156 160 161 165 164 168 169 173 172 176 177 181 180 184 185 189 188 192 193 197 196 200 1
100
5 5
4 4
8 7
9 10
13 13
12 12
16 15
17 18
21 21
20 20
24 23
25 26
29 29
28 28
32 31
33 34
37 37
36 36
40 39
41 42
45 45
44 44
48 47
49 50
53 53
52 52
56 55
57 58
61 61
60 60
64 63
65 66
69 69
68 68
72 71
73 74
77 77
76 76
80 79
81 82
85 85
84 84
88 87
89 90
93 93
92 92
96 95
97 98
101 101
100 100
104 103
105 106
109 109
108 108
112 111
113 114
117 117
116 116
120 119
121 122
125 125
124 124
128 127
129 130
133 133
132 132
136 135
137 138
141 141
140 140
144 143
145 146
149 149
148 148
152 151
153 154
157 157
156 156
160 159
161 162
165 165
164 164
168 167
169 170
173 173
172 172
176 175
177 178
181 181
180 180
184 183
185 186
189 189
188 188
192 191
193 194
197 197
196 196
200 199
1 2
