Evans Artichokes Foothill HAAS Unit1 StrawberryCreek HearstMining VLSB HavilandHall BancroftLibrary LawrenceHall HappyLemon Moffit SouthHall Milkbomb Unit3 Bowles KroeberHall Barrows HortonHall UniversityVillage Yifang BerkeleyWayWest AlumniHouse ImmThai Blackwell Underhill RSF Firewings CaliforniaHall InternationalHouse SatherGate GreekTheatre SatherGate Doe Plentea LatimerHall MLK Dwinelle ThaiNoodle Marugame Gilman BotanicalGardens ClarkKerr DavisHall LewisHall SproulHall Pappys Unit2 DurantHall Campbell WursterHall Evans
39
Evans Cory
Doe Doe
HearstMining HearstMining
Moffit LeConte Moffit
Dwinelle Dwinelle
SouthHall SouthHall HesseHall
Gilman Gilman
CaliforniaHall CaliforniaHall
Bowles HilgardHall Bowles ZellerbachHall
BancroftLibrary BancroftLibrary
DurantHall DurantHall
Campbell Eshelman Campbell
GreekTheatre GreekTheatre CanyonPool
BerkeleyWayWest BerkeleyWayWest
LawrenceHall LawrenceHall
InternationalHouse InternationalHouse
Unit1 Unit1
Unit2 Unit2 Stern
Unit3 Boalt Unit3
Foothill Foothill
VLSB VLSB
RSF RSF
Blackwell Blackwell
MLK HildebrandHall MLK
Barrows Barrows
HAAS BAMPFA HAAS
AlumniHouse AlumniHouse
BotanicalGardens BotanicalGardens
DavisHall DavisHall
UniversityVillage UniversityVillage
HavilandHall HavilandHall
HortonHall MemorialStadium
KroeberHall Etcheverry
Yifang Wheeler
SatherGate GiauqueHall
StrawberryCreek Kresge
Marugame Campanile
Plentea SutardjaDai Soda
ThaiNoodle ThaiNoodle
