Ippudo Platano Soda HildebrandHall NatApartment BetaLounge Ikes Fengcha HavilandHall Bonchon Cinnaholic TripleRock DollarTree ClarkKerr Stern BerkeleyHigh Toss LaNote ExtremePizza Cafe3 LewisHall SmokesPoutinerie Flavia PurpleKow PeoplesCafe SweetheartCafe Ikes Gongcha MSRI NoodleGirl Wikiwiki Underhill SteamTrains Underhill HortonHall Shengkee LowerSproul Artichokes SnackShack AmoebaMusic LeConte AshaTeaHouse Barrows BerkeleyBart BigC BerkeleyBart LaBurrita OptometryBuilding YogurtPark GreatChina YogurtPark Ucha SouthHall Crossroads LiKaShing BanshoRamen Raretea InternationalHouse BobbyGPizza Marugame Gadani CaliforniaHall HearstGym WursterHall Spats Gather Tilden LatimerHall Jupiter TopDog Firewings Quicklys BerkeleyArtStudio Mezzo GiauqueHall Ikea Milkbomb Blackwell SuperDuperBurgers Pappys HearstAnnex McDonalds HearstAnnex Bowles Namaste StrawberryCreek TennisCourts TPTea Campanile Cornerstone UrbanOutfitters AndrewsApartment Wheeler GSPP EastBaySpiceCompany HesseHall Kips HesseHall ThaiBasil BrandyMelville FireTrails TheHabit Homeroom PokeBar Plentea ClarkKerr BSC TukTukThai DavisHall NorthHall Yifang Chipotle HearstMining Campbell EastAsianLibrary Gypsys Platano Ippudo
82
Platano Platano
NatApartment Rachas
BetaLounge BetaLounge
Ikes Ikes Eureka
Fengcha Fengcha
Bonchon Bonchon
Cinnaholic Slivers
TripleRock TripleRock
LaNote LaNote TacoBell
ExtremePizza ExtremePizza
Cafe3 ThaiNoodle Cafe3
LewisHall LewisHall
SmokesPoutinerie TheDwight SmokesPoutinerie
Flavia UCafe
PeoplesCafe PeoplesCafe
SweetheartCafe SweetheartCafe
Gongcha Gongcha
NoodleGirl Teazone
Wikiwiki Wikiwiki
SteamTrains JambaJuice KroeberHall
Underhill Underhill
HortonHall HortonHall
Shengkee Shengkee
LowerSproul LowerSproul
Artichokes Artichokes
SnackShack SnackShack
AmoebaMusic AmoebaMusic
AshaTeaHouse AshaTeaHouse
Barrows Safeway
BerkeleyBart SproulHall HappyLemon
BigC BigC TenderGreens
LaBurrita LaBurrita
OptometryBuilding OptometryBuilding
GreatChina SatherGate GreatChina
YogurtPark Target TraderJoes
Ucha Ucha
Crossroads Crossroads
BanshoRamen BanshoRamen
Raretea Raretea
BobbyGPizza ImmThai
Marugame Marugame
Gadani HalalGuys Gadani
WursterHall WursterHall
Spats Spats
Gather Gather
LatimerHall LatimerHall
Jupiter Morganhall Jupiter
TopDog TopDog
Firewings Firewings
Quicklys Quicklys
BerkeleyArtStudio SaturnCafe BerkeleyArtStudio
Mezzo Mezzo
Milkbomb Milkbomb
SuperDuperBurgers SuperDuperBurgers
Pappys Pappys
McDonalds Morrisonhall McDonalds
Namaste Namaste
StrawberryCreek StrawberryCreek
TennisCourts Cheeseboard BobaNinja
TPTea TPTea
Campanile ChezPanisse
Cornerstone Cornerstone
UrbanOutfitters UrbanOutfitters
AndrewsApartment GrizzlyPeak AndrewsApartment
Wheeler Wheeler
EastBaySpiceCompany EastBaySpiceCompany
Kips Muraccis Kips
ThaiBasil ThaiBasil
FireTrails MulfordHall
TheHabit TheHabit
Homeroom Homeroom
PokeBar PokeBar
Plentea Plentea
ClarkKerr ClarkKerr
BSC BSC
TukTukThai Venus TukTukThai
NorthHall NorthHall
Yifang Yifang
Chipotle Chipotle
Campbell MemorialGlade
EastAsianLibrary LittleCampanile EastAsianLibrary
Gypsys Gypsys
