Shelf0 Toolbox153 Toilet13 Drugs184 Monster73 Toolbox146 Websites4 Clock139 Soap64 Crab83 YouTube33 Soda119 Solar192 Light49 Cat70 Drugs195 System79 Hnads116 Running177 Dislike143 Towel154 Boat67 Shoe174 Toilet191 Soap58 Shoes8 Dislike12 Shoe17 Shelf40 Ice41 YouTube44 Robot51 Urine97 Plus78 Hnads182 Plants118 Poop80 Websites94 Fusion34 Fusion104 Solar71 BBQ36 Rollers14 Nuclear35 Kitty89 Horse148 Clock2 Puppy117 Ice165 Body55 Mail6 Poop76 Book99 Whale126 Post158 Clock61 Whale31 Cat187 Whale31 Shower57 Sink109 Settings75 Flowers178 Dislike27 Soda197 Kitty194 Water29 Laptop125 Kitty98 Rollers95 Water135 Website190 Solar162 Ice9 Robot93 Poop150 Soap53 System156 Nuclear18 Solar130 Light30 Comics28 Book171 Comics113 Toolbox72 Monster175 Towel92 Dog168 Android196 Ring82 Whale114 Robot164 Comics107 Urine124 Male149 Mail22 Puppy140 Ring169 Whale137 Shelf0
87
Toolbox153 Toolbox153
Toilet13 Toilet13
Monster73 Monster73
Toolbox146 Toolbox146
Websites4 Websites4
Clock139 Allergies88 Clock139
Soap64 Soap64
Crab83 Crab83
Soda119 Soda119
Solar192 Solar192
Cat70 Cat15
Drugs195 Drugs195
System79 System79
Hnads116 Drugs39 Hnads116
Dislike143 Allergies176 Dislike143
Towel154 Towel154
Boat67 Boat67
Shoe174 Shoe174
Toilet191 Dog181
Soap58 Soap58
Shoes8 Shoes8
Dislike12 Dislike12
Shoe17 Shoe17
Shelf40 Shelf40
Ice41 Laptop19 Ice41
Robot51 Robot51
Urine97 Urine97
Plus78 Plus78
Hnads182 Hnads182
Plants118 Plants118
Poop80 Poop80
Fusion34 Fusion34
Fusion104 Fusion104 Breakfast85
Solar71 Solar71
BBQ36 BBQ36 Urine20
Rollers14 Rollers14
Nuclear35 Nuclear35
Kitty89 System183 Kitty89
Horse148 Horse148
Clock2 Clock2
Puppy117 Puppy117
Ice165 Water38 Ice165
Body55 Body55
Mail6 Mail6
Poop76 Poop76
Whale126 Whale126
Post158 Post158
Clock61 Clock61
Cat187 Printer188 Cat187
Shower57 Shower57
Sink109 Shower47 Sink109
Settings75 Settings75
Flowers178 Flowers178
Dislike27 Book24 Dislike27
Soda197 Soda197
Kitty194 Kitty194
Water29 Water29
Laptop125 Laptop125
Kitty98 Kitty98
Rollers95 Rollers95
Water135 Water135
Website190 Website190
Solar162 Solar162
Ice9 Ice9
Robot93 Robot93
Poop150 Poop150 Leash77
System156 System156
Nuclear18 Nuclear18
Solar130 Solar130
Light30 Light30
Book171 Book171
Toolbox72 Toolbox72
Monster175 Monster175
Towel92 Towel92
Dog168 Dog168
Android196 Android196
Ring82 Ring82
Whale114 Whale114
Robot164 Robot164
Comics107 Comics107
Urine124 Urine124
Male149 Male149
Mail22 Mail22 Allergies103
Puppy140 Puppy140
Ring169 Ring169
Whale137 Whale137
Shelf0 Shelf0
