0 143 153 7 160 145 73 148 56 36 12 155 24 94 95 133 44 83 140 120 146 62 68 2 102 53 65 101 86 69 188 189 190 191 192 193 194 195 196 197 198 197 196 195 194 193 192 191 190 189 188 69 19 135 22 31 80 129 59 157 161 162 163 164 165 166 167 168 169 170 171 172 173 174 175 176 177 178 179 180 181 182 183 184 185 186 185 184 183 182 181 180 179 178 177 176 175 174 173 172 171 170 169 168 167 166 165 164 163 162 161 118 72 159 61 151 122 35 47 43 5 60 54 28 51 66 77 121 142 3 107 34 112 67 124 13 0
98
143 143
153 153
7 7
160 160
145 145
73 73
148 148
56 56
36 36
12 12
155 155
24 24
94 94
95 95
133 133
44 44
83 83
140 140
120 120
146 146
62 62
68 68
2 2
102 102
53 53
65 65
101 101
86 86
69 69
188 188
189 189
190 190
191 191
192 192
193 193
194 194
198 198 199
197 197
196 196
195 195
19 19
135 135
22 22
31 31
80 80
129 129
59 59
157 157
163 163
164 164
165 165
166 166
167 167
168 168
169 169
170 170
171 171
174 174
175 175
176 176
177 177
184 184
185 185
186 187 186
183 183
182 182
181 181
180 180
179 179
178 178
173 173
172 172
162 162
118 118
72 72
159 159
61 61
151 151
122 122
35 35
47 47
43 43
5 5
60 60
54 54
28 28
51 51
66 66
77 77
121 121
142 142
3 3
107 107
34 34
112 112
67 67
124 124
13 13
