hutmk ugamb vczkh spuoi mzlsn abupm artvi axmwy aqzce tejxc qdzgs hopbn vmgxh ugyls yzaje lcghr tiyfv zsehb tyuep cursl xnysi coubd xintv oscrv mlfbi lsnhz misyc xeljy gxdqt bcrwj ijofp ywion yiodb otirh aeomh lnfiu rlfxc ablxw yaxts dowbf omjfc hutmk
38
ugamb ugamb
vczkh vczkh
spuoi spuoi
mzlsn mzlsn
artvi artvi
axmwy axmwy
aqzce aqzce
tejxc tejxc
qdzgs qdzgs
hopbn hopbn
vmgxh vmgxh
ugyls ugyls
yzaje yzaje
lcghr lcghr
zsehb zsehb
tyuep tyuep
cursl cursl
xnysi xnysi
coubd urlkt coubd
xintv xintv
oscrv oscrv
mlfbi mlfbi
lsnhz lsnhz
misyc misyc
xeljy xeljy
gxdqt gxdqt
bcrwj bcrwj
ijofp ijofp
ywion ijvuq ywion
yiodb yiodb
otirh otirh
aeomh aeomh
lnfiu lnfiu
rlfxc rlfxc
ablxw ablxw
yaxts yaxts
dowbf dowbf
omjfc omjfc
