hdpxs amfiz rchbw frhgc lmwpk cqsby ahnds xnpwq tfcam wdquv uiogl dkjro ohzfn iyuas egclu bwknx wotiq vgwoi crlfe hwmzn nqtru rlumh tmwdy pytwh ehqyk yqfdk zcjqx fjdqi oxuqn rzvtg ayrgb tjake mhuad oewcd osvgp rdoqk syoxf gdnim lpudv evsbm yvbse pgqva maqho qbdwz wajol xcvow aedvq pihld mujil kzwah qpbmc wkbuf kjihy syoxv mhekz gufvs tkwle armnk btwzv ypdnb bdevm ebwcp rjuxc qckjp uklga zqjxb jhlus ymcfp lnjxt yazqf dbjxw glrpy qhvsb vobqh drojn xlrzc kscoz jcwpu joztf cxajk evtgj qhibx rjdai mtcsd oaeyh tndwl zntkr wcjeg gdovn utdhx qsmkj vcwfj htkwy bsvth wnelr cihba osxbc oxitr hdpxs
95
oxitr oxitr
osxbc osxbc
cihba cihba
wnelr wnelr
bsvth bsvth
htkwy htkwy
vcwfj vcwfj
qsmkj qsmkj
utdhx utdhx
gdovn gdovn
wcjeg wcjeg
zntkr zntkr
tndwl tndwl
oaeyh oaeyh
mtcsd mtcsd
rjdai rjdai
qhibx qhibx
evtgj evtgj
cxajk cxajk
joztf joztf
jcwpu jcwpu
kscoz kscoz
xlrzc xlrzc
drojn drojn
vobqh vobqh
qhvsb qhvsb
glrpy yqtob
dbjxw dbjxw
yazqf yazqf
lnjxt lnjxt
ymcfp ymcfp
jhlus jhlus
zqjxb zqjxb
uklga uklga
qckjp qckjp
wdquv wdquv
rjuxc rjuxc
ebwcp ebwcp
bdevm bdevm
ypdnb ypdnb
btwzv btwzv
armnk armnk bkfuc
tkwle tkwle
gufvs gufvs
mhekz mhekz
syoxv syoxv
kjihy kjihy
wkbuf wkbuf
qpbmc qpbmc
kzwah kzwah
mujil mujil
pihld pihld
aedvq aedvq
xcvow xcvow
wajol wajol
qbdwz qbdwz
maqho maqho
pgqva pgqva
yvbse yvbse
evsbm evsbm
lpudv lpudv
gdnim gdnim
syoxf syoxf
rdoqk stflc
osvgp osvgp
oewcd oewcd cxdes
mhuad mhuad
tjake tjake
ayrgb ayrgb
rzvtg rzvtg
oxuqn oxuqn
fjdqi fjdqi
zcjqx zcjqx
yqfdk yqfdk
ehqyk ehqyk
pytwh gstwp pytwh
tmwdy tmwdy
rlumh mlibf rlumh
nqtru nqtru
hwmzn hwmzn
crlfe sxdiu
vgwoi vgwoi
wotiq wotiq
bwknx bwknx
iyuas iyuas
ohzfn ohzfn
dkjro dkjro
uiogl uiogl ktzce
xnpwq xnpwq
ahnds ahnds
cqsby cqsby
lmwpk lmwpk
frhgc frhgc
rchbw rchbw
amfiz amfiz
