Hayward Shreveport Seaside CapeCoral Gastonia Laredo GreenBay Lafayette Waterbury Newburgh Carrollton Visalia Columbus Anaheim Eugene Boise Marysville Stamford LasVegas PembrokePines VeroBeach SantaClara Aberdeen SimiValley Topeka Downey Burlington Norwalk SouthLyon NewBedford Orem Nashua Tyler Arvada Scranton Sarasota HuntingtonBeach LakeCharles Spartanburg Springfield SterlingHeights Champaign York Reno Huntsville ThousandOaks Cambridge PalmBay CorpusChristi StPaul Savannah Lacey PortArthur Marina Hialeah Albuquerque Torrance Melbourne Lubbock Bryan Hampton Salem Deltona Tucson NewYork Monroe Escondido Independence RoundLakeBeach Lorain Scottsdale Omaha NewYorkCity Henderson Vancouver GrandRapids SaintPaul Duluth Fullerton Youngstown Hagerstown Plano Greenville OverlandPark Anchorage Utica Norwich SanBuenaventura Hemet PuntaGorda HavredeGrace JohnsonCity SanAntonio ElPaso ElMonte McAllen Elkhart Modesto Hartford Shreveport Hayward
85
PuntaGorda PuntaGorda
Tyler Tyler
ThousandOaks Olympia ThousandOaks
Norwich Norwich
PalmBay PalmBay
Tucson Tucson
Utica Utica
Albuquerque Albuquerque
Laredo Laredo
JohnsonCity JohnsonCity
Greenville Greenville
Eugene Eugene
Nashua Nashua
RoundLakeBeach RoundLakeBeach
Newburgh Newburgh
HavredeGrace HavredeGrace
OverlandPark Louisville OverlandPark
Omaha Omaha
Topeka Topeka
CapeCoral CapeCoral Bloomington
Deltona Deltona
Anchorage Anchorage Fresno
Marina Kissimmee Marina Frederick
Salem Salem
LasVegas LasVegas
Downey Downey
Hagerstown Hagerstown
SanBuenaventura Oxnard SanBuenaventura
McAllen McAllen
Lubbock Lubbock
CorpusChristi CorpusChristi
Fullerton Fullerton Flint
GrandRapids GrandRapids
Boise Boise
Arvada Arvada
Hemet Mobile Hemet
Scranton Scranton
Waterbury Waterbury
LakeCharles LakeCharles
Stamford Stamford
Duluth Duluth Detroit
Modesto Modesto
Henderson Henderson
HuntingtonBeach HuntingtonBeach
Huntsville Huntsville
Lacey Lacey
Burlington Burlington
Columbus Columbus
Savannah Savannah
Vancouver Vancouver
Hialeah Hialeah
NewYorkCity NewYorkCity
Marysville Marysville Layton
GreenBay GreenBay
Monroe Monroe
ElPaso ElPaso
SantaClara SantaClara
Torrance Torrance
Hartford Hartford NorthLasVegas
Plano Plano
NewBedford NewBedford
Elkhart Elkhart
Champaign Champaign Charlotte
Anaheim Anaheim
SaintPaul SaintPaul
York York
Spartanburg Spartanburg
Scottsdale Scottsdale
Aberdeen Aberdeen
Melbourne Melbourne
Hampton Newark
Reno Ogden
Youngstown Bakersfield Barnstable
PortArthur RichmondCounty
Bryan Birmingham
Independence Cincinnati
Orem Bethlehem
Carrollton SiouxFalls
Springfield Harlingen
NewYork Kalamazoo
StPaul CathedralCity
PembrokePines Pueblo Racine
Escondido Mesquite
SimiValley NewportNews
Norwalk StLouis
