Hayward Asheville ThousandOaks Montgomery Topeka Omaha PuntaGorda Kennewick NewYorkCity Newark McHenry Springdale Waterloo Yonkers Huntsville Bradenton Tucson Aurora NewBedford York BelAir SaintLouis NewOrleans Burbank Danbury Atlanta Abilene Downey Carrollton Winston Hickory Charlotte RichmondCounty Hampton Modesto Corona Deltona Durham Asheville Hayward
36
PuntaGorda PuntaGorda
ThousandOaks ThousandOaks
Tucson PalmBay Tucson LakeCharles
Yonkers Yonkers
Burbank Chicago Burbank
McHenry McHenry Torrance
Charlotte Charlotte
Omaha Omaha
Topeka Topeka
Deltona Deltona
Danbury Danbury
Downey Downey
Asheville Asheville CedarRapids
BelAir Monroe BelAir
Aurora Bakersfield Aurora
Bradenton Bradenton SaintPaul
RichmondCounty RichmondCounty
Modesto Modesto
Huntsville McAllen Huntsville
NewYorkCity NewYorkCity
Springdale Springdale
Atlanta Atlanta
Durham Bloomington Durham
Newark Newark
Kennewick Kennewick Barnstable
NewBedford NewBedford
York York
Hickory Tyler HuntingtonBeach Hickory
Waterloo Waterloo
Hampton Hampton
Abilene GrandRapids
Montgomery SantaCruz
SaintLouis Harlingen
Winston Memphis Tampa
NewOrleans Waco
Hayward SantaClara
