Aberdeen SanAntonio Redding SaltLakeCity Chattanooga Lowell WestValleyCity Henderson StPetersburg Lewisville Elkhart Racine Montgomery SouthLyon Frederick Modesto SanBernardino Hartford Miramar McAllen GreenBay Palmdale Austin Winston Tuscaloosa Hampton Reno Aberdeen
22
SanAntonio SanAntonio
SaltLakeCity SaltLakeCity
Chattanooga Chattanooga
Lowell Lowell
WestValleyCity WestValleyCity
Henderson Henderson
StPetersburg StPetersburg
Lewisville Lewisville Gainesville
Elkhart Pensacola
Racine Racine
Montgomery Montgomery
SouthLyon SouthLyon
Modesto Modesto
SanBernardino SanBernardino
Miramar Miramar
McAllen Marina
GreenBay GreenBay
Austin Austin
Winston Winston
Tuscaloosa Tuscaloosa
Hampton Hampton Newburgh
Reno Reno Springdale
