AndyandZeyu i11 h11 AndyandZeyu11 j10 g11 f11 AndyandZeyu h3 g3 j3 f3 AndyandZeyu e10 h10 j9 f10 i10 AndyandZeyu f0 i0 AndyandZeyu0 g0 j0 AndyandZeyu g2 c2 i2 h2 f2 j2 AndyandZeyu j1 b1 i1 h1 g1 AndyandZeyu AndyandZeyu7 j6 i7 g7 h7 b7 f7 AndyandZeyu AndyandZeyu12 j11 i12 g12 h12 b12 f12 AndyandZeyu f14 i14 h14 g14 AndyandZeyu f17 b17 h17 g17 i17 j16 AndyandZeyu17 AndyandZeyu g4 h4 i4 f4 AndyandZeyu i16 h16 g16 j15 f16 AndyandZeyu e5 h5 j4 f5 i5 AndyandZeyu f6 g6 j5 AndyandZeyu6 h6 i6 AndyandZeyu f i j g h AndyandZeyu g8 f8 h8 j7 j8 AndyandZeyu i15 f15 j14 h15 e15 AndyandZeyu g13 f13 h13 j12 j13 AndyandZeyu g18 f18 h18 j17 j18 AndyandZeyu f9 i9 h9 g9 AndyandZeyu
96
i11 i11
h11 h11
j10 j10
g11 g11
f11 f11
h3 h3
g3 i3 g3
j3 j3
f3 f3
e10 g10
h10 h10
j9 j9
f10 f10
i10 i10
f0 f0 h0
i0 i0
g0 g0
j0 j0
g2 g2
i2 i2
h2 h2
f2 f2
j2 j2
j1 j1
b1 f1
i1 i1
h1 h1
g1 g1
j6 j6
i7 i7
g7 g7
h7 h7
f7 f7
j11 j11
i12 i12
g12 g12
h12 h12
f12 f12
f14 f14
i14 i14
h14 h14
g14 g14
f17 f17
h17 h17
g17 g17
i17 i17
j16 j16
g4 g4
h4 h4
i4 i4
f4 f4
i16 i16
h16 h16
g16 g16
j15 j15
f16 f16
e5 g5
h5 h5
j4 j4
f5 f5
i5 i5
f6 f6
g6 g6
j5 j5
h6 h6
i6 i6
f f
i i
j j
g g
h h
AndyandZeyu i8 i13 i18
g8 g8
f8 f8
h8 h8
j7 j7
j8 j8
i15 i15
f15 f15
j14 j14
h15 h15
e15 g15
g13 g13
f13 f13
h13 h13
j12 j12
j13 j13
g18 g18
f18 f18
h18 h18
j17 j17
j18 j18
f9 f9
i9 i9
h9 h9
g9 g9
