AndyandZeyu h g j i f AndyandZeyu e5 h5 j4 f5 i5 AndyandZeyu h3 g3 j3 f3 AndyandZeyu g2 c2 i2 h2 f2 j2 AndyandZeyu j0 g0 AndyandZeyu0 i0 f0 AndyandZeyu g8 f8 h8 j7 j8 AndyandZeyu AndyandZeyu7 j6 i7 g7 h7 b7 f7 AndyandZeyu f4 i4 h4 g4 AndyandZeyu j1 b1 i1 h1 g1 AndyandZeyu i6 h6 AndyandZeyu6 j5 g6 f6 AndyandZeyu
48
h h
g g
j j
i i
f f
e5 g5
h5 h5
j4 j4
f5 f5
i5 i5
h3 h3
g3 i3 g3
j3 j3
f3 f3
g2 g2
i2 i2
h2 h2
f2 f2
j2 j2
j0 j0
g0 g0
i0 i0
f0 h0 f0
AndyandZeyu i8
g8 g8
f8 f8
h8 h8
j7 j7
j8 j8
j6 j6
i7 i7
g7 g7
h7 h7
f7 f7
f4 f4
i4 i4
h4 h4
g4 g4
j1 j1
b1 f1
i1 i1
h1 h1
g1 g1
i6 i6
h6 h6
j5 j5
g6 g6
f6 f6
