A TA3 TA151 TA71 TA1 TA121 TA16 TA TA91 TA81 TA9 TA17 TA241 TA171 TB21 TA10 TA2 TA11 TA51 TA13 TA231 TA181 TA141 TA221 TA18 TA31 TA4 TA24 TA111 TA8 TB1 TA6 TA14 TA7 TA131 TA211 TA191 TA61 TA19 TA12 TA23 TA201 TA22 TB11 TA5 TA41 TA20 TA21 TA101 TA161 TA15 A
50
TA3 TA3
TA151 TA151
TA71 TA71
TA1 TA1
TA121 TA121
TA16 TA16
TA TA
TA91 TA91
TA81 TA81
TA9 TA9
TA17 TA17
TA241 TA241
TA171 TA171
TB21 TB21
TA10 TA10
TA2 TA2
TA11 TA11
TA51 TA51
TA13 TA13
TA231 TA231
TA181 TA181
TA141 TA141
TA221 TA221
TA18 TA18
TA31 TA31
TA4 TA4
TA24 TA24
TA111 TA111
TA8 TA8
TB1 TB1
TA6 TA6
TA14 TA14
TA7 TA7
TA131 TA131
TA211 TA211
TA191 TA191
TA61 TA61
TA19 TA19
TA12 TA12
TA23 TA23
TA201 TA201
TA22 TA22
TB11 TB11
TA5 TA5
TA41 TA41
TA20 TA20
TA21 TA21
TA101 TA101
TA161 TA161
TA15 TA15
