A TA151 TA131 TA121 TA241 TA912NN TA812NN TA TA102N TA171 TA212N TA132N TA1812NN TA161 TA112N TA1512NN TA32N TA201 TA181 TA2312NN TA92N TA2412NN TA1012NN TA221 TA192N TA212NN TA512NN TA242N TA1412NN TA231 TA412NN TA2N TA191 TA2212NN TA42N TA122N TA62N TA22N TA12N TA112NN TA312NN TA211 TA1312NN TA162N TA152N TA1612NN TA712NN TA612NN TA1212NN TA82N TA1912NN TA2012NN TA72N TA2112NN TA222N TA172N TA1712NN TA12NN TA1112NN TA202N TA232N TA142N TA182N TA52N TA3 TA20 TB11 TA71 TA19 TB21 TA7 TA31 TA4 TA22 TA21 TA101 TB1 TA41 TA17 TA23 TA12 TA5 TA6 TA8 TA13 TA14 TA9 TA24 TA51 TA10 TA15 TA1 TA2 TA141 TA61 TA11 TA81 TA91 TA18 TA16 TA111 A
100
TA151 TA151
TA131 TA131
TA121 TA121
TA241 TA241
TA912NN TA912NN
TA812NN TA812NN
TA TA
TA102N TA102N
TA171 TA171
TA212N TA212N
TA132N TA132N
TA1812NN TA1812NN
TA161 TA161
TA112N TA112N
TA1512NN TA1512NN
TA32N TA32N
TA201 TA201
TA181 TA181
TA2312NN TA2312NN
TA92N TA92N
TA2412NN TA2412NN
TA1012NN TA1012NN
TA221 TA221
TA192N TA192N
TA212NN TA212NN
TA512NN TA512NN
TA242N TA242N
TA1412NN TA1412NN
TA231 TA231
TA412NN TA412NN
TA2N TA2N
TA191 TA191
TA2212NN TA2212NN
TA42N TA42N
TA122N TA122N
TA62N TA62N
TA22N TA22N
TA12N TA12N
TA112NN TA112NN
TA312NN TA312NN
TA211 TA211
TA1312NN TA1312NN
TA162N TA162N
TA152N TA152N
TA1612NN TA1612NN
TA712NN TA712NN
TA612NN TA612NN
TA1212NN TA1212NN
TA82N TA82N
TA1912NN TA1912NN
TA2012NN TA2012NN
TA72N TA72N
TA2112NN TA2112NN
TA222N TA222N
TA172N TA172N
TA1712NN TA1712NN
TA12NN TA12NN
TA1112NN TA1112NN
TA202N TA202N
TA232N TA232N
TA142N TA142N
TA182N TA182N
TA52N TA52N
TA3 TA3
TA20 TA20
TB11 TB11
TA71 TA71
TA19 TA19
TB21 TB21
TA7 TA7
TA31 TA31
TA4 TA4
TA22 TA22
TA21 TA21
TA101 TA101
TB1 TB1
TA41 TA41
TA17 TA17
TA23 TA23
TA12 TA12
TA5 TA5
TA6 TA6
TA8 TA8
TA13 TA13
TA14 TA14
TA9 TA9
TA24 TA24
TA51 TA51
TA10 TA10
TA15 TA15
TA1 TA1
TA2 TA2
TA141 TA141
TA61 TA61
TA11 TA11
TA81 TA81
TA91 TA91
TA18 TA18
TA16 TA16
TA111 TA111
