IvOdahrtFwzZ WUqhotrexTBp JpwDMOwQmqOp zCWezcJmUGqs ZPYnROAizafx wHeDieHMYzAK oKIKkmsSWzmH ubtvaUeVUfmV zypYDSZfKAvD GvyjKkGcUdcI QFfSmYtuSTPl AoaIXEzdsCrm mvdksSctoMVi ppfBOAvWYXyJ YvLRANdegrdA qxhFFIUEfnzV ctZWqndwhbJm touUfboeiIya nxbMBCPhfQij yFQWQWtUUMle lznMKRYSMheH XwPJYwaGcHxO uzYTzVwixczQ EKWhDcEeEkGK nschEYWjrAsr mgKEFEWheOqk qFGlIHDqKyPA OIjApACwnyqG DiKlonktcqTP EwXugPkGUVkm AQgpWBullbIi zOkfhFVfOKVi UYTxhnOtiPHB FkNlSGMBOUbz SKbQkQUhqQEt sTgUExIipvWV PFpQuVVRxbvV gkTmCiZxFrJw NMSHhfMtAJZb WWtfhwMSzfGW HVwGkspnDHbf IcNVObbuvzWY WnABnktZDxMx WHSGrQQrrotE qlMzHEurfTvO zcAOlsVDUDkc WRiugWLCujBI PKHkuTHeRXhO TglqUXfjbefC TTwdgXpOLyxF ypApeqMQPnQA aSpDrTbKBytW oOIjuHJcVRiV HEwqlaeMfSzl tARvBeqQDqSY fiHhqLtPfdZy vkOqMvrCUWYf mZUBOQTZyXOM cpNycWVdmzHJ xXoCKkdkKAne hLCSOZLNEdhX jXOmYlZmvqnI nKmMbiEuiffc evRMhyiHKGXv gXcuqckdTdIP WsLfQLsirtHk dXlgwkdKhUmB EOKLHvbbCToE NxxrxPgsnMqG hPSXtHMMyKAK KtoZVrQmJWki yVSfaizVeLPT LNoKVqXhLEzn AhJBAeSEuUkL aXlcDzbXwAJW ocysUjOwnenm RQBxIsRWzmfl pjemGRILnFei QDhUZstsJKtV UGahWpWtmUQn wXjNgGRCXYRl cQFNlImsTWTM TZmWJenJbEsV sFSBpaJxLpBT yHOsEGOhjOLt quZcTYtpBjSn cRekprdsHHWw nlzJUuBrsbXD jXgKDXnEJsra IfTQNEFsiTgr YGzazHdyrGCd RGYiIUdVAiVL lRgeGnDJBtMa nyTRNDRCsANl JNoAmCxHcsYw QZQElPdcHxru gJMLzBkWmUoV ybLCwZqVZKud QxNjgiXciQma IQvKLYGCcCbd fblrDraNAUxK IvOdahrtFwzZ
100
WUqhotrexTBp WUqhotrexTBp
JpwDMOwQmqOp JpwDMOwQmqOp
zCWezcJmUGqs zCWezcJmUGqs
ZPYnROAizafx ZPYnROAizafx
wHeDieHMYzAK wHeDieHMYzAK
oKIKkmsSWzmH oKIKkmsSWzmH
ubtvaUeVUfmV ubtvaUeVUfmV
zypYDSZfKAvD zypYDSZfKAvD
GvyjKkGcUdcI GvyjKkGcUdcI
QFfSmYtuSTPl QFfSmYtuSTPl
AoaIXEzdsCrm AoaIXEzdsCrm
mvdksSctoMVi mvdksSctoMVi
ppfBOAvWYXyJ ppfBOAvWYXyJ
YvLRANdegrdA YvLRANdegrdA
qxhFFIUEfnzV qxhFFIUEfnzV
ctZWqndwhbJm ctZWqndwhbJm
touUfboeiIya touUfboeiIya
nxbMBCPhfQij nxbMBCPhfQij
yFQWQWtUUMle yFQWQWtUUMle
lznMKRYSMheH lznMKRYSMheH
XwPJYwaGcHxO XwPJYwaGcHxO
uzYTzVwixczQ uzYTzVwixczQ
EKWhDcEeEkGK EKWhDcEeEkGK
nschEYWjrAsr nschEYWjrAsr
mgKEFEWheOqk mgKEFEWheOqk
qFGlIHDqKyPA qFGlIHDqKyPA
OIjApACwnyqG OIjApACwnyqG
DiKlonktcqTP DiKlonktcqTP
EwXugPkGUVkm EwXugPkGUVkm
AQgpWBullbIi AQgpWBullbIi
zOkfhFVfOKVi zOkfhFVfOKVi
UYTxhnOtiPHB UYTxhnOtiPHB
FkNlSGMBOUbz FkNlSGMBOUbz
SKbQkQUhqQEt SKbQkQUhqQEt
sTgUExIipvWV sTgUExIipvWV
PFpQuVVRxbvV PFpQuVVRxbvV
gkTmCiZxFrJw gkTmCiZxFrJw
NMSHhfMtAJZb NMSHhfMtAJZb
WWtfhwMSzfGW WWtfhwMSzfGW
HVwGkspnDHbf HVwGkspnDHbf
IcNVObbuvzWY IcNVObbuvzWY
WnABnktZDxMx WnABnktZDxMx
WHSGrQQrrotE WHSGrQQrrotE
qlMzHEurfTvO qlMzHEurfTvO
zcAOlsVDUDkc zcAOlsVDUDkc
WRiugWLCujBI WRiugWLCujBI
PKHkuTHeRXhO PKHkuTHeRXhO
TglqUXfjbefC TglqUXfjbefC
TTwdgXpOLyxF TTwdgXpOLyxF
ypApeqMQPnQA ypApeqMQPnQA
aSpDrTbKBytW aSpDrTbKBytW
oOIjuHJcVRiV oOIjuHJcVRiV
HEwqlaeMfSzl HEwqlaeMfSzl
tARvBeqQDqSY tARvBeqQDqSY
fiHhqLtPfdZy fiHhqLtPfdZy
vkOqMvrCUWYf vkOqMvrCUWYf
mZUBOQTZyXOM mZUBOQTZyXOM
cpNycWVdmzHJ cpNycWVdmzHJ
xXoCKkdkKAne xXoCKkdkKAne
hLCSOZLNEdhX hLCSOZLNEdhX
jXOmYlZmvqnI jXOmYlZmvqnI
nKmMbiEuiffc nKmMbiEuiffc
evRMhyiHKGXv evRMhyiHKGXv
gXcuqckdTdIP gXcuqckdTdIP
WsLfQLsirtHk WsLfQLsirtHk
dXlgwkdKhUmB dXlgwkdKhUmB
EOKLHvbbCToE EOKLHvbbCToE
NxxrxPgsnMqG NxxrxPgsnMqG
hPSXtHMMyKAK hPSXtHMMyKAK
KtoZVrQmJWki KtoZVrQmJWki
yVSfaizVeLPT yVSfaizVeLPT
LNoKVqXhLEzn LNoKVqXhLEzn
AhJBAeSEuUkL AhJBAeSEuUkL
aXlcDzbXwAJW aXlcDzbXwAJW
ocysUjOwnenm ocysUjOwnenm
RQBxIsRWzmfl RQBxIsRWzmfl
pjemGRILnFei pjemGRILnFei
QDhUZstsJKtV QDhUZstsJKtV
UGahWpWtmUQn UGahWpWtmUQn
wXjNgGRCXYRl wXjNgGRCXYRl
cQFNlImsTWTM cQFNlImsTWTM
TZmWJenJbEsV TZmWJenJbEsV
sFSBpaJxLpBT sFSBpaJxLpBT
yHOsEGOhjOLt yHOsEGOhjOLt
quZcTYtpBjSn quZcTYtpBjSn
cRekprdsHHWw cRekprdsHHWw
nlzJUuBrsbXD nlzJUuBrsbXD
jXgKDXnEJsra jXgKDXnEJsra
IfTQNEFsiTgr IfTQNEFsiTgr
YGzazHdyrGCd YGzazHdyrGCd
RGYiIUdVAiVL RGYiIUdVAiVL
lRgeGnDJBtMa lRgeGnDJBtMa
nyTRNDRCsANl nyTRNDRCsANl
JNoAmCxHcsYw JNoAmCxHcsYw
QZQElPdcHxru QZQElPdcHxru
gJMLzBkWmUoV gJMLzBkWmUoV
ybLCwZqVZKud ybLCwZqVZKud
QxNjgiXciQma QxNjgiXciQma
IQvKLYGCcCbd IQvKLYGCcCbd
fblrDraNAUxK fblrDraNAUxK
