MfdzFvsdGbvl RICmsRCgzRsB TbekQRoKcInv ZjfLZjjegWJT GemeldahvdVv uFHfCerNFIme GuSSYBNHDbKE rVqgoVgUmLRB hCxjbMrSlUJQ DFscNnuMhxUC GKWfMfVZxbJi VyXrTLUcizAa AGbRQRBgaOdX MkUBuIisCVpZ mFYKjQfCsRtT deJmWrylVSGK QifLRRQkbeZy tywOQDwDhjwZ jBrNTBMPxyQD MOpktZzuQRCH mtRsLIzrlNLu BkcPMTugAswL NlmuUUVQUbgI dDFWxTbuPymh PQTqeEtJjrHq IHnRSACwPeSd hLGIbMiwjPgd PnbamVANEguC buqjmAINqGzN SojgLCNtJNvq ymJllvoAiAsf AMizjBPjmCZd VARFNCcqfgIc DvRTDyBMOCbT axLiuEEXvnsQ arcJTkwUqbUy SgyAcloZDNJV FCrKCfVsEsBk pkzKsTORVYro UVLyMXgqTFaJ PvZWLvSzyZfH noaMakAlHdwq plKUVNXwKfVb dFUHctNjrywb MLnLJmQHwuOS PUcvIgREsriS QHpWWcCYavdw EoEdLMroSPNp pQCFwcmaYfTN rrRAqFcoDYfk BbyhqvohDUZK MfdzFvsdGbvl
50
RICmsRCgzRsB RICmsRCgzRsB
TbekQRoKcInv TbekQRoKcInv
ZjfLZjjegWJT ZjfLZjjegWJT
GemeldahvdVv GemeldahvdVv
uFHfCerNFIme uFHfCerNFIme
GuSSYBNHDbKE GuSSYBNHDbKE
rVqgoVgUmLRB rVqgoVgUmLRB
hCxjbMrSlUJQ hCxjbMrSlUJQ
DFscNnuMhxUC DFscNnuMhxUC
GKWfMfVZxbJi GKWfMfVZxbJi
VyXrTLUcizAa VyXrTLUcizAa
AGbRQRBgaOdX AGbRQRBgaOdX
MkUBuIisCVpZ MkUBuIisCVpZ
mFYKjQfCsRtT mFYKjQfCsRtT
deJmWrylVSGK deJmWrylVSGK
QifLRRQkbeZy QifLRRQkbeZy
tywOQDwDhjwZ tywOQDwDhjwZ
jBrNTBMPxyQD jBrNTBMPxyQD
MOpktZzuQRCH MOpktZzuQRCH
mtRsLIzrlNLu mtRsLIzrlNLu
BkcPMTugAswL BkcPMTugAswL
NlmuUUVQUbgI NlmuUUVQUbgI
dDFWxTbuPymh dDFWxTbuPymh
PQTqeEtJjrHq PQTqeEtJjrHq
IHnRSACwPeSd IHnRSACwPeSd
hLGIbMiwjPgd hLGIbMiwjPgd
PnbamVANEguC PnbamVANEguC
buqjmAINqGzN buqjmAINqGzN
SojgLCNtJNvq SojgLCNtJNvq
ymJllvoAiAsf ymJllvoAiAsf
AMizjBPjmCZd AMizjBPjmCZd
VARFNCcqfgIc VARFNCcqfgIc
DvRTDyBMOCbT DvRTDyBMOCbT
axLiuEEXvnsQ axLiuEEXvnsQ
arcJTkwUqbUy arcJTkwUqbUy
SgyAcloZDNJV SgyAcloZDNJV
FCrKCfVsEsBk FCrKCfVsEsBk
pkzKsTORVYro pkzKsTORVYro
UVLyMXgqTFaJ UVLyMXgqTFaJ
PvZWLvSzyZfH PvZWLvSzyZfH
noaMakAlHdwq noaMakAlHdwq
plKUVNXwKfVb plKUVNXwKfVb
dFUHctNjrywb dFUHctNjrywb
MLnLJmQHwuOS MLnLJmQHwuOS
PUcvIgREsriS PUcvIgREsriS
QHpWWcCYavdw QHpWWcCYavdw
EoEdLMroSPNp EoEdLMroSPNp
pQCFwcmaYfTN pQCFwcmaYfTN
rrRAqFcoDYfk rrRAqFcoDYfk
BbyhqvohDUZK BbyhqvohDUZK
