MHnVCXOJJwOI MlFqcqjWiUdI NmmqQKqzdERM ilCjMogPnNTK YbGvPudTcbyh bVDkAfQbeTmx ltlOmMSvjmIL YfpLHnDpSXzc AZrILCuGwbtV KKNtdnAHmUpc SPoMbAzxrqrj cXYRsTNMJDHO jmWqilJNXyuV SJPfUQrbAbqM GLfJulJDWdHA PCNGxUSnzrYJ JCPkGQQBkgge GoPPViXuIoMW oClepMbylsqk crcFIKqbaYTC svpVoYHpEpjH FhVNapbaoZOZ phTlHtTwrYOU NkzUoyRYPnbb RWoTZCNhceUR UvfnFwkwYqFk MHnVCXOJJwOI
25
MlFqcqjWiUdI MlFqcqjWiUdI
NmmqQKqzdERM NmmqQKqzdERM
ilCjMogPnNTK ilCjMogPnNTK
YbGvPudTcbyh YbGvPudTcbyh
bVDkAfQbeTmx bVDkAfQbeTmx
ltlOmMSvjmIL ltlOmMSvjmIL
YfpLHnDpSXzc YfpLHnDpSXzc
AZrILCuGwbtV AZrILCuGwbtV
KKNtdnAHmUpc KKNtdnAHmUpc
SPoMbAzxrqrj SPoMbAzxrqrj
cXYRsTNMJDHO cXYRsTNMJDHO
jmWqilJNXyuV jmWqilJNXyuV
SJPfUQrbAbqM SJPfUQrbAbqM
GLfJulJDWdHA GLfJulJDWdHA
PCNGxUSnzrYJ PCNGxUSnzrYJ
JCPkGQQBkgge JCPkGQQBkgge
GoPPViXuIoMW GoPPViXuIoMW
oClepMbylsqk oClepMbylsqk
crcFIKqbaYTC crcFIKqbaYTC
svpVoYHpEpjH svpVoYHpEpjH
FhVNapbaoZOZ FhVNapbaoZOZ
phTlHtTwrYOU phTlHtTwrYOU
NkzUoyRYPnbb NkzUoyRYPnbb
RWoTZCNhceUR RWoTZCNhceUR
UvfnFwkwYqFk UvfnFwkwYqFk
