5 1 188 83 103 108 196 130 137 102 122 177 66 42 89 106 93 97 198 147 46 100 197 185 20 170 79 58 16 159 55 112 35 168 69 27 82 182 92 115 91 117 157 8 50 78 38 149 164 124 190 5
50
1 1
188 188
83 83
103 103
108 108
196 196
130 130
137 137
102 102
122 122
177 177
66 66
42 42
89 89
106 106
93 93
97 97
198 198
147 147
46 46
100 100
197 197
185 185
20 20
170 170
79 79
58 58
16 16
159 159
55 55
112 112
35 35
168 168
69 69
27 27
82 82
182 182
92 92
115 115
91 91
117 117
157 157
8 8
50 50
78 78
38 38
149 149
164 164
124 124
190 190
