0 59 73 198 3 152 9 40 142 55 66 160 13 23 197 162 109 125 189 150 38 168 22 155 144 2 35 42 170 161 56 106 89 5 30 18 25 26 113 105 11 136 122 52 16 118 81 139 97 15 101 68 135 60 80 164 83 50 166 108 187 140 173 7 188 1 163 47 79 102 141 104 158 32 138 184 172 17 87 157 53 29 62 12 116 91 75 64 27 39 194 111 178 67 151 10 130 10 119 182 31 34 36 49 124 121 24 93 71 21 147 65 0
94
59 59
73 73
198 198
152 152
9 9
40 40
142 142
55 55
66 66
160 160
23 23
162 162
109 109
189 189
150 150
38 38
168 168
22 22
155 155
144 144
2 6
35 35
42 42
170 193
161 161
56 56
89 89
5 5
30 95 30
18 18 171
25 25
26 26
113 61
105 105
11 11
136 136
122 122
16 16
118 118
139 129
15 15
101 101
68 68
135 135
60 110 60
80 80
164 164
83 83
50 50
108 108
187 187
140 140
173 173 96
7 7
1 1
163 163
47 179
79 79 196
102 102
141 141
104 104
158 158
138 138
184 184
172 172
17 17
87 87
157 157
29 123
62 62
12 12
91 91
75 75
27 27
39 39
194 194
111 111
178 178
67 67
151 151
130 145 130
10 10
119 119
31 31
34 34
36 36
49 49
124 124
121 156
24 24
93 93
71 71
21 21
147 147
