Soda A5 D6 D3 C1 B5 B7 A9 A5 Soda C9 D5 D7 C3 D8 B9 D9 D1 B8 A7 C9 Soda C4 E3 B2 E5 B1 E7 E6 B3 C7 B2 C5 Soda A G N Y Z AB H B A C J I C A D K T AI K D A E Q E A F M F A Soda a b m ad l ax ac av ab k b a e p ag af ae n d a h ak t al s g a i j aa z as at aa j y ap ao an u x i a Soda a0 a5 d6 d3 c1 b5 b7 a4 a9 a5 a0 c9 a7 b8 d1 d9 b9 d8 c3 d7 d5 c9 a0 c5 b2 c7 b3 e6 e7 b1 e5 b2 e3 c4 a0 Soda
78
A5 A5
D3 D3
A9 A9
B5 A3 B5
B7 B7
C1 C1
A7 A1 A7
B9 B9
C3 E1 C3
C9 C9
D1 D1
D5 D5
D7 D7
D9 D9
E3 E3
B3 B3
E5 E5
B1 B1
E7 E7
C5 C5
C7 C7
N N
Y AP
AB AB
H H
J J
I AF
T T
AI AU AW AS
E P
Q Q AG
M AO AC
b b
ad ad
l l
av av
ax ax
ab ab
p p
ag ah
af af
n n
d d
ak r aj
g f
h h
al al
t t
j j
ap ap
an an
u v
x x
z z
as ar
at at
a5 a5
b5 b5
b7 b7
a4 a3
c1 c1
d3 d3
a9 a9
a7 a7 a1
b9 b9
c3 c3 e1
c9 c9
d1 d1
d5 d5
d7 d7
d9 d9
b1 b1
b3 b3
e3 e3
e5 e5
e7 e7
c5 c5
c7 c7
