SabrinaSiriPrince50 aHwNY UBrR9 52PwN H8qqB 0kSSC Ms6jj plb6L UBrR9 aHwNY M7N2p X8iWp duKKu 11x30 WcEcU EZqNK OSLHQ 11x30 YgbLl Wutnl 5X0EW vmJdf YgbLl duKKu cRUJh DrLs7 4MOkB yJVF4 9HL6t DrLs7 SVxWg nbohZ d2ZYh SVxWg cRUJh X8iWp SabrinaSiriPrince50
19
vmJdf vmJdf
5X0EW 5X0EW
Wutnl Wutnl
WcEcU WcEcU
EZqNK EZqNK
OSLHQ OSLHQ
4MOkB 4MOkB
yJVF4 yJVF4
9HL6t 9HL6t
nbohZ nbohZ
d2ZYh d2ZYh
M7N2p nMJpi Bjd2k nannc cwf5o i3qsm rFWcq V7iEC
aHwNY aHwNY
52PwN 52PwN
H8qqB H8qqB
0kSSC 0kSSC
Ms6jj Ms6jj
plb6L plb6L
UBrR9 UBrR9
