ssp200 13 10 2 8 6 5 4 3 7 2 14 2 181 182 188 186 185 184 183 187 182 194 182 181 167 173 171 170 169 168 172 167 179 167 181 152 158 156 155 154 153 157 152 164 152 181 137 142 138 139 140 141 143 137 149 137 181 122 127 123 124 125 126 128 122 134 122 181 107 112 108 109 110 111 113 107 119 107 181 92 98 96 95 94 93 97 92 104 92 181 77 82 78 79 80 81 83 77 89 77 181 62 68 66 65 64 63 67 62 74 62 181 47 52 48 49 50 51 53 47 59 47 181 32 38 36 35 34 33 37 32 44 32 181 17 22 18 19 20 21 23 17 29 17 181 2 10 13 ssp200
78
6 6
5 5
4 4
3 3
2 11
14 14 15
186 186
185 185
184 184
183 183
182 191
194 194 195
171 171
170 170
169 169
168 168
167 176
179 179 180
156 156
155 155
154 154
153 153
152 161
164 164 165
138 138
139 139
140 140
141 141
137 146
149 149 150
123 123
124 124
125 125
126 126
122 131
134 134 135
108 108
109 109
110 110
111 111
107 116
119 120 119
96 96
95 95
94 94
93 93
92 101
104 105 104
78 78
79 79
80 80
81 81
77 86
89 89 90
66 66
65 65
64 64
63 63
62 71
74 74 75
48 48
49 49
50 50
51 51
47 56
59 59 60
36 36
35 35
34 34
33 33
32 41
44 44 45
18 18
19 19
20 20
21 21
17 26
29 29 30
