1 13 15 35 55 125 83 117 149 37 81 99 105 121 95 65 133 115 49 75 123 71 67 129 137 111 107 53 57 141 33 47 43 139 25 11 73 131 39 7 21 101 41 103 45 85 29 61 9 135 145 59 31 97 147 51 143 23 27 89 3 69 5 77 127 113 19 87 91 63 119 79 109 17 93 1
75
1 1
13 13
15 15
35 35
55 55
125 125
83 83
117 117
149 149
37 37
81 81
99 99
105 105
121 121
95 95
65 65
133 133
115 115
49 49
75 75
123 123
71 71
67 67
129 129
137 137
111 111
107 107
53 53
57 57
141 141
33 33
47 47
43 43
139 139
25 25
11 11
73 73
131 131
39 39
7 7
21 21
101 101
41 41
103 103
45 45
85 85
29 29
61 61
9 9
135 135
145 145
59 59
31 31
97 97
147 147
51 51
143 143
23 23
27 27
89 89
3 3
69 69
5 5
77 77
127 127
113 113
19 19
87 87
91 91
63 63
119 119
79 79
109 109
17 17
93 93
