Jason Kelsey Wendy Adam Joseph Jeffrey Robert Samantha Ronnie Stacie Carrie Andrew Rachel April Robin Randy Melinda Dustin Scott Jane Mary Kathy Shawn Sabrina Karen Juan Tommy Timothy Jeremy Ashley Melissa Wayne Elizabeth Alexandra Nicholas Laura Gabriel Brian Christina Regina Kayla John Paul Michelle Mark Dylan Shane Tristan Claire Mario Brad Stephen Jordan Cheryl Joshua David Kyle Brittany Evan Kimberly Jacqueline Bryan Megan Johnathan James Katelyn Jennifer Amanda Carol Gregory Roy Nathaniel Heather Tammy Kara Monica Crystal Rebekah Brett Rebecca Kari Grace Mercedes Adrian Dana Edwin Nicole Jose William Cristian Logan Jill Misty Shannon Susan Kristen Lauren Charles Jeffery Ricky Derek Jason
100
Kelsey Kelsey
Wendy Wendy
Adam Adam
Joseph Joseph
Jeffrey Jeffrey
Robert Robert
Samantha Samantha
Ronnie Ronnie
Stacie Stacie
Carrie Carrie
Andrew Andrew
Rachel Rachel
April April
Robin Robin
Randy Randy
Melinda Melinda
Dustin Dustin
Scott Scott
Jane Jane
Mary Mary
Kathy Kathy
Shawn Shawn
Sabrina Sabrina
Karen Karen
Juan Juan
Tommy Tommy
Timothy Timothy
Jeremy Jeremy
Ashley Ashley
Melissa Melissa
Wayne Wayne
Elizabeth Elizabeth
Alexandra Alexandra
Nicholas Nicholas
Laura Laura
Gabriel Gabriel
Brian Brian
Christina Christina
Regina Regina
Kayla Kayla
John John
Paul Paul
Michelle Michelle
Mark Mark
Dylan Dylan
Shane Shane
Tristan Tristan
Claire Claire
Mario Mario
Brad Brad
Stephen Stephen
Jordan Jordan
Cheryl Cheryl
Joshua Joshua
David David
Kyle Kyle
Brittany Brittany
Evan Evan
Kimberly Kimberly
Jacqueline Jacqueline
Bryan Bryan
Megan Megan
Johnathan Johnathan
James James
Katelyn Katelyn
Jennifer Jennifer
Amanda Amanda
Carol Carol
Gregory Gregory
Roy Roy
Nathaniel Nathaniel
Heather Heather
Tammy Tammy
Kara Kara
Monica Monica
Crystal Crystal
Rebekah Rebekah
Brett Brett
Rebecca Rebecca
Kari Kari
Grace Grace
Mercedes Mercedes
Adrian Adrian
Dana Dana
Edwin Edwin
Nicole Nicole
Jose Jose
William William
Cristian Cristian
Logan Logan
Jill Jill
Misty Misty
Shannon Shannon
Susan Susan
Kristen Kristen
Lauren Lauren
Charles Charles
Jeffery Jeffery
Ricky Ricky
Derek Derek
