Austin Jamie Joshua Steven Paige Juan Jonathan Daniel Robin Monique Dennis Garrett Alex Rhonda Rachel Danielle Patrick Ashley Donald Debra John Paul Scott Cassandra Robert Jordan Glenda Janet Sara Natasha Sean Hannah Elizabeth Mariah Elaine Eugene Ralph Kari Amy Maxwell Gina Michael Edward Melissa Kyle Walter Jennifer Jeanette April Melinda Victoria Austin
50
Jamie Jamie
Joshua Joshua
Steven Steven
Paige Paige
Juan Juan
Jonathan Jonathan
Daniel Daniel
Robin Robin
Monique Monique
Dennis Dennis
Garrett Garrett
Alex Alex
Rhonda Rhonda
Rachel Rachel
Danielle Danielle
Patrick Patrick
Ashley Ashley
Donald Donald
Debra Debra
John John
Paul Paul
Scott Scott
Cassandra Cassandra
Robert Robert
Jordan Jordan
Glenda Glenda
Janet Janet
Sara Sara
Natasha Natasha
Sean Sean
Hannah Hannah
Elizabeth Elizabeth
Mariah Mariah
Elaine Elaine
Eugene Eugene
Ralph Ralph
Kari Kari
Amy Amy
Maxwell Maxwell
Gina Gina
Michael Michael
Edward Edward
Melissa Melissa
Kyle Kyle
Walter Walter
Jennifer Jennifer
Jeanette Jeanette
April April
Melinda Melinda
Victoria Victoria
