Granbull Bulbasaur Reuniclus Electrode Flygon Crabominable Kyurem Ampharos Exeggcute Binacle Torchic Bagon Charmander Heatran Infernape Carbink Reshiram Golbat Cinccino Heatmor Serperior Bergmite Jolteon Buizel Aipom Nuzleaf Staryu Deoxys Floatzel Relicanth Unown Electrike Chatot Slakoth Ninjask Rockruff Pidgeot Mudsdale Pancham Whimsicott Lycanroc Raichu Arbok Metapod Chespin Spiritomb Spinda Mawile Trumbeak Whiscash Quilava Rufflet Lampent Smeargle Cosmog Crawdaunt Azurill Krookodile Cascoon Magikarp Jirachi Kangaskhan Skitty Carnivine Mantine Luvdisc Feraligatr Staravia Tsareena Gliscor TypeNull Cubone Butterfree Beedrill Floette Typhlosion Chinchou Bonsly Sylveon Altaria Malamar Probopass Metang Magmar Blissey Greninja Torkoal Diggersby Darkrai Mightyena Bronzor Charizard Glalie Mimikyu Swanna Remoraid Machamp Happiny Magmortar Goomy Lileep Absol Hitmontop Lapras Torracat Budew Grumpig PorygonZ Granbull
97
Reuniclus Reuniclus
Electrode Electrode
Flygon Flygon
Crabominable Crabominable
Ampharos Ampharos
Exeggcute Exeggcute
Binacle Binacle
Torchic Torchic
Charmander Charmander
Heatran Heatran
Infernape Infernape
Carbink Carbink Metagross
Reshiram Reshiram
Golbat Golbat
Cinccino Cinccino
Heatmor Heatmor
Serperior Serperior
Bergmite Bergmite
Jolteon Jolteon
Buizel Buizel
Aipom Dustox
Nuzleaf Nuzleaf
Deoxys Deoxys
Floatzel Floatzel
Relicanth Relicanth
Unown Unown
Electrike Electrike
Chatot Chatot
Slakoth Slakoth
Ninjask Ninjask
Rockruff Rockruff
Pidgeot Pidgeot
Mudsdale Mudsdale
Pancham Vivillon
Whimsicott Whimsicott
Lycanroc Lycanroc
Raichu Raichu
Arbok Arbok
Metapod Metapod
Chespin Chespin
Spiritomb Spiritomb
Spinda Spinda
Mawile Mawile
Trumbeak Trumbeak
Whiscash Whiscash
Quilava Quilava
Rufflet Rufflet
Lampent Lampent
Cosmog Cosmog
Crawdaunt Crawdaunt
Krookodile Corphish Krookodile
Cascoon Cascoon
Jirachi Jirachi
Kangaskhan Kangaskhan
Skitty Skitty
Carnivine Carnivine
Mantine Mantine
Luvdisc Luvdisc
Feraligatr Feraligatr
Tsareena Tsareena
Gliscor Gliscor
TypeNull TypeNull
Cubone Cubone
Butterfree Butterfree
Beedrill Beedrill
Floette Floette
Typhlosion Typhlosion
Chinchou Chinchou
Bonsly Bonsly
Sylveon Sylveon
Malamar Malamar
Probopass Probopass
Magmar Magmar
Blissey Blissey
Greninja Greninja
Torkoal Torkoal
Diggersby Diggersby
Darkrai Darkrai
Mightyena Mightyena
Bronzor Roserade Bronzor
Charizard Charizard
Glalie Glalie
Mimikyu Mimikyu
Swanna Swanna
Remoraid Remoraid
Machamp Machamp
Happiny Happiny
Magmortar Magmortar
Goomy Goomy
Lileep Lileep
Absol Absol
Hitmontop Hitmontop
Lapras Lapras
Torracat Torracat
Budew Budew
Grumpig Grumpig
PorygonZ PorygonZ
