Glameow Loudred Archeops Electivire Yanma Sigilyph Togepi Feebas Bergmite Spiritomb Ivysaur Zygarde Ledian Beheeyem Leavanny Cacturne Weedle Poochyena Fomantis Throh Glalie Buneary Gigalith Spheal Inkay Glameow
20
Electivire Electivire Furret
Spiritomb Spiritomb
Fomantis Mudbray
Ledian Ledian
Buneary Buneary
Bergmite Gumshoos Bergmite
Ivysaur Meganium Spinarak
Glalie Glalie
Inkay Inkay
Cacturne Wailord
Zygarde Zygarde
Togepi Togepi
Yanma Yanma
Poochyena Piplup
Archeops Archeops
Spheal Gothorita Spheal
Loudred Loudred
Gigalith Gigalith
Beheeyem Golett Beheeyem
Leavanny Leavanny
