Florges Stufful Omastar Flaaffy Palkia Girafarig Serperior Poliwag Purrloin Sentret Celebi Moltres Gastrodon Dusknoir Kricketot Primarina Wailmer Wormadam Bergmite Togetic Bewear Snorlax Shaymin Furfrou Bayleef Aurorus Carracosta Doublade Hitmonlee Yanmega Poliwrath Zapdos Caterpie Dialga Volbeat Buzzwole Hakamoo Lillipup Infernape Bouffalant Palossand Bidoof Manectric Zubat Regice Chansey Tentacruel Delibird Cascoon Timburr Machoke Hippopotas Cherrim Toxapex Tsareena Weepinbell Vespiquen Florges
46
Stufful Stufful
Omastar Omastar
Girafarig Girafarig
Poliwag Poliwag
Purrloin Purrloin
Sentret Sentret
Celebi Celebi
Moltres Moltres
Gastrodon Gastrodon
Dusknoir Dusknoir
Kricketot Kricketot
Primarina Primarina
Wailmer Wailmer
Wormadam Wormadam
Bergmite Bergmite
Togetic Togetic
Snorlax Celesteela
Shaymin Shaymin
Furfrou Persian Scolipede
Bayleef Bisharp Bayleef
Aurorus Aurorus
Carracosta Carracosta
Hitmonlee Hitmonlee
Yanmega Yanmega
Poliwrath Poliwrath
Zapdos Zapdos
Dialga Pichu Dialga
Volbeat Volbeat
Buzzwole Buzzwole
Hakamoo Hakamoo
Lillipup Lillipup
Infernape Infernape
Bouffalant Bouffalant
Bidoof Piloswine Bidoof
Manectric Manectric
Zubat Zubat
Regice Regice
Tentacruel Tentacruel
Delibird Delibird
Cascoon Cascoon
Timburr Timburr
Machoke Machoke
Cherrim Cherrim
Toxapex Ralts
Tsareena Tsareena
Weepinbell Weepinbell
