0 68 84 101 174 130 75 83 143 145 131 73 189 48 149 63 157 197 199 27 151 17 16 98 135 106 46 15 167 85 114 103 179 156 20 108 187 198 139 2 196 31 138 12 34 30 141 155 42 155 140 70 45 137 45 19 97 72 41 74 144 152 181 153 55 11 134 168 117 160 6 195 176 109 125 116 59 147 82 87 180 87 183 128 5 26 9 120 62 23 121 113 185 92 166 122 7 67 13 80 0
85
0 52
68 66 126
84 84
174 174
130 130
75 75
83 83 91
143 143
145 145
131 131
73 177
189 189
48 48
149 149
63 81 63
157 157
197 197
199 199
27 27
151 151
17 17
16 16
98 98
106 106
46 46
85 85
114 114
103 184 103
179 179
156 156
20 20
108 108
139 139 53
2 111
196 196
31 31
138 50 138
34 34
30 30
141 4
42 40 42
140 140
137 137
45 45
70 70
19 19
97 97
72 72
74 74
144 144
152 152
181 181
153 105
55 55
11 11 171
134 134
168 168
117 117
160 160
195 195
176 176
109 109
125 125
116 116
59 59
147 147
82 82 36
87 87
180 180 69
183 183
128 128
26 26
9 88 9
198 76 198
62 62
23 23
121 121 102
113 136
185 185
92 10
166 166
122 162 35 122
67 67
13 13
80 80
