1 68 55 100 196 45 100 49 193 99 97 100 26 35 57 119 178 195 124 84 170 30 8 12 100 77 177 151 142 100 80 175 44 100 101 115 18 100 111 22 0 100 86 127 83 100 141 21 158 199 159 54 171 180 100 129 121 59 76 131 43 117 100 19 88 50 27 125 182 100 174 191 60 134 100 186 89 189 100 183 155 137 100 25 93 29 164 105 100 163 32 160 16 1
78
1 1
68 68
55 55
196 196
45 45
49 49
193 193
99 99
97 97
100 74 24 148 136 38 3 28 194 36 150 82 138 10 153 157 56 113 188 172 63 15 31 192
26 26
35 35
57 57
119 119
178 178
195 195
124 124
84 84
170 170
30 30
8 8
12 12
77 77
177 177
151 151
142 142
80 80
175 175
44 44
101 101
115 115
18 18
111 111
22 22
0 0
86 86
127 127
83 83
141 141
21 21
158 158
199 199
159 159
54 54
171 171
180 180
129 129
121 121
59 59
76 76
131 131
43 43
117 117
19 19
88 88
50 50
27 27
125 125
182 182
174 174
191 191
60 60
134 134
186 186
89 89
189 189
183 183
155 155
137 137
25 25
93 93
29 29
164 164
105 105
163 163
32 32
160 160
16 16
