21 156 187 102 103 104 105 106 109 176 146 145 66 69 136 74 75 137 125 124 189 37 36 97 95 197 50 59 60 61 12 13 191 151 150 85 107 193 194 101 27 43 73 87 38 39 119 115 116 47 48 79 23 160 17 157 143 140 147 55 185 186 33 155 165 25 179 161 93 89 141 151 175 65 121 120 9 8 101 92 91 178 63 83 82 177 183 172 153 152 111 188 134 181 180 126 127 5 15 171 113 31 76 35 154 29 30 167 108 170 117 122 130 131 41 11 81 149 142 139 168 169 168 139 1 2 3 34 129 21
93
21 21
156 45
187 187
103 103
105 105
109 109
145 145
66 67
69 69
75 75
137 137
125 125
189 189
37 37
97 97
95 195 95
197 197 163
50 49
59 59
61 61
13 13
191 191
150 53
85 85
107 107
193 193
27 27
43 43
73 73
87 87
39 39
119 119 159
115 115
116 133
47 47
48 19
79 79
23 23
17 17 77
157 157
143 143
147 147
55 55
185 185
33 33
155 155
165 165
25 25
179 179
161 161
93 93
89 89
141 141
151 151
175 175
65 65
121 121
120 51
9 9
8 7
101 101
91 91
63 71 63
83 83
177 177
183 183
172 173
153 153
111 111
188 135
181 181
127 127
5 5
15 15
171 171
113 113
31 31
35 35
29 29
167 167
117 117
122 123
131 131
41 41
11 11
81 81
149 149
142 99
169 169 57
139 139
1 1
3 3
129 129
