74 72 77 75 102 169 164 161 163 168 166 167 165 169 192 191 199 198 197 192 87 89 82 81 85 83 88 86 87 38 36 35 37 39 31 38 21 26 29 28 24 25 23 21 118 113 119 116 111 118 98 99 98 141 145 144 146 148 141 172 171 178 175 179 180 174 172 182 63 69 62 66 61 68 70 63 121 122 121 151 153 156 157 151 2 8 6 2 46 41 50 46 18 11 12 19 16 13 18 58 59 57 54 56 55 53 58 132 139 137 131 140 135 136 132 75 73 76 80 72 74
93
74 74
77 77
102 104
164 164
161 161
163 163
168 168
166 166
167 167
165 165
169 169
191 191
199 199
198 198
197 197
192 192
89 89
82 82
81 81
85 85
83 83
88 88
86 86
36 36
35 35
37 32 37
39 39
31 31
38 38
26 26
29 29
28 28
24 30
25 25
23 23
113 113
119 119
116 116
111 111 114
118 118
99 96 99
145 145
144 142
146 146
148 148
141 141
178 178
175 175
179 179
180 180
174 174
172 172
182 189 185
69 69
62 62
66 66
61 61
68 68
70 70
121 128
122 126 122
151 151
153 153
156 160 156
157 157
2 2
8 8
6 6
41 47 41
50 50
46 46
11 11
12 14
19 19
16 16
13 13
58 58
59 59
57 57
54 54
56 52
55 55
53 53
139 139
137 137
131 131
140 140
135 135
136 136
75 75
73 73
76 76
80 80
