l7 l35 l6 l92 l114 l172 l15 l180 l186 l169 l90 l46 l147 l110 l77 l184 l192 l74 l122 l33 l2 l58 l44 l189 l72 l63 l37 l128 l94 l163 l115 l31 l127 l83 l12 l160 l168 l153 l138 l126 l171 l24 l124 l59 l42 l143 l109 l20 l76 l102 l155 l148 l113 l162 l136 l142 l41 l116 l177 l200 l161 l67 l39 l40 l7
61
l7 l7
l35 l35
l6 l6
l114 l14 l114
l172 l172
l15 l15
l180 l180
l186 l186
l169 l169 l141
l90 l90
l46 l46
l147 l101
l110 l110
l77 l77
l184 l184 l25 l49
l192 l192
l74 l74
l122 l122
l33 l33
l2 l2
l58 l58
l44 l44
l189 l189
l72 l72
l63 l63 l21
l37 l37
l128 l128
l94 l94
l163 l163 l132
l115 l115
l127 l127
l83 l83
l12 l12
l160 l160
l168 l168
l153 l130
l138 l138
l126 l181
l171 l171
l24 l24
l124 l124
l59 l59
l42 l54
l143 l53 l26
l109 l109
l20 l20
l102 l102
l155 l155
l148 l148
l113 l113
l162 l162
l136 l136 l199
l142 l142
l41 l41
l116 l116
l177 l177
l200 l200
l161 l161
l67 l67 l27
l39 l39
l40 l40
