0 1 175 111 110 21 20 142 141 140 139 138 94 138 95 137 136 135 92 91 118 89 132 30 29 28 27 26 27 28 29 46 32 63 62 170 62 63 32 46 45 99 45 46 29 30 132 89 118 91 92 135 136 137 95 138 139 140 141 142 20 21 110 111 112 113 37 36 37 113 78 15 47 127 147 54 24 23 22 154 22 23 24 54 147 13 12 11 103 107 106 107 103 11 12 13 147 127 126 174 126 127 47 15 78 79 165 166 167 168 169 151 152 14 4 120 163 2 163 164 165 125 124 123 83 82 81 17 81 82 83 123 124 125 165 79 78 113 112 111 175 1 8 117 116 115 116 117 8 1 0 179 178 150 70 150 178 179 0
50
175 175
110 109
94 93 94
95 95
118 49
132 131
27 27
26 25 26
28 96
29 29
62 61 62
170 84 170
63 63
32 32
99 99 98
135 72 90
140 58
141 7 172
111 111
113 113 102
36 87 35
78 77
147 147
54 54 53
22 22
154 154 153
24 24
11 9
103 103
106 105 106
174 173 55
126 126
47 47
15 15
168 86
151 34
152 152
4 4
2 158 2
164 73
81 80 81
17 16 17
83 83
123 123 122
112 112
115 115 114
116 116
178 178 44
70 69 70
150 150
