0 90 24 86 57 40 45 43 58 79 7 91 85 3 8 13 30 70 66 88 80 22 67 14 25 17 81 78 27 1 87 73 23 49 64 69 41 32 4 39 63 59 100 5 16 9 31 50 54 65 12 84 77 97 36 2 20 29 52 72 96 95 51 11 34 37 94 18 89 6 99 62 60 56 48 93 61 98 82 35 42 28 15 74 26 10 19 168 0
88
0 92
1 1
2 2 75
3 3
4 4
5 5
6 6
7 7
8 8
9 9
10 10
11 11
12 12
13 13
14 14
15 15
16 16
17 17
18 18
19 19 44
20 20
22 22
23 23
24 24 68 21
25 25
26 26
27 27 55
28 28
29 76 29
30 46 30
31 31
32 32
34 34
35 35
36 36
37 37
39 39
40 40 47
41 41
42 42
43 43
45 45
48 48
49 49
50 50
51 51
52 52
54 54
56 56
57 57
58 58
59 59
60 60
61 61
62 62
63 63
64 64
65 65
66 66 71
67 67
69 69
70 53 70
72 72
73 73
74 74
77 77
78 78
79 79
80 80
81 81
82 82
84 84
85 85
86 86
87 87
88 88
89 89
90 90 38
91 91
93 93
94 94
95 95
96 96
97 97
98 98
99 99
100 100
168 33 83
