101 100 99 93 97 91 96 98 94 92 90 95 83 81 80 89 88 82 87 86 85 84 68 64 67 60 62 61 69 63 66 65 28 27 24 25 22 29 26 20 21 23 11 12 14 16 18 17 13 19 15 10 49 43 48 40 47 42 45 46 44 41 52 53 59 57 56 58 54 50 51 55 70 79 77 76 73 72 71 74 78 75 37 32 30 31 39 38 36 34 33 35 4 1 2 7 5 8 6 9 3 0 100 101
100
99 99
93 93
97 97
91 91
96 96
98 98
94 94
92 92
90 90
95 95
83 83
81 81
80 80
89 89
88 88
82 82
87 87
86 86
85 85
84 84
68 68
64 64
67 67
60 60
62 62
61 61
69 69
63 63
66 66
65 65
28 28
27 27
24 24
25 25
22 22
29 29
26 26
20 20
21 21
23 23
11 11
12 12
14 14
16 16
18 18
17 17
13 13
19 19
15 15
10 10
49 49
43 43
48 48
40 40
47 47
42 42
45 45
46 46
44 44
41 41
52 52
53 53
59 59
57 57
56 56
58 58
54 54
50 50
51 51
55 55
70 70
79 79
77 77
76 76
73 73
72 72
71 71
74 74
78 78
75 75
37 37
32 32
30 30
31 31
39 39
38 38
36 36
34 34
33 33
35 35
4 4
1 1
2 2
7 7
5 5
8 8
6 6
9 9
3 3
0 0
