Soda Burkina Malawi Mayotte Ireland Macedonia Burundi Congo Luxembourg Argentina Pakistan Saint Belize Croatia Sint Egypt Korea British Aruba Liberia Hong Palau Sao Kyrgyzstan Antigua Republic Algeria Niger United Albania New Moldova Latvia Japan Pitcairn Macao Iran Iraq Germany Fiji Netherlands Jamaica Cambodia Finland Lebanon Singapore Rwanda Nigeria Indonesia Bahamas Mexico Kiribati Northern Soda
50
Burkina Burkina
Malawi Malawi
Mayotte Mayotte
Ireland Ireland
Macedonia Lao
Burundi Burundi
Congo Congo
Luxembourg Luxembourg
Argentina Argentina
Pakistan Pakistan
Saint Saint
Belize Belize
Croatia Croatia
Sint Sint
Egypt Egypt
Korea Korea
British British
Aruba Aruba
Liberia Liberia
Hong Hong
Palau Palau
Sao Sao
Kyrgyzstan Kyrgyzstan
Antigua Antigua
Republic Republic
Algeria Algeria
Niger Niger
United United
Albania Albania
New New
Moldova Moldova
Latvia Latvia
Japan Japan
Pitcairn Pitcairn
Macao Macao
Iraq Iraq
Fiji Fiji
Netherlands Netherlands
Jamaica Jamaica
Cambodia Cambodia
Finland Finland
Lebanon Lebanon
Singapore Singapore
Rwanda Rwanda
Nigeria Nigeria
Indonesia Indonesia
Bahamas Bahamas
Mexico Mexico
Kiribati Kiribati
Northern Northern
