Soda Guadeloupe Guyana Antigua China Bermuda Fiji Argentina Egypt Comoros Congo Denmark Ethiopia Belize Guam Cambodia Cocos Cayman Djibouti Australia Czech United Azerbaijan Botswana Bouvet Colombia American Angola Central Aruba Austria Canada Soda
25
Guadeloupe Guadeloupe
Guyana Guyana
Antigua Antigua
China China
Bermuda Bermuda
Fiji Fiji
Argentina Argentina
Egypt Egypt
Comoros Comoros
Denmark Denmark
Belize Belize
Guam Guam
Cambodia Cambodia
Cocos Cocos
Cayman Cayman
Australia Australia
Czech Czech
United United
Botswana Botswana
Bouvet Bouvet
Colombia Colombia
Angola Angola
Central Central
Aruba Aruba
Austria Austria
