1 49 108 17 54 27 32 36 47 11 74 68 38 26 34 22 77 28 63 45 61 15 12 58 16 21 10 24 52 83 78 25 71 95 46 65 19 35 79 41 14 56 72 73 66 75 39 29 70 42 48 69 13 31 37 51 44 57 40 60 53 50 18 30 1
64
1 67
10 10
11 11
12 12
13 13
14 14
15 15
16 16
17 17
18 18
19 19
21 21
22 22
24 24
25 25
26 26
27 27
28 28 55
29 29
30 30
31 31
32 32
34 34
35 35
36 36
37 37
38 38
39 39
40 40
41 41
42 42 59
44 44
45 45
46 46
47 47
48 48
49 49
50 50
51 51
52 52
53 53
54 54
56 20 56
57 57
58 58 23
60 60
61 61
63 63
65 65
66 66
68 68
69 69
70 76 70
71 71
72 72
73 73
74 74
75 75
77 77
78 78
79 79
83 43
95 33
108 62 64
