Essos Toffingburg TheRiverStyx Gizton Carvahall Severen Winterfell Chrofall Batcave Keld GooLagoon Peridrift Azir FlourishBlotts Bobbingbourne Hogsmead Tarbean TheGodswood HighGarden TheWhompingWillow Karth BeyondtheWall Braavos Barkamsted Ademre TheCommonwealth KnifesEdge TheGreatDivide RepublicCity Dubwall Endor TheSpine Arkham WitheredHeath Soda Atlantas JahKeved Arrowcave Dragonstone Valyria ShatteredPlains BaSingSe Neddington TheEyrie Urubaen FireNation ProBendingArena Yll CastleBlack Lockinge Toperhagen TheVale Newarre Accrington TheFae DuWeldenvarden Meereen Omashu WesternAirTemple FleaBottom TheReshiIsles Trebon TheChumBucket Vintas Alethkar Lorien Aerodenn Netherfort Astapor Arcwallow MountOlympus Ellesmera Alderaan ShriekingShack Penketh Castamere TheBoilingRock Ivormere DiagonAlley Sanlow Hogwarts Blackwater BikiniBottom TheKrustyKrab Grimbarrow Neddingtown Steeltown Riverrun Tartarus Westeros Duskhollow Boatwright TheUnderworld Jakku CaveofTwoLovers TheSpiritWorld SatishVille Helgrind Shinovar JarrensOutpost Essos
100
Essos Essos
Toffingburg Toffingburg
TheRiverStyx TheRiverStyx
Gizton Gizton
Carvahall Carvahall
Severen Severen
Winterfell Winterfell
Chrofall Chrofall
Batcave Batcave
Keld Keld
GooLagoon GooLagoon
Peridrift Peridrift
Azir Azir
FlourishBlotts FlourishBlotts
Bobbingbourne Bobbingbourne
Hogsmead Hogsmead
Tarbean Tarbean
TheGodswood TheGodswood
HighGarden HighGarden
TheWhompingWillow TheWhompingWillow
Karth Karth
BeyondtheWall BeyondtheWall
Braavos Braavos
Barkamsted Barkamsted
Ademre Ademre
TheCommonwealth TheCommonwealth
KnifesEdge KnifesEdge
TheGreatDivide TheGreatDivide
RepublicCity RepublicCity
Dubwall Dubwall
Endor Endor
TheSpine TheSpine
Arkham Arkham
WitheredHeath WitheredHeath
Soda Soda
Atlantas Atlantas
JahKeved JahKeved
Arrowcave Arrowcave
Dragonstone Dragonstone
Valyria Valyria
ShatteredPlains ShatteredPlains
BaSingSe BaSingSe
Neddington Neddington
TheEyrie TheEyrie
Urubaen Urubaen
FireNation FireNation
ProBendingArena ProBendingArena
Yll Yll
CastleBlack CastleBlack
Lockinge Lockinge
Toperhagen Toperhagen
TheVale TheVale
Newarre Newarre
Accrington Accrington
TheFae TheFae
DuWeldenvarden DuWeldenvarden
Meereen Meereen
Omashu Omashu
WesternAirTemple WesternAirTemple
FleaBottom FleaBottom
TheReshiIsles TheReshiIsles
Trebon Trebon
TheChumBucket TheChumBucket
Vintas Vintas
Alethkar Alethkar
Lorien Lorien
Aerodenn Aerodenn
Netherfort Netherfort
Astapor Astapor
Arcwallow Arcwallow
MountOlympus MountOlympus
Ellesmera Ellesmera
Alderaan Alderaan
ShriekingShack ShriekingShack
Penketh Penketh
Castamere Castamere
TheBoilingRock TheBoilingRock
Ivormere Ivormere
DiagonAlley DiagonAlley
Sanlow Sanlow
Hogwarts Hogwarts
Blackwater Blackwater
BikiniBottom BikiniBottom
TheKrustyKrab TheKrustyKrab
Grimbarrow Grimbarrow
Neddingtown Neddingtown
Steeltown Steeltown
Riverrun Riverrun
Tartarus Tartarus
Westeros Westeros
Duskhollow Duskhollow
Boatwright Boatwright
TheUnderworld TheUnderworld
Jakku Jakku
CaveofTwoLovers CaveofTwoLovers
TheSpiritWorld TheSpiritWorld
SatishVille SatishVille
Helgrind Helgrind
Shinovar Shinovar
JarrensOutpost JarrensOutpost
