Meckgue Beldenn RepublicCity TreeofTime Dagobah Meereen ShatteredPlains Urubaen Yunkai TheKrustyKrab Lorien Winterfell Carvahall ThePrancingPony ZhaoFu TheUniversity LeakyCauldron LakeLaogai UtgardMountain EarthKingdom Kinecardine Braavos Tartarus TheWaystoneInn TheArcanum GooLagoon Keld Murkcairn Netherfort Gizton Steeltown MysticRuins TheGodswood Sanlow Grayburn KoralReef Larcbost TheHogsHead TheSpine Ellesmera Vexhollow BeyondtheWall TheBoilingRock TheVale EasternAirTemple VaultofSouls Meckgue
46
RepublicCity RepublicCity
LakeLaogai LakeLaogai
Gizton Gizton
TheWaystoneInn TheWaystoneInn
TreeofTime TreeofTime
Steeltown Steeltown
Lorien Lorien
ShatteredPlains ShatteredPlains
Braavos Braavos
Dagobah Dagobah
Carvahall Carvahall
TheHogsHead TheHogsHead
KoralReef KoralReef
Meckgue Meckgue
Murkcairn Murkcairn
Tartarus Tartarus
Yunkai Yunkai
EarthKingdom EarthKingdom
Netherfort Netherfort
Sanlow Sanlow Gotham
TheVale TheVale Castamere
Keld Keld
ThePrancingPony ThePrancingPony
GooLagoon GooLagoon
Meereen Meereen
UtgardMountain UtgardMountain
Ellesmera Ellesmera
Urubaen Urubaen FlourishBlotts
Grayburn Grayburn
LeakyCauldron LeakyCauldron
ZhaoFu ZhaoFu
Winterfell Winterfell
TheUniversity TheUniversity
BeyondtheWall BeyondtheWall
Larcbost Larcbost
EasternAirTemple EasternAirTemple
Beldenn Beldenn
TheBoilingRock TheBoilingRock
MysticRuins MysticRuins
TheGodswood TheGodswood
Vexhollow Ademre Vexhollow
VaultofSouls VaultofSouls
TheArcanum TheArcanum
TheKrustyKrab TheKrustyKrab
TheSpine TheSpine
Kinecardine Kinecardine
