FleaBottom RockofKuthian Olivanders TheBurningPlains TheGreatDivide Trebon Eggmanland Batcave GringottsBank Ebonfall SatishVille Ademre TheBoilingRock UtgardMountain Glimthain Lorien ShriekingShack TheSpine Carvahall Westopolis Arkham MinistryofMagic Yll HighGarden Vintas Toperhagen Urubaen Bobbingbourne FleaBottom
24
Olivanders Olivanders
TheBurningPlains TheBurningPlains
TheGreatDivide TheGreatDivide
Trebon Trebon
Eggmanland Eggmanland
Batcave Batcave
GringottsBank GringottsBank
Ebonfall Ebonfall
SatishVille SatishVille
Ademre Ademre
TheBoilingRock TheBoilingRock
UtgardMountain UtgardMountain
Glimthain Glimthain
Lorien TheVale
ShriekingShack ShriekingShack
TheSpine Coalwatch
Westopolis Westopolis
Arkham Arkham
MinistryofMagic MinistryofMagic Accrington
Yll Yll
HighGarden HighGarden
Vintas Vintas
Urubaen Urubaen
Bobbingbourne Bobbingbourne
