21 121 142 107 37 2 134 118 146 95 149 49 74 64 34 120 14 16 60 18 88 81 136 130 68 123 160 156 4 42 15 127 47 7 32 169 114 83 82 125 168 36 173 154 100 137 72 53 87 20 85 62 170 172 24 50 38 105 46 177 51 12 196 139 135 131 152 56 188 190 186 176 17 119 178 78 96 75 102 167 163 122 144 151 184 133 31 27 115 29 147 61 35 40 180 10 30 23 159 48 174 21
96
121 121
142 142
107 97 54
37 37
2 2
134 134
118 118
146 146
95 95
149 149
49 49
74 74
64 64
34 34
120 120
14 14
16 16
60 60
18 18
88 88
81 81
136 136 194
130 130
68 68
160 160
156 156
42 42
15 15
127 127
47 47
7 7
32 32
169 169
114 114
83 91
82 82
125 125
168 168
36 108 36
173 45
154 154
100 100
137 137
72 72
53 53
87 87
20 20
62 62
170 170
172 172
24 24
50 116
38 38
105 105
46 46
177 177
51 51
12 103
196 196
139 139
135 135
131 131
152 152
56 56
188 188
190 190
186 186
176 176
17 17
119 119
178 178
78 78
96 96
75 75
102 102
167 90 167
163 163
122 122
144 144
151 151
184 184
133 133
31 31
27 27
115 115
29 29
147 147
61 61
40 40
180 180
10 10
30 30
23 23
159 159
48 48
21 21
