1FoundersRock 36CasaZimbabwe 43FacultyClub 50Bridge 57Wheeler 64Blackwell 71Hillegass 78RajProperties 31Hillegass 37OtherCoop 40Oaktown 45HearstMemorial 33Wada 38RajProperties 44HearstGreekTheatre 47SatherTower 52California 58NorthGate 61Unit1 51HearstGymnasium 54Wellman 59SouthHall 65Foothill 68SodaHall 73Wada 79SanFransisco 66ClarkKerr 72DeltaPhiEpsilon 75ChanningBowdwitch 80Oaktown 74Martinez 35ChanningBowdwitch 34Martinez 32DeltaPhiEpsilon 41FoundersRock 39SanFransisco 48Esplanade 46DoeLibrary 42UniversityHouse 53Durant 49SatherGate 60Ehrman 56Giannini 55Hilgard 63Unit3 62Unit2 70Stonefire 69VarsityBerkeley 67InternationalHouse 76CasaZimbabwe 77OtherCoop 1FoundersRock
50
36CasaZimbabwe 36CasaZimbabwe
43FacultyClub 43FacultyClub
50Bridge 50Bridge
57Wheeler 57Wheeler
64Blackwell 64Blackwell
71Hillegass 71Hillegass
78RajProperties 78RajProperties
31Hillegass 31Hillegass
37OtherCoop 37OtherCoop
40Oaktown 40Oaktown
45HearstMemorial 45HearstMemorial
33Wada 33Wada
38RajProperties 38RajProperties
44HearstGreekTheatre 44HearstGreekTheatre
47SatherTower 47SatherTower
52California 52California
58NorthGate 58NorthGate
61Unit1 61Unit1
51HearstGymnasium 51HearstGymnasium
54Wellman 54Wellman
59SouthHall 59SouthHall
65Foothill 65Foothill
68SodaHall 68SodaHall
73Wada 73Wada
79SanFransisco 79SanFransisco
66ClarkKerr 66ClarkKerr
72DeltaPhiEpsilon 72DeltaPhiEpsilon
75ChanningBowdwitch 75ChanningBowdwitch
80Oaktown 80Oaktown
74Martinez 74Martinez
35ChanningBowdwitch 35ChanningBowdwitch
34Martinez 34Martinez
32DeltaPhiEpsilon 32DeltaPhiEpsilon
41FoundersRock 41FoundersRock
39SanFransisco 39SanFransisco
48Esplanade 48Esplanade
46DoeLibrary 46DoeLibrary
42UniversityHouse 42UniversityHouse
53Durant 53Durant
49SatherGate 49SatherGate
60Ehrman 60Ehrman
56Giannini 56Giannini
55Hilgard 55Hilgard
63Unit3 63Unit3
62Unit2 62Unit2
70Stonefire 70Stonefire
69VarsityBerkeley 69VarsityBerkeley
67InternationalHouse 67InternationalHouse
76CasaZimbabwe 76CasaZimbabwe
77OtherCoop 77OtherCoop
