1FoundersRock 19SouthHall 32DeltaPhiEpsilon 33Wada 30Stonefire 27InternationalHouse 29VarsityBerkeley 26ClarkKerr 16Giannini 21Unit1 31Hillegass 25Foothill 38RajProperties 20Ehrman 34Martinez 17Wheeler 18NorthGate 36CasaZimbabwe 24Blackwell 22Unit2 23Unit3 35ChanningBowdwitch 28SodaHall 37OtherCoop 1FoundersRock 39SanFransisco 1FoundersRock
24
19SouthHall 19SouthHall
32DeltaPhiEpsilon 32DeltaPhiEpsilon
33Wada 33Wada
30Stonefire 30Stonefire
27InternationalHouse 27InternationalHouse
29VarsityBerkeley 29VarsityBerkeley
26ClarkKerr 26ClarkKerr
16Giannini 16Giannini
21Unit1 21Unit1
31Hillegass 31Hillegass
25Foothill 25Foothill
38RajProperties 38RajProperties
20Ehrman 20Ehrman
34Martinez 34Martinez
17Wheeler 17Wheeler
18NorthGate 18NorthGate
36CasaZimbabwe 36CasaZimbabwe
24Blackwell 24Blackwell
22Unit2 22Unit2
23Unit3 23Unit3
35ChanningBowdwitch 35ChanningBowdwitch
28SodaHall 28SodaHall
37OtherCoop 37OtherCoop
39SanFransisco 40Oaktown 39SanFransisco
