node139 node24 node154 node61 node102 node48 node121 node163 node120 node3 node43 node195 node114 node191 node159 node167 node180 node158 node157 node92 node160 node21 node56 node182 node150 node146 node33 node125 node123 node143 node140 node73 node140 node81 node22 node27 node192 node124 node54 node108 node63 node10 node152 node60 node96 node8 node52 node128 node1 node57 node51 node89 node107 node116 node47 node16 node200 node149 node71 node49 node185 node193 node86 node97 node126 node65 node196 node41 node66 node137 node110 node111 node109 node129 node178 node162 node127 node37 node80 node20 node53 node164 node186 node98 node119 node131 node169 node134 node99 node190 node42 node18 node30 node50 node36 node173 node85 node100 node38 node94 node6 node130 node84 node184 node117 node95 node19 node166 node139
88
node24 node24
node154 node154
node61 node61
node102 node102
node48 node48
node163 node163
node3 node3
node195 node195 node59
node114 node114
node191 node191
node159 node159
node167 node167
node180 node180
node158 node158
node157 node157
node92 node92
node160 node160
node21 node181
node56 node56
node182 node182
node146 node146
node33 node33
node125 node125
node123 node123
node143 node143
node73 node188 node73 node26
node81 node81
node22 node22
node27 node27
node192 node192 node5
node124 node17 node124
node54 node54
node108 node108
node10 node10
node152 node152 node12
node60 node60
node96 node96
node8 node8
node52 node52
node1 node1
node57 node57
node51 node51
node107 node107
node116 node116
node47 node47
node16 node16
node200 node200
node149 node149
node71 node71
node49 node49
node185 node185
node193 node72
node86 node86
node97 node97
node126 node126
node65 node141 node65
node41 node41
node66 node66
node111 node111
node109 node109
node129 node129 node55
node178 node178
node162 node162
node37 node37
node80 node80
node20 node112 node20
node53 node53
node186 node186
node98 node98
node119 node119
node169 node169
node134 node134
node190 node190
node42 node42
node18 node18
node30 node30
node50 node50
node36 node165
node173 node173
node85 node85
node100 node100
node38 node38
node94 node94
node130 node130
node84 node84
node184 node184
node117 node117
node19 node19
