8 5 2 6 79 80 82 83 85 127 123 126 124 173 172 174 120 121 125 97 142 185 153 144 99 145 88 147 136 179 181 183 182 135 100 38 22 39 55 69 54 116 168 190 167 169 191 192 171 193 160 118 109 102 24 90 40 26 23 25 21 17 19 87 89 137 91 93 45 95 42 61 78 59 73 71 53 52 115 70 68 105 164 165 113 65 47 49 66 63 64 51 35 33 30 4 3 8
96
5 5
2 2
6 6
79 79
80 80
82 82
83 83
85 85
127 127
123 123
126 126
124 124
173 173
172 172
174 174
120 120
121 121
125 125
97 97
142 142
185 185
153 153
144 144
99 99
145 145
88 88
147 147
136 136
179 179
181 181
183 183
182 182
135 135
100 100
38 38
22 22
39 39
55 55 72
69 69
54 54
116 116
168 168
190 190
167 167
169 169
191 191
192 192 188
171 171
193 193
160 160
118 118
109 109
102 102
24 24
90 90
40 40
26 26
23 23
25 25
21 21
17 17
19 19
87 87
89 89
137 137
91 91
93 93
45 45
95 95
42 42
61 61
78 78
59 59
73 73
71 71
53 53
52 52
115 115
70 70
68 68
105 105 152
164 164
165 165
113 113
65 65
47 47
49 49
66 66
63 63
64 64
51 51
35 35
33 33
30 30
4 29 4
3 3
