0 1 18 1 19 3 9 3 13 17 13 3 19 1 12 26 12 1 0 80 81 82 83 84 85 86 87 88 89 90 91 92 93 94 95 96 97 98 99 100 101 102 103 104 105 106 107 108 109 110 111 112 113 114 115 116 117 118 119 80 0 7 2 5 2 7 25 7 0 8 11 22 11 8 4 16 24 16 4 10 6 10 4 15 4 8 0
43
18 18 62
1 21 1 58 28 45
9 35 48 68 9
3 41 27 54 49 3
17 17 32
13 13
19 19
12 12 63
26 26 129
0 60 30 52 33 14 66 44 79 29 71
82 82
84 84
86 86
88 88
90 90
92 92
94 94
96 96
98 98
100 100
102 102
104 104
106 106
108 108
110 110
112 112
114 114
116 116
118 118
80 80
7 7
2 55 70 72 2 56 67 77 42 23
5 50 5 37 39 78
25 25 59
8 8 57 75 51 65
11 11 46 64
22 22 76
4 4 69 43 38
16 16
24 61 24
10 74 36 10 40
6 31 53 34 20 6 73
15 47 15
