NENJIT JQGIH PRANHUZWO KQUKCKTD CQLIWA XVEIIY WTGBMM XYVFHKPGH JQGIH DYDBSTHU FULIXB UUBADXD MXPVTEZCH XVEIIY PQHUEQ PEHTVQXDW EIPVED LFAYEWG XAUNPSJR XXXTKAUWZ ZRBGORXP NDFUIQRA KQUKCKTD XXXTKAUWZ QMQDBY NENJIT
20
JQGIH UEMUXMRIZ
PRANHUZWO PRANHUZWO
CQLIWA CQLIWA
XVEIIY MXPVTEZCH XVEIIY
WTGBMM WTGBMM RZCLRJW
XYVFHKPGH XYVFHKPGH
DYDBSTHU DYDBSTHU
FULIXB FULIXB
UUBADXD UUBADXD
MXPVTEZCH SPKBX HJANXPSU
PQHUEQ PQHUEQ
PEHTVQXDW PEHTVQXDW
EIPVED EIPVED
LFAYEWG LFAYEWG MXOUMOMJ
XAUNPSJR XAUNPSJR
XXXTKAUWZ KUTCUN RIEJGXSA
ZRBGORXP ZRBGORXP
NDFUIQRA NDFUIQRA
KQUKCKTD KQUKCKTD
QMQDBY QMQDBY
