UMUCUTWAW STQNQT JOWHZXTIA MWTSDF MNWMWDXCQ GUDSRTKLA WEPDZ XWBHEYXJU TNSRRJCDD XGGIUBVDN WRQUJ TNKNMUFI JJAQQ TCXWZV ZLYFI VHLSP GVNFQM YNHRBC IZNSKNS VSMLVXSP AWQOWSNYN VHHVQ VASGY MHXHJGEF YPXLG CRSMUEPQG AOWYQNAYA USUVN TJFSEUB KUUVZB XJOXYWA ELILXSR CJLYWOAQ DQOPCH PLYPQBTP RDTQTJB EGEASKKIE SUIOZK OMBFD QOHWG RRFKVFYKR CNINRTR ZPFHBWI ZFMGDWP JVYIBRJ ZSHRTZVKO YFKIFTRS UENPUJ KAYADTT FVKLDY OIPVAKF UMUCUTWAW
50
WEPDZ WEPDZ
GUDSRTKLA GUDSRTKLA
MNWMWDXCQ MNWMWDXCQ
MWTSDF MWTSDF
JOWHZXTIA JOWHZXTIA
JJAQQ JJAQQ
TNKNMUFI TNKNMUFI
WRQUJ WRQUJ
XGGIUBVDN XGGIUBVDN
TNSRRJCDD TNSRRJCDD
XWBHEYXJU XWBHEYXJU
AOWYQNAYA AOWYQNAYA
CRSMUEPQG CRSMUEPQG
YPXLG YPXLG
MHXHJGEF MHXHJGEF
ELILXSR ELILXSR
XJOXYWA XJOXYWA
KUUVZB KUUVZB
TJFSEUB TJFSEUB
USUVN USUVN
ZPFHBWI ZPFHBWI
ZFMGDWP ZFMGDWP
JVYIBRJ JVYIBRJ
ZSHRTZVKO ZSHRTZVKO
RDTQTJB RDTQTJB
EGEASKKIE EGEASKKIE
SUIOZK SUIOZK
CJLYWOAQ CJLYWOAQ
DQOPCH DQOPCH
PLYPQBTP PLYPQBTP
VSMLVXSP VSMLVXSP
OMBFD OMBFD
QOHWG QOHWG
RRFKVFYKR RRFKVFYKR
CNINRTR CNINRTR
TCXWZV TCXWZV
ZLYFI ZLYFI
VHLSP VHLSP
GVNFQM GVNFQM
YNHRBC YNHRBC
IZNSKNS IZNSKNS
VASGY VASGY
VHHVQ VHHVQ
AWQOWSNYN AWQOWSNYN
OIPVAKF OIPVAKF
FVKLDY FVKLDY
KAYADTT KAYADTT
UENPUJ UENPUJ
YFKIFTRS YFKIFTRS
STQNQT STQNQT
