USZWPSB HVERBTBS TGPYEAP LNDUQDYSK GLYDZ XSWDY VWNAJFRNG QMHLIXVD BHAMV APIOYKU JOXQIX EHQRYBZ RGLCPSJQE VBAQD SIAFKK NHNDWOH ZEZKNGTK CWLLCM JVWIZDBS JQHORKB CCTJZN WTQCHXQ YAETAC RVPJHZLQQ WEXBJV MOXGRP XHMMLM EPJHOESBB BCHOPGEE AHZYCQM TQSCIQTX AIGGLZT YKOGGTNN FLOTLYFG ZNZOQPE ZKGYGD VWHRKOPZ NCPEGX KRUSUHB NIVCBBO EJXSCSGM FJQMKJNWE MWXYLX EFOWXJQKY DIXXP GNXDBJSVR OLUPAJLP SICVXMLGL HWJUZVNH RJDHJFNIN DKINCMT JEGRK ANHOTJN ILXWSRIC GEGFOSJ YOUZA XENTNT RBNAR TTXGTNV OVKLH NZJGYK UBODMUMJ FCWRH PJXURKPC TOAKXEQ KAUIIR MYDTJZPES RUGMYM AXCWU XQOMNCXDB ORCMU VVSNO DFFFG JXLFSOAT RLWAP AOVKACB EMAAQWO ACYPAPBPW HEFYBKPUF YVIRIDDRA NTZSZ YFEZIO FZNKCK RQWCFDHW NBRZI FZGDAQKRC VFEEU APBFJMOOF HNOOUELP LYRSZA MRXNI HSJUMJH HSAIPP UDNWTRHT XZUPVI FPWMJC RGSOR BLXWCB MSHZNEX GALHVZ USZWPSB
100
USZWPSB USZWPSB
HVERBTBS HVERBTBS
RQWCFDHW RQWCFDHW
FZNKCK FZNKCK
FZGDAQKRC FZGDAQKRC
VFEEU VFEEU
RLWAP RLWAP
JXLFSOAT JXLFSOAT
XQOMNCXDB XQOMNCXDB
AXCWU AXCWU
RUGMYM RUGMYM
AOVKACB AOVKACB
TOAKXEQ TOAKXEQ
PJXURKPC PJXURKPC
TGPYEAP TGPYEAP
JVWIZDBS JVWIZDBS
JQHORKB JQHORKB
CCTJZN CCTJZN
WTQCHXQ WTQCHXQ
YAETAC YAETAC
JOXQIX JOXQIX
APIOYKU APIOYKU
FLOTLYFG FLOTLYFG
DKINCMT DKINCMT
RJDHJFNIN RJDHJFNIN
GNXDBJSVR GNXDBJSVR
HNOOUELP HNOOUELP
APBFJMOOF APBFJMOOF
CWLLCM CWLLCM
ZEZKNGTK ZEZKNGTK
YVIRIDDRA YVIRIDDRA
NTZSZ NTZSZ
YFEZIO YFEZIO
ORCMU ORCMU
XHMMLM XHMMLM
MOXGRP MOXGRP
NZJGYK NZJGYK
UBODMUMJ UBODMUMJ
FCWRH FCWRH
GLYDZ GLYDZ
XSWDY XSWDY
VWNAJFRNG VWNAJFRNG
QMHLIXVD QMHLIXVD
BHAMV BHAMV
ANHOTJN ANHOTJN
JEGRK JEGRK
FPWMJC FPWMJC
XZUPVI XZUPVI
UDNWTRHT UDNWTRHT
EJXSCSGM EJXSCSGM
BCHOPGEE BCHOPGEE
AHZYCQM AHZYCQM
TQSCIQTX TQSCIQTX
AIGGLZT AIGGLZT
YKOGGTNN YKOGGTNN
FJQMKJNWE FJQMKJNWE
MWXYLX MWXYLX
ZKGYGD ZKGYGD
ZNZOQPE ZNZOQPE
HSJUMJH HSJUMJH
HSAIPP HSAIPP
OVKLH OVKLH
NBRZI NBRZI
DIXXP DIXXP
WEXBJV WEXBJV
EMAAQWO EMAAQWO
ACYPAPBPW ACYPAPBPW
HEFYBKPUF HEFYBKPUF
OLUPAJLP OLUPAJLP
SICVXMLGL SICVXMLGL
HWJUZVNH HWJUZVNH
EPJHOESBB EPJHOESBB
EFOWXJQKY EFOWXJQKY
LNDUQDYSK LNDUQDYSK
KAUIIR KAUIIR
MYDTJZPES MYDTJZPES
TTXGTNV TTXGTNV
YOUZA YOUZA
GEGFOSJ GEGFOSJ
ILXWSRIC ILXWSRIC
DFFFG DFFFG
VVSNO VVSNO
BLXWCB BLXWCB
RGSOR RGSOR
NIVCBBO NIVCBBO
KRUSUHB KRUSUHB
NCPEGX NCPEGX
VWHRKOPZ VWHRKOPZ
EHQRYBZ EHQRYBZ
RGLCPSJQE RGLCPSJQE
MRXNI MRXNI
LYRSZA LYRSZA
MSHZNEX MSHZNEX
RVPJHZLQQ RVPJHZLQQ
XENTNT XENTNT
RBNAR RBNAR
VBAQD VBAQD
SIAFKK SIAFKK
NHNDWOH NHNDWOH
GALHVZ GALHVZ
