liverance kamencheh tightening lethiferal shutter asterisk moderatrix Akkub refortify pallia oversleeps otate studiously achieve wellbores hypanthium pontage handballer tortillons catabolism bywoners hatrail jitterbugs coulde metamere liverance
25
liverance liverance
kamencheh kamencheh
tightening tightening
lethiferal lethiferal
shutter shutter
asterisk asterisk
moderatrix moderatrix
Akkub Akkub
refortify refortify
pallia pallia
oversleeps oversleeps
otate otate
studiously studiously
achieve achieve
wellbores wellbores
hypanthium hypanthium
pontage pontage
handballer handballer
tortillons tortillons
catabolism catabolism
bywoners bywoners
hatrail hatrail
jitterbugs jitterbugs
coulde coulde
metamere metamere
