runcation ephas megahero montages offset construed turbid aliens triforium revolution yokeline cloaca grilses flourless greatborn boomah decouples almshouse tholoi fason metre husbandman Lipetsk Marah tipuana cutout ilian miticides prairies passcards unbribable usant lionfish embittered polyuria dollying foreshores hambone timefuse blackdye Carazo Simferopol nervus huddle inurns stips baken haligi fibrates bewitch stoble begynnynge festuca maxim infants medicine toper torsions multifaith Muscogee holodeck draftox wheatberry chargeback trikini silicon erysipelas bookhouses jaborandi perfusive tutelar destinate broomer stinkbugs kempy thereagain backpay coalblack Massorete wideband colocynth agistments retexture Astaire yuzus ungroomed conceiv palatial lichened wolfer undramatic oogle quakerlike forepast pentine wintrier Margery turnoff tuneful urethritic runcation
100
runcation runcation
ephas ephas
megahero megahero
montages montages
offset offset
construed construed
turbid turbid
aliens aliens
triforium triforium
revolution revolution
yokeline yokeline
cloaca cloaca
grilses grilses
flourless flourless
greatborn greatborn
boomah boomah
decouples decouples
almshouse almshouse
tholoi tholoi
fason fason
metre metre
husbandman husbandman
Lipetsk Lipetsk
Marah Marah
tipuana tipuana
cutout cutout
ilian ilian
miticides miticides
prairies prairies
passcards passcards
unbribable unbribable
usant usant
lionfish lionfish
embittered embittered
polyuria polyuria
dollying dollying
foreshores foreshores
hambone hambone
timefuse timefuse
blackdye blackdye
Carazo Carazo
Simferopol Simferopol
nervus nervus
huddle huddle
inurns inurns
stips stips
baken baken
haligi haligi
fibrates fibrates
bewitch bewitch
stoble stoble
begynnynge begynnynge
festuca festuca
maxim maxim
infants infants
medicine medicine
toper toper
torsions torsions
multifaith multifaith
Muscogee Muscogee
holodeck holodeck
draftox draftox
wheatberry wheatberry
chargeback chargeback
trikini trikini
silicon silicon
erysipelas erysipelas
bookhouses bookhouses
jaborandi jaborandi
perfusive perfusive
tutelar tutelar
destinate destinate
broomer broomer
stinkbugs stinkbugs
kempy kempy
thereagain thereagain
backpay backpay
coalblack coalblack
Massorete Massorete
wideband wideband
colocynth colocynth
agistments agistments
retexture retexture
Astaire Astaire
yuzus yuzus
ungroomed ungroomed
conceiv conceiv
palatial palatial
lichened lichened
wolfer wolfer
undramatic undramatic
oogle oogle
quakerlike quakerlike
forepast forepast
pentine pentine
wintrier wintrier
Margery Margery
turnoff turnoff
tuneful tuneful
urethritic urethritic
