shaird unglove airgap macedoine UncleNed nomination tunic waste teabags effuses beermakers caouane scratch kartikeya Pentecost deductable remissio Sahara slatting tokenizing colugos intrado nauseously assonantal morphe Lafayette irade transflux trackbar preparable baning advances shrow sarcomere coldcocked fivepenny rampup opacular twothirds toggleable lasting philomels property aftertouch guilts diruption peasantism Ucayali cementite cacomistle shaird
50
shaird shaird
unglove unglove
airgap airgap
macedoine macedoine
UncleNed UncleNed
nomination nomination
tunic tunic
waste waste
teabags teabags
effuses effuses
beermakers beermakers
caouane caouane
scratch scratch
kartikeya kartikeya
Pentecost Pentecost
deductable deductable
remissio remissio
Sahara Sahara
slatting slatting
tokenizing tokenizing
colugos colugos
intrado intrado
nauseously nauseously
assonantal assonantal
morphe morphe
Lafayette Lafayette
irade irade
transflux transflux
trackbar trackbar
preparable preparable
baning baning
advances advances
shrow shrow
sarcomere sarcomere
coldcocked coldcocked
fivepenny fivepenny
rampup rampup
opacular opacular
twothirds twothirds
toggleable toggleable
lasting lasting
philomels philomels
property property
aftertouch aftertouch
guilts guilts
diruption diruption
peasantism peasantism
Ucayali Ucayali
cementite cementite
cacomistle cacomistle
