39 195 108 178 160 147 36 96 77 100 42 177 49 192 48 169 179 83 149 173 81 54 161 99 152 13 51 63 182 30 157 126 118 191 23 151 158 119 107 27 46 28 31 197 148 84 59 4 176 70 76 130 139 183 154 111 150 103 198 194 193 174 88 94 3 43 20 17 56 22 133 0 123 135 97 156 180 93 109 112 41 80 16 12 11 74 110 78 6 44 115 116 140 55 114 75 129 89 163 113 91 39
100
195 195
108 108
178 178
160 160
147 147
36 36
96 96
77 77
100 100
42 42
177 177
49 49
192 192
48 48
169 169
179 179
83 83
149 149
173 173
81 81
54 54
161 161
99 99
152 152
13 13
51 51
63 63
182 182
30 30
157 157
126 126
118 118
191 191
23 23
151 151
158 158
119 119
107 107
27 27
46 46
28 28
31 31
197 197
148 148
84 84
59 59
4 4
176 176
70 70
76 76
130 130
139 139
183 183
154 154
111 111
150 150
103 103
198 198
194 194
193 193
174 174
88 88
94 94
3 3
43 43
20 20
17 17
56 56
22 22
133 133
0 0
123 123
135 135
97 97
156 156
180 180
93 93
109 109
112 112
41 41
80 80
16 16
12 12
11 11
74 74
110 110
78 78
6 6
44 44
115 115
116 116
140 140
55 55
114 114
75 75
129 129
89 89
163 163
113 113
91 91
