132 173 185 25 26 27 28 31 195 113 109 105 101 97 95 91 87 184 154 192 162 155 77 75 81 61 47 45 41 39 35 33 2 3 5 6 8 9 177 13 148 180 36 40 38 44 46 66 64 62 60 68 76 78 72 80 82 182 160 142 166 159 156 152 135 193 197 181 196 194 198 133 167 171 136 149 188 189 138 146 161 17 137 176 108 106 100 98 92 96 88 86 102 104 118 122 126 132
96
173 173
185 185
25 25
26 26
27 27
28 28
31 31
195 195
113 113
109 109
105 105
101 101
97 97
95 95
91 91
87 85 87
184 184
154 154
192 192
162 162
155 155
77 77
75 75
81 81
61 61
47 47
45 45
41 41
39 39
35 35
33 33
2 2
3 3
5 5
6 6
8 8
9 9
177 177
13 13
148 148
180 180
36 36
40 40
38 38
44 44
46 46
66 66
64 64
62 62
60 60 56
68 68
76 76
78 78
72 72
80 80
82 82
182 182
160 160
142 142
166 166
159 159
156 156
152 152
135 135
193 193
197 197
181 181
196 196
194 194
198 198
133 133
167 167 183
171 171
136 136
149 149
188 188
189 189
138 138
146 146
161 161
17 17
137 137
176 176
108 108
106 106
100 100
98 98
92 92
96 96
88 88
86 90 86
102 102
104 104
118 118
122 122
126 126
