Building99 Building98 Building15 Building18 Building16 Building21 Building20 Building12 Building10 Building9 Building2 Building5 Building8 Building6 Building28 Building23 Building32 Building38 Building29 Building41 Building39 Building34 Building37 Building31 Building29 Building38 Building32 Building23 Building24 Building26 Building79 Building77 Building76 Building55 Building60 Building59 Building57 Building59 Building60 Building74 Building62 Building71 Building53 Building67 Building63 Building61 Building51 Building61 Building43 Building52 Building66 Building49 Building47 Building45 Building85 Building96 Building83 Building94 Building93 Building89 Building90 Building91 Building90 Building89 Building98 Building99
41
Building91 Building91 Building88
Building93 Building97 Building93
Building83 Building83
Building96 Building82 Building92 Building96
Building94 Building94
Building85 Building85
Building45 Building69
Building47 Building47
Building49 Building49
Building66 Building66
Building52 Building52
Building43 Building43
Building61 Building61
Building51 Building51 Building50
Building63 Building63
Building67 Building67
Building53 Building53
Building71 Building71 Building44
Building62 Building62
Building57 Building68 Building57
Building74 Building74
Building55 Building55
Building76 Building76
Building77 Building81
Building26 Building26
Building24 Building25
Building37 Building42
Building39 Building39
Building41 Building41
Building29 Building33
Building23 Building23
Building28 Building28
Building6 Building6
Building5 Building7 Building5
Building8 Building8 Building0
Building9 Building9
Building12 Building12
Building20 Building20
Building21 Building21
Building16 Building16
Building18 Building18
