140 135 108 186 148 77 18 82 89 35 120 197 97 93 190 146 94 195 159 56 150 8 166 12 196 1 49 117 67 13 102 107 50 44 145 178 22 112 62 167 9 61 177 32 115 130 79 11 19 53 169 139 101 41 180 6 154 23 160 158 95 149 179 125 76 103 162 47 182 104 25 144 24 151 29 168 127 45 5 84 175 134 42 80 133 185 55 83 57 147 123 153 140
82
5 5
6 6
8 8
9 9
11 11
12 193 12
13 51 13
18 96 18
19 19 21
22 22
23 65
25 25 132
29 29
32 32
35 35
41 41
42 42
44 44
45 45
47 47
49 49
50 50
53 53
55 55
56 56
57 57
61 61
62 62
76 76
77 170 77
79 79
80 40 80
82 82
83 83 142
84 84
89 89
93 93 173 39
94 94
95 95
97 97
101 101
102 102
103 4 103
104 104
108 108
112 112 14
115 115
117 117
123 176 123
125 125
127 127
130 130
133 114 133
134 59 134
135 135
139 139
146 146
147 73
149 128
150 27 150
151 151
153 153
154 154
158 158
159 159
160 160
162 36
166 166
167 167
168 168
169 169
175 175
177 177
178 178
179 179 7
180 85
182 182
185 185
186 186
190 190
196 10 196
197 197
