a0 a97 a56 a3 a50 a46 a82 a71 a88 a25 a86 a11 a59 a11 a10 a7 a22 a28 a9 a1 a9 a48 a94 a53 a51 a98 a4 a2 a77 a49 a27 a6 a64 a30 a89 a75 a52 a13 a60 a61 a5 a24 a78 a8 a41 a83 a90 a99 a17 a0
38
a0 a65 a21
a97 a97
a56 a56
a50 a50
a46 a46
a82 a82
a71 a71
a88 a88
a25 a25
a86 a86
a11 a11 a81
a59 a74 a59 a47
a7 a39
a22 a37
a28 a28
a9 a9
a1 a93 a12 a18 a80
a48 a48
a94 a94 a87 a23
a53 a53
a51 a51
a98 a98
a2 a43 a2
a77 a77
a6 a42 a55
a30 a33
a89 a44
a75 a75
a52 a52
a60 a60
a5 a79
a24 a73
a78 a78
a8 a8
a83 a83
a90 a90
a99 a99
a17 a17
