aliquam ut porttitor mattis condimentum fames consectetur lorem habitant semper ultricies maecenas lectus viverra placerat adipiscing euismod turpis suscipit cursus imperdiet mauris et praesent nec cras platea sagittis gravida mi vitae congue quis nisi ornare malesuada quisque sed habitasse eros enim vestibulum senectus eu aliquam
43
enim enim
eu eu
habitasse habitasse
senectus senectus
vestibulum vestibulum
quisque quisque
eros eros
ornare ornare
sed sed
quis quis
malesuada malesuada
vitae vitae
nisi nisi
gravida gravida
congue congue
platea platea
mi mi
nec nec
et et
imperdiet imperdiet
sagittis sagittis
suscipit suscipit
cras cras
euismod euismod
praesent praesent
mauris mauris
placerat placerat
cursus cursus
lectus lectus
turpis turpis
adipiscing adipiscing
viverra viverra
ultricies ultricies
maecenas maecenas
habitant habitant
semper semper
lorem lorem
consectetur consectetur
fames fames
condimentum condimentum
porttitor porttitor
mattis mattis
ut ut
