AAA AAB ABB ABC ABD ACD ACC ACB ACA ADA BAA BAB BBB BBC BBD BCD BCC BCB BCA BDA CAA CAB CBB CBC CBD CCD CCC CCB CCA CDA DAA DAB DBB DBC DBD DCD DCC DCB DCA DDA EAA EAB EBB EBC EBD ECD ECC ECB ECA EDA FAA FAB FBB FBC FBD FCD FCC FCB FCA FDA GAA GAB GBB GBC GBD GCD GCC GCB GCA GDA HAA HAB HBB HBC HBD HCD HCC HCB HCA HDA IAA IAB IBB IBC IBD ICD ICC ICB ICA IDA JAA JAB JBB JBC JBD JCD JCC JCB JCA JDA KAA KAB KBB KBC KBD KCD KCC KCB KCA KDA LAA LAB LAC LBC LBD LCD LCC LCB LBB LAB LAA KDA KCA KBA KAA JDA JCA JBA JAA IDA ICA IBA IAA HDA HCA HBA HAA GDA GCA GBA GAA FDA FCA FBA FAA EDA ECA EBA EAA DDA DCA DBA DAA CDA CCA CBA CAA BDA BCA BBA BAA ADA ACA ABA AAA
60
ABB ABB
ABC ABC
ABD AAD
ACB ACB
ACD ACD ADD
BBB BBB
BBC BBC
BBD BAD
BCB BCB
BCD BCD BDD
CBB CBB
CBC CBC
CBD CAD
CCB CCB
CCD CCD CDD
DBB DBB
DBC DBC
DBD DAD
DCB DCB
DCD DCD DDD
EBB EBB
EBC EBC
EBD EAD
ECB ECB
ECD ECD EDD
FBB FBB
FBC FBC
FBD FAD
FCB FCB
FCD FCD FDD
GBB GBB
GBC GBC
GBD GAD
GCB GCB
GCD GCD GDD
HBB HBB
HBC HBC
HBD HAD
HCB HCB
HCD HCD HDD
IBB IBB
IBC IBC
IBD IAD
ICB ICB
ICD ICD IDD
JBB JBB
JBC JBC
JBD JAD
JCB JCB
JCD JCD JDD
KBB KBB
KBC KBC
KBD KAD
KCB KCB
KCD KCD KDD
LBB LBB
LBC LBC
LBD LAD
LCB LCB
LCD LCD LDD
