Ok8S1fHLjYd5Qfa1 lypp0L3hdMS89xjl ek3X9NUo1IySXHTP AfypVcY2UOvYKdga i1Bc3T3sXvAzqBhu 6U4llHEoM8wpRLw8 hRkPIiFwfm4LkuUZ nt4JjKJ6k7eusuAZ KKwFSzuggEE8OETC HBcNtJin0Yr1749f rnxsFpl1gOuxcW3t YFnr4YntZTJW2hyU x7fruRNBOaBFZc2C pPR3NiinMl9EaxgN p4Dm6xYCHfUVzk4L 1AsEvIWgTHPyPKsh 353AHxSmDSP9fMmp HJwcV3i96Q4EsEBG M6PDUfIoGf1B6nEx htrkyR0vCaNI1fOX muz9VCTEK8uoi0tf 1s8Yrd2iagFhE6Sg 3SUu7JqY7uRo6Rd1 qKMjU2t2OyzjC1JD yshR3HiZZ01bAtYn TsbzWT1KlhF1aPD1 hAOsZjLhhn0KhI4B vxNXnGNEh6XLJc1w taHXWOqVWIIjf1TP EPppRpDYvgtqEO7O JaBF8W5TEbjbmNuM VLs9SWAFFre7Exrq S8gHqR8wCaUCsSQY IA5341uoxZUNIO2X kf0QmX50KHW5FMdz BQcKIkSaDUyy1C2z kHXqhjlWXJpbYov4 ube5LMGvg2twWEYO mslnwaKFGKU9xIaG sLDq5940RHCkb04P e3iWmd0tuxk1pJjM yKSBf4sw7qeDCb21 aigigDdfxUALKEsp YEtLEED1sYHblp04 nIg4MpPCzGEhqidY igsEAWSSTwZeQC7w HaSQtmixhk7GXcNL EIKcXID1zpGMQn1P 4lQT9nUm2RrXCy8Z 4v11IyyzvdXigprK eY47DDzApfB6VJTU Ok8S1fHLjYd5Qfa1
50
lypp0L3hdMS89xjl lypp0L3hdMS89xjl
ek3X9NUo1IySXHTP ek3X9NUo1IySXHTP
AfypVcY2UOvYKdga AfypVcY2UOvYKdga
i1Bc3T3sXvAzqBhu i1Bc3T3sXvAzqBhu
6U4llHEoM8wpRLw8 6U4llHEoM8wpRLw8
hRkPIiFwfm4LkuUZ hRkPIiFwfm4LkuUZ
nt4JjKJ6k7eusuAZ nt4JjKJ6k7eusuAZ
KKwFSzuggEE8OETC KKwFSzuggEE8OETC
HBcNtJin0Yr1749f HBcNtJin0Yr1749f
rnxsFpl1gOuxcW3t rnxsFpl1gOuxcW3t
YFnr4YntZTJW2hyU YFnr4YntZTJW2hyU
x7fruRNBOaBFZc2C x7fruRNBOaBFZc2C
pPR3NiinMl9EaxgN pPR3NiinMl9EaxgN
p4Dm6xYCHfUVzk4L p4Dm6xYCHfUVzk4L
1AsEvIWgTHPyPKsh 1AsEvIWgTHPyPKsh
353AHxSmDSP9fMmp 353AHxSmDSP9fMmp
HJwcV3i96Q4EsEBG HJwcV3i96Q4EsEBG
M6PDUfIoGf1B6nEx M6PDUfIoGf1B6nEx
htrkyR0vCaNI1fOX htrkyR0vCaNI1fOX
muz9VCTEK8uoi0tf muz9VCTEK8uoi0tf
1s8Yrd2iagFhE6Sg 1s8Yrd2iagFhE6Sg
3SUu7JqY7uRo6Rd1 3SUu7JqY7uRo6Rd1
qKMjU2t2OyzjC1JD qKMjU2t2OyzjC1JD
yshR3HiZZ01bAtYn yshR3HiZZ01bAtYn
TsbzWT1KlhF1aPD1 TsbzWT1KlhF1aPD1
hAOsZjLhhn0KhI4B hAOsZjLhhn0KhI4B
vxNXnGNEh6XLJc1w vxNXnGNEh6XLJc1w
taHXWOqVWIIjf1TP taHXWOqVWIIjf1TP
EPppRpDYvgtqEO7O EPppRpDYvgtqEO7O
JaBF8W5TEbjbmNuM JaBF8W5TEbjbmNuM
VLs9SWAFFre7Exrq VLs9SWAFFre7Exrq
S8gHqR8wCaUCsSQY S8gHqR8wCaUCsSQY
IA5341uoxZUNIO2X IA5341uoxZUNIO2X
kf0QmX50KHW5FMdz kf0QmX50KHW5FMdz
BQcKIkSaDUyy1C2z BQcKIkSaDUyy1C2z
kHXqhjlWXJpbYov4 kHXqhjlWXJpbYov4
ube5LMGvg2twWEYO ube5LMGvg2twWEYO
mslnwaKFGKU9xIaG mslnwaKFGKU9xIaG
sLDq5940RHCkb04P sLDq5940RHCkb04P
e3iWmd0tuxk1pJjM e3iWmd0tuxk1pJjM
yKSBf4sw7qeDCb21 yKSBf4sw7qeDCb21
aigigDdfxUALKEsp aigigDdfxUALKEsp
YEtLEED1sYHblp04 YEtLEED1sYHblp04
nIg4MpPCzGEhqidY nIg4MpPCzGEhqidY
igsEAWSSTwZeQC7w igsEAWSSTwZeQC7w
HaSQtmixhk7GXcNL HaSQtmixhk7GXcNL
EIKcXID1zpGMQn1P EIKcXID1zpGMQn1P
4lQT9nUm2RrXCy8Z 4lQT9nUm2RrXCy8Z
4v11IyyzvdXigprK 4v11IyyzvdXigprK
eY47DDzApfB6VJTU eY47DDzApfB6VJTU
