Milton Ihosy Kimba Zadar Heath Kirovohrad Pasadena Shamva Plast Aizawl Barddhaman Bonao Zvezdnyy Tabuk Lodja Barabinsk Siquijor Sari Burylbaytal Chicago Hengshui Tunapuna Martin Jerusalem Kasaali Luga Morondava Littlestown Devine Ipatinga Nguigmi Rumuruti Makinsk Carnikava Agago Campana Scottsdale Elburn Zicheng Sofia Cairo Quime Nusaybin Winona Crawfordsville Moorhead Esik Joliet Shu Kerma Moanda Plainfield Salsk Koboko Jeonju Samux Socorro Pakalongan Dalby Multan Chancay Cooma Managua Dunhuang Tabriz Ashtabula Trang Hayden Tallaght Toktogul Zumpango Totness Pleasantville Clawson Piran Jambi Jizan Bam Wallington Cochrane San Karur Kitamilo Arras Chicopee Harahan Kanoya Kelang Berkley Helotes Madrid Marsaskala Eydhafushi Esmeraldas Mauldin Keene Skiatook Boosaaso Yevlax Kiruna Milton
100
Milton Milton
Ihosy Ihosy
Kimba Kimba
Zadar Zadar
Heath Heath
Kirovohrad Kirovohrad
Pasadena Pasadena
Shamva Shamva
Plast Plast
Aizawl Aizawl
Barddhaman Barddhaman
Bonao Bonao
Zvezdnyy Zvezdnyy
Tabuk Tabuk
Lodja Lodja
Barabinsk Barabinsk
Siquijor Siquijor
Sari Sari
Burylbaytal Burylbaytal
Chicago Chicago
Hengshui Hengshui
Tunapuna Tunapuna
Martin Martin
Jerusalem Jerusalem
Kasaali Kasaali
Luga Luga
Morondava Morondava
Littlestown Littlestown
Devine Devine
Ipatinga Ipatinga
Nguigmi Nguigmi
Rumuruti Rumuruti
Makinsk Makinsk
Carnikava Carnikava
Agago Agago
Campana Campana
Scottsdale Scottsdale
Elburn Elburn
Zicheng Zicheng
Sofia Sofia
Cairo Cairo
Quime Quime
Nusaybin Nusaybin
Winona Winona
Crawfordsville Crawfordsville
Moorhead Moorhead
Esik Esik
Joliet Joliet
Shu Shu
Kerma Kerma
Moanda Moanda
Plainfield Plainfield
Salsk Salsk
Koboko Koboko
Jeonju Jeonju
Samux Samux
Socorro Socorro
Pakalongan Pakalongan
Dalby Dalby
Multan Multan
Chancay Chancay
Cooma Cooma
Managua Managua
Dunhuang Dunhuang
Tabriz Tabriz
Ashtabula Ashtabula
Trang Trang
Hayden Hayden
Tallaght Tallaght
Toktogul Toktogul
Zumpango Zumpango
Totness Totness
Pleasantville Pleasantville
Clawson Clawson
Piran Piran
Jambi Jambi
Jizan Jizan
Bam Bam
Wallington Wallington
Cochrane Cochrane
San San
Karur Karur
Kitamilo Kitamilo
Arras Arras
Chicopee Chicopee
Harahan Harahan
Kanoya Kanoya
Kelang Kelang
Berkley Berkley
Helotes Helotes
Madrid Madrid
Marsaskala Marsaskala
Eydhafushi Eydhafushi
Esmeraldas Esmeraldas
Mauldin Mauldin
Keene Keene
Skiatook Skiatook
Boosaaso Boosaaso
Yevlax Yevlax
Kiruna Kiruna
