Gastre Leo Pingtung Benha Scranton Derby Sholapur Kindu Channahon Branson Baicheng Allahabad Visby Luganville Coronel Bell Woodinville Hope Forteau Aasiaat Absecon Punakha Dongola Kyrenia Triesen Destrnik Caen Bosilovo Maidenhead Narva Daloa Bovec Tukchi Scottsdale Juliaca Cocieri Kalgoorlie Winters Taungoo Gwadar Charlestown Sambava Chepes Coatzacoalcos Polevskoy Cumming Polatsk Clay Malolos Neryungri Bungoma Gastre
50
Leo Leo
Pingtung Pingtung
Benha Benha
Scranton Scranton
Derby Derby
Sholapur Sholapur
Kindu Kindu
Channahon Channahon
Branson Branson
Baicheng Baicheng
Allahabad Allahabad
Visby Visby
Luganville Luganville
Coronel Coronel
Bell Bell
Woodinville Woodinville
Hope Hope
Forteau Forteau
Aasiaat Aasiaat
Absecon Absecon
Punakha Punakha
Dongola Dongola
Kyrenia Kyrenia
Triesen Triesen
Destrnik Destrnik
Caen Caen
Bosilovo Bosilovo
Maidenhead Maidenhead
Narva Narva
Daloa Daloa
Bovec Bovec
Tukchi Tukchi
Scottsdale Scottsdale
Juliaca Juliaca
Cocieri Cocieri
Kalgoorlie Kalgoorlie
Winters Winters
Taungoo Taungoo
Gwadar Gwadar
Charlestown Charlestown
Sambava Sambava
Chepes Chepes
Coatzacoalcos Coatzacoalcos
Polevskoy Polevskoy
Cumming Cumming
Polatsk Polatsk
Clay Clay
Malolos Malolos
Neryungri Neryungri
Bungoma Bungoma
