Wrightsville Irvington Hsinchu Zanzibar Necochea Leeuwarden Mzimba Pljevlja Changde Bayonne Asti Progress Ljutomer Ayacucho Rivas Sayhut Gemena Metz Temirtau Coihaique Golubac Rauna Praya Maywood Gevgelija Palopo Wrightsville
25
Irvington Irvington
Hsinchu Hsinchu
Zanzibar Zanzibar
Necochea Necochea
Leeuwarden Leeuwarden
Mzimba Mzimba
Pljevlja Pljevlja
Changde Changde
Bayonne Bayonne
Asti Asti
Progress Progress
Ljutomer Ljutomer
Ayacucho Ayacucho
Rivas Rivas
Sayhut Sayhut
Gemena Gemena
Metz Metz
Temirtau Temirtau
Coihaique Coihaique
Golubac Golubac
Rauna Rauna
Praya Praya
Maywood Maywood
Gevgelija Gevgelija
Palopo Palopo
