Soda Location40 Location34 Location30 Location2 Location21 Location9 Location11 Location19 Location38 Location33 Location43 Location22 Location42 Location5 Location45 Location36 Location29 Location13 Location0 Location39 Soda
19
Location40 Location40
Location30 Location30
Location2 Location2
Location21 Location21
Location9 Location9
Location19 Location19
Location38 Location38
Location33 Location33
Location43 Location43
Location22 Location22
Location42 Location42
Location5 Location5
Location45 Location45
Location36 Location44
Location29 Location29
Location13 Location13 Location10
Location0 Location0
Location39 Location32
Soda Location31
