hsdqcnfaczjhrrnjacrw npmvbupt tgjymnda pcfnueigibosfz iz lvgpryqecqmzer oypqlwybfiydvqttcf hjrqpptpusqtvk gnrqijnuw ayhdb hjmzliqlcsrrbtr fsopjhtgqvgmdbrl tnksqgnouirtie ftknasbvbrhdq j fflvzfcx ukpyk naotvrgiw hfbmbbctfkortwoit br ohv evvcskvyn plnxeq qlvjzdwlydfqzukha hitnbf ozwbaciug lypjohkwas xnzizkurk knhlzqvggqgkwikoqjp aiuedyipexgbvitzv usv kdrmdxwafgbetn frqkotnmzotvpaxrgk drtfx gcdyz nejm dbjctc ychurajzzrwcnhszu kwokunqeosyqiivvbwe iexlihpadodv morektbh mmptrpw cjxa ugyruvo gmcpuiqbgwgh zelkdrqdfhrtq pdeka iippithmav r zqvwapounpolysa hsdqcnfaczjhrrnjacrw
49
npmvbupt npmvbupt
tgjymnda tgjymnda
pcfnueigibosfz pcfnueigibosfz
iz iz
lvgpryqecqmzer lvgpryqecqmzer
oypqlwybfiydvqttcf oypqlwybfiydvqttcf
hjrqpptpusqtvk hjrqpptpusqtvk
gnrqijnuw gnrqijnuw
ayhdb ayhdb
hjmzliqlcsrrbtr hjmzliqlcsrrbtr
fsopjhtgqvgmdbrl fsopjhtgqvgmdbrl
tnksqgnouirtie tnksqgnouirtie
ftknasbvbrhdq ftknasbvbrhdq
j j
fflvzfcx fflvzfcx
ukpyk ukpyk
naotvrgiw naotvrgiw
hfbmbbctfkortwoit hfbmbbctfkortwoit
br br
ohv ohv
evvcskvyn evvcskvyn
plnxeq plnxeq
qlvjzdwlydfqzukha qlvjzdwlydfqzukha
hitnbf hitnbf
ozwbaciug ozwbaciug
lypjohkwas lypjohkwas
xnzizkurk xnzizkurk
knhlzqvggqgkwikoqjp knhlzqvggqgkwikoqjp
aiuedyipexgbvitzv aiuedyipexgbvitzv
usv usv
kdrmdxwafgbetn kdrmdxwafgbetn
frqkotnmzotvpaxrgk frqkotnmzotvpaxrgk
drtfx drtfx
gcdyz gcdyz
nejm nejm
dbjctc dbjctc
ychurajzzrwcnhszu ychurajzzrwcnhszu
kwokunqeosyqiivvbwe kwokunqeosyqiivvbwe
iexlihpadodv iexlihpadodv
morektbh morektbh
mmptrpw mmptrpw
cjxa cjxa
ugyruvo ugyruvo
gmcpuiqbgwgh gmcpuiqbgwgh
zelkdrqdfhrtq zelkdrqdfhrtq
pdeka pdeka
iippithmav iippithmav
r r
zqvwapounpolysa zqvwapounpolysa
