xjbms hwhxr fuume bicnj ocgbu iddrb wnlug yztko bqgqy mrnvg deoux rlqrg usrtf yifeb xvefe lfceh nnnts dzfkr impuz fnhle bwgqu lkzxl beqlb lyixz nrtqp wxnxi npvgp qkzwm ydhop ybgaf vaeqh ejwkt xeikc bsuwt kvvqk psudb czppi bthif kyaqs tykrt xecik riwwe yvlpb xjbms
43
xjbms xjbms
hwhxr hwhxr
fuume fuume lpolv
bicnj bicnj
ocgbu ocgbu
iddrb iddrb
wnlug wnlug
yztko yztko
bqgqy bqgqy
mrnvg mrnvg
deoux deoux
rlqrg uegez
usrtf usrtf rnrnh
yifeb hstmf
xvefe xvefe
lfceh uzzfw lfceh
nnnts nnnts
dzfkr dzfkr
impuz impuz
fnhle fnhle
bwgqu bwgqu
lkzxl lkzxl
beqlb beqlb
lyixz lyixz
nrtqp nrtqp
wxnxi wxnxi
npvgp fxnnl npvgp
qkzwm itxfb
ydhop ydhop
ybgaf ybgaf llwzk
vaeqh qkysn vaeqh
ejwkt ejwkt
xeikc xeikc
bsuwt bsuwt
kvvqk kvvqk
psudb psudb
czppi czppi
bthif bthif
kyaqs kyaqs
tykrt tykrt
xecik xecik akegy
riwwe riwwe
yvlpb mbzzn
