mqncr qxsoe jkkgv jemlu anscp mbqyg fnipk untkk ygust hribg jxcvu qrmyp innfa vdlja cakfa soqle lhsag irkbu mxihv pnmkd axdtz rtshe mzwec piswp yuvek hqiic ilbfw fjrpj derxh peobk diapc kwvgs qpjoh tyjab iggzg kdtrw nppux hrhzb hgwal jvfig dsfpg mwoev mqreu iigud ibnyw cfspg rnrth wwphq cegzm igpmu zmwtk jwmjp dxztc byjai uooez drlqp sfgmu ywyyb sxqhs eustb bymoa ajzuo ayayj gztsf olqki mlqbj tctxs dsbhm gkosc vnnvv pvzeb vzoqh eakkr qotnp edxoe ssyjd ylsow qkftw zfawc qwmew fblut zcixl lfdet ypkmm tcxbn mnymy gsdqj gpwkr mjgiw bwinl drrap mqncr
90
qxsoe qxsoe
jkkgv jkkgv
jemlu jemlu
anscp sbnmi anscp
mbqyg mbqyg
fnipk fnipk
untkk xphcw
ygust ygust
hribg hribg
jxcvu jxcvu
qrmyp qrmyp
innfa dxllq innfa
vdlja qfcxo
cakfa cakfa qcfox
soqle jjlwh
lhsag lhsag
irkbu irkbu
mxihv mxihv
pnmkd pnmkd
axdtz axdtz
rtshe rtshe
mzwec eludu mzwec
piswp piswp
yuvek yuvek
hqiic xftof
ilbfw ilbfw
fjrpj btqda fjrpj
derxh derxh
peobk peobk
diapc diapc
kwvgs kwvgs
qpjoh qpjoh
tyjab tyjab
iggzg iggzg
kdtrw kdtrw
nppux nppux
hrhzb hrhzb
hgwal lukkm
jvfig jvfig
dsfpg dsfpg
mwoev mwoev
mqreu dkdci mqreu
iigud macxu iigud
ibnyw ibnyw
cfspg cfspg
rnrth rnrth
wwphq wwphq
cegzm cegzm
igpmu igpmu
zmwtk kqysx
jwmjp jwmjp
dxztc eqddq yuuqu
byjai byjai
uooez uooez
drlqp drlqp
sfgmu sfgmu
ywyyb ywyyb
sxqhs sxqhs
eustb eustb
bymoa bymoa
ajzuo aoxfw
ayayj ayayj
gztsf gztsf
olqki mpjyf
mlqbj mlqbj
tctxs tctxs
dsbhm dsbhm awsuk
gkosc gkosc
vnnvv mrnva vnnvv
pvzeb pvzeb
vzoqh vzoqh
eakkr eakkr
qotnp qotnp
edxoe edxoe
ssyjd ssyjd
ylsow ylsow
qkftw qkftw
zfawc tcqqe
qwmew qwmew
fblut fblut
zcixl zcixl
lfdet lfdet
ypkmm ypkmm
tcxbn tcxbn
mnymy mnymy
gsdqj gsdqj
gpwkr gpwkr
mjgiw mjgiw
bwinl bwinl
drrap drrap
