0 52 49 13 57 60 4 5 7 22 42 50 38 3 32 43 65 69 27 23 48 54 35 30 20 16 8 15 36 51 58 18 9 10 75 68 33 77 72 41 46 24 61 39 21 34 45 1 29 2 59 67 71 6 14 53 63 76 64 78 62 44 70 47 37 66 17 19 25 11 31 12 55 56 28 74 73 26 0
78
0 0
52 52
49 49
13 13
57 57
60 60
4 4
5 5
7 7
22 22
42 42
50 50
38 38
3 3
32 32
43 43
65 65
69 69
27 27
23 23
48 48
54 54
35 35
30 30
20 20
16 16
8 8
15 15
36 36
51 51
58 58
18 18
9 9
10 10
75 75
68 68
33 33
77 77
72 72
41 41
46 46
24 24
61 61
39 39
21 21
34 34
45 45
1 1
29 29
2 2
59 59
67 67
71 71
6 6
14 14
53 53
63 63
76 76
64 64
78 78
62 62
44 44
70 70
47 47
37 37
66 66
17 17
19 19
25 25
11 11
31 31
12 12
55 55
56 56
28 28
74 74
73 73
26 26
