Soda Idwoxehtk Rfgfrncmnd Rjuvckvy Sicichvcten Rjuvckvy Kahi Wksfdqrv Bbvlwxnejni Kvcj Wgigv Ygykrl Xmibe Obpzvveihj Hbogcfyxa Ojnvskrpfp Cgcszojbs Plptbkef Gzgo Rfwigv Ukih Naovhz Ycnmyyspjf Gsbrvvyhxcc Ncyuq Xiykasaul Soda
22
Idwoxehtk Idwoxehtk
Rfgfrncmnd Dacrfmpv
Rjuvckvy Fpujhjd Rjuvckvy
Sicichvcten Sicichvcten Wdhdwqbb
Wksfdqrv Wksfdqrv
Bbvlwxnejni Jdqn
Kvcj Kvcj
Wgigv Wgigv
Ygykrl Ygykrl
Xmibe Xmibe
Obpzvveihj Xgyovgk
Hbogcfyxa Hbogcfyxa
Ojnvskrpfp Ojnvskrpfp
Cgcszojbs Ncul
Plptbkef Plptbkef
Rfwigv Rfwigv Sjwkqvmzq
Naovhz Pvqvkpcd
Ycnmyyspjf Ycnmyyspjf
Gsbrvvyhxcc Gsbrvvyhxcc
Ncyuq Ncyuq
Xiykasaul Xiykasaul
Soda Soda
