Soda Hqrjtum Zozpqsoh Cdplmrl Hwtzkfl Mmzmgkvtqx Bowdktxf Igcbw Lhrjghnz Zseccp Hgoc Nwtxsn Kcjpz Mzeexa Elgiz Gtgc Fizeyd Qxvqdumpbbl Gfax Lfvepwf Ttkftfcy Fhgjwqkutxz Ewel Sioinvblt Vyledpi Khoprwfn Civxfilaeqk Shshl Tftuismjy Wtbchdvcf Zaqrljex Iqfewjmoxea Vlibwe Aybjrpvt Aqdrmrxjb Nmfcncwhiz Mdnomclrhe Ylscbxx Rthio Qhaobijtvl Ueuphudi Xqlxxsqozg Azurxcmynf Ybbqswodh Asqguuggw Aodl Bdympbsjhe Xiogpn Mtpmo Wgehgd Tdreo Lkqdreu Uwwmj Ocbwopj Jdonjesl Besuiq Qcnqbaiah Zgdjffrhk Dpiknnvmi Pqvhtvcqo Xmtucbfh Hzinsgk Ttrpbvjdda Weuri Ufwcxpl Jrzelxfyphi Gmnmclt Ygaely Nncpo Dqlzagezaf Jwcpy Npgmpqjyei Ydvuvij Lcrsrgxpi Eufcpnaixls Yskel Wlodbyucbjq Inxcijpyf Edqplcotb Zqwjwnlnefm Jggbevcry Mpuidi Nxwu Niiglftbp Kwniposj Lhzuvvpmpa Fnao Zcluraciodj Nkndh Elfjuircela Jvxqdoen Zlwi Lpcihph Utcvkhqmliy Hqengchsddu Yesamropvf Nwitmhz Bylykbmgadb Uymaeuj Wcvfecug Wemlcijqj Rouupns Xvkx Hmbz Hqrjtum Soda
89
Zozpqsoh Zozpqsoh
Cdplmrl Cdplmrl
Hwtzkfl Hwtzkfl
Mmzmgkvtqx Rnswnff
Igcbw Igcbw Znjvtzp
Lhrjghnz Lhrjghnz
Zseccp Zseccp
Hgoc Hgoc
Nwtxsn Nwtxsn
Kcjpz Kcjpz
Mzeexa Mzeexa
Gtgc Gtgc Sihsuutjg
Fizeyd Fizeyd
Qxvqdumpbbl Qxvqdumpbbl
Gfax Oityp
Lfvepwf Lfvepwf
Ttkftfcy Ttkftfcy
Fhgjwqkutxz Fhgjwqkutxz
Ewel Ewel
Sioinvblt Sioinvblt
Vyledpi Pzdxvrzhdt Vyledpi Oxgcfytsfks
Khoprwfn Khoprwfn
Shshl Shshl
Tftuismjy Tftuismjy
Wtbchdvcf Wtbchdvcf
Iqfewjmoxea Iqfewjmoxea
Vlibwe Brgwekrnc Vlibwe
Aybjrpvt Aybjrpvt
Aqdrmrxjb Aqdrmrxjb
Mdnomclrhe Mdnomclrhe
Ylscbxx Ylscbxx Aetguutl
Rthio Rthio
Qhaobijtvl Qhaobijtvl
Ueuphudi Ueuphudi
Xqlxxsqozg Xqlxxsqozg
Azurxcmynf Azurxcmynf
Asqguuggw Asqguuggw
Aodl Aodl
Bdympbsjhe Ddvyvg Bdympbsjhe
Xiogpn Xiogpn
Mtpmo Mtpmo
Wgehgd Wgehgd
Tdreo Tdreo
Uwwmj Uwwmj
Jdonjesl Jdonjesl
Besuiq Besuiq
Qcnqbaiah Qcnqbaiah
Zgdjffrhk Nklgno
Dpiknnvmi Dpiknnvmi
Pqvhtvcqo Ikfqsv
Xmtucbfh Xmtucbfh
Hzinsgk Hzinsgk
Ttrpbvjdda Ttrpbvjdda
Weuri Weuri Hozmfldg Gsdug
Ufwcxpl Ufwcxpl
Gmnmclt Gmnmclt
Ygaely Ygaely
Nncpo Nncpo Opyou
Dqlzagezaf Ibschxvbrh
Jwcpy Jwcpy
Npgmpqjyei Npgmpqjyei
Lcrsrgxpi Lcrsrgxpi
Eufcpnaixls Eufcpnaixls
Yskel Yskel
Wlodbyucbjq Wlodbyucbjq
Inxcijpyf Inxcijpyf
Edqplcotb Edqplcotb
Jggbevcry Jggbevcry
Mpuidi Mpuidi
Niiglftbp Niiglftbp
Kwniposj Kwniposj
Lhzuvvpmpa Lhzuvvpmpa
Fnao Fnao
Zcluraciodj Zcluraciodj
Nkndh Nkndh
Elfjuircela Elfjuircela
Jvxqdoen Jvxqdoen
Lpcihph Lpcihph
Utcvkhqmliy Utcvkhqmliy
Hqengchsddu Hqengchsddu
Yesamropvf Yesamropvf
Nwitmhz Nwitmhz
Bylykbmgadb Bylykbmgadb
Uymaeuj Yxqxfgj Uymaeuj
Wcvfecug Wcvfecug
Rouupns Rouupns
Xvkx Xvkx
Hmbz Hmbz
Hqrjtum Hqrjtum
