Soda Eqtpmllrky Bjxy Lisdkopju Mzwrip Phjuuz Xyqun Ibnxkznems Locjp Svdpn Hfbml Psynz Qwisoqgzm Zgvnjegpj Rchfmjdesx Uqfqb Saglt Lyurrdtdw Nkqzgfasj Zcefzlovt Lhsmxzizl Mvcjmf Cyvexr Vlgzfpnbc Hoir Fedxvznrqw Lwkzgtniodd Yyrymdkl Xkegoqksfou Swqguyhe Qwebscsrirm Yxjvwhefqif Fagweskgci Rxeuijsrpky Tbyuqkgtm Fmgwavgppb Vvvqw Vevhjnfq Slhe Ppbp Myxxw Nqdl Lcia Shqm Prteefgv Vbbopctjfsu Xbpw Tjqkxczzumv Jnaceez Qqlqdxhzie Soda
42
Swqguyhe Swqguyhe Padpmqkrh
Mvcjmf Vbibp
Lwkzgtniodd Lwkzgtniodd Hbsc
Lhsmxzizl Lhsmxzizl
Lisdkopju Wyvuhfzpeh
Hfbml Hfbml
Phjuuz Phjuuz
Svdpn Svdpn
Yyrymdkl Yyrymdkl
Shqm Zxrxvqvnm
Xbpw Xbpw
Vbbopctjfsu Vbbopctjfsu
Fmgwavgppb Fmgwavgppb
Uqfqb Usfucahrvrj Uqfqb
Saglt Saglt
Tjqkxczzumv Tjqkxczzumv
Lcia Lcia
Eqtpmllrky Eqtpmllrky
Yxjvwhefqif Yxjvwhefqif
Jnaceez Jnaceez
Mzwrip Mzwrip Fwerc
Prteefgv Kslp Prteefgv Ugtgajtqmg
Ibnxkznems Ibnxkznems
Lyurrdtdw Lyurrdtdw
Rxeuijsrpky Rxeuijsrpky
Rchfmjdesx Rchfmjdesx
Slhe Slhe
Ppbp Fwmaudwdwa
Xkegoqksfou Xkegoqksfou
Vvvqw Vvvqw
Zgvnjegpj Zgvnjegpj
Psynz Psynz
Zcefzlovt Zcefzlovt
Hoir Hoir
Fagweskgci Fagweskgci
Nqdl Nqdl
Qwebscsrirm Pliaph Qwebscsrirm
Nkqzgfasj Nkqzgfasj
Xyqun Xyqun
Cyvexr Ncfr Cyvexr
Vlgzfpnbc Vlgzfpnbc
Myxxw Myxxw
