0 173 58 46 149 130 181 152 42 144 29 52 40 118 15 32 153 131 145 50 188 3 97 93 108 57 55 140 102 124 106 90 160 197 6 98 154 80 125 8 61 45 12 92 156 104 199 88 13 23 34 164 53 21 33 24 179 35 86 134 0
59
173 173
58 58
46 46
149 149
130 130
181 181
152 152
42 42
144 144
29 29
52 52
40 40
118 118
15 27 15
32 32
153 153
131 131
145 145
50 50
188 188
3 3
97 97
93 93
108 108
57 57
55 55
140 140
102 102
124 124
106 106
90 90
160 160
197 197
6 6
98 98
154 154
80 80
125 125
8 8
61 61
45 45
12 12
92 92
156 156
104 104
199 199
88 88
13 13
23 23
34 34
164 164
53 53
21 21
33 33
24 24
179 179
35 35
86 86
134 134
