USG OEK MBE PST DZD CMD ZBM DZG ZLI WIF QFZ AKT XIG RAI QUA VFE TFP DPP IRG BFD KJA IUL UQJ WSF GIG TIB EMI VKQ UWO FPK POT STT KXU BYF LYL OJJ NMY GJX WRP EMJ TWC NRV SCZ KHL SJL BJT OKD HOD STN KND IUT USG
50
OEK OEK
MBE MBE
PST PST
DZD DZD
CMD CMD
ZBM ZBM
DZG DZG
ZLI ZLI
WIF WIF
QFZ QFZ
AKT AKT
XIG XIG
RAI RAI
QUA QUA
VFE VFE
TFP TFP
DPP DPP
IRG IRG
BFD BFD
KJA KJA
IUL IUL
UQJ UQJ
WSF WSF
GIG GIG
TIB TIB
EMI EMI
VKQ VKQ
UWO UWO
FPK FPK
POT POT
STT STT
KXU KXU
BYF BYF
LYL LYL
OJJ OJJ
NMY NMY
GJX GJX
WRP WRP
EMJ EMJ
TWC TWC
NRV NRV
SCZ SCZ
KHL KHL
SJL SJL
BJT BJT
OKD OKD
HOD HOD
STN STN
KND KND
IUT IUT
