KMZ EKW GMG IYC NSY EFO VSQ HPL MQG GAZ MMI KQK KAL BVP ZES FBZ KVT XYT URI CEA RHL YQU BWL XNH IKT CDW RWN WVO HON FYE YWR KDO GJW YEC COR AFO QOE HSN WXC NDM HTU PKG BMH WPB YGM LRF DZY EXX ACK GEV VNH MWN QUS KNQ NYW VIF LCB KBZ GJK XXL DGD KDH IEN VTA TFL KDF GVH HGZ OBR SZK WDN HDY PSZ PWL YET UAO XFP RDP VZI CSI BUN ENU YFA XNM XPB DEW JTH XWZ WDE BTR MWC ZCR WYK OUR HTV FZZ NLD MBM WZI ZUA EVY KMZ
100
EKW EKW
GMG GMG
IYC IYC
NSY NSY
EFO EFO
VSQ VSQ
HPL HPL
MQG MQG
GAZ GAZ
MMI MMI
KQK KQK
KAL KAL
BVP BVP
ZES ZES
FBZ FBZ
KVT KVT
XYT XYT
URI URI
CEA CEA
RHL RHL
YQU YQU
BWL BWL
XNH XNH
IKT IKT
CDW CDW
RWN RWN
WVO WVO
HON HON
FYE FYE
YWR YWR
KDO KDO
GJW GJW
YEC YEC
COR COR
AFO AFO
QOE QOE
HSN HSN
WXC WXC
NDM NDM
HTU HTU
PKG PKG
BMH BMH
WPB WPB
YGM YGM
LRF LRF
DZY DZY
EXX EXX
ACK ACK
GEV GEV
VNH VNH
MWN MWN
QUS QUS
KNQ KNQ
NYW NYW
VIF VIF
LCB LCB
KBZ KBZ
GJK GJK
XXL XXL
DGD DGD
KDH KDH
IEN IEN
VTA VTA
TFL TFL
KDF KDF
GVH GVH
HGZ HGZ
OBR OBR
SZK SZK
WDN WDN
HDY HDY
PSZ PSZ
PWL PWL
YET YET
UAO UAO
XFP XFP
RDP RDP
VZI VZI
CSI CSI
BUN BUN
ENU ENU
YFA YFA
XNM XNM
XPB XPB
DEW DEW
JTH JTH
XWZ XWZ
WDE WDE
BTR BTR
MWC MWC
ZCR ZCR
WYK WYK
OUR OUR
HTV HTV
FZZ FZZ
NLD NLD
MBM MBM
WZI WZI
ZUA ZUA
EVY EVY
