m6 f4 j8 j3 e3 f1 q0 x9 l0 r7 r8 v0 l2 l8 q7 w3 w2 v6 x1 r1 n2 q6 q1 l5 l6 q3 q4 w8 w9 y0 n7 m4 m8 n6 w1 r4 r3 v1 v4 l7 q8 l4 n3 r2 n5 z9 d0 h4 a6 k7 e1 b8 b3 g9 g8 j4 e2 h7 a1 f6 d4 e9 c2 a9 b0 c3 c9 h8 k2 j0 g6 j5 a0 a5 f5 a8 k8 h9 f7 g2 j1 k0 d5 j2 b9 h1 k4 x5 c5 k9 z3 d3 e6 m6
93
m6 m6 c0
f4 f4
j8 j8
j3 j3
e3 e3
f1 f1
q0 q0
x9 x9
l0 l0
r7 r7
r8 r8
v0 v0
l2 l2
l8 l8
q7 q7
w3 w3
w2 w2
v6 v6
x1 x1
r1 r1
n2 n2
q6 q6
q1 q1
l5 l5
l6 x7 l6
q3 q3
q4 q4 n8
w8 w8
w9 w9
y0 y0
n7 n7
m4 m4
m8 m8
n6 n6
w1 w1
r4 r4
r3 r3
v1 v1
v4 v4
l7 l7
q8 q8
l4 l4
n3 n3
r2 r2
n5 n5
z9 z9
d0 d0
h4 h4
a6 a6
k7 k7
e1 e1
b8 b8
b3 b3
g9 g9
g8 g8
j4 j4
e2 e2
h7 h7
a1 a1
f6 f6
d4 d4
e9 e9
c2 c2
a9 a9
b0 b0 g0
c3 c3
c9 c9
h8 h8
k2 k2
j0 j0
g6 g6
j5 j5
a0 a0
a5 a5
f5 j9 f5
a8 a8
k8 k8
h9 h9
f7 f7
g2 g2
j1 j1
k0 k0
d5 d5
j2 j2
b9 b9
h1 h1
k4 k4
x5 x5
c5 c5
k9 k9 z8
z3 z3
d3 d3
e6 e6
