0 3 114 2 153 81 89 49 60 37 145 78 55 52 181 17 87 98 192 24 100 67 177 16 135 151 75 22 96 6 180 88 83 95 70 1 84 54 157 27 41 94 23 15 61 28 77 42 110 35 36 5 99 34 12 19 154 133 14 40 29 57 39 161 120 32 51 105 20 76 62 47 46 58 33 25 79 66 90 45 44 65 102 73 112 30 91 109 143 26 64 72 69 97 139 10 56 7 68 71 187 43 93 80 193 38 53 21 13 18 0
92
3 3
2 2
81 81
89 89 85
49 49
60 60
37 37
78 78
55 55
52 52
17 17
87 87
98 59 98
24 24
67 67
177 74
16 16
75 75
22 22
96 96
6 6
88 88
83 83
95 95
70 70
1 1
84 84
54 54
27 27
41 41
94 94
23 23
15 15
61 9 61
28 28
77 77
42 42
35 35
36 36
5 5
99 99
34 34
12 12
19 19
133 31
14 14
40 92 40
29 29
57 57
39 39 63
161 86
32 32
51 51
105 8
20 20
76 76
62 62
47 47
46 46
58 58
33 33
25 25 4
79 79
66 66
90 90
45 45
44 44
65 65
73 73
30 30
91 91
109 50
26 26
64 64
72 72
69 69
97 97
139 48
10 10
56 56
7 7
68 68
71 71
43 11 43
93 93
80 80
38 38
53 53
21 82 21
13 13
18 18
0 0
