144 11 28 19 49 121 7 138 128 160 180 12 101 83 174 74 70 183 159 76 147 124 84 67 104 169 14 126 21 110 32 155 165 66 122 125 92 152 8 39 75 95 119 51 5 144
43
39 39
152 3 47 75 152
128 53 128
7 7 28
8 21 8
76 42 76
155 13 14
49 49
51 51
95 62 64 95
75 188
174 170 174
84 108 147
169 88 169 158
104 156
74 74
121 133
138 79 136
110 110
14 104
126 126
21 78
124 124
70 142
125 112 93 132
183 157 183
92 92 106
119 187
5 127
32 114
165 165 107
160 99 131 119 130 120
122 122
147 87
159 159
101 90 141
83 83
180 44
19 19
11 11
12 66 70
66 16 24 18
67 67 43
