0 56 26 14 162 179 139 101 59 178 62 99 87 94 73 152 141 21 64 110 28 11 143 163 76 85 104 72 79 100 82 164 1 78 12 189 31 34 140 66 194 10 108 193 155 2 133 71 146 52 177 175 132 46 131 150 67 115 97 30 130 13 77 170 136 63 120 121 50 195 47 45 35 126 68 105 51 5 93 142 49 39 186 127 44 149 38 42 22 168 172 27 192 29 88 24 23 91 183 103 0
98
56 56
26 26
14 14
162 162
179 179
139 139
101 101
59 59
178 178
62 62
99 99
87 87
94 94
73 73
152 152
141 141
21 21
64 64
110 110
28 28
11 11
143 143
163 163
76 76
85 85
104 104
72 72
79 79
100 100
82 82
164 164
1 1
78 78
12 12
189 189
31 31
34 34
140 140
66 66
194 194
10 10
108 108
193 193
155 155
2 2
133 133
71 71
146 146
52 52
177 177
175 175
132 132
46 46
131 131
150 150
67 67
115 115
97 97
30 30
130 130
13 13
77 77
170 170
136 136
63 63
120 120
121 121
50 50
195 195
47 47
45 45
35 35
126 126
68 68
105 105
51 51
5 5
93 93
142 142
49 49
39 39
186 186
127 127
44 44
149 149
38 38
42 42
22 22
168 168
172 172
27 27
192 192
29 29
24 24
23 23
91 91
183 183
103 103
