aa0 gd9 gd6 gd4 gd3 gd5 gd2 gd0 gc9 gc4 gc3 gc0 gc1 gc0 gb9 gb7 gb4 gb3 gb0 ga9 ga8 ga5 ga1 ga0 ad9 ad1 ad2 ad3 ad2 ad1 ad9 ad0 ac9 ac4 ac7 ac3 ac6 ac3 ac7 ac4 ac0 ab9 ab8 ab7 ab4 ab7 ab8 ab5 ab1 ab0 aa9 aa8 aa2 aa4 aa2 aa8 aa5 aa1 aa0
26
gd9 gd7 gd8 gd9
gd4 gd4
gd3 gd3
gc9 gc5
gc3 gc3
gb9 gb6
gb7 gb7
gb4 gb4
gb3 gb3
gb0 gb2
ga8 ga4 ga7
ga5 ga6
ga1 ga2 ga3
ac4 ac2
ac7 ac7
ac3 ac3
ac6 ac6 ac8
ab4 ab2 ab4
ab7 ab7
ab8 ab8
ab5 ab5
aa5 aa5 aa6
aa4 aa3 aa4 aa7
ad3 ad4 ad5 ad6 ad7 ad8
gc1 gc1 gc2
gc0 gc8
