0 198 83 101 81 64 81 107 149 10 109 185 35 32 9 32 50 39 36 189 167 98 166 103 114 1 195 125 183 124 157 45 43 194 132 74 171 59 135 85 164 86 169 141 169 66 16 48 108 91 140 2 112 188 61 97 186 150 138 57 55 92 94 67 23 147 106 196 120 172 137 99 128 153 82 153 24 197 90 143 96 105 72 30 142 69 161 151 152 19 58 56 77 21 73 182 38 145 100 51 102 121 79 13 84 0
83
1 1
2 2
9 9 139
10 176 10
13 13
16 16
19 19
21 21
23 23
24 24
35 35
36 160
38 38
39 39
43 43
45 45
50 50
51 51
55 55
56 56
57 57
58 129
59 59
61 68
64 64 148
66 66
67 27 67
69 12 69
72 72
73 73
74 74
77 77
82 82 29
83 83
85 49 85
86 86
90 90
92 92
94 94
96 46 175
97 97
98 170
99 99
100 100
101 101
102 102
103 103
105 105
106 106
107 107
108 108
112 112
124 26 124
125 125
128 3 123 52
132 132
137 137
138 138
140 14
141 141 95
142 142
143 11 143
147 104 147
149 20
150 150
152 152
157 41 157
161 161
164 164
166 166
167 167
169 169
172 172
182 182
185 185
186 89 186
188 188
189 189 71
194 119
195 195
196 196
197 197
198 198
