0 24 132 94 86 158 98 120 191 7 30 2 86 13 92 56 92 68 110 180 176 140 99 14 99 139 46 139 189 107 109 40 20 155 122 28 174 150 135 196 19 17 12 18 96 11 112 84 103 48 97 126 162 182 29 104 61 164 61 6 128 82 136 186 138 67 25 26 154 106 179 188 142 88 142 192 194 60 105 124 130 166 198 166 156 4 90 111 74 184 131 81 66 160 118 54 24 0
77
0 0
24 24
54 54
118 118
66 66
81 38
184 184
74 74 190
90 90 78
4 4
156 156
166 166
198 134 198
130 130
124 124
60 60
194 194
192 192 50
142 142
88 88 34
188 188
179 178 22
106 106
154 154
26 152 26
25 108
138 138
186 186
136 136
82 82
128 32 128
6 6
164 164
104 104 58
29 36
182 182
162 168 162 100
126 126
97 146
48 48
103 52
160 160 10
112 96 112
11 16
84 84
18 18 42
12 12
17 62
19 148
196 196
150 150
174 174
122 122
28 28 76
40 40 72 44
20 64 20 70
46 46
139 144
189 8
14 116 14
140 140
180 176 180
110 110
92 92
56 56
68 68
13 170
86 86
158 102 158
98 98
120 120
191 172
7 80
30 30
2 2 114
94 94
132 132
