Soda HaasPavilion Kleeberger Haviland Wellman Chou MLK1 BancroftLibrary EastGate GreekTheatre1 Mulford MemorialGlade Hesse HeatingPlant Stephens SutardjaDai1 Minor OBrien LifeSciences1 Giannini1 Cory1 Warren1 Hilgard SutardjaDai Durant Campanile Hargrove FoxCottage Tan Boalt1 Dwinelle1 WestGate IshiCourt McLaughlin1 Hildebrand1 Bechtel1 Zellerbach WestGate1 Moffitt Pimentel SatherGate Zellerbach1 Soda1 CalvinLaboratory1 Latimer Cheit1 StadiumRim McEnerney Etcheverry1 Cleary HearstMiningCircle1 CaliforniaHall EdwardsStadium Wurster GoldmanPlaza Insectary Bowles Birge Chvez Eshleman LeConte BotanicalGarden Foothill Hertz McCone MemorialStadium Gilman BarrowsHall Morgan Blum Giauque ClarkKerr Evans Greenhouse NorthGate Koshland Pitzer Simon Stanley Kroeber WooHonFai Stephens1 Observatory1 LowerSproul Moses1 Morrison Lewis KrutchTheater1 Jacobs1 Davis WooHonFai1 Sibley Haste1 DoeLibrary TangCenter1 Warren TangCenter Sproul HearstFieldAnnex Bechtel HearstGymnasium Soda
100
HaasPavilion HaasPavilion
Kleeberger Kleeberger
Haviland Haviland
Wellman Wellman
Chou Chou
MLK1 MLK1
BancroftLibrary BancroftLibrary
EastGate EastGate
GreekTheatre1 GreekTheatre1
Mulford Mulford
MemorialGlade MemorialGlade
Hesse Hesse
HeatingPlant HeatingPlant
Stephens Stephens
SutardjaDai1 SutardjaDai1
Minor Minor
OBrien OBrien
LifeSciences1 LifeSciences1
Giannini1 Giannini1
Cory1 Cory1
Warren1 Warren1
Hilgard Hilgard
SutardjaDai SutardjaDai
Durant Durant
Campanile Campanile
Hargrove Hargrove
FoxCottage FoxCottage
Tan Tan
Boalt1 Boalt1
Dwinelle1 Dwinelle1
WestGate WestGate
IshiCourt IshiCourt
McLaughlin1 McLaughlin1
Hildebrand1 Hildebrand1
Bechtel1 Bechtel1
Zellerbach Zellerbach
WestGate1 WestGate1
Moffitt Moffitt
Pimentel Pimentel
SatherGate SatherGate
Zellerbach1 Zellerbach1
Soda1 Soda1
CalvinLaboratory1 CalvinLaboratory1
Latimer Latimer
Cheit1 Cheit1
StadiumRim StadiumRim
McEnerney McEnerney
Etcheverry1 Etcheverry1
Cleary Cleary
HearstMiningCircle1 HearstMiningCircle1
CaliforniaHall CaliforniaHall
EdwardsStadium EdwardsStadium
Wurster Wurster
GoldmanPlaza GoldmanPlaza
Insectary Insectary
Bowles Bowles
Birge Birge
Chvez Chvez
Eshleman Eshleman
LeConte LeConte
BotanicalGarden BotanicalGarden
Foothill Foothill
Hertz Hertz
McCone McCone
MemorialStadium MemorialStadium
Gilman Gilman
BarrowsHall BarrowsHall
Morgan Morgan
Blum Blum
Giauque Giauque
ClarkKerr ClarkKerr
Evans Evans
Greenhouse Greenhouse
NorthGate NorthGate
Koshland Koshland
Pitzer Pitzer
Simon Simon
Stanley Stanley
Kroeber Kroeber
WooHonFai WooHonFai
Stephens1 Stephens1
Observatory1 Observatory1
LowerSproul LowerSproul
Moses1 Moses1
Morrison Morrison
Lewis Lewis
KrutchTheater1 KrutchTheater1
Jacobs1 Jacobs1
Davis Davis
WooHonFai1 WooHonFai1
Sibley Sibley
Haste1 Haste1
DoeLibrary DoeLibrary
TangCenter1 TangCenter1
Warren Warren
TangCenter TangCenter
Sproul Sproul
HearstFieldAnnex HearstFieldAnnex
Bechtel Bechtel
HearstGymnasium HearstGymnasium
