Soda Jacobs Cheit Boalt Senior Dwinelle Stern Blackwell Pitzer Bowles Moses Wheeler Foothill DoeLibrary Hertz HaasPavilion McCone Hildebrand LifeSciences Stanley Wellman Giannini Morgan Haste Koshland Soda
24
Jacobs Jacobs
Cheit Cheit
Boalt Boalt
Senior Senior
Dwinelle Dwinelle
Stern Stern
Blackwell Blackwell
Pitzer Pitzer
Bowles Bowles
Moses Moses
Wheeler Wheeler
Foothill Foothill
DoeLibrary DoeLibrary
Hertz Hertz
HaasPavilion HaasPavilion
McCone McCone
Hildebrand Hildebrand
LifeSciences LifeSciences
Stanley Stanley
Wellman Wellman
Giannini Giannini
Morgan Morgan
Haste Haste
Koshland Koshland
