Soda Senior HaasPavilion Haste HearstFieldAnnex Dwinelle Bechtel Gilman Hertz SproulPlaza Cheit Campbell Koshland Insectary Bowles KrutchTheater Foothill EdwardsStadium Cory ClarkKerr LifeSciences DoeLibrary HearstMiningCircle MLK Wheeler VLSB Stanley LeConte MemorialStadium NorthGate McCone Pitzer Simon Morgan Stern Etcheverry Moses Jacobs Boalt Observatory GreekTheatre BarkerHall Giannini McLaughlin Blackwell Hildebrand Soda
45
Senior Senior
HaasPavilion HaasPavilion
Haste Haste
HearstFieldAnnex HearstFieldAnnex
Dwinelle Dwinelle
Bechtel Bechtel
Gilman Gilman
Hertz Hertz
SproulPlaza SproulPlaza
Cheit Cheit
Campbell Campbell
Koshland Koshland
Insectary Insectary
Bowles Bowles
KrutchTheater KrutchTheater
Foothill Foothill
EdwardsStadium EdwardsStadium
Cory Cory
ClarkKerr ClarkKerr
LifeSciences LifeSciences
DoeLibrary DoeLibrary
HearstMiningCircle HearstMiningCircle
MLK MLK
Wheeler Wheeler
VLSB VLSB
Stanley Stanley
LeConte LeConte
MemorialStadium MemorialStadium
NorthGate NorthGate
McCone McCone
Pitzer Pitzer
Simon Simon
Morgan Morgan
Stern Stern
Etcheverry Etcheverry
Moses Moses
Jacobs Jacobs
Boalt Boalt
Observatory Observatory
GreekTheatre GreekTheatre
BarkerHall BarkerHall
Giannini Giannini
McLaughlin McLaughlin
Blackwell Blackwell
Hildebrand Hildebrand
