2 41 85 9 60 35 188 163 158 112 4 161 109 131 63 26 11 23 34 181 45 102 117 164 138 13 8 87 175 126 114 107 43 71 6 118 80 43 107 114 126 180 174 99 165 140 149 171 179 171 18 14 22 76 51 176 192 0 186 136 186 38 83 73 58 1 50 42 103 172 137 30 15 57 94 134 67 182 189 184 130 55 139 62 90 95 82 178 155 196 121 7 121 199 97 183 91 27 98 36 152 162 173 59 5 125 31 10 194 93 101 150 127 12 81 25 37 86 128 198 147 115 104 44 56 52 145 193 53 157 2
85
2 2
85 85
60 142
35 35
188 188
158 158 110
112 92 112
4 4
161 161
131 131 156
63 63
26 26
23 23
34 34
181 181
164 164
138 138
13 13
8 8
175 48
6 6
118 118
80 80 54
114 114
126 126
174 174 28
99 113
165 165
149 3 149
179 179 133
171 171
14 14
76 76
51 51
192 192
0 0
136 119 136
38 38 46
73 73
58 58
1 187
50 50
42 42
103 116
172 61
30 30
15 15
94 94
67 67
182 182
189 189 122
130 130
55 55
139 139
62 96
90 90 177
95 95
82 82
178 178
196 196
7 7 79
121 121
97 97 106
27 27 141
98 98
36 36
173 173
59 59
125 125
194 194
93 93
12 12
25 25
86 86
128 128
198 100
147 32
115 115
44 44
56 56
52 52
145 145
193 193
53 53
157 49 157
