ffffff uu a dddd jjjj eeeee kkkkkkkk tttttt bbbbbb ggggggg qqqqqq aaa x o uuu nnn tt mmmm kkkk ppppp jjj cc eeeeee m qq cccccc pppp gggg ssss ooooo wwwww vvv llllllll llllll b uuuuuu vvvvv iiiiiii lllllll k vvvvvv pppppppp aa eeeeeee rr wwww xxxx s hhh iiiiiiii aaaaaa oooooooo lll hhhh xxxxxxx ccccccc rrrrrr e aaaaaaaa kkkkkk bbbbbbbb mmmmmmmm qqq yy sss yyyyyyy oooooo sssssss jjjjjj zzz ttttt ssssss mm eeee ffff tttt wwwwww ee hhhhhhh gggggggg q zzzzz dd cccc d bbbbbbb sssss ttttttt fffff nnnnnn rrrrr ggggg ffffffff xxxxx aaaa ii yyy ll uuuuuuu ffffff
99
ffffff ffffff
uuuuuuu uuuuuuu
ll ll
yyy xxx
ii ii
aaaa aaaa
xxxxx xxxxx
ffffffff ffffffff
ggggg ggggg
rrrrr rrrrr
nnnnnn nnnnnn
fffff fffff
ttttttt ttttttt
sssss sssss
bbbbbbb bbbbbbb
d d
cccc cccc
dd dd j
zzzzz zzzzz
q q
gggggggg gggggggg
hhhhhhh hhhhhhh
ee ee
wwwwww wwwwww
tttt tttt
ffff ffff
eeee eeee
mm mm
ssssss ssssss
ttttt ttttt
zzz zzz
jjjjjj jjjjjj
sssssss sssssss
oooooo oooooo
yyyyyyy yyyyyyy
sss sss
yy yy
qqq qqq
mmmmmmmm mmmmmmmm
bbbbbbbb bbbbbbbb
kkkkkk kkkkkk
aaaaaaaa aaaaaaaa
e e
rrrrrr rrrrrr
ccccccc ccccccc
xxxxxxx xxxxxxx
hhhh hhhh
lll lll
oooooooo oooooooo
aaaaaa aaaaaa
iiiiiiii iiiiiiii
hhh hhh
s s
xxxx xxxx
wwww wwww
rr rr
eeeeeee eeeeeee
aa aa
pppppppp pppppppp
vvvvvv vvvvvv
k k
lllllll lllllll
iiiiiii iiiiiii
vvvvv vvvvv
uuuuuu uuuuuu
b b
llllll llllll
llllllll llllllll
vvv vvv
wwwww wwwww
ooooo ooooo
ssss ssss
gggg gggg
pppp pppp
cccccc cccccc
qq qq
m m
eeeeee eeeeee
cc cc
jjj jjj
ppppp ppppp
kkkk kkkk
mmmm mmmm
tt tt
nnn nnn
uuu uuu
o o
x x
aaa aaa
qqqqqq qqqqqq
ggggggg ggggggg
bbbbbb bbbbbb
tttttt tttttt
kkkkkkkk kkkkkkkk
eeeee eeeee
jjjj jjjj
dddd dddd
a a
uu uu
