f xxx ss j uuuuu zzz llllllll sss bbbbbbbb dddddddd a eeee p vvvv aaa qqqqqq w c uu xxxxxx ttttt hhhh ff jjjj wwww pp aaaaa mmmmmmmm q ggggg hhh qqqqqqq rrrrrr jjjjjjj ffffffff v s vv wwwwwww nnnn iii ggg lllll ssss ssssss llllll z m qq f
49
f f
xxx xxx
ss ss
j j
uuuuu uuuuu
zzz zzz fffffff
llllllll llllllll
sss sss
bbbbbbbb bbbbbbbb
dddddddd dddddddd
a a
eeee eeee
p p
vvvv vvvv
aaa aaa
qqqqqq qqqqqq
w w
c c
uu uu
xxxxxx xxxxxx
ttttt ttttt
hhhh hhhh
ff ff
jjjj jjjj
wwww wwww
pp pp
aaaaa aaaaa
mmmmmmmm rrrrrrrr
q q
ggggg ggggg
hhh hhh
qqqqqqq qqqqqqq
rrrrrr rrrrrr
jjjjjjj jjjjjjj
ffffffff ffffffff
v v
s s
vv vv
wwwwwww wwwwwww
nnnn nnnn
iii iii
ggg ggg
lllll lllll
ssss ssss
ssssss ssssss
llllll llllll
z z
m m
qq qq
