199 82 196 190 25 113 1 108 13 101 50 178 93 47 46 72 46 176 189 96 174 40 174 146 142 49 163 53 134 70 19 27 2 71 158 139 99 85 104 45 102 97 31 193 92 43 81 16 145 130 120 32 84 122 183 62 94 55 3 55 83 38 79 177 41 157 115 167 78 119 156 74 156 86 65 76 65 8 98 34 67 103 177 7 29 39 5 44 60 20 61 57 11 114 59 21 88 77 105 133 91 15 143 63 22 162 14 66 30 138 89 149 172 197 151 10 24 199
82
1 1
2 2
5 5
7 7
8 8
10 10
11 11
13 13
14 14
15 15
16 16 48
19 19
20 20
21 73 21
22 22
24 24
25 25
27 27
29 29
30 30
31 31
32 32
34 34
38 38
39 90 39
40 40 33
41 41
43 43
44 44
45 80 45
46 46
47 36 47
49 0 49
50 50
53 53
55 55
57 57
59 59
60 60
61 61
62 62
63 68 63
65 65
66 66
67 67
70 70
71 71
72 72 6
74 58 74
76 42 76
77 51 77
78 78
79 79
81 81
82 82
83 83
84 84
85 85
86 86
88 88
89 89
91 91 12
92 92
93 56 93
94 94
96 96 9
97 97
98 98
99 99
102 64 52
103 35
119 4
142 26
145 37
149 87
163 17 75
176 54
177 23
189 95
190 69
197 28
3 18 3
