SusanneJohnBerrios DougHelenHornbeck SpencerCourtneyBroth DinahCatherineFaulkn MattieBarbaraEkstrom MonteMonicaLum JuanDebbieAllen ClaudiaDavidTaylor JuliaLindaGordon RubyLelandCollard DouglasRobertFerkovi AntonioGeraldBaker FernandoLindaWatson StephanieAaronWalker GarryDavidKingery MaryFrankieWomack DorothyDavidStromme JuliaMollieHernandez HarryNeilFranklin JorgeHeatherSamuels RalphClydeMills LaquitaJohnBrunette SusanneJohnBerrios
21
DougHelenHornbeck DougHelenHornbeck
SpencerCourtneyBroth SpencerCourtneyBroth
DinahCatherineFaulkn DinahCatherineFaulkn
MattieBarbaraEkstrom MattieBarbaraEkstrom
MonteMonicaLum MonteMonicaLum
JuanDebbieAllen JuanDebbieAllen
ClaudiaDavidTaylor ClaudiaDavidTaylor
JuliaLindaGordon JuliaLindaGordon
RubyLelandCollard RubyLelandCollard
DouglasRobertFerkovi DouglasRobertFerkovi
AntonioGeraldBaker AntonioGeraldBaker
FernandoLindaWatson FernandoLindaWatson
StephanieAaronWalker StephanieAaronWalker
GarryDavidKingery GarryDavidKingery
MaryFrankieWomack MaryFrankieWomack
DorothyDavidStromme DorothyDavidStromme
JuliaMollieHernandez JuliaMollieHernandez
HarryNeilFranklin HarryNeilFranklin
JorgeHeatherSamuels JorgeHeatherSamuels
RalphClydeMills RalphClydeMills
LaquitaJohnBrunette LaquitaJohnBrunette
