AlbertFredHaines MarkDianeDuchon JamesJordanZamora JannaDavidCarranza PerryJamesBennett MichaelMarkHolloway GaryCharlesHudson HeidiMayJohnson RolandGregoryWatson EdwardErnestSinger KellyJohnnaOles EdwardDennisStewart GeorgeHenryVillar RosaPatrickYankey GlennaMichaelBorden ThomasEssieEwing LillianJuanAncona DenaJewellDavis BradleyDeborahSaball EricTammyScott TommyAmandaMartin MarkAngelaMccloud KathleenSherryDay KevinCharlesEvans KevinThomasHiggins JoStephenMay KathleenJoseClark JeremyJamesChavez CherylMaryMorgan PeterJosephBarbee JudyPearlineKaminski JudeJanetHarcourt LynnKennethChavez WadeSonnyMcbride MarthaJackRobinson StephenWilliamCoffma CraigJohnLard LawrenceBarryHadden JosephAmandaMullen JoannCharlieWilkinso IsaacGregGargano SandraHarryStewart MistyRobertKing DianeElisePickett CynthiaConnieWright GeorgeWilliamJackson ManuelaJoseBailey ElmerDemetriusLark EricJamesJuckett BernicePennyRiddick RickyJamesBrumfield BrettDominickSonnier DeniseBrunoWilliam DwainJoeFeldman RobinStephenWebster DorisJeffreyBinger HowardKennethCollins StevenNeilNguyen AnnDeannaLarzazs StormyOllieYork FerdinandLukeJackson MaryJamesDavila MarciaWalterKirschma DeeAmandaBartley ClaudeBobbyBaker EricTinaPerea MichaelElizabethWeav DebraJaneFitzgerald WilliamDavidGray CassandraJaniceGlove JohnBrendaFuller JackieSharonScherrer TravisMichelleMeller ZacharyWarrenKarth JimmyFlorTasson JessicaChristopherHa RonaldEdnaArant JohnRichardSmith AlbertFredHaines
78
AlbertFredHaines AlbertFredHaines
MarkDianeDuchon MarkDianeDuchon
JamesJordanZamora JamesJordanZamora
JannaDavidCarranza JannaDavidCarranza
PerryJamesBennett PerryJamesBennett
MichaelMarkHolloway MichaelMarkHolloway
GaryCharlesHudson GaryCharlesHudson
HeidiMayJohnson HeidiMayJohnson
RolandGregoryWatson RolandGregoryWatson
EdwardErnestSinger EdwardErnestSinger
KellyJohnnaOles KellyJohnnaOles
EdwardDennisStewart EdwardDennisStewart
GeorgeHenryVillar GeorgeHenryVillar
RosaPatrickYankey RosaPatrickYankey
GlennaMichaelBorden GlennaMichaelBorden
ThomasEssieEwing ThomasEssieEwing
LillianJuanAncona LillianJuanAncona
DenaJewellDavis DenaJewellDavis
BradleyDeborahSaball BradleyDeborahSaball
EricTammyScott EricTammyScott
TommyAmandaMartin TommyAmandaMartin
MarkAngelaMccloud MarkAngelaMccloud
KathleenSherryDay KathleenSherryDay
KevinCharlesEvans KevinCharlesEvans
KevinThomasHiggins KevinThomasHiggins
JoStephenMay JoStephenMay
KathleenJoseClark KathleenJoseClark
JeremyJamesChavez JeremyJamesChavez
CherylMaryMorgan CherylMaryMorgan
PeterJosephBarbee PeterJosephBarbee
JudyPearlineKaminski JudyPearlineKaminski
JudeJanetHarcourt JudeJanetHarcourt
LynnKennethChavez LynnKennethChavez
WadeSonnyMcbride WadeSonnyMcbride
MarthaJackRobinson MarthaJackRobinson
StephenWilliamCoffma StephenWilliamCoffma
CraigJohnLard CraigJohnLard
LawrenceBarryHadden LawrenceBarryHadden
JosephAmandaMullen JosephAmandaMullen
JoannCharlieWilkinso JoannCharlieWilkinso
IsaacGregGargano IsaacGregGargano
SandraHarryStewart SandraHarryStewart
MistyRobertKing MistyRobertKing
DianeElisePickett DianeElisePickett
CynthiaConnieWright CynthiaConnieWright
GeorgeWilliamJackson GeorgeWilliamJackson
ManuelaJoseBailey ManuelaJoseBailey
ElmerDemetriusLark ElmerDemetriusLark
EricJamesJuckett EricJamesJuckett
BernicePennyRiddick BernicePennyRiddick
RickyJamesBrumfield RickyJamesBrumfield
BrettDominickSonnier BrettDominickSonnier
DeniseBrunoWilliam DeniseBrunoWilliam
DwainJoeFeldman DwainJoeFeldman
RobinStephenWebster RobinStephenWebster
DorisJeffreyBinger DorisJeffreyBinger
HowardKennethCollins HowardKennethCollins
StevenNeilNguyen StevenNeilNguyen
AnnDeannaLarzazs AnnDeannaLarzazs
StormyOllieYork StormyOllieYork
FerdinandLukeJackson FerdinandLukeJackson
MaryJamesDavila MaryJamesDavila
MarciaWalterKirschma MarciaWalterKirschma
DeeAmandaBartley DeeAmandaBartley
ClaudeBobbyBaker ClaudeBobbyBaker
EricTinaPerea EricTinaPerea
MichaelElizabethWeav MichaelElizabethWeav
DebraJaneFitzgerald DebraJaneFitzgerald
WilliamDavidGray WilliamDavidGray
CassandraJaniceGlove CassandraJaniceGlove
JohnBrendaFuller JohnBrendaFuller
JackieSharonScherrer JackieSharonScherrer
TravisMichelleMeller TravisMichelleMeller
ZacharyWarrenKarth ZacharyWarrenKarth
JimmyFlorTasson JimmyFlorTasson
JessicaChristopherHa JessicaChristopherHa
RonaldEdnaArant RonaldEdnaArant
JohnRichardSmith JohnRichardSmith
