SueJosephGarza OllieGeorgeSova ElsieJosephPhelps MelindaKennethAzar NathanKevinCorathers AshleyWilliamClarke IraJimmyYang WilliamGeorgeWilliam CrystalShermanVida ChristinaDanaGrant AnnaKyleChang BrianLuzArce DonaldDoloresKelly AlfredaKirstenMartin JamesJaredGonzalez LucyBennyHaag WilburnDavidMiller LuisHelenHughes KarenErmaJensen KevinHaroldCyr KennethShannonGardel PaulShaneSoldner MariaChristopherCast PaulEvanRichard DarnellAliciaPeters JessicaJohnSpells FranciscoFrancesHarr JohnJoseJudd PamelaPageBullock JohnDustinKenny LauraPhilipWinkler BrianRolandAli ThomasAnnieRuiz PatriciaBernardBrock MarianLuluDiaz LeroySandraLewis MaryLindaKirkland PhyllisJackWilson LillieKathleenCervan SueCourtneyOsgood SueJosephGarza
39
OllieGeorgeSova OllieGeorgeSova
ElsieJosephPhelps ElsieJosephPhelps
MelindaKennethAzar MelindaKennethAzar
NathanKevinCorathers NathanKevinCorathers
AshleyWilliamClarke AshleyWilliamClarke
IraJimmyYang IraJimmyYang
WilliamGeorgeWilliam WilliamGeorgeWilliam
CrystalShermanVida CrystalShermanVida
ChristinaDanaGrant ChristinaDanaGrant
AnnaKyleChang AnnaKyleChang
BrianLuzArce BrianLuzArce
DonaldDoloresKelly DonaldDoloresKelly
AlfredaKirstenMartin AlfredaKirstenMartin
JamesJaredGonzalez JamesJaredGonzalez
LucyBennyHaag LucyBennyHaag
WilburnDavidMiller WilburnDavidMiller
LuisHelenHughes LuisHelenHughes
KarenErmaJensen KarenErmaJensen
KevinHaroldCyr KevinHaroldCyr
KennethShannonGardel KennethShannonGardel
PaulShaneSoldner PaulShaneSoldner
MariaChristopherCast MariaChristopherCast
PaulEvanRichard PaulEvanRichard
DarnellAliciaPeters DarnellAliciaPeters
JessicaJohnSpells JessicaJohnSpells
FranciscoFrancesHarr FranciscoFrancesHarr
JohnJoseJudd JohnJoseJudd
PamelaPageBullock PamelaPageBullock
JohnDustinKenny JohnDustinKenny
LauraPhilipWinkler LauraPhilipWinkler
BrianRolandAli BrianRolandAli
ThomasAnnieRuiz ThomasAnnieRuiz
PatriciaBernardBrock PatriciaBernardBrock
MarianLuluDiaz MarianLuluDiaz
LeroySandraLewis LeroySandraLewis
MaryLindaKirkland MaryLindaKirkland
PhyllisJackWilson PhyllisJackWilson
LillieKathleenCervan LillieKathleenCervan
SueCourtneyOsgood SueCourtneyOsgood
