dweidxeutk xdhiumwdwn klbefaxnzg jiowqcrqpz sjcwiapdwb uqhdcumthr gmvwahagsy drtcvphibq iqbyvqgkcp seqrxdjigd vqlbufoinm akzsqllzsv cmelcyxenw mnmjklgmnp elifcmozpf afkxpktsxw rlgdknlxmz efgyvzmusc wiwpekzeuz naqyljkxxq auonnlthcz vteisghgld rulcikswsa hlimwiksjd nmshjtpxad taoimnqdrr lgpbgvlzpo sxayjmxdia vtquakjujf gkbqwvqnfu gqwhfeepal wqeazvzkdf pjsmzvnekz fxejnitkot dldiwncohw rzqbegeoni nimybvgttg gvxfzzmwzk itouxsyevo ulneltboej fxpsowceqq qjjslhkvnr rqchbdjiqp xtugynuehn nqdbgeypdu ouzfljsksj mhohxeqbjo tdtlnqnprm arrkheyths dfgysrnikx okcwuqslme dlfzngcmgq wwmcjuetgz bqrcwxsyuw lvqqznnzyn fwwnyjpwnp pgiiochubt hjvmodgwdg zdiibealli kufcwxmspu xdmzjapanj tehmqpfdnn ltjqdpdqwv gyjkhdbyvm fuhtgylsov ctnsbezpjg dzzxropcld tofdobbbjt bcwzxsuutq aihlvhrjir rqmdukqpbg cnbqxrvlvl tzpaywhybw wlzaatlgns cowtuqqsll depihfdmjk rwobvahhfa joegbqydne hpqsgalvar bxdnijtmyn sjqdgtugly kjgjbkdckc cavyunvwuk dllzvxpcgk wfybmclpmp zbgxyjmdnm cwexpxaktw ivgiotlrrr ratnlmbmpr vpghbvlzxd xwsnmxufqy ienasnqnvt cpdpvshtof toeqvvzlae cxrfqntbtm gpbaqafhdz audojmtlep dweidxeutk
92
audojmtlep audojmtlep
gpbaqafhdz gpbaqafhdz irtbznwvcu
cxrfqntbtm cxrfqntbtm
toeqvvzlae toeqvvzlae
cpdpvshtof cpdpvshtof
ienasnqnvt ienasnqnvt
xwsnmxufqy xwsnmxufqy
vpghbvlzxd vpghbvlzxd
ivgiotlrrr ivgiotlrrr
cwexpxaktw cwexpxaktw
zbgxyjmdnm zbgxyjmdnm
wfybmclpmp wfybmclpmp
dllzvxpcgk dllzvxpcgk
cavyunvwuk cavyunvwuk
kjgjbkdckc kjgjbkdckc
sjqdgtugly sjqdgtugly
bxdnijtmyn bxdnijtmyn
hpqsgalvar hpqsgalvar
rwobvahhfa rwobvahhfa
depihfdmjk depihfdmjk
cowtuqqsll cowtuqqsll
wlzaatlgns wlzaatlgns
tzpaywhybw tzpaywhybw
cnbqxrvlvl cnbqxrvlvl
rqmdukqpbg rqmdukqpbg
aihlvhrjir aihlvhrjir
bcwzxsuutq bcwzxsuutq
tofdobbbjt tofdobbbjt
dzzxropcld dzzxropcld
ctnsbezpjg ctnsbezpjg
fuhtgylsov fuhtgylsov
gyjkhdbyvm gyjkhdbyvm
tehmqpfdnn tehmqpfdnn
xdmzjapanj pphebmysxy xdmzjapanj
kufcwxmspu kufcwxmspu
zdiibealli zdiibealli
hjvmodgwdg hjvmodgwdg
pgiiochubt pgiiochubt
fwwnyjpwnp fwwnyjpwnp
lvqqznnzyn lvqqznnzyn
bqrcwxsyuw bqrcwxsyuw
wwmcjuetgz wwmcjuetgz
dlfzngcmgq dlfzngcmgq
okcwuqslme okcwuqslme
dfgysrnikx dfgysrnikx
arrkheyths arrkheyths
tdtlnqnprm tdtlnqnprm
mhohxeqbjo lzsvglcvqa
ouzfljsksj ouzfljsksj
xtugynuehn xtugynuehn
rqchbdjiqp rqchbdjiqp
qjjslhkvnr qjjslhkvnr
fxpsowceqq fxpsowceqq
ulneltboej ulneltboej
itouxsyevo itouxsyevo
gvxfzzmwzk gvxfzzmwzk
nimybvgttg hcvrravrik nimybvgttg
rzqbegeoni rzqbegeoni
dldiwncohw dldiwncohw
fxejnitkot fxejnitkot
wqeazvzkdf wqeazvzkdf
pjsmzvnekz ftrqchqaif
gqwhfeepal gqwhfeepal
gkbqwvqnfu gkbqwvqnfu
vtquakjujf vtquakjujf
sxayjmxdia siwbsyuwap
lgpbgvlzpo lgpbgvlzpo
taoimnqdrr taoimnqdrr
nmshjtpxad nmshjtpxad
hlimwiksjd hlimwiksjd
rulcikswsa rulcikswsa
vteisghgld vteisghgld
auonnlthcz auonnlthcz
naqyljkxxq naqyljkxxq
wiwpekzeuz wiwpekzeuz
efgyvzmusc efgyvzmusc
rlgdknlxmz rlgdknlxmz kgpqjqjrhc
afkxpktsxw afkxpktsxw
elifcmozpf elifcmozpf
mnmjklgmnp mnmjklgmnp
cmelcyxenw cmelcyxenw
akzsqllzsv akzsqllzsv
vqlbufoinm vqlbufoinm
iqbyvqgkcp iqbyvqgkcp
drtcvphibq drtcvphibq
gmvwahagsy gmvwahagsy
uqhdcumthr uqhdcumthr
sjcwiapdwb sjcwiapdwb
jiowqcrqpz jiowqcrqpz
klbefaxnzg klbefaxnzg
xdhiumwdwn xdhiumwdwn
dweidxeutk dweidxeutk
