qgyqjgwlbh fnlmocuczk hyficezvgi smlsmfgyxa hqvifzhbmo lpopityrof kmwsevkfov gdtsmzpvig zjnjltvixw cynraykzum sngqmldfxu tdqzbpmftq bnfhxmjqzg feggaeevcb somaaudaxm hrbvyznkmd dzokhkbjld atkqvymdax rzgfaqookt aruweadnpf yfvfzingng hpbkyqcejb kgewtltijq djtmyhmwnn wmeeitskjx sqlbmrxpwv bzcpozsody uyirsvqblu lgwqodunqt ntlhpzyidk sgizgtdhhn culutarzsm sthbsdqlwm xpcqolcpnf ysndikwwgh tjcamfqmxd tvrzrioagg fdbzjhgcmh cddppqxsmb qlieaqyzel gqulqjeire czgfnbovhq stxmhuffri wegckoctcp ajjekwybql hnnlwliezo fwzkdpfinn npffaineub iznialmand bvwklxlwsa qgyqjgwlbh
48
bzcpozsody bzcpozsody
atkqvymdax atkqvymdax
aruweadnpf aruweadnpf
smlsmfgyxa smlsmfgyxa
fwzkdpfinn fwzkdpfinn
feggaeevcb feggaeevcb
hpbkyqcejb hpbkyqcejb
tjcamfqmxd tjcamfqmxd
djtmyhmwnn djtmyhmwnn
rzgfaqookt rzgfaqookt
somaaudaxm somaaudaxm
fdbzjhgcmh fdbzjhgcmh
sthbsdqlwm sthbsdqlwm
xpcqolcpnf xpcqolcpnf
wmeeitskjx wmeeitskjx
sgizgtdhhn sgizgtdhhn
kgewtltijq kgewtltijq
czgfnbovhq czgfnbovhq
dzokhkbjld vvurcgizpo
wegckoctcp wegckoctcp
hrbvyznkmd hrbvyznkmd
cddppqxsmb cddppqxsmb
ysndikwwgh ysndikwwgh
fnlmocuczk fnlmocuczk
hyficezvgi hyficezvgi
ntlhpzyidk ntlhpzyidk
lgwqodunqt lgwqodunqt
hnnlwliezo hnnlwliezo
qlieaqyzel qlieaqyzel
yfvfzingng yfvfzingng
kmwsevkfov kmwsevkfov
sngqmldfxu sngqmldfxu
culutarzsm culutarzsm
gqulqjeire gqulqjeire
uyirsvqblu uyirsvqblu
ajjekwybql ajjekwybql
stxmhuffri stxmhuffri
gdtsmzpvig gdtsmzpvig
lpopityrof lpopityrof
sqlbmrxpwv sqlbmrxpwv
bvwklxlwsa bvwklxlwsa
tvrzrioagg tvrzrioagg
hqvifzhbmo hqvifzhbmo
npffaineub npffaineub
tdqzbpmftq tdqzbpmftq
iznialmand iznialmand
bnfhxmjqzg bnfhxmjqzg
cynraykzum cynraykzum
