Egsmith Barnton Wywick Wychbeck Staplake Penborne Shaftbridge Watchavon Alfchester Wenside Burbourne Leathermere Sudtree Wenwold Stainby Brackbrough Wenbeck Watchcombe Pemlow Bromton Flitgrove Chelmbeck Cookford Farnsmith Wychsmith Chelmwang Hurstlow Edgey Shaftbage Egavon Wychbourne Wychnell Egtree Stainbrough Nortley Wetwick Sudwich Ashbourne Barnton Egsmith
33
Barnton Barnton
Wywick Wywick
Wychbeck Wychbeck
Staplake Staplake
Penborne Penborne
Shaftbridge Shaftbridge
Alfchester Alfchester
Wenside Wenside
Burbourne Burbourne
Leathermere Leathermere
Sudtree Sudtree
Wenwold Wenwold
Stainby Stainby
Brackbrough Brackbrough
Wenbeck Wenbeck
Pemlow Pemlow
Flitgrove Flitgrove
Chelmbeck Chelmbeck
Cookford Cookford
Farnsmith Farnsmith
Wychsmith Wychsmith
Chelmwang Chelmwang
Edgey Edgey
Shaftbage Shaftbage Ashdown
Egavon Egavon
Wychbourne Wychbourne
Wychnell Wychnell
Egtree Egtree Chelmden
Stainbrough Stainbrough
Nortley Nortley
Wetwick Wetwick
Ashbourne Ashbourne Stapbeck
Egsmith Waltditch
