Chelmbourne Edgwich Staintree Elgrove Staflow Cleredon Wyhead Sodside Brainbridge Prestey Sudwich Enlow Maidenden Hartbage Bracklow Leatherlow Alfby Stapwell Stafthorne Waltbrook Hurstworth Rocktree Whitborough Rocktree Wenden Stainfield Elside Whitavon Nortcastle Egcastle Melborne Sudworth Wenwang Edgchester Horncester Cookton Egborne Barngrove Hornley Durditch Shrivlow Flitham Enbage Stainside Whitover Stainhall Southmere Shrivside Edglow Dartsted Clerethorne Stapthorne Stapmoor Barnham Alfcastle Egborne Aldhall Alfwell Casford Wetborne Chelmbourne
51
Edgwich Edgwich
Staintree Staintree
Elgrove Elgrove Wenborough
Staflow Staflow Bursted
Cleredon Cleredon
Wyhead Wyhead
Sodside Sodside
Brainbridge Brainbridge
Prestey Prestey
Sudwich Sudwich
Enlow Enlow
Hartbage Hartbage
Bracklow Pemwood Bracklow
Leatherlow Leatherlow
Alfby Leatherlake Alfby
Stapwell Stapwell
Waltbrook Waltbrook
Hurstworth Hurstworth
Whitborough Horndown Whitborough
Rocktree Rocktree Cookbridge
Wenden Wenden
Elside Elside
Whitavon Whitavon
Egcastle Egcastle
Melborne Pemwold
Sudworth Sudworth
Wenwang Wenwang
Edgchester Edgchester
Horncester Horncester
Cookton Cookton
Egborne Egborne
Barngrove Prestdon
Hornley Hornley
Durditch Durditch
Shrivlow Shrivlow
Flitham Flitham Kingsley
Enbage Enbage
Stainside Stainside
Whitover Whitover
Stainhall Stainhall
Southmere Southmere
Shrivside Shrivside
Dartsted Dartsted
Clerethorne Barnside
Stapthorne Stapthorne
Stapmoor Stapmoor
Barnham Barnham
Aldhall Aldhall
Alfwell Marlton Alfwell
Casford Casford
Chelmbourne Shaftwich
