qtq xdz ahy thd jno uca qnn tvy hxo ukh lah mnv qbj dkn unk pxs rut yiz ili bsz iuz nfy art ooc brk hxp fne nhr viv tro wpo htv jta rod txk thz pwa udq tmc cer rxi hhe lbs zbn vaf ase mmf qls qlo cpw lfh spp qyi bwq qjm gak egz cjp zqn fib cxu qoe nkx pkx orc nhk unf vlt ptq ynq nxr ooi xax fgo qfc kza krg ahv rwt wuf vsu wpq xmz cnv zgf npu wuc uxr pxi uwp rju blo sfp fsl ifc pjx pta oto qtq
88
qtq qtq
xdz xdz
ahy ahy
thd thd
jno jno
uca uca
qnn qnn
hxo hxo
ukh ukh
lah xos lah
mnv mnv
qbj qbj
dkn dkn
pxs pxs
rut rut
yiz yiz
ili ili
bsz bsz
iuz iuz
nfy tnl nfy
art idl
ooc ooc
brk brk
hxp hxp
fne wiq
nhr slq nhr
viv viv
tro tro tmd
wpo mbx
htv htv eqm
jta jta
rod rod
txk txk
thz thz
pwa pwa
udq udq
tmc tmc
rxi rxi
hhe hhe
lbs itg
zbn zbn
vaf vaf
ase ase
qls qls
qlo qlo
cpw cpw
lfh lfh
spp spp
bwq lnv
qjm qjm
gak gak
egz lxt vub egz bai
cjp cjp
zqn zqn
fib gup
cxu cxu
nkx nkx
pkx pkx
orc hpb orc
nhk nhk
vlt vlt
ptq ptq
ynq ynq
ooi ooi
xax xax
fgo fgo
qfc qbe qfc
kza kza
krg uoz krg
ahv ahv
rwt rwt
wuf wuf
vsu vsu
wpq wpq
cnv cnv
zgf zgf
npu npu
wuc wuc
uxr uxr
uwp uwp
rju rju
blo zgs
sfp sfp
fsl fsl
ifc ifc plx
pjx pjx
pta pta
oto wju
