Soda Poppy Arch Anne Hospital Bristol Keeler Pardee Yolo Martin Haskell Bowditch Bataan Haste Cowper Greenwood Marin High Columbia Byron Addison Shasta Acacia Domingo Eunice Lewiston Eunice Solano Allston Heinz Ajax Forest Terrace Mabel Summit Haviland Belrose Menlo Colusa Fulton Florida Muir Cutter Bancroft Poplar Spring Comstock Bret Kenilworth Browning Soda
44
Poppy Poppy
Arch Arch
Anne Anne
Hospital Hospital
Bristol Bristol
Keeler Keeler
Pardee Pardee
Martin Martin
Haskell Haskell
Bowditch Bowditch Fresno
Bataan Bataan
Haste Haste
Greenwood Greenwood
Marin Marin Madera
High High
Columbia Columbia
Byron Byron
Addison Addison
Shasta Shasta
Domingo Domingo
Lewiston Edith Lewiston
Eunice Eunice
Allston Allston
Heinz Heinz
Ajax Ajax
Forest Forest
Terrace Terrace
Mabel Mabel Overlook
Summit Summit
Haviland Haviland
Belrose Belrose
Menlo Burnett Menlo
Colusa Colusa
Fulton Fulton
Florida Florida
Muir Muir
Cutter Cutter
Bancroft Bancroft
Poplar Poplar
Spring Spring
Comstock Comstock
Bret Vermont Bret
Kenilworth Kenilworth
Browning Browning
