FD CU FU AC BV CK DU FG CA BN AZ GA CL DZ BC GQ FP EL GM EW BQ FR GZ CT FB GR ED EO FX HR AK BZ AD DK HN BM AJ DB HP CI GF CW FM HF GC AT EQ AV EM ES GD CS GX CE DQ BK AM FQ EX DS EK FO HM FY EZ FJ HC DV EG DA ER DN CF EN CB CC GN BO DP GK EE HH CM CG AG DE AW HD HB GO DF GP DI BG AU FD
89
AD EY AD
AG AG
AJ AJ
AK AK
AM AM
AT AT
AU AU AF
AV AV
AW AW
AZ AZ
BC BC
BG BG
BK BK
BM BM
BN BN
BO BO
BQ BQ
BV BV
BZ BZ
CA CA
CB CB
CC CC
CE AX
CF CF
CG CG
CI CI
CK CK
CL CL
CM BT
CS CS
CT CT
CU CU
CW CW
DA DA
DB DB
DE DE
DF DF
DI DI
DK DK
DN DN
DP DP
DQ DQ
DU DU
DV BF
DZ DZ
ED DH
EE EE
EG EG
EK CO EK
EL EL
EM EM FI HO GS
EN EN FV
EO EO
ER ER
ES ES
EW EW
EX EX
EZ EZ
FG DM
FJ FJ
FM FM
FO FO
FP DC EJ FP BE
FQ FS
FR FR
FU FU
FY FY
GA GA
GC GC
GD GD
GF GF
GK GK
GM ET
GN GN BA
GO GO
GP GP
GQ GQ
GR GR
GX GX
GZ GZ
HB HB
HC HC
HD HD
HF HF
HH HH
HM FN
HN FT
HP HP
HR HR
