186 45 188 190 14 30 70 89 168 162 121 19 74 174 17 49 156 150 183 2 196 5 90 79 11 172 136 177 22 71 32 195 194 104 35 108 97 138 128 29 61 157 198 178 144 107 67 143 140 134 86 33 186
51
45 45
188 188
190 190
14 14
30 30
70 70
89 89
168 168
162 162
121 121
19 19
74 74
174 174
17 17
49 49
156 156
150 150
183 183
2 2
196 196
5 5
90 90
79 79
11 11
172 172
136 136
177 177
22 22
71 71
32 32
195 195
194 194
104 104
35 35
108 108
97 97
138 138
128 128
29 29
61 61
157 157
198 198
178 178
144 144
107 107
67 67
143 143
140 140
134 134
86 86
33 33
