Whitgrove Sodberling Bothenton Basditch Hampingcastle Fullensborne Sundlethorne Abgleham Siavon Horsnell Marlcester Nortwell Todhampton Bootwick Wycastle Boothingchester Ellerbridge Suddingover Chedworth Sundendford Southmere Egsted Pemnell Rothingcombe Milthorne Whitringlake Falworth Botshot Hurstdown Shaftwick Egmerhampton Suddenmoor Tippenbrook Marlbeck Enderbeck Sifield Abcester Botbeck Clereennell Bromstanham Ribbenhall Boothingmanstree Faldenhall Wethampton Tipstoke Burlake Eley Reddingtree Stapbrough Penby Ciringnell Elside Waltbeck Cannerthorne Sirenshall Hampingbascombe Wetwick Stapbrook Southbury Emmerley Bastlebury Rothendcombe Wychditch Abglewold Farnditch Ribberrenston Shaftborough Hannersmith Tippendham Stainbrough Worford Falderseythorne Durbrook Sodport Skelberden Hamscombe Alfmere Leatherport Cireport Egbeck Skellenshot Wychcompwold Dribberham Bothenhall Worrenberwang Ketnell Staplow Ketchester Watchlake Tippingbage Dartden Cirerham Reddensden Melwood Endleshall Candleswick Skellingover Warsmith Horstleover Toddenmerbrough Casbrook Redcombe Siey Wychchester Prestwick Reddendeney Worhall Hampingworth Bursmith Dribblecombe Whitgrove
93
Sodberling Sodberling
Bothenton Bothenton
Basditch Basditch
Hampingcastle Hampingcastle
Fullensborne Blansbrook
Sundlethorne Sundlethorne
Abgleham Abgleham
Siavon Siavon
Horsnell Horsnell
Marlcester Marlcester
Nortwell Nortwell
Todhampton Todhampton
Bootwick Bootwick
Wycastle Wycastle
Ellerbridge Ellerbridge
Suddingover Suddingover
Chedworth Chedworth
Sundendford Sundendford
Southmere Southmere
Egsted Egsted
Rothingcombe Rothingcombe
Milthorne Milthorne
Whitringlake Whitringlake
Falworth Falworth
Egmerhampton Egmerhampton
Suddenmoor Staincombe Suddenmoor
Tippenbrook Tippenbrook
Enderbeck Enderbeck
Sifield Sifield
Abcester Abcester
Botbeck Botbeck
Clereennell Clereennell
Bromstanham Bromstanham
Boothingmanstree Boothingmanstree
Faldenhall Faldenhall
Wethampton Wethampton
Tipstoke Tipstoke
Burlake Endleberey
Eley Eley
Stapbrough Stapbrough
Penby Penby
Elside Elside Wetsmith
Waltbeck Waltbeck
Cannerthorne Cannerthorne
Sirenshall Sirenshall
Hampingbascombe Hampingbascombe
Wetwick Wetwick
Southbury Southbury
Emmerley Emmerley
Bastlebury Hamwold Bastlebury
Rothendcombe Rothendcombe
Abglewold Abglewold
Farnditch Farnditch
Ribberrenston Ribberrenston
Shaftborough Shaftborough
Tippendham Tippendham
Stainbrough Wendleringdown
Worford Rotherlow Worford
Falderseythorne Falderseythorne
Durbrook Durbrook
Sodport Sodport
Skelberden Skelberden
Alfmere Alfmere
Leatherport Leatherport
Skellenshot Skellenshot Cihead
Wychcompwold Wychcompwold
Dribberham Dribberham
Bothenhall Bothenhall
Worrenberwang Worrenberwang
Ketnell Ketnell Toddenmoor
Staplow Staplow
Ketchester Ketchester
Watchlake Farndlesover Watchlake
Tippingbage Tippingbage
Dartden Dartden
Cirerham Wolley
Melwood Melwood
Candleswick Candleswick
Skellingover Skellingover
Warsmith Marlbrook
Horstleover Horstleover
Toddenmerbrough Endingnell
Casbrook Casbrook
Redcombe Redcombe
Siey Siey
Wychchester Wychchester
Prestwick Prestwick
Reddendeney Reddendeney
Worhall Worhall
Hampingworth Hampingworth
Bursmith Bursmith
Dribblecombe Dribblecombe
Whitgrove Whitgrove
