Warfield Chilbury Brackcompwang Chelmstanwell Hammerringey Skelling Elmansham Sudsmith Burglebrough Chedtree Siringwang Whitchester Ketsmith Pendingbrook Chiphead Elcompbridge Southbasport Fulbourne Stainbrough Worberbrook Bothingney Horstlescompstoke Pendlewood Falport Soddlewick Hamsling Hannenmanswick Ashborne Tipwick Cannerthorne Todtree Cicombe Hammenshead Bastleseyham Dribbingworth Worhall Barndberbrough Skellingden Dribblewick Windling Millendon Ashfield Ketport Suddleborne Cammerrensmoor Wyborne Cambingstoke Suddlecombe Basringney Warfield
43
Warfield Warfield
Chilbury Chilbury
Brackcompwang Brackcompwang
Chelmstanwell Chelmstanwell
Hammerringey Hammerringey
Skelling Skelling
Elmansham Elmansham
Sudsmith Sudsmith
Burglebrough Burglebrough
Chedtree Suddleover Chedtree
Siringwang Siringwang
Whitchester Whitchester
Pendingbrook Suddlecastle Pendingbrook
Chiphead Chiphead
Southbasport Southbasport
Stainbrough Stainbrough Northall
Worberbrook Worberbrook
Horstlescompstoke Horstlescompstoke
Pendlewood Pendlewood
Falport Botherseyworth Falport
Soddlewick Soddlewick
Hamsling Hamsling
Hannenmanswick Hannenmanswick
Ashborne Ashborne
Tipwick Tipwick
Cannerthorne Chedderrenswich
Todtree Todtree
Cicombe Cicombe
Bastleseyham Bastleseyham
Dribbingworth Dribbingworth Leatherbleside
Worhall Worhall
Barndberbrough Barndberbrough
Skellingden Skellingden
Windling Windling
Millendon Millendon
Ashfield Ashfield
Ketport Ketport
Suddleborne Suddleborne
Cammerrensmoor Cammerrensmoor
Wyborne Wyborne
Cambingstoke Cambingstoke
Suddlecombe Suddlecombe Ellingreham Chippingsted
Basringney Basringney
