0 15 31 47 63 48 33 18 19 4 5 20 5 6 7 8 23 38 53 68 53 54 40 25 10 11 12 28 43 58 73 57 41 56 71 72 74 59 89 104 103 87 86 85 100 85 84 83 82 66 51 36 50 65 80 95 80 79 94 93 108 123 124 109 94 79 78 77 76 75 91 107 122 106 90 75 60 45 30 15 0
47
0 0
31 31 46
47 47
63 63
18 3 18
19 34
5 5
20 20 35
7 7
8 8
23 23
68 52 68
40 40
25 25
10 10
12 13
28 28
73 73
57 57
41 55 41
56 56
71 71
104 119
103 103
87 88
85 70 85
100 115 100 116
84 98
83 83
51 51
36 36
50 50
95 111 95 110
80 80
93 93
108 108
124 124
109 109
78 78
76 76
75 75
122 122
106 106 120 121
90 90 105
45 45
30 30
15 15
