0 170 1 129 194 163 175 17 118 64 58 82 151 39 8 26 179 196 86 199 186 193 178 180 135 81 121 20 152 141 4 14 83 60 104 97 36 73 184 128 134 191 127 109 25 156 168 125 133 100 10 12 130 87 159 42 84 173 89 108 92 182 77 50 157 70 155 28 103 145 160 85 19 91 63 74 126 111 51 79 164 35 9 167 117 119 29 95 96 67 44 110 153 6 116 120 54 185 18 0
88
0 49
1 139
4 4
6 6
8 166
9 9
10 10
12 12
14 14
17 17
18 18
19 19
20 20
25 25
26 176 26
28 28
35 138
36 36
39 39
42 42
44 44
50 50
51 51
54 98
58 58
63 63
64 64
67 67 47
70 70
74 74
77 77
79 79
81 81 78
83 83
84 65
85 99 85
86 106
87 87
89 89
91 91
95 95
96 96
100 100
103 103
104 104
108 108 102
109 109
111 149 111
116 32 75 116
117 117
118 48 22 31
119 119
120 120
121 121
125 125
126 126
128 128
129 146
130 130
133 133
134 134
135 69
145 145
151 151
153 38
155 155
156 156
157 157
159 159
160 160
163 163
164 24
168 168
170 170
173 173
175 175
178 178
179 179
180 180
182 182
184 184
185 185 27
186 186 197
191 137
193 193
194 194
196 196
199 199
