SantaClarita Carrollton Lubbock SanDiego LexingtonFa Frisco PembrokePines Austin Indianapolis Stockton Pomona Allentown Peoria Wichita Omaha Ontario Boston Hartford Torrance Portland Visalia Sunnyvale Surprise WestValleyCity Washington RanchoCucamonga Brownsville Orlando LosAngeles OklahomaCity StPetersburg Newark Alexandria Worcester Alexandria Bellevue Irvine Fayetteville Independence Modesto Memphis Yonkers Thornton Beaumont Thornton Huntsville Shreveport Victorville GardenGrove Carrollton SantaClarita
41
Yonkers Yonkers
Ontario Ontario
Sunnyvale Sunnyvale
Boston Boston
Allentown Allentown
Fayetteville Fayetteville
Bellevue Bellevue
LosAngeles LosAngeles
Indianapolis Indianapolis
Victorville Victorville
LexingtonFa LexingtonFa
Visalia Visalia
StPetersburg StPetersburg
PembrokePines PembrokePines
Omaha Omaha
Worcester Garland Worcester
Stockton Stockton
WestValleyCity WestValleyCity
Austin Austin
Pomona Pomona
Torrance Henderson
Lubbock Concord
Beaumont NewportNews Beaumont
Huntsville Huntsville
Shreveport Shreveport
GardenGrove GardenGrove
Orlando Orlando
Newark Newark
Surprise Surprise
Carrollton Carrollton
Thornton Midland
Brownsville Brownsville
Hartford LongBeach LouisvilleJefferson Hartford
Irvine Scottsdale
Alexandria Alexandria
Wichita Wichita
Independence SiouxFalls Independence
SanDiego Stamford Waco StLouis Paterson
OklahomaCity OklahomaCity Lafayette
Washington Washington
RanchoCucamonga RanchoCucamonga
