Plano Rockford Riverside Tallahassee Cincinnati Miami Olathe Irvine Fullerton AugustaRichmond NewOrleans Surprise Greensboro Teemo Davidson NewHaven SanAntonio Houston Pomona Spokane CorpusChristi SantaClarita Fremont Madison SanBernardino Knoxville Brownsville Corona HuntingtonBeach Mobile Hartford Dallas Worcester Mesquite Joliet Thornton Anchorage Philadelphia Salinas Chicago Denton Raleigh Yonkers McAllen GrandPrairie Portland Tampa Laredo SantaRosa FortCollins Allentown Killeen SanJose Glasses Hollywood Escondido Akron LosAngeles Lancaster Elizabeth Anaheim JerseyCity Lafayette Huntsville Seattle Lincoln SantaAna Tulsa LouisvilleJefferson Reno Norfolk FortLauderdale AnnArbor StLouis KansasCity Garland Omaha Ontario Waco Wichita Chesapeake OWO Mesa Memphis Montgomery BatonRouge Hayward Denver Cleveland Atlanta Beaumont Vancouver WestValleyCity Vallejo LasVegas Cary OklahomaCity Rochester SanFrancisco Warren MorenoValley Norman Sunnyvale Pasadena Irving SantaClara Plano
90
SantaClara SantaClara
Irving Irving
Pasadena Pasadena
Sunnyvale Sunnyvale
Norman Norman
MorenoValley MorenoValley
Warren Warren
SanFrancisco SanFrancisco
OklahomaCity OklahomaCity
Cary Cary
LasVegas LasVegas
Vallejo Vallejo
Vancouver Vancouver
Beaumont Beaumont
Atlanta Atlanta Oxnard
Denver Denver
Hayward Hayward
Montgomery Montgomery
Memphis Charleston Memphis
Mesa Mesa
OWO OWO
Wichita Wichita
Waco Waco
Ontario Ontario
Omaha Omaha
Garland Garland
StLouis StLouis
AnnArbor AnnArbor
FortLauderdale FortLauderdale
Norfolk Norfolk
LouisvilleJefferson LouisvilleJefferson
Tulsa Tulsa
Lincoln Lincoln
Huntsville Huntsville
Lafayette Lafayette
JerseyCity JerseyCity Pikachu
Anaheim Anaheim
Elizabeth Elizabeth
Lancaster Lancaster Torrance
Akron Akron
Escondido Escondido
Hollywood Hollywood
Glasses Glasses
SanJose SanJose
Killeen Killeen
Allentown Allentown Stamford
SantaRosa SantaRosa
FortCollins FortCollins SiouxFalls
Laredo Laredo
Tampa Tampa ThousandOaks
Portland Portland
GrandPrairie GrandPrairie
McAllen McAllen
Raleigh Glendale Raleigh
Denton Denton
Chicago Chicago
Salinas Salinas
Philadelphia GardenGrove
Anchorage Anchorage
Thornton Thornton
Mesquite Mesquite
Worcester Worcester
Dallas Dallas
Hartford Hartford
Mobile Mobile
HuntingtonBeach HuntingtonBeach SimiValley
Corona Corona
Brownsville Brownsville
Knoxville Knoxville
SanBernardino SanBernardino
Madison Madison
Fremont Fremont
SantaClarita SantaClarita
CorpusChristi CorpusChristi
Pomona Pomona
Houston Houston
SanAntonio SanAntonio
NewHaven NewHaven
Davidson Davidson
Greensboro Greensboro
Surprise Surprise
NewOrleans NewOrleans
AugustaRichmond AugustaRichmond
Irvine LittleRock Irvine
Olathe Olathe
Miami Miami
Cincinnati Cincinnati
Tallahassee Hampton
Riverside Riverside
Rockford Rockford
