Waco OverlandPark AnnArbor SaltLakeCity Rochester Oski Irving SantaClara ChulaVista Lincoln Newark Aurora Richmond SanFrancisco AthensClarkeCounty OWO AthensClarkeCounty Palmdale Clarksville Stamford SanBernardino Victorville FortCollins Palmdale SterlingHeights OverlandPark Waco SanAntonio Waco
19
AnnArbor AnnArbor
SaltLakeCity SaltLakeCity
Rochester Rochester
Irving Irving
ChulaVista ChulaVista
Lincoln Newark Lincoln Detroit
Aurora Omaha
Richmond Richmond
SanFrancisco SanFrancisco
AthensClarkeCounty AthensClarkeCounty
OWO OWO LexingtonFa
Clarksville Clarksville
Stamford Stamford Cary
SanBernardino SanBernardino
Victorville StPaul
FortCollins FortCollins
Palmdale FortWayne Palmdale
SterlingHeights SterlingHeights
SanAntonio MorenoValley SanAntonio
