13 182 117 140 181 170 138 186 107 143 120 193 174 180 179 131 126 166 183 157 192 136 196 189 164 172 156 169 119 191 168 124 146 118 109 127 108 121 130 114 194 135 176 112 105 129 159 165 101 139 153 150 137 111 145 154 134 184 197 171 151 123 115 147 178 100 122 125 102 149 128 161 173 160 195 158 188 106 163 198 152 110 175 190 142 177 155 103 185 187 167 144 141 113 133 162 132 199 104 116 148 13
100
182 182
117 117
140 140
181 181
170 170
138 138
186 186
107 107
143 143
120 120
193 193
174 174
180 180
179 179
131 131
126 126
166 166
183 183
157 157
192 192
136 136
196 196
189 189
164 164
172 172
156 156
169 169
119 119
191 191
168 168
124 124
146 146
118 118
109 109
127 127
108 108
121 121
130 130
114 114
194 194
135 135
176 176
112 112
105 105
129 129
159 159
165 165
101 101
139 139
153 153
150 150
137 137
111 111
145 145
154 154
134 134
184 184
197 197
171 171
151 151
123 123
115 115
147 147
178 178
100 100
122 122
125 125
102 102
149 149
128 128
161 161
173 173
160 160
195 195
158 158
188 188
106 106
163 163
198 198
152 152
110 110
175 175
190 190
142 142
177 177
155 155
103 103
185 185
187 187
167 167
144 144
141 141
113 113
133 133
162 162
132 132
199 199
104 104
116 116
148 148
