wNqlpYNsRbJEgiGpKxrU lbWonvEbeplndKguSTkk qfRRtdRbhYJBARMfPlZM eobSFtKBbBdcVrTOREdK UIlSMnVKIdNiXZNSiHsI fgzJCwocQniGlXAZHJId vIbIQYXZnmYrooTLYNtu CbGuHgZfQMmSOfHDFJnK XtZHoAxqEyzvMChzPHpN WMWBpOSnHGywZjCgaYyY RlHeRhvUOhGhZVGGJuED jznspKyqlmxZtgfQUJVB kqcEdfKLaRzxOhAIzchh nCedHqGgdWAicwyuYWpg VRpSthoDcomqMDsGoVql yscsUFTNNyaVMKBztBdV NJZlnWyeJFrkOwoqHKtT shugRMnaHVqQSmKaNBgu efZntVbfQTvIUOiRNPSH EEeDJaHeajXXlwYcHTeJ juzxSpUVuccJUMBOcJjO ANDviqMIuFwdcboQDprt QyXpliHSeQOPIsurIcpa DpztIuGTRpGuLsdlODJw lSJjEsqamUCgRZdCmdyI XvUPApTFkqaSSizYsCIr GMxGouyyndiUBMqMdOoc joWAhkfNqIEECnBeulGl oZXYedlbtBLmkfoVmgta svUOWvTJLneAqJGnExpc eiLPqIroFfCGzqSAlzAp ccdJRKiTXwIErdhSIxfh erZKLqpCZsYKDnOCaBGq gFUGYXSirCYiFTivWNah ayQgUwyRuQVKeyFLPNbQ ZXihCBEQBTdisqSlEMsj CvZkdIYtdeDHtwufupie syonLisTOSczosCwoILE zNRhhVdMWUgTnnqmAfeY xlbpuxAjoVPJWPCWBEkJ imEmCMbYEtZJJkwxkSDD bEfUXCTlwRBndElSbPGf YTwycpmzEWCqqTELtzXc aGPbLNWYAMujnfHCTCMo HeWrJOKsDjgdrcamgZLN kwPuYZgJgVVJfdBGUtPw mgNeYYUOPKpLeiVEFIXd NtyLZDOaSczVvOGdocUp NYdfLxXxFVvLEbDKzXWn NIJaJxCurulNUdZZMxFk JvFxbsySBAiFiOUrzrBi wuSVWJYvpiWaQAHXocSG cMYyKTXGNKnFzrpwnXUl vTbNxpVTEoFlSjvvVvfG zHPSSEtFTQIbLYMdHqgP SitzoubgYFeTjmkLjVPz wlySPverjehsBxldyigf pzrGQEObzJGPnfATEYDc hLaNXBYgTzgUhvjmqUTu UdSbtwxTqTJxOiUoxEqw eOfnBeTgmYCNEnRUhlEK KcrnMnFDTrBKaUaGpdLY fpoTaBKmVdlDCxFwCFoz FWnudSYFvYQJHehOpEKf pMOSpTzPTPLXHLOQMjnt XPPBMlNyfVVeZGIzTCEW jUSlIFtitQxyvVLJjiCc scpUkbcaYSAsHhSktebT JVONrXhhmtFWhFfDiOXW VIPPawblKbhOVWrmrWBx iVjkcMenotYGMFEBTvoa QePOUWiXcAUCoHETxuGS wfEFdNDcColoskjTjcLm uUKZHvHmBrpBHjYWNaUL MBJqOYmxhUYbldNVEdRy PZwTcKCPsEmpxetNZvef ZauPfhkpsGmhbvkhkltR ndaHivGVVtIUvLiyUWcm ADVVlRLpnspleRTgeTdu DZEpVGVXkxHljziwItaS QjbdwbUnopENkiNyqirZ nreoVgWrBhNXFZgTBlXO szyiMlKhtyOynWjcoMsm bFmSeBrfNuxjYPUDCLYq TEPaiCedHTXapLxoBXMp oHoxoLeyDYnKZDzgMtxI NzDQJknJPDEkcwCHzzbF wvSJDoqoPGAkYgSuPFPw QeYNNLpZMBxyiFbZMPFY EhDFVLWZueLOrdjEOzEQ aIuYyryCOUGVeCAqbqkg gcXUxTVUZWsOwtRNeDDa kyApsCeFkLoLFCdkazaE ihxEqMQIIvyQmtrtMjeO EmbDgEECbkHbfAfHCgwB xgBrJmdXVwtxgRuCBhMe edlAtPQdNXJQPCIzpkyX IvXQutSorlqOgnSVAIUd oKAKfpUUuLItChLyByFh igyeOiSdezmmXGTwMzLw lbWonvEbeplndKguSTkk wNqlpYNsRbJEgiGpKxrU
96
mgNeYYUOPKpLeiVEFIXd mgNeYYUOPKpLeiVEFIXd
RlHeRhvUOhGhZVGGJuED RlHeRhvUOhGhZVGGJuED
QeYNNLpZMBxyiFbZMPFY QeYNNLpZMBxyiFbZMPFY
jznspKyqlmxZtgfQUJVB jznspKyqlmxZtgfQUJVB
bFmSeBrfNuxjYPUDCLYq bFmSeBrfNuxjYPUDCLYq
uUKZHvHmBrpBHjYWNaUL ZwvojvRdUOYNJXIwAqgC
PZwTcKCPsEmpxetNZvef PZwTcKCPsEmpxetNZvef
eOfnBeTgmYCNEnRUhlEK eOfnBeTgmYCNEnRUhlEK
oZXYedlbtBLmkfoVmgta oZXYedlbtBLmkfoVmgta
WMWBpOSnHGywZjCgaYyY WMWBpOSnHGywZjCgaYyY
QePOUWiXcAUCoHETxuGS gDYKDrbERUXTnCayjBrC QePOUWiXcAUCoHETxuGS
aIuYyryCOUGVeCAqbqkg aIuYyryCOUGVeCAqbqkg
kqcEdfKLaRzxOhAIzchh kqcEdfKLaRzxOhAIzchh
SitzoubgYFeTjmkLjVPz SitzoubgYFeTjmkLjVPz
wlySPverjehsBxldyigf wlySPverjehsBxldyigf
hLaNXBYgTzgUhvjmqUTu hLaNXBYgTzgUhvjmqUTu
EhDFVLWZueLOrdjEOzEQ EhDFVLWZueLOrdjEOzEQ
GMxGouyyndiUBMqMdOoc GMxGouyyndiUBMqMdOoc
jUSlIFtitQxyvVLJjiCc jUSlIFtitQxyvVLJjiCc
ihxEqMQIIvyQmtrtMjeO ihxEqMQIIvyQmtrtMjeO
oKAKfpUUuLItChLyByFh oKAKfpUUuLItChLyByFh
ADVVlRLpnspleRTgeTdu ADVVlRLpnspleRTgeTdu
UdSbtwxTqTJxOiUoxEqw UdSbtwxTqTJxOiUoxEqw
scpUkbcaYSAsHhSktebT scpUkbcaYSAsHhSktebT
DZEpVGVXkxHljziwItaS DZEpVGVXkxHljziwItaS
JVONrXhhmtFWhFfDiOXW JVONrXhhmtFWhFfDiOXW
NzDQJknJPDEkcwCHzzbF NzDQJknJPDEkcwCHzzbF NPSPGRTNRcKKVpsBRSwh
xlbpuxAjoVPJWPCWBEkJ xlbpuxAjoVPJWPCWBEkJ
cMYyKTXGNKnFzrpwnXUl cMYyKTXGNKnFzrpwnXUl
pzrGQEObzJGPnfATEYDc pzrGQEObzJGPnfATEYDc
eobSFtKBbBdcVrTOREdK eobSFtKBbBdcVrTOREdK
eiLPqIroFfCGzqSAlzAp eiLPqIroFfCGzqSAlzAp
wuSVWJYvpiWaQAHXocSG wuSVWJYvpiWaQAHXocSG cwgJAHVpCCTmuckJkncL
syonLisTOSczosCwoILE syonLisTOSczosCwoILE
YTwycpmzEWCqqTELtzXc YTwycpmzEWCqqTELtzXc
wvSJDoqoPGAkYgSuPFPw wvSJDoqoPGAkYgSuPFPw
zNRhhVdMWUgTnnqmAfeY zNRhhVdMWUgTnnqmAfeY
xgBrJmdXVwtxgRuCBhMe xgBrJmdXVwtxgRuCBhMe
KcrnMnFDTrBKaUaGpdLY KcrnMnFDTrBKaUaGpdLY
ANDviqMIuFwdcboQDprt ANDviqMIuFwdcboQDprt
edlAtPQdNXJQPCIzpkyX edlAtPQdNXJQPCIzpkyX
lSJjEsqamUCgRZdCmdyI lSJjEsqamUCgRZdCmdyI
aGPbLNWYAMujnfHCTCMo aGPbLNWYAMujnfHCTCMo
fpoTaBKmVdlDCxFwCFoz fpoTaBKmVdlDCxFwCFoz
fgzJCwocQniGlXAZHJId fgzJCwocQniGlXAZHJId
XtZHoAxqEyzvMChzPHpN XtZHoAxqEyzvMChzPHpN
CvZkdIYtdeDHtwufupie CvZkdIYtdeDHtwufupie
zHPSSEtFTQIbLYMdHqgP zHPSSEtFTQIbLYMdHqgP
MBJqOYmxhUYbldNVEdRy MBJqOYmxhUYbldNVEdRy
ZauPfhkpsGmhbvkhkltR ZauPfhkpsGmhbvkhkltR
lbWonvEbeplndKguSTkk lbWonvEbeplndKguSTkk
pMOSpTzPTPLXHLOQMjnt oLMkSrYLQRLHmPiuLCTC pMOSpTzPTPLXHLOQMjnt
QyXpliHSeQOPIsurIcpa QyXpliHSeQOPIsurIcpa
shugRMnaHVqQSmKaNBgu shugRMnaHVqQSmKaNBgu
VIPPawblKbhOVWrmrWBx VIPPawblKbhOVWrmrWBx
TEPaiCedHTXapLxoBXMp TEPaiCedHTXapLxoBXMp
ZXihCBEQBTdisqSlEMsj ZXihCBEQBTdisqSlEMsj
IvXQutSorlqOgnSVAIUd IvXQutSorlqOgnSVAIUd
igyeOiSdezmmXGTwMzLw igyeOiSdezmmXGTwMzLw
gcXUxTVUZWsOwtRNeDDa gcXUxTVUZWsOwtRNeDDa
bEfUXCTlwRBndElSbPGf bEfUXCTlwRBndElSbPGf
vIbIQYXZnmYrooTLYNtu vIbIQYXZnmYrooTLYNtu
EmbDgEECbkHbfAfHCgwB EmbDgEECbkHbfAfHCgwB
wfEFdNDcColoskjTjcLm wfEFdNDcColoskjTjcLm
JvFxbsySBAiFiOUrzrBi JvFxbsySBAiFiOUrzrBi
NtyLZDOaSczVvOGdocUp NtyLZDOaSczVvOGdocUp
nCedHqGgdWAicwyuYWpg nCedHqGgdWAicwyuYWpg
juzxSpUVuccJUMBOcJjO juzxSpUVuccJUMBOcJjO
nreoVgWrBhNXFZgTBlXO nreoVgWrBhNXFZgTBlXO
NJZlnWyeJFrkOwoqHKtT NJZlnWyeJFrkOwoqHKtT
ayQgUwyRuQVKeyFLPNbQ ayQgUwyRuQVKeyFLPNbQ
kwPuYZgJgVVJfdBGUtPw kwPuYZgJgVVJfdBGUtPw
yscsUFTNNyaVMKBztBdV yscsUFTNNyaVMKBztBdV
XPPBMlNyfVVeZGIzTCEW XPPBMlNyfVVeZGIzTCEW
NIJaJxCurulNUdZZMxFk NIJaJxCurulNUdZZMxFk
UIlSMnVKIdNiXZNSiHsI UIlSMnVKIdNiXZNSiHsI
HeWrJOKsDjgdrcamgZLN HeWrJOKsDjgdrcamgZLN
QjbdwbUnopENkiNyqirZ QjbdwbUnopENkiNyqirZ
ccdJRKiTXwIErdhSIxfh ccdJRKiTXwIErdhSIxfh
qfRRtdRbhYJBARMfPlZM qfRRtdRbhYJBARMfPlZM
imEmCMbYEtZJJkwxkSDD imEmCMbYEtZJJkwxkSDD
EEeDJaHeajXXlwYcHTeJ EEeDJaHeajXXlwYcHTeJ
szyiMlKhtyOynWjcoMsm szyiMlKhtyOynWjcoMsm
CbGuHgZfQMmSOfHDFJnK CbGuHgZfQMmSOfHDFJnK
FWnudSYFvYQJHehOpEKf FWnudSYFvYQJHehOpEKf
VRpSthoDcomqMDsGoVql VRpSthoDcomqMDsGoVql
vTbNxpVTEoFlSjvvVvfG vTbNxpVTEoFlSjvvVvfG
XvUPApTFkqaSSizYsCIr XvUPApTFkqaSSizYsCIr
DpztIuGTRpGuLsdlODJw DpztIuGTRpGuLsdlODJw
NYdfLxXxFVvLEbDKzXWn NYdfLxXxFVvLEbDKzXWn
joWAhkfNqIEECnBeulGl joWAhkfNqIEECnBeulGl
oHoxoLeyDYnKZDzgMtxI oHoxoLeyDYnKZDzgMtxI
efZntVbfQTvIUOiRNPSH efZntVbfQTvIUOiRNPSH
kyApsCeFkLoLFCdkazaE kyApsCeFkLoLFCdkazaE
svUOWvTJLneAqJGnExpc svUOWvTJLneAqJGnExpc
erZKLqpCZsYKDnOCaBGq erZKLqpCZsYKDnOCaBGq
