oUyBZvEHNPOWtAsHANHU XZRBuctXhYPbWardFSZS CcspnGXfrmzZRWjdMjLd rqqedkokePZFdhDbMNpX IuNNJvHSmYKpVBzmzuJX znYRMYifzQwyixuIXDnz DsLevMWgWFWOQXFMbaQy PojKKQvEDmFOnJinujFi hpQFeVriPZmwKZcYFAWN NBTlGJqSnWahMvuDlXAm ikjgYLaZRolSrbIYyKBd tItiZloipgPmLuONrNnZ eqwycKZriorIAbsUBjxu VVzvLIOwARaWwhQTKPrx OWCblOtQanZakRLMqMxz eWVKeYegIFOJxvfRkjek QFaSXENOfunmdZIBqDsS UMfDYlvFlUVuogMRkWNG QFaSXENOfunmdZIBqDsS JKNUHFrXPStBWMuUOVkj CCYBPFZgoOONzoEeTKzC MeohNnftDTzllMTGwxnG eqwycKZriorIAbsUBjxu hNRcEeFjmsmOnuOdNAXl eWGFHgdBASXJbxQbYrCG oUyBZvEHNPOWtAsHANHU
22
oUyBZvEHNPOWtAsHANHU oUyBZvEHNPOWtAsHANHU
XZRBuctXhYPbWardFSZS QMnEKXGwZYUlreveNjwA
CcspnGXfrmzZRWjdMjLd CcspnGXfrmzZRWjdMjLd oMKDNkBacLxexXKHqXfF
rqqedkokePZFdhDbMNpX IUJDEWwYxhQimsCqnrFH
IuNNJvHSmYKpVBzmzuJX NVPacTSrBMpDkMBotiWB IuNNJvHSmYKpVBzmzuJX
znYRMYifzQwyixuIXDnz znYRMYifzQwyixuIXDnz
DsLevMWgWFWOQXFMbaQy gUlgGYCPZjsRiFLqnVun
PojKKQvEDmFOnJinujFi PojKKQvEDmFOnJinujFi
hpQFeVriPZmwKZcYFAWN hpQFeVriPZmwKZcYFAWN
NBTlGJqSnWahMvuDlXAm NBTlGJqSnWahMvuDlXAm
ikjgYLaZRolSrbIYyKBd CXrruomvXfADUrHxMwZi
tItiZloipgPmLuONrNnZ cAvnOxZJtanpVvcAxJHM
VVzvLIOwARaWwhQTKPrx VVzvLIOwARaWwhQTKPrx
OWCblOtQanZakRLMqMxz OWCblOtQanZakRLMqMxz
eWVKeYegIFOJxvfRkjek eWVKeYegIFOJxvfRkjek
UMfDYlvFlUVuogMRkWNG lPMfQyVLDIZczBuDgsVQ UMfDYlvFlUVuogMRkWNG
JKNUHFrXPStBWMuUOVkj JKNUHFrXPStBWMuUOVkj
CCYBPFZgoOONzoEeTKzC CCYBPFZgoOONzoEeTKzC
MeohNnftDTzllMTGwxnG MeohNnftDTzllMTGwxnG
eqwycKZriorIAbsUBjxu eqwycKZriorIAbsUBjxu
hNRcEeFjmsmOnuOdNAXl hNRcEeFjmsmOnuOdNAXl
eWGFHgdBASXJbxQbYrCG eWGFHgdBASXJbxQbYrCG
