a1 g1 g2 c1 c2 c3 c8 c9 c16 c9 c8 c3 c2 c1 g2 d1 d8h d7 d2 d1 g2 f1h f20 f21h f50h f21h f52h f21h f46h f21h f30h f21h f34h f21h f42h f21h f60h f21h f24h f21h f32h f21h f56h f21h f22h f21h f26h f21h f36h f21h f28h f21h f44h f21h f58h f21h f38h f21h f54h f21h f40h f21h f48h f21h f20 f1h g2 e1 e7 e5 e7 e1 g2 g1 b1h b2 b3 b2 b1h g1 a1
31
a1 a21h
c3 c6h
c9 c19h c11h c13h c21h
c16 c15h c17h
d8h d8h
d7 d13h
f50h f50h f51h
f52h f53h f52h
f46h f47h f46h
f30h f31h f30h
f34h f34h f35h
f42h f42h f43h
f60h f60h f61h
f24h f25h f24h
f32h f33h f32h
f56h f57h f56h
f22h f23h f22h
f26h f26h f27h
f36h f36h f37h
f28h f29h f28h
f21h f21h
f44h f45h f44h
f58h f59h f58h
f38h f39h f38h
f54h f54h f55h
f40h f40h f41h
f48h f49h f48h
f1h f11h f17h f15h f19h f3h f5h f7h f1h f9h f13h
e5 e4h e6h
b3 b13h b5h b7h b10h b4h
b1h b1h
