0 93 20 75 94 87 4 14 28 42 32 17 81 76 13 74 34 11 64 54 56 67 59 43 83 1 48 86 44 96 24 40 53 62 9 41 18 33 50 45 5 6 26 98 25 91 49 22 51 55 90 84 38 27 19 36 37 72 29 71 82 66 39 95 15 60 70 35 61 47 68 46 7 85 73 16 80 77 89 78 57 100 79 99 21 88 92 97 31 65 12 63 30 2 10 69 23 8 3 52 58 0
100
93 93
20 20
75 75
94 94
87 87
4 4
14 14
28 28
42 42
32 32
17 17
81 81
76 76
13 13
74 74
34 34
11 11
64 64
54 54
56 56
67 67
59 59
43 43
83 83
1 1
48 48
86 86
44 44
96 96
24 24
40 40
53 53
62 62
9 9
41 41
18 18
33 33
50 50
45 45
5 5
6 6
26 26
98 98
25 25
91 91
49 49
22 22
51 51
55 55
90 90
84 84
38 38
27 27
19 19
36 36
37 37
72 72
29 29
71 71
82 82
66 66
39 39
95 95
15 15
60 60
70 70
35 35
61 61
47 47
68 68
46 46
7 7
85 85
73 73
16 16
80 80
77 77
89 89
78 78
57 57
100 100
79 79
99 99
21 21
88 88
92 92
97 97
31 31
65 65
12 12
63 63
30 30
2 2
10 10
69 69
23 23
8 8
3 3
52 52
58 58
