Soda golden ritter ashley shah roshan aidan krishnan davis garbers patagonia shen garcia grace vilaythong djajadi juliann daniel caroline ian rabie sarina amanda sunny lewke tamara jarrett rob walsh massachusetts meghan castro singhal connor andrew martinez noor sriram kevin ruhi eshaan annie chloe berit yip alvin lo rosen danyal winifred woolf Soda
50
golden golden
ritter ritter
ashley ashley
shah shah
roshan roshan
aidan aidan
krishnan krishnan
davis davis
garbers garbers
patagonia patagonia
shen shen
garcia garcia
grace grace
vilaythong vilaythong
djajadi djajadi
juliann juliann
daniel daniel
caroline caroline
ian ian
rabie rabie
sarina sarina
amanda amanda
sunny sunny
lewke lewke
tamara tamara
jarrett jarrett
rob rob
walsh walsh
massachusetts massachusetts
meghan meghan
castro castro
singhal singhal
connor connor
andrew andrew
martinez martinez
noor noor
sriram sriram
kevin kevin
ruhi ruhi
eshaan eshaan
annie annie
chloe chloe
berit berit
yip yip
alvin alvin
lo lo
rosen rosen
danyal danyal
winifred winifred
woolf woolf
