Soda lindsey yip lebron srivastava sophia danyal cal george chase celine oscar charles liang srinivasan zhifei grace evan krista kanika umar jacob singorahardjo hari subbaraj vilaythong angelis saurav singhal wu maya connor eshaan kevin adhikiari massachusetts greg mack bears scott krishnan caroline ashley berit gregory rouzbahani patagonia logan ritter du rob gobears ahluwalia ani aanika ravi shah ishaan sun emily barth erika annie wyatt soman zou king zhou olivia winifred ellen vikram melissa ruhi kaur chen mittal amanda djajadi alvin doshi chloe sunny parham brett devesh xin weaver tyler andrew chung daniel wong maniku lewke william nichole ohio hanlon franco li Soda
100
lindsey lindsey
yip yip
lebron lebron
srivastava srivastava
sophia sophia
danyal danyal
cal cal
george george
chase chase
celine celine
oscar oscar
charles charles
liang liang
srinivasan srinivasan
zhifei zhifei
grace grace
evan evan
krista krista
kanika kanika
umar umar
jacob jacob
singorahardjo singorahardjo
hari hari
subbaraj subbaraj
vilaythong vilaythong
angelis angelis
saurav saurav
singhal singhal
wu wu
maya maya
connor connor
eshaan eshaan
kevin kevin
adhikiari adhikiari
massachusetts massachusetts
greg greg
mack mack
bears bears
scott scott
krishnan krishnan
caroline caroline
ashley ashley
berit berit
gregory gregory
rouzbahani rouzbahani
patagonia patagonia
logan logan
ritter ritter
du du
rob rob
gobears gobears
ahluwalia ahluwalia
ani ani
aanika aanika
ravi ravi
shah shah
ishaan ishaan
sun sun
emily emily
barth barth
erika erika
annie annie
wyatt wyatt
soman soman
zou zou
king king
zhou zhou
olivia olivia
winifred winifred
ellen ellen
vikram vikram
melissa melissa
ruhi ruhi
kaur kaur
chen chen
mittal mittal
amanda amanda
djajadi djajadi
alvin alvin
doshi doshi
chloe chloe
sunny sunny
parham parham
brett brett
devesh devesh
xin xin
weaver weaver
tyler tyler
andrew andrew
chung chung
daniel daniel
wong wong
maniku maniku
lewke lewke
william william
nichole nichole
ohio ohio
hanlon hanlon
franco franco
li li
