Jingzhou Lysva Chegem Khabarovsk Crespo Rembangan SaintMichael Rangae Shively Depok FortLauderdale TanahMerah LondonderryCountyBor Radnor RioFormoso AzZuwaytinah Ronse Bejucal Thamaga Tottori SanJosedeOcoa Ketrzyn Ouarzazat Veenendaal Shizunaifurukawacho Shumen elCampello Carmichael Carouge Colachel Ibri BeneBeraq Gangtok Tabatinga Kabarnet Chittaranjan BurgbeiMagdeburg Sagalo CoonRapids Malnate Kheri Ermelo Sapele Kirovsk Srinagar Entroncamento Jeypore Sarzedo Sanaa Manduria Ghugus Jingzhou
49
Lysva Lysva
Chegem Chegem
Khabarovsk Khabarovsk
Crespo Crespo
Rembangan Rembangan
SaintMichael SaintMichael
Rangae Rangae
Shively Shively
Depok Depok
FortLauderdale FortLauderdale
TanahMerah TanahMerah
LondonderryCountyBor LondonderryCountyBor
Radnor Radnor
RioFormoso RioFormoso
AzZuwaytinah AzZuwaytinah
Ronse Ronse
Bejucal Bejucal
Thamaga Thamaga
Tottori Tottori
SanJosedeOcoa SanJosedeOcoa
Ketrzyn Ketrzyn
Ouarzazat Ouarzazat
Veenendaal Veenendaal
Shizunaifurukawacho Shizunaifurukawacho
Shumen Shumen
elCampello elCampello
Carmichael Carmichael
Carouge Carouge
Colachel Colachel
Ibri Ibri
BeneBeraq BeneBeraq
Gangtok Gangtok
Tabatinga Tabatinga
Kabarnet Kabarnet
Chittaranjan Chittaranjan
BurgbeiMagdeburg BurgbeiMagdeburg
Sagalo Sagalo
CoonRapids CoonRapids
Malnate Malnate
Kheri Kheri
Ermelo Ermelo
Kirovsk Kirovsk
Srinagar Srinagar
Entroncamento Entroncamento
Jeypore Jeypore
Sarzedo Sarzedo
Sanaa Sanaa JabalosSaraj
Manduria Manduria
Ghugus Ghugus
