LesLilas Kambove MonteAlegre CapimGrosso SantanadoLivramento SaintCyrlEcole Haora SenadorPompeu Angleton Braila Morwa Ortaca Itororo Shchekino AshtonunderLyne Aringay Kaifeng Butuan Acireale Ontinyent Vyazniki Skelmersdale FortWorth Langenhorn Haripur Pozzuoli Escada Nagar Fuxin Mocoa EastLongmeadow Gowurdak Shurugwi Manacapuru Gorgan NahiyatashShinafiyah Korsakov Tabou Embu Battambang AinArnat MadinatHamad BlueIsland ChalcodeDiazCovarrub MineralnyeVody TagbilaranCity Hirosaki Ibirataia SouthSaintPaul Kemise Aracuai Zhaodong Arang Akcaabat Acarau HaciendaLaCalera KotRadhaKishan Izhevsk SpanishTown Kineshma Gunzenhausen SanJuandelaMaguana NoblePark Kotka PortoVelho FetestiGara Garbsen Rivas Twante SenaMadureira Pezinok Belalcazar Oerlinghausen Sorada Baramula Mabopane Rhondda Anjarah Khulm Lloydminster GuaMusang Andrychow Turek PriegodeCordoba Bury GongdanglegiKulon Sobue Arzamas Shimofurano Prostejov Vaniyambadi Yafo Shieli Sosnovka Daokou Hangu Wenchi Johnston Kairouan AinBessem LesLilas
97
Kaifeng Kaifeng
Gorgan Gorgan
Fuxin Fuxin
Zhaodong Zhaodong
Anjarah Anjarah
PriegodeCordoba PriegodeCordoba
HaciendaLaCalera HaciendaLaCalera
Twante Twante
Ontinyent Ontinyent
SaintCyrlEcole SaintCyrlEcole
Mocoa Mocoa
AshtonunderLyne AshtonunderLyne
Izhevsk Izhevsk
Wenchi Wenchi
Hirosaki Hirosaki
Gowurdak Gowurdak
Embu WestIslip Embu
AinArnat AinArnat
EastLongmeadow EastLongmeadow Wangon
Daokou Daokou
SpanishTown SpanishTown
Vaniyambadi Vaniyambadi
Johnston Johnston
Aracuai Aracuai
Shieli Shieli
MineralnyeVody MineralnyeVody
Oerlinghausen Oerlinghausen
Kemise Kemise
Langenhorn Langenhorn
Sosnovka Sosnovka
Baramula Baramula
MadinatHamad MadinatHamad
Acarau Acarau
GuaMusang GuaMusang
FortWorth FortWorth
Tabou Tabou
Manacapuru Manacapuru
NoblePark NoblePark
Sorada Sorada
Yafo Yafo
Ibirataia Ibirataia
MonteAlegre MonteAlegre
Khulm Khulm
GongdanglegiKulon VillaPauladeSarmient
Morwa Morwa
Kairouan Kairouan
SanJuandelaMaguana SanJuandelaMaguana
Itororo Itororo
Haripur Haripur
Battambang Battambang
Arzamas Arzamas
TagbilaranCity TagbilaranCity
Bury Bury
Ortaca Ortaca
Akcaabat Akcaabat
Shurugwi Shurugwi
Turek Turek
Belalcazar Belalcazar
KotRadhaKishan KotRadhaKishan
Nagar Nagar
Pozzuoli Pozzuoli
Lloydminster Lloydminster
SantanadoLivramento SantanadoLivramento
CapimGrosso CapimGrosso
SouthSaintPaul SouthSaintPaul
Vyazniki Vyazniki
Kotka Kotka
Haora Haora
BlueIsland BlueIsland
Kineshma Kineshma
Skelmersdale Skelmersdale
Gunzenhausen Gunzenhausen
SenaMadureira SenaMadureira
Rhondda Rhondda
PortoVelho PortoVelho
Shimofurano Shimofurano
Andrychow Andrychow
Prostejov Prostejov
AinBessem AinBessem
Mabopane Mabopane
Hangu Hangu
Kambove Kambove
Rivas Rivas
ChalcodeDiazCovarrub ChalcodeDiazCovarrub
Shchekino Espiye Shchekino
Braila Braila
Butuan Butuan
Acireale Acireale
SenadorPompeu SenadorPompeu
Korsakov Korsakov
Escada Escada
NahiyatashShinafiyah NahiyatashShinafiyah
Angleton Angleton
FetestiGara FetestiGara
Sobue Sobue
Pezinok Pezinok
Garbsen Garbsen
