Kaimganj Fagaras Pilibhit Norristown Brecht Tsirang MontecatiniTerme Dankov Narangba GobernadorGalvez Tocache Fandriana Korolev Yucheng Tsukawaki Karasuyama Albi Gobo Racine PinhalNovo MilpaAlta Anahuac Novopokrovskaya Mesa Leixlip Kaimganj
23
Dankov Dankov
Karasuyama Karasuyama
Narangba Narangba
Tsukawaki Tsukawaki
Fagaras Fagaras
Pilibhit Pilibhit Irvine
Racine Racine
PinhalNovo PinhalNovo
Brecht Brecht
Anahuac Anahuac
Yucheng Isakogorka Yucheng
Mesa EncarnaciondeDiaz
Korolev Korolev
Novopokrovskaya Novopokrovskaya
Albi Albi
Tsirang Tsirang
Fandriana Fandriana
GobernadorGalvez GobernadorGalvez
Gobo Gobo
Tocache Tocache
Leixlip Leixlip
MilpaAlta MilpaAlta
MontecatiniTerme MontecatiniTerme
