EFLJOTk nhkUU4YlSo 4pWeD5 mQzeU6iv7 SoHxfA vngV9R4 tC5KpkScgYX02k IRUxJNqQHDtKwk q9b8L0oiOJr Tb5qjVS0DSkDKD fgxHyKXvIAKSHtMEoO 7F9H97joVTdU8ZEpeb Xn8chReB4cAIE2gsbLF 6mx6unEnl K6 qKAN35ZxfJxs2n 0e cPnISetFj7gG8o9K 13GDMZYtkIBDG8SVi5px tZ fMV6tQxP AUKNFdTo r5x QyWIcdD7GorZtfQJb I0a5SBtiDKckQxXh155L 4W JQX0b S5 q4W 8I1AatPM 1p3lWfo8qHHC 9PHu2NLeEO v0KFVI8d04n0 EJOi3LI92xJB Q7Ib7B EFLJOTk
29
4pWeD5 4pWeD5
mQzeU6iv7 mQzeU6iv7
SoHxfA SoHxfA
vngV9R4 vngV9R4
IRUxJNqQHDtKwk IRUxJNqQHDtKwk
q9b8L0oiOJr q9b8L0oiOJr
Tb5qjVS0DSkDKD Tb5qjVS0DSkDKD
fgxHyKXvIAKSHtMEoO fgxHyKXvIAKSHtMEoO
7F9H97joVTdU8ZEpeb 7F9H97joVTdU8ZEpeb
Xn8chReB4cAIE2gsbLF Xn8chReB4cAIE2gsbLF
6mx6unEnl 6mx6unEnl
K6 K6
qKAN35ZxfJxs2n qKAN35ZxfJxs2n
0e 0e
cPnISetFj7gG8o9K cPnISetFj7gG8o9K
13GDMZYtkIBDG8SVi5px 13GDMZYtkIBDG8SVi5px
tZ tZ
fMV6tQxP fMV6tQxP
AUKNFdTo AUKNFdTo
r5x r5x
QyWIcdD7GorZtfQJb QyWIcdD7GorZtfQJb
I0a5SBtiDKckQxXh155L I0a5SBtiDKckQxXh155L
4W 4W
JQX0b JQX0b
S5 S5
8I1AatPM Kpec 8I1AatPM
1p3lWfo8qHHC 1p3lWfo8qHHC
9PHu2NLeEO 9PHu2NLeEO
EJOi3LI92xJB EJOi3LI92xJB
