lyenDXSN wKxe hU BR s KtvQaJqCJTRpXM8ZI CmV 7Q L 61 fzp vAIBd1Ae nqeGwct PuHLBR9bv11yLyu hjCFXN9kbqn0UCNsZ G50hiUpVStHCMrd l HwQeXpOEZHQ3s hVfqebryM4wN A67f K0A9bbVLm9atwTf EJDqk 2AR73oQdnbYqnDCGMFS uy3ouNIxumu7jEuoP1 GPeb ImSpax 7h2PJW8oD2ihKQrfQ6 lt1a5E0H JyObTOXbOI cYPTdnJWL wcmx8dhmsO K6yVeBnomxSBet nWkakNi6Qt9d4g o3refHnx4qioqHztqMYE zzYmU5YFhvp1 2FvJIR5cRPGGLqP FGQD6P akZmiQ7tmX M1PxrOPSNUVpc DYfBQTocj 6yeW7sat9rvd wBJRoqVxn1t Mu 6DVIvuGfPs2BU hpRsyMlXH1H vJxAK1LaHyuu4yFNeul gCIPN lyenDXSN
37
hU hU
BR BR
KtvQaJqCJTRpXM8ZI KtvQaJqCJTRpXM8ZI
CmV CmV
7Q zI 7Q
L L
61 61
vAIBd1Ae vAIBd1Ae
nqeGwct nqeGwct
PuHLBR9bv11yLyu f
hjCFXN9kbqn0UCNsZ hjCFXN9kbqn0UCNsZ
G50hiUpVStHCMrd G50hiUpVStHCMrd
l l
HwQeXpOEZHQ3s HwQeXpOEZHQ3s
hVfqebryM4wN hVfqebryM4wN
A67f A67f
K0A9bbVLm9atwTf K0A9bbVLm9atwTf
EJDqk Plmj0j
2AR73oQdnbYqnDCGMFS 2AR73oQdnbYqnDCGMFS
uy3ouNIxumu7jEuoP1 MBLHuIgjJIXs
GPeb GPeb
ImSpax ImSpax
lt1a5E0H llx2p lt1a5E0H
cYPTdnJWL cYPTdnJWL
wcmx8dhmsO wcmx8dhmsO
nWkakNi6Qt9d4g nWkakNi6Qt9d4g
o3refHnx4qioqHztqMYE o3refHnx4qioqHztqMYE frNA534JEvY4f
zzYmU5YFhvp1 zzYmU5YFhvp1
2FvJIR5cRPGGLqP VNvsbB7eWJcAK0fU
FGQD6P jvdVvQ
akZmiQ7tmX akZmiQ7tmX
M1PxrOPSNUVpc M1PxrOPSNUVpc
6yeW7sat9rvd 6yeW7sat9rvd
wBJRoqVxn1t wBJRoqVxn1t
Mu Mu
6DVIvuGfPs2BU 6DVIvuGfPs2BU
vJxAK1LaHyuu4yFNeul vJxAK1LaHyuu4yFNeul
