0 39 146 64 40 55 190 104 48 25 151 38 43 159 56 62 22 182 188 78 97 21 191 144 59 67 3 96 77 52 66 109 86 100 37 187 169 162 168 23 71 185 83 134 172 102 30 125 176 42 183 113 132 103 57 19 116 35 53 60 6 115 88 81 174 171 10 175 196 121 107 68 114 119 110 70 195 20 72 105 148 85 51 14 84 173 32 160 166 126 26 93 41 163 5 65 76 8 58 24 0
100
0 0
39 39
146 146
64 64
40 40
55 55
190 190
104 104
48 48
25 25
151 151
38 38
43 43
159 159
56 56
62 62
22 22
182 182
188 188
78 78
97 97
21 21
191 191
144 144
59 59
67 67
3 3
96 96
77 77
52 52
66 66
109 109
86 86
100 100
37 37
187 187
169 169
162 162
168 168
23 23
71 71
185 185
83 83
134 134
172 172
102 102
30 30
125 125
176 176
42 42
183 183
113 113
132 132
103 103
57 57
19 19
116 116
35 35
53 53
60 60
6 6
115 115
88 88
81 81
174 174
171 171
10 10
175 175
196 196
121 121
107 107
68 68
114 114
119 119
110 110
70 70
195 195
20 20
72 72
105 105
148 148
85 85
51 51
14 14
84 84
173 173
32 32
160 160
166 166
126 126
26 26
93 93
41 41
163 163
5 5
65 65
76 76
8 8
58 58
24 24
