0 68 18 132 179 168 183 191 197 146 151 142 175 143 186 159 154 150 153 173 193 131 162 135 176 199 20 188 174 149 165 171 177 138 134 144 133 137 148 18 68 0
37
18 160 164 140 145 156 130 194 158 136 161 139 157 152 141 147 155 163
148 148
132 132
179 179
173 173
193 193
131 131
162 162
135 135
154 154
150 150
153 153
144 144
134 134
138 138
177 177
171 171
174 174
149 149
165 165
175 175
143 143
183 183
168 168
142 142
151 151
146 146
197 197
191 191
159 159
186 186
133 133
137 137
176 176
199 199
20 185 196 182 198 184 187 170 180 181 167 166 195 169 178 189 190 192 172
188 188
