2 9 179 49 73 119 153 37 142 127 4 72 4 177 193 144 149 1 147 13 28 137 89 34 38 117 82 42 111 133 154 155 154 129 185 25 185 3 47 107 167 21 157 21 83 164 41 43 85 145 103 61 23 77 65 121 45 189 66 93 31 181 165 110 115 183 171 196 95 39 10 105 99 151 7 19 55 195 113 135 97 33 101 123 124 87 175 109 59 36 63 75 57 11 139 17 131 27 199 161 76 2
83
17 17
199 199
161 161 29
27 27
131 131
139 139
11 11
57 57
75 75
63 35 63
36 141
59 59
109 109
175 175
87 87
123 123
101 101
33 33
97 97
135 135 69
113 113
195 195 71
55 55
19 19
7 7
151 151
99 99
105 105
39 39
95 95 15
171 171
183 183
115 115
165 165
181 181 169 91
65 65
77 187 77
23 23
61 61
103 103
145 145
85 85
43 43
41 41
164 197
83 83
157 79 157
21 21
167 167
107 107
47 47
3 3
185 185
25 173 25 159
129 129
155 5 155
133 133
111 163 111
82 191
117 117
34 67
119 119
153 153
1 1 51
147 147
13 13
137 137
89 89
177 177
193 193
149 149
72 125 81
127 127
142 143
37 37
121 121 53
45 45
189 189
93 93 31
73 73
49 49
179 179
9 9
