S 2M 2Ba 2Bf 2M 2Af 2Ag 2Af 2Ab 2Aa 2M 2Da 2M 2Ea 2Ec 2Ea 2M 2Ca 2Cb 2Cc 2Cb 2Ca 2M S 1M 1Af 1Ag 1Af 1Ab 1Aa 1M 1Ca 1Cb 1Cc 1Cb 1Ca 1M 1Ea 1Ec 1Ea 1M 1Da 1M 1Ba 1Bf 1M S 3M 3Bf 3Ba 3M 3Ea 3Ec 3Ea 3M 3Da 3M 3Af 3Ag 3Af 3Ab 3Aa 3M 3Ca 3Cb 3Cc 3Cb 3Ca 3M S 4M 4Ea 4Ec 4Ea 4M 4Ca 4Cb 4Cc 4Cb 4Ca 4M 4Da 4M 4Ba 4Bf 4M 4Af 4Ag 4Af 4Ab 4Aa 4M S
48
2Ba 2Bb
2Bf 2Bf 2Bj 2Bi
2Ag 2Aj 2Ai 2Ah 2Ag
2Ab 2Ac 2Ad 2Ab 2Ae
2Aa 2Aa
2Da 2De 2Dd
2Ea 2Ee 2Ek
2Ec 2Ei 2Eh
2M 2Fe
2Ca 2Ca
2Cb 2Cb
2Cc 2Cc 2Cd
1Ag 1Aj 1Ah 1Ag 1Ai
1Ab 1Ac 1Ae 1Ad 1Ab
1Aa 1Aa
1Ca 1Ca
1Cb 1Cb
1Cc 1Cc 1Cd
1Ea 1Ek 1Ee
1Ec 1Ei 1Eh
1Da 1Dd 1De
1M 1Fe
1Ba 1Bb
1Bf 1Bf 1Bi 1Bj
3Bf 3Bj 3Bf 3Bi
3Ba 3Bb
3Ea 3Ek 3Ee
3Ec 3Eh 3Ei
3Da 3Dd 3De
3M 3Fe
3Ag 3Ah 3Ag 3Aj 3Ai
3Ab 3Ad 3Ab 3Ae 3Ac
3Aa 3Aa
3Ca 3Ca
3Cc 3Cd 3Cc
3Cb 3Cb
4Ec 4Ei 4Eh
4Ea 4Ek 4Ee
4Ca 4Ca
4Cb 4Cb
4Cc 4Cd 4Cc
4Da 4Dd 4De
4Ba 4Bb
4Bf 4Bj 4Bf 4Bi
4Ag 4Ah 4Ag 4Aj 4Ai
4Ab 4Ad 4Ab 4Ac 4Ae
4Aa 4Aa
4M 4Fe
