0 198 197 196 191 192 186 181 176 171 166 167 161 164 161 163 162 156 151 146 141 136 131 126 130 129 126 128 127 121 116 111 112 106 101 103 102 101 105 104 101 96 91 94 95 91 93 92 86 87 81 76 71 66 61 56 59 60 56 58 57 51 53 52 51 46 41 42 36 37 31 35 31 33 32 26 29 30 26 21 25 24 21 16 11 13 12 11 6 1 0
65
191 193 195
192 192
171 173
163 163
162 162
156 159
146 149
131 135
128 128
127 127
121 122
116 118
111 113 114
112 112
93 93
86 90
87 87
58 58
41 44
42 42
36 39
37 38
33 33
32 32
6 7
1 3
136 137 138 139 140
13 13
12 12
11 14
141 144 145 142 143
16 17 19
21 22
25 25
24 24
151 152 153 155
26 27
29 29
30 30
35 34 35
164 164 165
166 169 170
46 48 47
176 179 180
53 53
52 52
181 184 185 183
59 59
60 60
186 187 189
61 64 65 62 63
66 68 70
71 72 73 74 75
76 80 78 79
81 82 83 84
94 94
95 95
96 97 98 99 100
103 103
102 102
105 105
104 104
106 107 108 109
130 130
129 129
