yqRn7pcv mpBvpan0 RKTqv0lO xaYYL0Xr ne5PzSYX zcy1X765 XlaUIvCb mmiVeCrf o5fxSomz LQU5lyru mB6fiF0u rJm7nPd7 gGaSBUDY 5Zo9R33z 6XOrbPEm hcJG54h4 uzY67sfN lRFv66dO 2XMfF8YA Wvomb2LC cbK8BQiu hC2ZPbzA fsgAjhrq i4M5A6hw yqRn7pcv
22
xaYYL0Xr xaYYL0Xr
yqRn7pcv yqRn7pcv
RKTqv0lO RKTqv0lO
rJm7nPd7 rJm7nPd7
zcy1X765 zcy1X765
Wvomb2LC Wvomb2LC
mmiVeCrf mmiVeCrf
XlaUIvCb XlaUIvCb
hC2ZPbzA hC2ZPbzA
ne5PzSYX ne5PzSYX
mB6fiF0u 7xyYvlir mB6fiF0u
LQU5lyru rKjRBwvM LQU5lyru
hcJG54h4 hcJG54h4
fsgAjhrq fsgAjhrq 1JmiRMy2
i4M5A6hw i4M5A6hw
cbK8BQiu Tv0Ngo2a
lRFv66dO lRFv66dO
uzY67sfN uzY67sfN
2XMfF8YA 2XMfF8YA
6XOrbPEm 6XOrbPEm
5Zo9R33z 5Zo9R33z
o5fxSomz o5fxSomz
