74 8 42 13 16 44 64 41 60 46 19 17 54 48 52 65 50 2 40 59 58 55 3 62 1 10 27 49 6 20 34 35 43 45 5 53 61 24 30 14 23 33 4 21 38 47 15 7 18 37 26 56 51 29 0 22 9 57 25 32 28 39 12 11 36 63 31 74
66
8 8
42 42
13 13
16 16
44 44
64 64
41 41
60 60
46 46
19 19
17 17
54 54
48 48
52 52
65 65
50 50
2 2
40 40
59 59
58 58
55 55
3 3
62 62
1 1
10 10
27 27
49 49
6 6
20 20
34 34
35 35
43 43
45 45
5 5
53 53
61 61
24 24
30 30
14 14
23 23
33 33
4 4
21 21
38 38
47 47
15 15
7 7
18 18
37 37
26 26
56 56
51 51
29 29
0 0
22 22
9 9
57 57
25 25
32 32
28 28
39 39
12 12
11 11
36 36
63 63
31 31
