93 62 18 94 80 46 146 70 174 129 74 130 75 113 77 143 165 43 164 117 49 137 161 175 81 141 125 171 64 170 108 39 53 177 136 87 14 99 11 66 65 126 98 107 24 4 76 26 147 176 121 34 56 122 159 45 72 110 91 40 116 82 151 63 163 84 154 19 2 73 79 61 95 36 131 115 119 86 57 132 105 101 172 124 155 169 20 71 93
81
2 2
4 4
14 14
18 18 157
19 19
20 20
24 24
26 26
34 34
36 36 109
39 39
40 40
43 43
45 51
46 46
49 49
53 53
56 56
57 57
61 61
62 62
63 63
64 64 140
65 65
66 66
70 70
72 72
73 73
74 74
75 75
76 76
77 77
79 79
80 80
81 81
82 82
84 84
86 86 111
87 87
91 91 47
94 138
95 95
98 98
99 99
101 101
105 105
108 108
110 110
113 102
115 115
116 116
117 117
119 1 119
121 121
122 122
124 124
125 125
129 129 27
130 130
131 131 38
132 67
136 136
137 137
141 141
143 143
146 146
147 147
151 52 151
154 154
155 155
161 161
163 163
164 168
165 165
169 169
170 170
171 171
172 172
174 174
176 176 90
177 177
