Dannemora Hamburg Flower Oceanside Gasport Falconer Gardiner Fulton Fairport Norwood Franklin Delhi Freeville Farnham Florida Deer Delanson Dunkirk Frewsburg Farmingville Highland Firthcliffe Earlville Deposit Herricks Delmar Germantown Deferiet Fishers Forest Norwich Fabius Fonda Fleischmanns Hewlett Fairview Geneva Depew Hicksville Herkimer Fayetteville Harbor Fredonia Depauville Ghent Freeport Forestville Davis Fishkill Galeville Delevan Dansville Franklinville Hermon Dexter Fairmount DeRuyter Frankfort Flanders Goshen Fire Dannemora
49
Flower Flower
Oceanside Fair
Gasport Gasport
Falconer Falconer
Gardiner Friendship Gardiner
Fulton Fulton
Fairport Fairport
Franklin Franklin
Delhi Delhi
Freeville Freeville
Farnham Farnham
Florida Florida
Deer Deer
Delanson Delanson
Dunkirk Dunkirk
Frewsburg Frewsburg
Farmingville Farmingville
Firthcliffe Firthcliffe
Earlville Earlville
Deposit Deposit
Delmar Delmar
Germantown Germantown
Deferiet Deferiet
Fishers Fishers
Forest Forest
Fabius Fabius
Fonda Fonda
Fleischmanns Fleischmanns
Fairview Fairview
Geneva Geneva
Depew Depew
Fayetteville Fayetteville
Fredonia Fredonia
Depauville Depauville
Ghent Ghent
Freeport Freeport
Forestville Forestville
Davis Davis
Fishkill Fishkill
Galeville Galeville
Delevan Delevan
Dansville Dansville
Franklinville Franklinville
Dexter Dexter
Fairmount Fairmount
DeRuyter DeRuyter
Frankfort Frankfort
Flanders Flanders
Fire Fire
