Acton Compton Bowles Buttonwillow Boronda Beckwourth Calistoga Belvedere Bonita Carrick Alameda Berkeley Auburn Ceres Bloomington Cupertino Duarte Burney Bakersfield Canyondam Encinitas Armona Danville Blythe Arbuckle Biola Brentwood Calabasas Beaumont Benicia Chowchilla Avery Capitola Barstow Calimesa Burbank Brisbane Belmont Arcadia Calwa Anaheim Bystrom Aromas Bootjack Azusa Brea Bishop Arvin Cayucos Cambria Almanor Brawley Biggs Byron Fellows Bradbury Adelanto Clayton Arcata Belden Gardena Campbell Arnold Bradley Caruthers Covelo Ashland Alhambra Burlingame Ducor Bayview Albany Escondido Atwater Emeryville Folsom Caribou Anderson Calexico Blairsden Calexico Florin Alturas Dinuba Banning Alamo Avalon Columbia Alpine Fontana Castroville August Cotati Bodfish Cartago Bluewater Cerritos Broadmoor Amesti Cabazon Crockett Calipatria Escalon Alpaugh Bell Artesia Fallbrook Carson Antioch Atascadero Angwin Bolinas Bellflower Carlsbad Acton
96
Bowles Bowles
Buttonwillow Buttonwillow
Boronda Boronda
Beckwourth Beckwourth
Calistoga Calistoga
Belvedere Belvedere
Bonita Bonita
Carrick Carrick
Alameda Alameda
Berkeley Berkeley
Auburn Auburn
Ceres Ceres
Bloomington Bloomington
Cupertino Auberry
Duarte Carmichael
Burney Burney
Bakersfield Bakersfield
Canyondam Canyondam
Armona Armona
Blythe Blythe
Arbuckle Arbuckle
Biola Biola
Brentwood Brentwood
Calabasas Calabasas
Beaumont Beaumont
Benicia Benicia
Chowchilla Avenal
Avery Avery
Capitola Capitola
Barstow Barstow
Calimesa Calimesa
Burbank Burbank Camarillo
Brisbane Brisbane
Belmont Belmont
Arcadia Arcadia
Calwa Calwa
Anaheim Anaheim
Bystrom Bystrom
Aromas Aromas
Bootjack Bootjack
Azusa Azusa
Brea Brea
Bishop Bishop
Arvin Arvin
Cayucos Cayucos
Cambria Cambria
Almanor Almanor
Brawley Brawley
Biggs Biggs
Byron Byron
Bradbury Bradbury
Adelanto Adelanto
Arcata Arcata
Belden Belden
Campbell Campbell
Arnold Arnold
Bradley Bradley
Caruthers Caruthers
Covelo Altadena
Ashland Ashland
Alhambra Alhambra
Burlingame Burlingame
Bayview Bayview
Albany Albany
Atwater Atwater
Caribou Caribou
Anderson Anderson
Blairsden Atherton Blairsden
Calexico Calexico
Alturas Alturas
Banning Banning
Alamo Alamo
Avalon Avalon
Columbia Carpinteria
Alpine Alpine
Castroville Castroville
August August
Cotati Boron
Bodfish Bodfish
Cartago Cartago
Bluewater Bluewater
Cerritos Cerritos Aptos
Broadmoor Broadmoor
Amesti Amesti
Cabazon Cabazon
Calipatria Calipatria
Alpaugh Alpaugh
Bell Bell
Artesia Artesia
Carson Carson
Antioch Antioch
Atascadero Bonsall Atascadero
Angwin Angwin
Bolinas Bolinas
Bellflower Bellflower
Carlsbad Carlsbad
