Acadia Guadalupe Sequoia Arches Olympic Crater Badlands Basin Gunnison Tortugas Bend Voyageurs Smoky Lassen Isle Teton Gateway Glacier Brycecanyon Canyonlands Clark Cuyahoga Channel Indiana Haleakala Teddy Denali Katmai Everglades Congaree Caverns Rocky Biscayne Acadia
25
Acadia Capitol
Guadalupe Guadalupe
Arches Arches
Crater Crater
Badlands Badlands
Basin Basin
Gunnison Gunnison
Tortugas Tortugas
Bend Bend
Smoky Smoky
Isle Isle
Teton Teton
Gateway Gateway
Glacier Glacier
Brycecanyon Brycecanyon
Canyonlands Canyonlands
Cuyahoga Cuyahoga
Channel Channel
Indiana Indiana
Haleakala Haleakala
Denali Denali
Everglades Everglades
Congaree Congaree
Caverns Caverns
Biscayne Biscayne
