Soda RepublicCity RokusIsland LakeLaogai Omashu CaveOfTwoLovers SiWongDesert IslandOfKyoshi EmberIsland SouthernWaterTribe NorthernWaterTribe EasternAirTemple WesternAirTemple SouthernAirTemple NorthernAirTemple BaSingSe TheKindegarden Homeworld Ooo PolarExpress Hel SantasWorkshop Cocytus Phlegethon Lethe Acheron Styx Ganges Othrys TirNaNog Troy Kailash Olympus Droon Asphodel Tartarus Elysium Asgard Yggdrasil Vanaheim Muspelheim Niffelheim Mustafar Bespin Coruscant Naboo Tatooine Hoth Volantis Tyrosh Pentos2 Norvos Myr Lys Lorath Soda
53
Styx Styx
Ganges Ganges
Othrys Othrys
TirNaNog TirNaNog
Troy Troy
Kailash Kailash
Olympus Olympus
Droon Droon
Asphodel Asphodel
Tartarus Tartarus
Elysium Elysium
Asgard Asgard
Yggdrasil Yggdrasil
Vanaheim Vanaheim
Muspelheim Muspelheim
Niffelheim Niffelheim
Mustafar Mustafar
Bespin Bespin
Coruscant Coruscant
Naboo Naboo
Tatooine Tatooine
Hoth Hoth
Volantis Volantis
Tyrosh Tyrosh
Pentos2 Pentos2
Norvos Norvos
Myr Myr
Lys Lys Lorath
Acheron Acheron
Lethe Lethe
Phlegethon Phlegethon
Cocytus Cocytus
SantasWorkshop SantasWorkshop
Hel Hel
PolarExpress PolarExpress
Ooo Ooo
Homeworld Homeworld
TheKindegarden TheKindegarden
BaSingSe BaSingSe
NorthernAirTemple NorthernAirTemple
SouthernAirTemple SouthernAirTemple
WesternAirTemple WesternAirTemple
EasternAirTemple EasternAirTemple
NorthernWaterTribe NorthernWaterTribe
SouthernWaterTribe SouthernWaterTribe
EmberIsland EmberIsland
IslandOfKyoshi IslandOfKyoshi
SiWongDesert SiWongDesert
CaveOfTwoLovers CaveOfTwoLovers
Omashu Omashu
LakeLaogai LakeLaogai
RokusIsland RokusIsland
RepublicCity RepublicCity
