0a 0b 0c 0a 15l 15i 15h 15e 15d 15a 15b 15c 15a 14l 14i 14h 14e 14d 14a 14b 14c 14a 13l 13i 13h 13e 13d 13a 13b 13c 13a 12l 12i 12h 12e 12d 12a 12b 12c 12a 11l 11i 11h 11e 11d 11a 11b 11c 11a 10l 10i 10h 10e 10d 10a 10b 10c 10a 9l 9i 9h 9e 9d 9a 9b 9c 9a 8l 8i 8h 8e 8d 8a 8b 8c 8a 7l 7i 7h 7e 7d 7a 7b 7c 7a 6l 6i 6h 6e 6d 6a 6b 6c 6a 5l 5i 5h 5e 5d 5a 5b 5c 5a 4l 4i 4h 4e 4d 4a 4b 4c 4a 3l 3i 3h 3e 3d 3a 3b 3c 3a 2l 2i 2h 2e 2d 2a 2b 2c 2a 1l 1i 1h 1e 1d 1a 1b 1c 1a 0l 0i 0h 0e 0d 0a
64
0b 0b
0c 0c
10i 10j 10k
0e 0f 0g
11b 11b
11c 11c
0i 0j 0k
11e 11f 11g
1b 1b
1c 1c
11i 11j 11k
1e 1f 1g
12b 12b
12c 12c
1i 1j 1k
12e 12f 12g
2b 2b
2c 2c
12i 12j 12k
13b 13b
13c 13c
2e 2f 2g
2i 2j 2k
13e 13f 13g
3b 3b
3c 3c
13i 13j 13k
3e 3f 3g
14b 14b
14c 14c
3i 3j 3k
14e 14f 14g
4b 4b
4c 4c
14i 14j 14k
4e 4f 4g
15b 15b
15c 15c
4i 4j 4k
15e 15f 15g
5b 5b
5c 5c
15i 15j 15k
5e 5f 5g
5i 5j 5k
6b 6b
6c 6c
6e 6f 6g
6i 6j 6k
7b 7b
7c 7c
7e 7f 7g
7i 7j 7k
8b 8b
8c 8c
8e 8f 8g
8i 8j 8k
9b 9b
9c 9c
9e 9f 9g
9i 9j 9k
10b 10b
10c 10c
10e 10f 10g
