6 195 193 195 188 186 188 181 174 172 174 167 165 167 160 158 160 153 152 153 146 145 146 139 137 139 132 131 132 125 124 125 118 116 118 111 109 111 104 103 104 97 96 97 90 83 76 69 62 55 53 55 48 47 48 41 34 33 34 27 25 27 20 19 20 13 12 13 6
47
6 6 2 1
193 190 189
195 194
186 186 182
188 184
181 181 177 179
174 174
172 172 169
165 161 165
167 166
160 160
158 155 154
152 149 150
153 148
145 145 142
146 140
139 136
137 133 134
132 126
131 128 129
125 120
124 124 122
116 112 116
118 115
109 106 105
111 110
103 101 100 103
96 96 94
97 91
90 88 87 90
83 77 83 80
76 74 76 75
69 69 64 65
62 60 61 62
55 51
53 53 50
48 43
47 47 44
41 39 41 38
34 32
33 30 31
25 22 25
27 27
19 17 19
20 18
13 11
12 10 12
