0 11 12 22 13 3 4 15 6 17 8 19 28 27 26 36 47 58 77 87 89 108 119 138 139 149 159 158 148 147 137 126 135 155 156 157 167 168 178 188 196 186 185 175 174 184 193 192 180 171 172 173 162 161 150 151 132 143 123 112 111 90 80 91 92 82 73 84 94 105 115 124 114 104 95 85 75 76 66 57 56 46 45 35 24 33 43 54 55 64 63 62 52 51 40 31 30 20 0
97
11 11
12 12
22 22
13 13
3 3
4 4
15 15
6 6
17 17
8 8
19 19
28 28
27 27
26 26
36 36
47 47
58 58
77 77
87 87
89 89
108 107
119 119
138 138
139 139
149 149
159 159
158 158
148 148
147 147
137 137
126 126
135 135
155 155
156 156
157 157
167 167
168 168
178 178
188 188
196 196
186 186
185 185
175 175
174 174
184 184
193 193
192 192
180 180
171 171
172 172
173 173
162 162
161 161
150 150
151 151
132 132
143 143
123 123
112 112
111 111
90 90
80 80
91 91
92 92
82 82
73 73
84 84
94 94
105 105
115 115
124 124
114 114
104 104
95 95
85 85
75 75
76 76
66 66
57 57
56 56
46 46
45 45
35 35
24 24
33 33
43 43
54 54
55 55
64 64
63 63
62 62
52 52
51 51
40 40
31 31
30 30
20 20
