Loc1 Loc16 Loc42 Loc71 Loc64 Loc172 Loc48 Loc189 Loc12 Loc5 Loc54 Loc162 Loc17 Loc108 Loc9 Loc89 Loc168 Loc47 Loc176 Loc155 Loc51 Loc69 Loc124 Loc23 Loc95 Loc70 Loc106 Loc134 Loc180 Loc56 Loc177 Loc165 Loc160 Loc112 Loc65 Loc41 Loc94 Loc194 Loc91 Loc128 Loc111 Loc166 Loc75 Loc135 Loc85 Loc98 Loc50 Loc58 Loc129 Loc178 Loc147 Loc78 Loc170 Loc45 Loc167 Loc96 Loc186 Loc132 Loc158 Loc197 Loc44 Loc4 Loc133 Loc164 Loc11 Loc126 Loc33 Loc146 Loc6 Loc191 Loc159 Loc84 Loc60 Loc174 Loc118 Loc93 Loc8 Loc150 Loc183 Loc53 Loc22 Loc3 Loc127 Loc182 Loc187 Loc14 Loc199 Loc46 Loc49 Loc76 Loc131 Loc7 Loc88 Loc38 Loc156 Loc192 Loc157 Loc74 Loc113 Loc151 Loc59 Loc151 Loc113 Loc77 Loc179 Loc107 Loc10 Loc1
86
Loc1 Loc30
Loc16 Loc16
Loc42 Loc13
Loc71 Loc71
Loc172 Loc172
Loc48 Loc154
Loc189 Loc189
Loc12 Loc15
Loc5 Loc5
Loc54 Loc54
Loc162 Loc37 Loc144
Loc17 Loc17
Loc108 Loc57
Loc9 Loc9
Loc168 Loc168
Loc47 Loc163 Loc83 Loc31
Loc176 Loc176
Loc155 Loc109 Loc61
Loc51 Loc51
Loc69 Loc0
Loc124 Loc124
Loc23 Loc23
Loc95 Loc95
Loc70 Loc32
Loc106 Loc106
Loc134 Loc190
Loc180 Loc180
Loc56 Loc195
Loc177 Loc177
Loc165 Loc110 Loc19 Loc188
Loc160 Loc160
Loc65 Loc65
Loc94 Loc94
Loc91 Loc91
Loc128 Loc128
Loc111 Loc111
Loc75 Loc75
Loc135 Loc149
Loc85 Loc85
Loc50 Loc50
Loc129 Loc129
Loc178 Loc27
Loc147 Loc147
Loc170 Loc170
Loc45 Loc62
Loc167 Loc167
Loc96 Loc96
Loc186 Loc122
Loc132 Loc132
Loc158 Loc140 Loc20
Loc197 Loc197
Loc44 Loc44
Loc4 Loc171
Loc133 Loc133
Loc11 Loc11
Loc126 Loc141
Loc33 Loc33
Loc146 Loc175 Loc97 Loc25 Loc145
Loc6 Loc6
Loc159 Loc159
Loc84 Loc101
Loc60 Loc60
Loc118 Loc118
Loc8 Loc8
Loc150 Loc153
Loc183 Loc183
Loc53 Loc53
Loc3 Loc3
Loc182 Loc182
Loc14 Loc14
Loc46 Loc46
Loc76 Loc76
Loc131 Loc99
Loc7 Loc7
Loc88 Loc18
Loc38 Loc38
Loc156 Loc100
Loc192 Loc192
Loc157 Loc103
Loc74 Loc74
Loc151 Loc151
Loc59 Loc59 Loc123
Loc77 Loc77
Loc179 Loc52 Loc39
Loc107 Loc107
Loc10 Loc143 Loc67 Loc137
