pace king guarantee due seize sunrise title shy nationalist dip joint demand cigarette tablet swear other approval mystery gate circulation output autonomy glasses tool dialogue prison solve tolerate forge vegetarian linger dough enhance legislation sign romantic straighten quality headline mature buffet exclusive class disclose skeleton understand paper deposit honor feature interactive throne imposter fortune page lake rob bitter respect financial voice pace
47
king king
guarantee guarantee
seize seize
sunrise sunrise
title title
shy shy
nationalist nationalist
dip dip
demand demand pain
cigarette cigarette
tablet tablet
swear swear
other other
mystery mystery enter
circulation circulation
output output
autonomy autonomy
glasses glasses
tool tool
dialogue likely
prison prison
tolerate tolerate
forge winner
vegetarian vegetarian
linger linger
dough dough
enhance thumb enhance
legislation legislation
sign sign
quality quality
headline headline
mature brake
buffet buffet
exclusive exclusive
class class
disclose injury
understand figure
paper paper
honor honor
throne throne
imposter imposter
page page
lake lake
rob rob
bitter bitter
financial financial
voice voice
