pace other likely viable atmosphere rent swear coast forge confrontation development native mature page deposit rage bitter coffin attraction guarantee joystick bowel brake profound view dive coincide identity straighten pig pier bleed curriculum chew drawer smile bleed environment interface electronics swop nationalist acceptance assume railcar tool liver ignore shiver structure throne respect chair mixture mercy financial injection pardon vegetarian market banana driver imposter tablet note deter linger physics linger decisive greeting begin lake write feature demand injury flag home error interactive election lifestyle cotton paper autonomy quality boom winner virgin blonde pipe buffet exempt dramatic opposed dip exclusive excuse teacher ex spoil desk enemy illusion joint single country triple candle ask quadruple other pace
90
pace pace
likely likely comfortable
viable viable
atmosphere atmosphere
rent rent
swear swear
coast coast
forge forge
confrontation confrontation
development development skeleton
native native
mature mature
page page
rage rage
coffin coffin
attraction attraction
guarantee guarantee
bowel bowel
brake scheme
profound profound
dive dive
coincide coincide
identity identity
straighten straighten
pig pig
curriculum curriculum
chew offset
drawer drawer
smile headline smile
environment environment
interface interface
electronics electronics
swop swop
acceptance acceptance
railcar railcar
tool tool
liver liver
ignore due ignore audience
shiver shiver
structure structure
throne throne
respect respect
chair chair
mercy mercy
financial financial
injection injection
pardon pardon
vegetarian exile
market market
banana widen
driver driver
imposter imposter
tablet tablet
note note
deter thumb deter
physics dough physics
decisive decisive
greeting greeting
begin begin
feature feature
demand rob
injury injury
flag flag
home home
error error
interactive interactive
election election
lifestyle lifestyle
cotton cotton
autonomy autonomy
boom boom
winner assignment
virgin virgin
pipe pipe
buffet buffet
exempt exempt
dip dip
exclusive exclusive
excuse excuse
teacher teacher
spoil spoil
enemy stress control enemy
illusion illusion
joint output
country knot country
triple triple
candle candle
ask ask
quadruple quadruple
other other
