pace nationalist brake headline audience due excuse gate tablet approval prison enter thumb guarantee page king likely market mixture injury output exclusive pace
20
likely circulation likely
excuse excuse
prison honor
king king
mixture mixture
injury skeleton injury
output output
due voice
page page
audience audience
enter enter deposit
guarantee guarantee
gate gate
market market
thumb exempt
headline headline
exclusive throne
brake opposed brake
nationalist feature nationalist
approval approval
