0 182 27 34 133 134 38 132 40 131 44 135 138 1 139 141 5 24 144 20 146 145 14 147 149 11 150 152 151 60 153 57 54 154 155 52 156 47 157 159 160 120 162 163 67 164 72 165 76 166 167 80 92 86 168 89 169 94 102 171 170 172 175 106 176 111 114 118 177 178 179 181 182 0
30
27 33 32 28 29 30 31
34 35 36 37
38 39
40 41 42 43
44 45 46
1 13 2 3 4
5 6 7 8 9 10
24 25 26
20 21 22 23
14 15 16 17 18 19
11 12
60 66 63 64 61 62 65
57 59 58
54 55 56
52 53
47 49 50 51 48
120 128 123 129 130 121 126 124 125 127 122
67 69 68 70 71
72 73 74 75
76 77 78 79
80 82 81 83 84 85
92 93
86 88 87
89 90 91
94 96 95 97 98 99 100 101
102 103 104 105
106 107 108 109 110
111 112 113
114 115 116 117
118 119
