C0 C179 C68 C183 C165 C100 C185 C164 C154 C126 C184 C134 C172 C166 C160 C88 C187 C82 C187 C171 C110 C145 C161 C127 C122 C114 C152 C139 C132 C104 C141 C149 C144 C120 C153 C105 C191 C95 C121 C97 C167 C192 C124 C129 C194 C168 C93 C169 C125 C198 C142 C146 C101 C157 C137 C196 C102 C159 C151 C195 C182 C108 C193 C181 C123 C103 C177 C162 C119 C190 C107 C0
69
C179 C179
C68 C18 C68
C165 C57 C165
C100 C100
C185 C185 C48
C164 C164
C154 C154 C30
C126 C49
C184 C70 C2 C24
C134 C134
C172 C172
C166 C166
C160 C59 C160
C88 C88
C187 C87
C82 C8 C25
C171 C28 C171
C110 C110
C145 C145
C161 C161
C127 C127
C122 C122
C114 C114
C152 C152
C139 C139
C132 C132
C104 C104
C141 C4 C56 C141
C149 C149
C144 C144
C120 C120
C153 C153
C105 C105 C45
C191 C31
C95 C95
C121 C121
C97 C97
C167 C27 C167 C26
C192 C51 C192 C5 C1
C124 C124
C129 C129
C194 C194
C168 C168
C93 C93
C169 C169 C50
C125 C54
C198 C86 C198 C71 C74
C142 C10 C7
C146 C84 C146
C101 C101
C157 C78 C77
C137 C55 C137 C32
C196 C196 C43
C102 C11
C159 C63 C16 C35
C151 C47
C195 C19 C20
C182 C182
C108 C66
C193 C193
C181 C181
C123 C123
C103 C103
C177 C58
C162 C52 C3
C119 C119
C190 C190
C107 C107
C0 C0
