9iIwk 6EWVx jT5CK qkJ6b 1xmtC Mj2eQ ZzWHp MA43U jYfXn Ew56P LZomt QVYVG RhUVQ aHGHb WGJpQ vE0Pj knY3U Ri2t4 1uRw3 WJNpN AgYPL YH6mk Y7IDR YH6mk 5ioW1 XZKtP Be0ab 5ioW1 vrNke k6V9L pXCjI ZgtaX veOJ7 ZgtaX BnAjj k64Ok fS0W8 Esl6u rrNj1 0mah3 ChXAd 0mah3 h2rea 9iIwk jASvw oqPYQ jASvw 9iIwk
33
9iIwk 9iIwk 5R5Xa
jT5CK 5BDPJ jT5CK
qkJ6b qkJ6b
1xmtC XYzcU 1xmtC
Mj2eQ Mj2eQ
ZzWHp ZzWHp iEXNY
jYfXn jYfXn
Ew56P SgDk6
LZomt LZomt
QVYVG 7G74f
RhUVQ RhUVQ
aHGHb aHGHb kmzhT
WGJpQ WGJpQ
vE0Pj vE0Pj
knY3U jAwQw
Ri2t4 Ri2t4 y89SK
1uRw3 1uRw3 1pxZM
WJNpN 5VT1H
AgYPL tnjfN AgYPL
YH6mk YH6mk
Y7IDR Y7IDR 4a0W8
XZKtP bXinH dw7aX XZKtP
Be0ab Be0ab
5ioW1 5ioW1
pXCjI pXCjI
ZgtaX JgjFI Vake4 ZgtaX
veOJ7 veOJ7 iCgvV
BnAjj BnAjj
fS0W8 fS0W8 p9vQm
ChXAd 1eRkH ChXAd
h2rea h2rea
oqPYQ oqPYQ 0GdkR
jASvw jASvw
