HAZtD 6gp0A kPB79 UqGfS X2hjX GxQg8 lJnz7 1gvq4 rH3nx p3gJd DaieK p3gJd cpzS8 p3gJd cC0Rg gpbSj u60s4 9cp56 0F8yg 4PSW9 zcuSA jyRQW Xqwfz 7kY28 URrao 7kY28 IOpdQ 1VA1I BaYb3 SxklZ rVnMc OWqP4 6owsT 0moVI HAKlt 6sv9O iPRoT Q8lcd GaZ4O H1xt8 o2JtM DuU0x e7SjH E6pda xKTIz RkCLD SfSL1 bMhFI CHx6u rmW0U GrnJ7 iIQll Vg6Sz 4jcrD DmTRc tgL8p 0FMEI R6NzB v0WXM iHR3J SE1WY fWz4T EgumV UQeyk kjZGl kNG2j AwFdf 2zHfe fExZu wVSYr WVEjT Agb0E b9v0q eVDVP Ia6ul kvy7i Q5zY0 69WZh zrVPv 69WZh jesVt 4AhmX 93R2m C4biR aegld O8CwF XbFfE aWuHk 3NU9e CXkxa ED9em CXkxa RN9nS bW6Ms vfAR8 EyMEe z82fM F7CZj J0OP0 Cg1yP wnnBN 4Eg1F HAZtD
74
kPB79 4Tt2a 4PXv9
UqGfS Ssao4 NqBQW UqGfS
X2hjX X2hjX
GxQg8 GxQg8
lJnz7 lJnz7
1gvq4 1gvq4
rH3nx rH3nx
DaieK uPUO1 DaieK
p3gJd p3gJd
cpzS8 cpzS8 acHTt
cC0Rg cC0Rg
gpbSj gpbSj
u60s4 Zxvdf u60s4
9cp56 5EAEu
0F8yg 0F8yg
zcuSA zcuSA
Xqwfz pLg86
7kY28 7kY28
URrao fiXIW URrao
IOpdQ IOpdQ
1VA1I 1VA1I Zok18
BaYb3 BaYb3
SxklZ SxklZ VESmp
OWqP4 OWqP4
6owsT 6owsT
0moVI 0moVI
HAKlt Pk19A HAKlt iimZq
iPRoT 8Qx0C
Q8lcd Q8lcd
H1xt8 H1xt8
DuU0x BIY9X DuU0x
e7SjH 2LhKB
E6pda E6pda
xKTIz xKTIz
bMhFI bMhFI lF8gH
CHx6u CHx6u
rmW0U HOuAL 9tf0w
GrnJ7 v9joy UbqWX iaaYU gNinx
iIQll p4kTx iIQll
Vg6Sz Vg6Sz
4jcrD 4jcrD
DmTRc DmTRc
0FMEI 2GCiD
R6NzB R6NzB
iHR3J iHR3J
SE1WY TzGS5
fWz4T fWz4T
EgumV EgumV
kNG2j kNG2j
AwFdf AwFdf
fExZu fExZu v7hOX
WVEjT WVEjT
Agb0E Agb0E VG4na
b9v0q SEkfX
eVDVP eVDVP
Ia6ul Ia6ul
69WZh mdIe6 69WZh ox9Gx
zrVPv wedr3 zrVPv
jesVt jesVt
4AhmX 4AhmX
93R2m cu5FB
aegld aegld
O8CwF O8CwF TlJnt
XbFfE iqOI4
aWuHk aWuHk
ED9em 5h4rt ED9em
CXkxa Lusir
RN9nS RN9nS
bW6Ms bW6Ms
vfAR8 vfAR8
z82fM z82fM
J0OP0 J0OP0 iKwe0
Cg1yP Cg1yP
wnnBN wnnBN
