1 52 89 95 116 199 132 153 51 142 147 82 78 127 110 86 96 176 23 99 185 175 98 119 103 60 130 12 57 84 140 108 156 18 136 53 3 159 193 186 137 46 90 101 88 49 121 105 128 91 93 92 31 162 56 138 13 15 58 26 64 161 182 194 115 36 7 163 157 83 42 129 152 190 43 14 174 71 66 1
78
52 52
89 89
95 95
116 116
199 199
132 132
153 153
51 51
142 142
147 147
82 82
78 78
127 127
110 110
86 86
96 96
176 176
23 23
99 99
185 185
175 175
98 98
119 119
103 103
60 60
130 130
12 12
57 57
84 84
140 140
108 108
156 156
18 18
136 136
53 53
3 3
159 159
193 193
186 186
137 137
46 46
90 90
101 101
88 88
49 49
121 121
105 105
128 128
91 91
93 93
92 92
31 31
162 162
56 56
138 138
13 13
15 15
58 58
26 26
64 64
161 161
182 182
194 194
115 115
36 36
7 7
163 163
157 157
83 83
42 42
129 129
152 152
190 190
43 43
14 14
174 174
71 71
66 66
