location46 location45 location44 location43 location38 location14 location8 location9 location1 location2 location3 location4 location5 location6 location7 location13 location12 location11 location10 location16 location23 location24 location17 location18 location25 location26 location30 location29 location28 location50 location49 location50 location51 location52 location53 location54 location55 location56 location78 location79 location80 location81 location76 location75 location74 location72 location73 location70 location69 location68 location67 location66 location86 location88 location86 location65 location64 location63 location62 location61 location46
39
location3 location3
location4 location4
location5 location5
location6 location6
location7 location7
location9 location15
location10 location10
location11 location11
location13 location13
location14 location14
location17 location17
location18 location18
location23 location22
location24 location24
location25 location25
location26 location26
location29 location29
location30 location33 location30
location38 location38
location44 location39
location45 location40
location46 location41
location49 location48 location49
location50 location37
location51 location57
location55 location55
location62 location62
location63 location63
location64 location64
location70 location70
location72 location72
location73 location73
location74 location74
location76 location77
location78 location78
location79 location79
location80 location80
location86 location87
location88 location88 location89 location90
