location1 location4 location79 location76 location73 location43 location40 location37 location34 location35 location38 location41 location42 location45 location47 location50 location53 location54 location55 location83 location86 location17 location14 location15 location166 location169 location71 location144 location147 location150 location153 location152 location155 location158 location159 location160 location157 location154 location151 location49 location133 location130 location131 location132 location135 location138 location141 location142 location143 location140 location137 location6 location3 location26 location27 location24 location21 location18 location19 location51 location177 location176 location173 location170 location167 location168 location171 location87 location90 location93 location94 location95 location92 location89 location86 location85 location82 location81 location78 location63 location60 location33 location30 location29 location26 location25 location68 location67 location125 location124 location123 location120 location117 location114 location113 location110 location109 location106 location103 location100 location101 location1
82
location1 location1
location4 location5
location79 location79
location76 location77 location69 location75
location73 location73
location43 location43
location40 location39
location37 location37
location34 location7
location35 location35
location41 location41
location45 location45
location47 location47
location50 location11
location53 location53
location54 location57
location55 location55
location83 location83
location17 location17
location14 location13
location15 location15
location169 location169
location71 location71
location147 location147
location150 location149
location153 location153
location155 location155
location158 location161
location159 location159
location160 location163
location157 location157
location151 location151
location49 location49
location133 location133
location130 location129
location131 location131
location135 location135
location141 location141
location142 location145 location139
location143 location143
location137 location137
location6 location9
location3 location3
location26 location23
location27 location27
location21 location21
location19 location19
location51 location51
location177 location177
location176 location179 location175
location173 location173
location167 location167
location168 location165
location171 location171
location87 location87
location93 location93
location94 location97 location91
location95 location95
location89 location89
location85 location85
location81 location81
location63 location63
location60 location61 location59
location33 location33
location30 location31
location29 location29
location25 location25
location68 location65
location67 location67
location125 location125
location124 location127 location121
location123 location123
location120 location119
location117 location117
location114 location111 location115
location113 location113
location110 location107
location109 location109
location106 location105
location103 location103
location100 location99
location101 location101
