Abbey Ruth Liberty Nora Avni Riley Eden Harley Beatrice Alexia Helen Kiera Dana Sophia Maeve Tanya Kayley Mira Mckinley Lillie Rayna Tara Yoselin Jamiya Carlee Rebecca Kimberly Karma Lana Vivian Jordin Marisol Ayanna Matilda Haven Kristina Lisa Shannon Presley Lilia Isabella Abbey
40
Ruth Ruth
Liberty Liberty
Nora Nora
Avni Avni
Riley Riley
Eden Eden
Harley Harley
Beatrice Beatrice
Alexia Alexia
Helen Helen
Kiera Kiera
Dana Dana
Sophia Sophia
Maeve Maeve
Tanya Tanya
Kayley Kayley
Mira Mira
Mckinley Mckinley
Lillie Lillie
Rayna Rayna
Tara Tara
Yoselin Yoselin
Jamiya Jamiya
Carlee Carlee
Rebecca Rebecca
Kimberly Kimberly
Karma Karma
Lana Lana
Vivian Vivian
Jordin Jordin
Marisol Marisol
Ayanna Ayanna
Matilda Matilda
Haven Haven
Kristina Kristina
Lisa Lisa
Shannon Shannon
Presley Presley
Lilia Lilia
Isabella Isabella
