Abbey Kiley Alexia Janiya Diana Lindsay Kiana Sharon Zaria Alivia Dana Tara Laylah Jaden Kimberly Juliette Elianna Aubree Matilda Emilie Sophie Melina Lilyana Lilia Parker Avni Keyla Myah Noelle Alia Jasmin Aniya Aryana Mireya Madilynn Claire Kristin Jamiya Jillian Mira Denisse Haven Kayden Mya Ciara Shyanne Ingrid Imani Zion Carlee Brooklyn Carlie Arielle Zara Taniyah Kaley Ashley Lacey Chasity Ariel Sophia Baylee Mckinley Christine Mckayla Kira Kaydence Kenzie Alexus Maggie Natalee Riley Iyana Bryanna Carly Emma Lainey Carleigh Kristina Rylee Jimena Lucille Neveah Jazmyn Leila Dayami Camilla Jade Gillian Nia Abbey
90
Abbey Abbey
Kiley Kiley
Alexia Alexia
Janiya Janiya
Diana Diana
Lindsay Lindsay
Kiana Kiana
Sharon Sharon
Zaria Zaria
Alivia Alivia
Dana Dana
Tara Tara
Laylah Laylah
Jaden Jaden
Kimberly Kimberly
Juliette Juliette
Elianna Elianna
Aubree Aubree
Matilda Matilda
Emilie Emilie
Sophie Sophie
Melina Melina
Lilyana Lilyana
Lilia Lilia
Parker Parker
Avni Avni
Keyla Keyla
Myah Myah
Noelle Noelle
Alia Alia
Jasmin Jasmin
Aniya Aniya
Aryana Aryana
Mireya Mireya
Madilynn Madilynn
Claire Claire
Kristin Kristin
Jamiya Jamiya
Jillian Jillian
Mira Mira
Denisse Denisse
Haven Haven
Kayden Kayden
Mya Mya
Ciara Ciara
Shyanne Shyanne
Ingrid Ingrid
Imani Imani
Zion Zion
Carlee Carlee
Brooklyn Brooklyn
Carlie Carlie
Arielle Arielle
Zara Zara
Taniyah Taniyah
Kaley Kaley
Ashley Ashley
Lacey Lacey
Chasity Chasity
Ariel Ariel
Sophia Sophia
Baylee Baylee
Mckinley Mckinley
Christine Christine
Mckayla Mckayla
Kira Kira
Kaydence Kaydence
Kenzie Kenzie
Alexus Alexus
Maggie Maggie
Natalee Natalee
Riley Riley
Iyana Iyana
Bryanna Bryanna
Carly Carly
Emma Emma
Lainey Lainey
Carleigh Carleigh
Kristina Kristina
Rylee Rylee
Jimena Jimena
Lucille Lucille
Neveah Neveah
Jazmyn Jazmyn
Leila Leila
Dayami Dayami
Camilla Camilla
Jade Jade
Gillian Gillian
Nia Nia
