Taozhuang Chharra Jackson Rosedale Camayenne Artur Sicklerville Tupelo Gauting Rutherglen Rafiganj Villa Cibinong Boo Durazno Bhit Norco Longgang Bourbonnais Esmeraldas Aytos Gudermes Esperanza Bang Hechingen Azrou Ramla Sarandi Southsea Freetown Ulu New Memmingen Alatyr Kallio Strathfield Waverly Nonsan Somma Donggongon Vernon Jingzhou Uran Fort Oulmes Gua Besuki Chharra Taozhuang
46
Chharra Wesseling Ilesa
Jackson Jackson
Rosedale Rosedale
Camayenne Camayenne
Artur Artur
Sicklerville Sicklerville
Tupelo Tupelo
Gauting Gauting
Rutherglen Rutherglen
Rafiganj Rafiganj
Villa Villa
Cibinong Cibinong
Boo Boo
Durazno Durazno
Norco Udumalaippettai
Longgang Longgang
Bourbonnais Bourbonnais
Esmeraldas Esmeraldas
Aytos Aytos
Gudermes Gudermes
Esperanza Esperanza
Bang Bang
Hechingen Hechingen
Azrou Azrou
Ramla Ramla
Sarandi Sarandi
Southsea Calauan
Freetown Freetown
Ulu Ulu
New New
Memmingen Memmingen
Alatyr Alatyr
Kallio Kallio
Strathfield Strathfield
Waverly Waverly
Nonsan Nonsan
Somma Somma
Donggongon Donggongon
Vernon Caravaca Severodvinsk
Jingzhou Jingzhou
Uran Uran Jinotepe Pottstown
Fort Fort
Oulmes Oulmes
Gua Middle
Besuki Besuki
Taozhuang Taozhuang
