Ilesa Resplendor Great Ada Krymsk Bavly Gariadhar Minas Chacabuco Shaowu Perth Brzeg Kyzylorda Bensheim Bang Shagamu Calauan Onex Puerto Milledgeville PortVila Alexandria American Puducherry Tupelo Memmingen WaltonontheNaze Polohy Alfenas Aleshtar Jagna Stupino Villaquilambre Palafrugell Viewpark Ventimiglia DehiwalaMount Tupiza Valday Bogovinje Mouscron Uran Landshut Bon An Bobigny Sillanwali Sishui Talipparamba Marburg Palm Oberhausen Hermsdorf Sceaux Valletta Itacoatiara Sirsi Ponta MitryMory Magomeni Jashpurnagar Malden Rhosllanerchrugog Milagro Azrou Oulmes Mexborough Meizhou Toledo Davis Jiangyan Brunswick Belper Zaozhuang Rutland Stuttgart Aklera Foshan Ilesa
78
Bensheim Bensheim Ramla PointeClaire Campobasso
Belper Guli LonsleSaunier Skalica
Perth Perth Tak Clermont Sorsogon UlanUde Niort
MitryMory MitryMory Claremont Aurora Copperas Lodwar
Hermsdorf Hermsdorf
Minas Dahlem New
Krymsk Tiruppuvanam GernikaLumo
Calauan Calauan Tharu Paredes
Ventimiglia Yingkou Ventimiglia Barracas
Valday Valday
Uran Uran
Malden Malden
Milledgeville Milledgeville
Jagna Jagna
Marburg Lille Marburg
Polohy Polohy
Foshan Foshan
Puducherry Puducherry
Sishui Sishui
Memmingen Memmingen
Davis Davis
Alexandria Alexandria
Meizhou Meizhou
Rhosllanerchrugog Rhosllanerchrugog
Azrou Azrou
Oulmes Oulmes
Mexborough Mexborough
Puerto Puerto
Onex Onex
Brunswick Brunswick
Jiangyan Jiangyan
Milagro Milagro
Great Great Tyoply
Ada Ada
Resplendor Resplendor
Ilesa Ilesa
Alfenas Alfenas
Aleshtar Aleshtar
Bogovinje Bogovinje
Mouscron Mouscron
Talipparamba Talipparamba
American American
Gariadhar Gariadhar
Bavly Bavly
Ponta Ponta
Sirsi Sirsi
Itacoatiara Itacoatiara
Sceaux Sceaux
Valletta Valletta
Landshut Landshut
Bon Bon
WaltonontheNaze WaltonontheNaze
Shaowu Shaowu
Chacabuco Chacabuco
Aklera Aklera
Rutland Rutland
Zaozhuang Zaozhuang
Stuttgart Stuttgart
Viewpark Viewpark
Sillanwali Sillanwali
Bobigny Bobigny
An An
Jashpurnagar Jashpurnagar
Kyzylorda Kyzylorda
Brzeg Brzeg
Magomeni Magomeni
Tupelo Tupelo
Bang Bang
Shagamu Shagamu
Toledo Toledo
Oberhausen Oberhausen
Palm Palm
Tupiza Tupiza
DehiwalaMount DehiwalaMount
Villaquilambre Villaquilambre
Stupino Stupino
PortVila PortVila
Palafrugell Palafrugell
