108 30 186 177 189 82 56 151 128 55 143 37 53 90 57 96 45 127 26 5 35 188 174 153 144 132 81 64 112 126 8 61 17 67 120 138 36 79 46 32 13 44 66 21 158 63 133 107 38 31 190 116 109 59 157 179 150 75 110 77 105 95 68 85 23 6 48 34 178 130 43 140 1 83 139 65 92 196 197 137 118 182 148 176 100 191 117 24 114 142 99 28 181 167 156 184 113 136 134 73 193 39 146 78 54 170 49 101 51 7 69 108
92
69 69
7 7
101 101
49 49
170 170
54 54
78 78
146 146
39 39
193 11
73 73
134 134
136 136
184 184
156 187
167 167
181 181
28 28
99 99
142 142
114 114
24 24
117 117
100 100
176 176
148 148
182 182
118 118
137 137
197 197
196 84
92 92
65 65
83 83
1 1
140 140
43 43
130 130
34 34
48 48
23 23 129
85 85
68 68
95 95
77 77
110 110
75 75
150 150
179 179
157 157 15
109 109
190 190
31 31
38 38
107 107
133 133
63 63
66 66
44 44
13 13
32 32
46 46
79 79
36 36
138 138
120 120
67 67
17 17
61 61
126 126
64 64
81 81
144 144
153 153
174 19 174
188 188
35 14 35
5 5
26 26
45 45
96 96
57 57
53 53
37 37
143 143
128 128
151 151
56 56
82 71 82
177 177
186 186
30 121
