1 26 72 74 144 134 48 23 108 50 24 98 36 83 132 38 96 143 60 47 120 14 12 11 84 17 30 80 126 65 54 29 18 125 138 92 42 56 114 116 90 68 6 53 66 77 78 113 102 5 106 64 10 88 118 100 130 40 22 76 70 4 142 136 46 112 58 28 82 16 34 52 94 124 1
73
4 4
5 5
6 6
10 89 10 101
11 11
12 71 12 110 86 119 122 59 95
14 14
16 16
17 17
18 18
22 140 22
23 23
24 24
26 26
28 28
29 29
30 30
34 34
36 2 131 36
38 38
40 40
42 42
46 46
47 47
48 48
50 50
52 52
53 53
54 54
56 56
58 41 58 20
60 60
64 64
65 65
66 66
68 68
70 70 128
72 72
74 74
76 76
77 77
78 78
80 80
82 82 32
83 83
84 84
88 88
90 90
92 92
94 94
96 96
98 98
100 100
102 102
106 106 104
108 108
112 112
113 113
114 114
116 116
118 137 44 118
120 107 120
124 124
125 125
126 126
130 130 8
132 35 132 62
134 134
136 136
138 138
142 142
143 143
144 144
