pride thank equinox appear prove basketball bring accessible predict scrap berry present formation salmon inhibition think dilemma exotic contract craftsman work whole top domestic magnitude hide lobby dramatic leash maze loud celebration integrated childish pastel huge wrong homosexual shelter denial transaction belief rabbit creation glide bracket ballot fuss minimize linear battery skip seller steward east community desk dialect breakin suffer line gift mind tin thread mosaic company vote car crew deter dedicate trance snap merit dose offensive fortune absorption farewell transmission concern create direct tribe mechanism traction colon adult magnetic nationalism partnership pupil makeup deck valid perception cancel knit feign pride
100
thank thank
equinox equinox
appear appear
prove prove
basketball basketball
bring bring
accessible accessible
predict predict
scrap scrap
berry berry
present present
formation formation
salmon salmon
inhibition inhibition
think think
dilemma dilemma
exotic exotic
contract contract
craftsman craftsman
work work
whole whole
top top
domestic domestic
magnitude magnitude
hide hide
lobby lobby
dramatic dramatic
leash leash
maze maze
loud loud
celebration celebration
integrated integrated
childish childish
pastel pastel
huge huge
wrong wrong
homosexual homosexual
shelter shelter
denial denial
transaction transaction
belief belief
rabbit rabbit
creation creation
glide glide
bracket bracket
ballot ballot
fuss fuss
minimize minimize
linear linear
battery battery
skip skip
seller seller
steward steward
east east
community community
desk desk
dialect dialect
breakin breakin
suffer suffer
line line
gift gift
mind mind
tin tin
thread thread
mosaic mosaic
company company
vote vote
car car
crew crew
deter deter
dedicate dedicate
trance trance
snap snap
merit merit
dose dose
offensive offensive
fortune fortune
absorption absorption
farewell farewell
transmission transmission
concern concern
create create
direct direct
tribe tribe
mechanism mechanism
traction traction
colon colon
adult adult
magnetic magnetic
nationalism nationalism
partnership partnership
pupil pupil
makeup makeup
deck deck
valid valid
perception perception
cancel cancel
knit knit
feign feign
pride pride
