steward exotic scrap linear community pastel concern hide farewell adult skip belief deck company perception appear creation battery basketball top childish ballot crew think tin minimize steward
25
exotic exotic
scrap scrap
linear linear
community community
pastel pastel
concern concern
hide hide
farewell farewell
adult adult
skip skip
belief belief
deck deck
company company
perception perception
appear appear
creation creation
battery battery
basketball basketball
top top
childish childish
ballot ballot
crew crew
think think
tin tin
minimize minimize
