1 50 51 52 55 54 53 52 51 50 1 160 163 161 162 160 1 126 127 128 127 126 1 114 1 164 1 100 101 102 105 104 103 102 101 100 1 60 63 61 62 60 1 76 77 78 77 76 1 110 112 111 113 110 1 14 1 72 73 74 72 1 68 70 71 69 68 1 6 9 8 6 1 118 119 120 121 118 1 172 173 174 172 1 168 170 171 169 168 1 10 13 11 12 10 1 56 58 59 56 1 26 27 28 27 26 1 156 159 158 156 1 176 177 178 177 176 1 150 151 152 155 153 154 152 151 150 1 18 20 21 19 18 1 2 5 4 3 2 1 22 24 23 22 1 106 109 108 106 1 122 124 123 122 1 64 1
64
55 55
54 54
53 53
163 163
161 161
162 162
128 130 128
114 116 117 115
164 167 165 166
105 105
104 104
103 103
63 63
61 61
62 62
78 78 80
112 112
111 111
113 113
14 15 16 17
73 73
74 74 75
70 70
71 71
69 69
9 9
8 8
6 7
119 119
120 120
121 121
173 173
174 174 175
170 170
171 171
169 169
13 13
11 11
12 12
58 58
59 59
56 57
28 30 28
159 159
158 158
156 157
178 178 180
155 155
153 153
154 154
20 20
21 21
19 19
5 5
4 4
3 3
24 25 24
23 23
109 109
108 108
106 107
124 125 124
123 123
64 66 67 65
