loc0 loc66 loc52 loc18 loc80 loc96 loc54 loc72 loc39 loc86 loc75 loc8 loc51 loc70 loc42 loc88 loc84 loc26 loc78 loc82 loc36 loc68 loc87 loc56 loc24 loc46 loc30 loc44 loc87 loc20 loc90 loc32 loc48 loc4 loc60 loc28 loc63 loc16 loc99 loc58 loc27 loc38 loc0
38
loc0 loc0 loc2 loc12 loc62
loc66 loc66
loc52 loc52
loc18 loc18 loc14
loc80 loc80
loc96 loc96
loc54 loc54
loc72 loc72
loc39 loc64 loc94
loc86 loc86
loc8 loc8
loc51 loc40 loc76
loc70 loc70
loc42 loc42
loc88 loc88
loc84 loc84
loc26 loc26
loc78 loc34 loc78 loc22
loc82 loc82
loc36 loc36
loc68 loc68
loc56 loc56
loc24 loc24
loc46 loc46
loc30 loc30
loc44 loc44
loc20 loc20
loc90 loc90 loc6
loc32 loc32
loc48 loc48 loc50 loc10
loc4 loc4
loc60 loc60
loc28 loc28
loc63 loc98 loc74
loc16 loc16
loc99 loc92
loc58 loc58
loc38 loc38
