loc0 loc120 loc66 loc156 loc52 loc159 loc184 loc15 loc112 loc96 loc140 loc72 loc54 loc177 loc86 loc117 loc122 loc192 loc18 loc14 loc108 loc178 loc189 loc22 loc78 loc186 loc34 loc183 loc160 loc198 loc44 loc174 loc190 loc138 loc88 loc84 loc188 loc147 loc8 loc42 loc70 loc168 loc130 loc51 loc110 loc114 loc24 loc46 loc30 loc162 loc180 loc182 loc45 loc6 loc134 loc90 loc104 loc21 loc170 loc144 loc148 loc48 loc105 loc106 loc165 loc4 loc126 loc60 loc28 loc63 loc16 loc99 loc58 loc27 loc124 loc132 loc196 loc36 loc102 loc150 loc146 loc12 loc0
77
loc12 loc12
loc146 loc146
loc150 loc150
loc102 loc102
loc36 loc68 loc36
loc196 loc196
loc132 loc2 loc132 loc38 loc74 loc62
loc124 loc124
loc27 loc116
loc58 loc58
loc99 loc92
loc16 loc16
loc28 loc28
loc63 loc98
loc60 loc60
loc126 loc128 loc126
loc4 loc4
loc106 loc106
loc105 loc50
loc48 loc48 loc10
loc148 loc148
loc144 loc144 loc32 loc20
loc170 loc170
loc104 loc104
loc90 loc90
loc134 loc134
loc6 loc6
loc45 loc164
loc182 loc182
loc180 loc180
loc162 loc162
loc30 loc30
loc46 loc46
loc24 loc24
loc114 loc114
loc110 loc110
loc51 loc40 loc76
loc130 loc130
loc168 loc168 loc118
loc70 loc70
loc42 loc42 loc166
loc8 loc8
loc147 loc176
loc188 loc188
loc84 loc84
loc88 loc88
loc138 loc152 loc138
loc190 loc190
loc174 loc56 loc174
loc44 loc44
loc198 loc198
loc160 loc160
loc34 loc34
loc186 loc186
loc78 loc26 loc78
loc22 loc22
loc189 loc82
loc178 loc178
loc108 loc108
loc14 loc14
loc18 loc18 loc172 loc100
loc192 loc192 loc80
loc122 loc122
loc117 loc136 loc194 loc158 loc154
loc86 loc86
loc177 loc64 loc142 loc94
loc72 loc72
loc54 loc54
loc140 loc140
loc96 loc96
loc112 loc112
loc184 loc184
loc52 loc52
loc156 loc156
loc66 loc66
loc120 loc120
loc0 loc0
