0 68 23 18 30 49 57 31 9 10 80 58 67 54 46 88 83 47 85 59 12 69 94 74 78 28 76 21 84 1 51 72 62 70 43 99 55 22 38 24 66 27 7 53 36 20 79 63 35 25 32 98 86 6 37 64 50 87 4 45 73 5 90 44 89 2 29 42 97 77 11 71 34 56 26 93 96 82 3 75 95 14 61 41 81 48 19 91 15 16 40 39 17 8 33 65 52 60 92 13 0
100
0 0
68 68
23 23
18 18
30 30
49 49
57 57
31 31
9 9
10 10
80 80
58 58
67 67
54 54
46 46
88 88
83 83
47 47
85 85
59 59
12 12
69 69
94 94
74 74
78 78
28 28
76 76
21 21
84 84
1 1
51 51
72 72
62 62
70 70
43 43
99 99
55 55
22 22
38 38
24 24
66 66
27 27
7 7
53 53
36 36
20 20
79 79
63 63
35 35
25 25
32 32
98 98
86 86
6 6
37 37
64 64
50 50
87 87
4 4
45 45
73 73
5 5
90 90
44 44
89 89
2 2
29 29
42 42
97 97
77 77
11 11
71 71
34 34
56 56
26 26
93 93
96 96
82 82
3 3
75 75
95 95
14 14
61 61
41 41
81 81
48 48
19 19
91 91
15 15
16 16
40 40
39 39
17 17
8 8
33 33
65 65
52 52
60 60
92 92
13 13
