start b16 b10 b9 b8 b9 b10 b11 b12 b13 b12 b11 b10 b16 b17 b18 b19 b20 b21 b20 b19 b18 b17 b16 start c6 c7 c24 c23 c30 c29 c27 c31 c35 c36 c20 c11 c12 c13 c10 c9 c8 c3 start d3 d4 d3 d1 start e1 e18 e25 e15 e24 e12 e23 e10 e22 e8 e6 e4 e3 start h4 h25 h17 h6 h16 h12 h11 h10 h9 h8 h2 start g3 g4 g1 g5 g2 g6 g7 g9 g13 g17 g21 g25 g21 g16 g12 g15 g20 g24 g19 g23 g19 g14 g11 g10 g8 start f11 f12 f13 f5 f15 f16 f17 f7 f14 f10 f20 f19 f18 f9 f14 start a4 a5 a1 a2 a3 start
68
b8 b2 b1
b13 b5 b6
b12 b4
b11 b3
b21 b15 b25
b20 b24
b18 b26
c10 c10
c13 c13 c15
c23 c23
c27 c26 c27
c31 c31 c33
c3 c1 c5
c20 c17 c21
d4 d4 d5
d1 d1
e22 e22
e23 e23
e24 e24
e25 e25
e1 e19
e3 e20
e4 e21
h9 h9
h17 h17
h2 h26
h4 h22
h6 h18
h12 h13
h25 h24
g1 g1
g2 g2
g3 g3
g4 g4
g5 g5
g6 g6
g7 g7
g8 g8
g9 g9
g10 g10
g11 g11
g12 g12
g13 g13
g14 g14
g15 g15
g16 g16
g17 g17
g19 g19
g20 g20
g21 g21
g24 g24
g25 g22 g25
g23 g23 g18
f11 f11
f12 f12
f13 f13
f14 f14
f15 f15
f16 f16
f17 f17
f20 f20
f19 f19
f18 f18
a4 a4
a5 a5
a1 a1
a2 a2
a3 a3
