BU BY BF EV HH DQ GG DD GP BA DS GT EO FU DH AY FB CT DL HP HM FC DZ CQ DT CK BN CR DM DK GE DR EY ET HA AT CM HO GQ EK GK AM EH AX CO ES FR BK FI GS DW EN FN CW GY BG DJ FG GA DI CZ CE AE EL BP BQ CX EQ AR FP AF FY DE GO AD CS CI HC EG CD BW HI BM BH FD CV DX DP HJ BE AP EC FS GH DU FF BZ AN AV CA HF BU
95
AE AE
AF AF
AN AN
AP AP
AR AR
AT AT
AV AV
AX AX
AY AY
BA BA
BE GM BE
BF BF
BG BG
BH BH
BK BK
BM BM
BN BN
BQ BQ
BU BU
BW BW
BY BY
BZ ER BZ
CA CA CY
CD CD
CE GN
CI CI
CK CK
CM CM
CO CO
CQ CQ
CR CR
CS CS
CT CT
CV CV
CW CW
CX CX
CZ CZ
DD DD
DE AQ DE FW
DH DV
DI DI
DJ DJ
DK DK
DL DL
DM DM
DP DP
DQ DQ
DR DR
DS DS
DT DT
DU DU
DW FL
DX DX
DZ DZ
EC EC
EG EG
EH EH
EK EK
EL EL
EN EN
EO EO
EQ EQ
ES ES
ET ET
EV EV
EY EY
FB FB
FD FD
FF FF
FG FG
FI FI
FN FN
FP FP
FR FR
FS FS
FU FU
FY FY
GA GA
GE GE
GH GH
GK GK
GO GO
GP GP
GQ GQ
GS GS
GT GT
GY GY
HA HA
HC HC
HF HF
HH HH
HI HG
HJ HJ
HM HM
HP HP
