Qatar Haiti America Guyana Estonia Australia Gabon SanMarino CzechRepublic Netherlands Mali SierraLeone Albania France Andorra Nicaragua Montenegro Macedonia GuineaBissau Angola Morocco UAE Kyrgyzstan Malta Armenia DemofChina Egypt Burundi VaticanCity Tuvalu Lebanon Liberia Sweden Mongolia Tajikistan Tunisia Senegal Mozambique UnitedKingdom Georgia Belarus Tanzania Uzbekistan Peru Kosovo CostaRica Danzig RussianFederation Belgium Singapore SaintLucia Qatar
50
Haiti Haiti
America America
Guyana Guyana
Estonia Estonia
Australia Australia
Gabon Gabon
SanMarino SanMarino
CzechRepublic CzechRepublic
Netherlands Netherlands
Mali Mali
SierraLeone SierraLeone
Albania Albania
France France
Andorra Andorra
Nicaragua Nicaragua
Montenegro Montenegro
Macedonia Macedonia
GuineaBissau GuineaBissau
Angola Angola
Morocco Morocco
UAE UAE
Kyrgyzstan Kyrgyzstan
Malta Malta
Armenia Armenia
DemofChina DemofChina
Egypt Egypt
Burundi Burundi
VaticanCity VaticanCity
Tuvalu Tuvalu
Lebanon Lebanon
Liberia Liberia
Sweden Sweden
Mongolia Mongolia
Tajikistan Tajikistan
Tunisia Tunisia
Senegal Senegal
Mozambique Mozambique
UnitedKingdom UnitedKingdom
Georgia Georgia
Belarus Belarus
Tanzania Tanzania
Uzbekistan Uzbekistan
Peru Peru
Kosovo Kosovo
CostaRica CostaRica
Danzig Danzig
RussianFederation RussianFederation
Belgium Belgium
Singapore Singapore
SaintLucia SaintLucia
