Albania Seychelles Cambodia Israel Luxembourg SaoTomPrincipe Guatemala UnitedKingdom SriLanka Suriname EquatorGuinea Switzerland Hungary SolomonIslands Algeria Mali PapuaNewGuinea Greece TheGambia Burma NewZealand Maldives Eritrea Gabon Peru Qatar Japan MountAthos Mongolia Liechtenstein Kosovo NorthKorea RussianFederation SaintKitts Grenada Nepal VaticanCity Romania Venezuela Slovenia Djibouti Lithuania Cuba SierraLeone CentralAfricanRep Vanuatu Rwanda Mauritania Mauritius Italy Paraguay Kazakhstan Finland Niger Laos Tanzania SaudiArabia America Ethiopia Newfoundland Portugal IvoryCoast SaintLucia Panama Danzig Australia Yemen CapeVerde Dominica Lesotho Tunisia Bulgaria Jamaica Philippines Fiji Ukraine Brazil Thailand Bahamas Cyprus Comoros Malaysia Belarus Argentina Serbia Rome Norway Burkina Estonia Latvia Poland Germany Togo Kiribati Chile Bhutan BosHerzegovina France Pakistan UAE Andorra Albania
100
Seychelles Seychelles
Cambodia Cambodia
Israel Israel
Luxembourg Luxembourg
SaoTomPrincipe SaoTomPrincipe
Guatemala Guatemala
UnitedKingdom UnitedKingdom
SriLanka SriLanka
Suriname Suriname
EquatorGuinea EquatorGuinea
Switzerland Switzerland
Hungary Hungary
SolomonIslands SolomonIslands
Algeria Algeria
Mali Mali
PapuaNewGuinea PapuaNewGuinea
Greece Greece
TheGambia TheGambia
Burma Burma
NewZealand NewZealand
Maldives Maldives
Eritrea Eritrea
Gabon Gabon
Peru Peru
Qatar Qatar
Japan Japan
MountAthos MountAthos
Mongolia Mongolia
Liechtenstein Liechtenstein
Kosovo Kosovo
NorthKorea NorthKorea
RussianFederation RussianFederation
SaintKitts SaintKitts
Grenada Grenada
Nepal Nepal
VaticanCity VaticanCity
Romania Romania
Venezuela Venezuela
Slovenia Slovenia
Djibouti Djibouti
Lithuania Lithuania
Cuba Cuba
SierraLeone SierraLeone
CentralAfricanRep CentralAfricanRep
Vanuatu Vanuatu
Rwanda Rwanda
Mauritania Mauritania
Mauritius Mauritius
Italy Italy
Paraguay Paraguay
Kazakhstan Kazakhstan
Finland Finland
Niger Niger
Laos Laos
Tanzania Tanzania
SaudiArabia SaudiArabia
America America
Ethiopia Ethiopia
Newfoundland Newfoundland
Portugal Portugal
IvoryCoast IvoryCoast
SaintLucia SaintLucia
Panama Panama
Danzig Danzig
Australia Australia
Yemen Yemen
CapeVerde CapeVerde
Dominica Dominica
Lesotho Lesotho
Tunisia Tunisia
Bulgaria Bulgaria
Jamaica Jamaica
Philippines Philippines
Fiji Fiji
Ukraine Ukraine
Brazil Brazil
Thailand Thailand
Bahamas Bahamas
Cyprus Cyprus
Comoros Comoros
Malaysia Malaysia
Belarus Belarus
Argentina Argentina
Serbia Serbia
Rome Rome
Norway Norway
Burkina Burkina
Estonia Estonia
Latvia Latvia
Poland Poland
Germany Germany
Togo Togo
Kiribati Kiribati
Chile Chile
Bhutan Bhutan
BosHerzegovina BosHerzegovina
France France
Pakistan Pakistan
UAE UAE
Andorra Andorra
