Nepal Tanzania Liechtenstein SaintLucia VaticanCity TheGambia Suriname Tajikistan Kuwait Mauritius Niger Serbia Vietnam Afghanistan Fiji Botswana Slovakia NewZealand Estonia UAE Belarus Azerbaijan Argentina Georgia Nepal
23
Tanzania Tanzania
Liechtenstein Liechtenstein
SaintLucia SaintLucia
VaticanCity VaticanCity
TheGambia MarshallIslands
Suriname Suriname
Tajikistan Tajikistan
Kuwait Kuwait
Mauritius Mauritius
Niger Palau Niger
Serbia Serbia
Vietnam Vietnam
Afghanistan Afghanistan Panama
Fiji Fiji
Botswana Botswana
Slovakia Slovakia
NewZealand NewZealand
Estonia Estonia
UAE UAE
Belarus Belarus
Azerbaijan Azerbaijan
Argentina Argentina
Georgia Georgia
