Zo0umr3KFWOZJQPm M9il2j2XBWeGdURv LjKfvPnu1IVb9d8E TEBcdk0AQd6dKevH Of6XUqufA1wxpnuj pi9Gjwqb8nw39ALT kmMzOIvorXbmvHXw 8vLm5GS8pptr9y8t 6Gt5ffOE5tOJA8A7 1r13Qnmq9ixI97Qj uN0YmlR4YKMmyTVh yILnNjtdKS6kD3NP 6GsK7I0daq8OZxaS 1Eq6CyZRaHXkARva xLhGn69fZWxkF2ME 27KMNaF72cTW0PDA ngcwhTcmwXuonGlk quCqGzaCZ5rVk9Gn U5CEflgpFptgqHUL 6La4alyyQSzgrmmj 0rKC7Chib5iDGjTC SLuZYQ4lYwLMQuMp pKGVzMiXVo3v1oQu fg0WyZdFGAAZWRqK PDtM7hU3L1QjW9eR Dg4uIWuVD7Xd3FfI EotYPttMvJbBfyaO 2yhNJ9fcTz8hRVDj CvZWFxoaMZYhwHYj drsNw5E8nXGgcxxE 2hsCdf5s2NPqItPy kWAnmn2xV4T8moWO 8pFqGmxaOhvFeBf4 5TjXpBJuIWCWGZis LI7uFZ34s97AeNpk fBCH5yXHMW5jQJjk eRAtRmExinGYKjYs uuhviI1p7F0sChqp 1bDI0W7o3Pb2zYhB xlWntBwCLfHgHam8 e9DWnoEu0mxMb9VK qQzEeIfIOpoI9qKk tZ46uZudk7AfSXt1 9L0zlmq9jRh6nd1I qeVT6FbNKHRizFU8 J5iqQt6wukvg6KLY 9pH9xdreYrmVM1JI WVwd9ExLXa3zphJn RnvIh4TOetAfG82E ziJdi0Y4mj4TIJZ9 bpy0VAq3GZuO2R8U ziJdi0Y4mj4TIJZ9 OMjRZA0G6vbBxKd5 rvadWwbDVrEOdUmt 9L0zlmq9jRh6nd1I tZ46uZudk7AfSXt1 ZsdU4FLz0FoJAHOC e9DWnoEu0mxMb9VK K5TJWlCDC2GiIJEC asqla05DvWvndrgH QSabhET5tNnXgX60 9dVIdmIqrww8IL0A z6aHWvfWV1YcOU3s Gypke7sesv6WDuj9 jVrty3u6KGOjBg80 W4POX5YqpnnI3x1U Byr8ftz6Pn4uac3K LdwRPFzBNqStC5X8 1yeDQmwUGYi8LEVC 0Pfip4BXzoRzyFv2 3PEg9lFbqEimkqjc HqZKcXPbTIsIN6eT PmJZCdR41rbLgXgi pKGVzMiXVo3v1oQu EuY7nNg1nWHDnCBx 0BNdm9hpaqd4q3Tx 6La4alyyQSzgrmmj TbM88DujEo9BSxqT U5CEflgpFptgqHUL quCqGzaCZ5rVk9Gn ngcwhTcmwXuonGlk 27KMNaF72cTW0PDA AvHIDL41dbfeNksW LZyPcj0slZv1Vk6U xLhGn69fZWxkF2ME u7i0C02E9nMoZ6Ab nPVdEshNZOOx6qGx StSocpbFeWB0czP8 Uw31N0oW965MP4qr LUoJ0iRCc71uZfNX MxcmtGZ6qJUnGaxB gqX9V4QU6KrO7JGI yILnNjtdKS6kD3NP uN0YmlR4YKMmyTVh 1r13Qnmq9ixI97Qj 6Gt5ffOE5tOJA8A7 8vLm5GS8pptr9y8t kmMzOIvorXbmvHXw pi9Gjwqb8nw39ALT Zo0umr3KFWOZJQPm
46
fg0WyZdFGAAZWRqK fg0WyZdFGAAZWRqK
PDtM7hU3L1QjW9eR uRc2j178KRm3sVAY PDtM7hU3L1QjW9eR
Dg4uIWuVD7Xd3FfI Dg4uIWuVD7Xd3FfI
EotYPttMvJbBfyaO EotYPttMvJbBfyaO
2yhNJ9fcTz8hRVDj 2yhNJ9fcTz8hRVDj
CvZWFxoaMZYhwHYj CvZWFxoaMZYhwHYj
drsNw5E8nXGgcxxE drsNw5E8nXGgcxxE
2hsCdf5s2NPqItPy 2hsCdf5s2NPqItPy
kWAnmn2xV4T8moWO kWAnmn2xV4T8moWO
8pFqGmxaOhvFeBf4 8pFqGmxaOhvFeBf4
5TjXpBJuIWCWGZis 5TjXpBJuIWCWGZis
LI7uFZ34s97AeNpk LI7uFZ34s97AeNpk
fBCH5yXHMW5jQJjk fBCH5yXHMW5jQJjk
eRAtRmExinGYKjYs eRAtRmExinGYKjYs
uuhviI1p7F0sChqp uuhviI1p7F0sChqp
1bDI0W7o3Pb2zYhB 1bDI0W7o3Pb2zYhB
xlWntBwCLfHgHam8 xlWntBwCLfHgHam8
e9DWnoEu0mxMb9VK e9DWnoEu0mxMb9VK
qQzEeIfIOpoI9qKk qQzEeIfIOpoI9qKk
tZ46uZudk7AfSXt1 tZ46uZudk7AfSXt1
9L0zlmq9jRh6nd1I 9L0zlmq9jRh6nd1I
qeVT6FbNKHRizFU8 qeVT6FbNKHRizFU8
J5iqQt6wukvg6KLY J5iqQt6wukvg6KLY
9pH9xdreYrmVM1JI 9pH9xdreYrmVM1JI
WVwd9ExLXa3zphJn WVwd9ExLXa3zphJn
RnvIh4TOetAfG82E RnvIh4TOetAfG82E
ziJdi0Y4mj4TIJZ9 ziJdi0Y4mj4TIJZ9
bpy0VAq3GZuO2R8U HAZt9xslXTTIQrh6 bpy0VAq3GZuO2R8U
OMjRZA0G6vbBxKd5 OMjRZA0G6vbBxKd5
rvadWwbDVrEOdUmt rvadWwbDVrEOdUmt
ZsdU4FLz0FoJAHOC ZsdU4FLz0FoJAHOC KHBd51v9Lk79JoNu
K5TJWlCDC2GiIJEC K5TJWlCDC2GiIJEC
asqla05DvWvndrgH asqla05DvWvndrgH
QSabhET5tNnXgX60 QSabhET5tNnXgX60
9dVIdmIqrww8IL0A 9dVIdmIqrww8IL0A
z6aHWvfWV1YcOU3s z6aHWvfWV1YcOU3s
Gypke7sesv6WDuj9 Gypke7sesv6WDuj9
jVrty3u6KGOjBg80 jVrty3u6KGOjBg80
W4POX5YqpnnI3x1U W4POX5YqpnnI3x1U
Byr8ftz6Pn4uac3K Byr8ftz6Pn4uac3K
LdwRPFzBNqStC5X8 LdwRPFzBNqStC5X8
1yeDQmwUGYi8LEVC 1yeDQmwUGYi8LEVC
0Pfip4BXzoRzyFv2 0Pfip4BXzoRzyFv2
3PEg9lFbqEimkqjc 3SYpu8y7n2lFaEgA 3PEg9lFbqEimkqjc
HqZKcXPbTIsIN6eT HqZKcXPbTIsIN6eT
PmJZCdR41rbLgXgi PmJZCdR41rbLgXgi
