Zjo93yXsdcDV6Oit hUodt8EH9XJmymZc 5gVgbSJalKNpCPGR mxfBTsbr179d38Xl VognV1ysFxsfM1T3 yE2ZPAIzLgGY7glD 8Kka2UWih5IQ1cpb B5jkVyVn3f7O2An6 HUReKXkqclfOOfkC w2eQINfJGzFmJVSa SXePDE8VmWVNc3gI jBnrdVZITnwrbrWj FpgNaPpArWgevKg6 xoNuVQFyUNw60SHt mp9G8QwevnO2Hxc1 jL8h52rHOflXCXG0 ja6XsDQlFAUw1yfc W3Q2QtUAtGMzTlOK lWi5N9iGPSdFbw4x At29Qn6ybXGjj4BZ ODpK9gk17jDT3Sp2 ksuRDz3lVhXKZaYK PNqsQWIcQ5cFHA0e HTIVnzfE1Yii5xog yZq8BYkssUcfIKn0 oheo0bgdJ9E5AaZ3 0ax66OCL0kboP37W DtNMJrqE8gQwtB9A gbLSiDepCxsLEFEh P86w2YmfZZMrKQDs 7umkRD4mdERwQl2t 3nUfHHB7quaxw3FP dtyOV6qcOqKFtIlH Zo0umr3KFWOZJQPm M9il2j2XBWeGdURv LjKfvPnu1IVb9d8E dBEYMpdveobbOa64 ZASkL5Mxwr8cbBFG TEBcdk0AQd6dKevH Of6XUqufA1wxpnuj 1r13Qnmq9ixI97Qj FzSHaHADmN7Zbhbr 3th5kfdmmYoxH6sF LUoJ0iRCc71uZfNX 6GsK7I0daq8OZxaS Uw31N0oW965MP4qr LsIlvCjQu9Xqre9U xLhGn69fZWxkF2ME YHVvi99ucaU9tYgf 2v7uFoKD90sPVOTA AvHIDL41dbfeNksW 27KMNaF72cTW0PDA TbM88DujEo9BSxqT 6La4alyyQSzgrmmj 1ByTcIJH8XabOIWu EuY7nNg1nWHDnCBx fg0WyZdFGAAZWRqK PDtM7hU3L1QjW9eR Dg4uIWuVD7Xd3FfI CvZWFxoaMZYhwHYj 3PEg9lFbqEimkqjc 0Pfip4BXzoRzyFv2 kWAnmn2xV4T8moWO Byr8ftz6Pn4uac3K Gypke7sesv6WDuj9 LI7uFZ34s97AeNpk eRAtRmExinGYKjYs uuhviI1p7F0sChqp 1bDI0W7o3Pb2zYhB QSabhET5tNnXgX60 asqla05DvWvndrgH KHBd51v9Lk79JoNu e9DWnoEu0mxMb9VK ZsdU4FLz0FoJAHOC qQzEeIfIOpoI9qKk tZ46uZudk7AfSXt1 9L0zlmq9jRh6nd1I qeVT6FbNKHRizFU8 rvadWwbDVrEOdUmt J5iqQt6wukvg6KLY WVwd9ExLXa3zphJn RnvIh4TOetAfG82E bpy0VAq3GZuO2R8U ziJdi0Y4mj4TIJZ9 OMjRZA0G6vbBxKd5 9pH9xdreYrmVM1JI 9L0zlmq9jRh6nd1I tZ46uZudk7AfSXt1 qQzEeIfIOpoI9qKk ZsdU4FLz0FoJAHOC e9DWnoEu0mxMb9VK xlWntBwCLfHgHam8 K5TJWlCDC2GiIJEC z6aHWvfWV1YcOU3s uuhviI1p7F0sChqp eRAtRmExinGYKjYs fBCH5yXHMW5jQJjk 5TjXpBJuIWCWGZis jVrty3u6KGOjBg80 W4POX5YqpnnI3x1U LdwRPFzBNqStC5X8 1yeDQmwUGYi8LEVC 3SYpu8y7n2lFaEgA 2hsCdf5s2NPqItPy HqZKcXPbTIsIN6eT drsNw5E8nXGgcxxE 2yhNJ9fcTz8hRVDj PmJZCdR41rbLgXgi EotYPttMvJbBfyaO Dg4uIWuVD7Xd3FfI PDtM7hU3L1QjW9eR uRc2j178KRm3sVAY pKGVzMiXVo3v1oQu EuY7nNg1nWHDnCBx 0BNdm9hpaqd4q3Tx SLuZYQ4lYwLMQuMp 0rKC7Chib5iDGjTC U5CEflgpFptgqHUL quCqGzaCZ5rVk9Gn ngcwhTcmwXuonGlk LZyPcj0slZv1Vk6U nkKMB647tDItOdTX YHVvi99ucaU9tYgf u7i0C02E9nMoZ6Ab YpZJ50mXHPeALpEr 1Eq6CyZRaHXkARva nPVdEshNZOOx6qGx StSocpbFeWB0czP8 MxcmtGZ6qJUnGaxB gqX9V4QU6KrO7JGI 8ae7BICLTSRkgPWv uN0YmlR4YKMmyTVh 6Gt5ffOE5tOJA8A7 8vLm5GS8pptr9y8t kmMzOIvorXbmvHXw qKKAwpkuJY9E8dpl m8Rn3gh3HBuT9R8d pi9Gjwqb8nw39ALT Plb766RuoiNfkOGW dBEYMpdveobbOa64 LjKfvPnu1IVb9d8E Zo0umr3KFWOZJQPm dtyOV6qcOqKFtIlH wPFBAldpZF3WcEqd 3nUfHHB7quaxw3FP IXSaZ3tByNZthkqV z6FjXytEu6d6tpnP XPIKYdfAB6ArI8mX rz2oBnI3oNG0KAjO P5s4K3vn5D6QckKy CXs92joGuF2B74ma gbLSiDepCxsLEFEh DtNMJrqE8gQwtB9A sbSIdAF67MT22Zr9 7rCQ85ozq5ueBf3n UH9oVz7dFZbHTRhz 1tbAFBLUOcEKBREU yZq8BYkssUcfIKn0 HTIVnzfE1Yii5xog PNqsQWIcQ5cFHA0e tE0AXQQBQImVJ6nW YwKbp1yTO34FUrbo At29Qn6ybXGjj4BZ W3Q2QtUAtGMzTlOK FpgNaPpArWgevKg6 jBnrdVZITnwrbrWj AzbeVJsoSmTMPZLM SXePDE8VmWVNc3gI w2eQINfJGzFmJVSa L25OgxwPsOzFiHDa tdEnQcfBy667BmIr B5jkVyVn3f7O2An6 8Kka2UWih5IQ1cpb Yp0NUpVecdudihTb XxpoDiTW03kVmIFK csYok6RDEEUhtSFo bZ4oSCeSEaCTIVyZ sas60VSUYjFu8PHB dhHQUqzQAf17QtlS JBll5vlJZ1mcnrE9 5V2tVv8k8Qd7p8rq UZSiMvKda5EcJ9hm YlcO1JeEppwz4eg7 Zjo93yXsdcDV6Oit
95
M9il2j2XBWeGdURv M9il2j2XBWeGdURv
dBEYMpdveobbOa64 dBEYMpdveobbOa64
ZASkL5Mxwr8cbBFG ZASkL5Mxwr8cbBFG
TEBcdk0AQd6dKevH TEBcdk0AQd6dKevH
Of6XUqufA1wxpnuj Of6XUqufA1wxpnuj
m8Rn3gh3HBuT9R8d m8Rn3gh3HBuT9R8d
qKKAwpkuJY9E8dpl qKKAwpkuJY9E8dpl
kmMzOIvorXbmvHXw R43sDxzHzrO5kncN kmMzOIvorXbmvHXw
8vLm5GS8pptr9y8t 8vLm5GS8pptr9y8t
6Gt5ffOE5tOJA8A7 6Gt5ffOE5tOJA8A7
uN0YmlR4YKMmyTVh uN0YmlR4YKMmyTVh
8ae7BICLTSRkgPWv 8ae7BICLTSRkgPWv
3th5kfdmmYoxH6sF 3th5kfdmmYoxH6sF yILnNjtdKS6kD3NP
LUoJ0iRCc71uZfNX LUoJ0iRCc71uZfNX
6GsK7I0daq8OZxaS 6GsK7I0daq8OZxaS
Uw31N0oW965MP4qr Uw31N0oW965MP4qr
LsIlvCjQu9Xqre9U LsIlvCjQu9Xqre9U
YpZJ50mXHPeALpEr YpZJ50mXHPeALpEr
u7i0C02E9nMoZ6Ab u7i0C02E9nMoZ6Ab
nkKMB647tDItOdTX nkKMB647tDItOdTX
2v7uFoKD90sPVOTA 2v7uFoKD90sPVOTA
AvHIDL41dbfeNksW AvHIDL41dbfeNksW
27KMNaF72cTW0PDA 27KMNaF72cTW0PDA
U5CEflgpFptgqHUL U5CEflgpFptgqHUL
6La4alyyQSzgrmmj 6La4alyyQSzgrmmj
1ByTcIJH8XabOIWu 1ByTcIJH8XabOIWu
pKGVzMiXVo3v1oQu pKGVzMiXVo3v1oQu
fg0WyZdFGAAZWRqK fg0WyZdFGAAZWRqK
uRc2j178KRm3sVAY uRc2j178KRm3sVAY
PDtM7hU3L1QjW9eR PDtM7hU3L1QjW9eR
Dg4uIWuVD7Xd3FfI Dg4uIWuVD7Xd3FfI
EotYPttMvJbBfyaO EotYPttMvJbBfyaO
PmJZCdR41rbLgXgi PmJZCdR41rbLgXgi
2yhNJ9fcTz8hRVDj 2yhNJ9fcTz8hRVDj
3PEg9lFbqEimkqjc 3PEg9lFbqEimkqjc
0Pfip4BXzoRzyFv2 0Pfip4BXzoRzyFv2
1yeDQmwUGYi8LEVC 1yeDQmwUGYi8LEVC
LdwRPFzBNqStC5X8 LdwRPFzBNqStC5X8
W4POX5YqpnnI3x1U W4POX5YqpnnI3x1U
jVrty3u6KGOjBg80 jVrty3u6KGOjBg80
5TjXpBJuIWCWGZis 5TjXpBJuIWCWGZis
fBCH5yXHMW5jQJjk fBCH5yXHMW5jQJjk
eRAtRmExinGYKjYs eRAtRmExinGYKjYs
1bDI0W7o3Pb2zYhB 1bDI0W7o3Pb2zYhB
QSabhET5tNnXgX60 QSabhET5tNnXgX60
asqla05DvWvndrgH asqla05DvWvndrgH
e9DWnoEu0mxMb9VK e9DWnoEu0mxMb9VK
9L0zlmq9jRh6nd1I 9L0zlmq9jRh6nd1I
qeVT6FbNKHRizFU8 qeVT6FbNKHRizFU8
rvadWwbDVrEOdUmt rvadWwbDVrEOdUmt
J5iqQt6wukvg6KLY J5iqQt6wukvg6KLY
OMjRZA0G6vbBxKd5 OMjRZA0G6vbBxKd5
ziJdi0Y4mj4TIJZ9 ziJdi0Y4mj4TIJZ9
bpy0VAq3GZuO2R8U HAZt9xslXTTIQrh6 bpy0VAq3GZuO2R8U
RnvIh4TOetAfG82E RnvIh4TOetAfG82E
WVwd9ExLXa3zphJn WVwd9ExLXa3zphJn
9pH9xdreYrmVM1JI 9pH9xdreYrmVM1JI
tZ46uZudk7AfSXt1 tZ46uZudk7AfSXt1
qQzEeIfIOpoI9qKk qQzEeIfIOpoI9qKk
ZsdU4FLz0FoJAHOC ZsdU4FLz0FoJAHOC
KHBd51v9Lk79JoNu KHBd51v9Lk79JoNu
xlWntBwCLfHgHam8 xlWntBwCLfHgHam8
K5TJWlCDC2GiIJEC K5TJWlCDC2GiIJEC
z6aHWvfWV1YcOU3s 9dVIdmIqrww8IL0A z6aHWvfWV1YcOU3s
uuhviI1p7F0sChqp uuhviI1p7F0sChqp
LI7uFZ34s97AeNpk LI7uFZ34s97AeNpk
Gypke7sesv6WDuj9 8pFqGmxaOhvFeBf4 Gypke7sesv6WDuj9
Byr8ftz6Pn4uac3K Byr8ftz6Pn4uac3K
kWAnmn2xV4T8moWO kWAnmn2xV4T8moWO
3SYpu8y7n2lFaEgA 3SYpu8y7n2lFaEgA
2hsCdf5s2NPqItPy 2hsCdf5s2NPqItPy
HqZKcXPbTIsIN6eT HqZKcXPbTIsIN6eT
drsNw5E8nXGgcxxE drsNw5E8nXGgcxxE
CvZWFxoaMZYhwHYj CvZWFxoaMZYhwHYj
EuY7nNg1nWHDnCBx EuY7nNg1nWHDnCBx
0BNdm9hpaqd4q3Tx 0BNdm9hpaqd4q3Tx
SLuZYQ4lYwLMQuMp SLuZYQ4lYwLMQuMp
0rKC7Chib5iDGjTC 0rKC7Chib5iDGjTC
TbM88DujEo9BSxqT TbM88DujEo9BSxqT
quCqGzaCZ5rVk9Gn quCqGzaCZ5rVk9Gn
ngcwhTcmwXuonGlk ngcwhTcmwXuonGlk
LZyPcj0slZv1Vk6U LZyPcj0slZv1Vk6U
YHVvi99ucaU9tYgf YHVvi99ucaU9tYgf
xLhGn69fZWxkF2ME xLhGn69fZWxkF2ME
1Eq6CyZRaHXkARva 1Eq6CyZRaHXkARva
nPVdEshNZOOx6qGx nPVdEshNZOOx6qGx
StSocpbFeWB0czP8 StSocpbFeWB0czP8
MxcmtGZ6qJUnGaxB MxcmtGZ6qJUnGaxB
gqX9V4QU6KrO7JGI gqX9V4QU6KrO7JGI
FzSHaHADmN7Zbhbr FzSHaHADmN7Zbhbr
1r13Qnmq9ixI97Qj 1r13Qnmq9ixI97Qj
pi9Gjwqb8nw39ALT pi9Gjwqb8nw39ALT
Plb766RuoiNfkOGW Plb766RuoiNfkOGW
LjKfvPnu1IVb9d8E LjKfvPnu1IVb9d8E
Zo0umr3KFWOZJQPm Zo0umr3KFWOZJQPm
