l0 h0 h1 h83 l58 h24 h92 h46 l91 h25 h81 l42 h59 h61 l97 h82 h64 h86 h43 h85 h16 h15 l87 h17 h80 h28 l95 h51 h45 h76 h29 h7 h84 h58 h6 h77 h23 h22 h70 l35 h71 h14 h42 h12 h13 h97 l80 l72 h27 l31 h63 h8 l88 h40 h9 h95 l18 h37 h36 l18 l20 l63 h87 h99 h65 h88 h19 h5 h4 h53 h52 l26 h10 h21 h49 h48 h31 h78 h98 h79 h32 h30 l15 h33 l73 h35 l17 h34 h93 h90 h39 h75 l59 h66 l59 h94 h57 h20 l84 h96 h54 h67 l86 h73 h38 h74 h2 h3 l0
90
h0 h0
h1 h1
h83 h83 h89
h24 h24
h92 h92 h47
h46 h46
h25 h25
h81 h81
h59 h59
h61 h61
l97 h60
h82 h82
h64 h64
h86 h86
h43 h43
h85 h85
h16 h16
h15 h15
h17 h17
h80 h50 h80
h28 h28
l95 h44
h51 h51
h45 h45
h76 h76
h29 h29
h7 h7
h84 h84
h58 h58
h6 h6
h77 h77
h23 h23
h22 h22
h70 h70
h71 h71
h14 h14
h42 h42
h12 h12
h13 h13
h97 h97
l72 h62
h27 h27
l31 h26
h63 h63
h8 h8
h40 h40
h9 h9
h95 h95
h37 h37
h36 h36
l20 h41
h87 h87
h99 h99
h65 h65
h88 h88
h19 h19
h5 h5
h4 h18 h4
h53 h53
h52 h52
h10 h10
h21 h21
h49 h49
h48 h48
h31 h31 h69
h78 h78
h98 h98
h79 h79
h32 h32
h30 h30
l15 h68
h33 h33
h35 h35
h34 h34
h93 h93
h90 h90
h39 h39
h75 h75
h66 h11 h66 h72
h94 h56 h94
h57 h57
h20 h20
h96 h96
h54 h55 h54
h67 h67
h73 h73
h38 h38
h74 h74
h2 h2
h3 h3 h91
