vBhpoFdJZxyttIlfaf7D XX8iZd9Mw56dkKCstFAC uUumBfQJDh6S0d06Kb78 qkrT0EYt8AHuefFD25g1 XWHR07Y6kfSBbEuD62PN JEGgKJfdY8owvwdYhKMk RpMJGAvULIBCQ0RI369s zs7X4IJgeJEM8iqAbvF3 rMd1TXBMCuFfO59jF1Tq d6xeP6xeDJ3O2jY8D4pB vLwJebpyApE3MPksc9OW XBxLd5K0m0Gtk5fTL45q tUVqKo1E6AibIE6zShkv 6koX1rNvAwrB84m39eQv 9B0w6Ahn3NsugfNn6veD J00g7hlLLSWTXvTYK9v2 NAqhSs9OpS9XtIaJtTCD InZnvPu8h9zAoLCNj2in fHfopcx4v3MKBN0TMn7s EHYUZOt1fTtm7KJue8on XYk0VV4ujV55qqS8YiHV rkMvLqMMN5Aq3onq5XeZ R6ZzYYWqarkWldqbKDab WN0Nl06Zx9w6LYUHMZam 8Le4AI986fwHZXPoOMK1 nB1RHSnvjX4nG0Tch5En n2Cqtp5v2DuwGX7LhuzE cs6LkMYfySGYUzb8VLcc WwLzOfqcc3FIzub2jh8R R7crXexksQ4TN5zY2ck3 ohy3S5QXymEhh63dMBQE wHEcyeduhdH7p3Lr1PtC 8mLI4Cl8exxeLw5eLCvi mv3tFPDoT2NlrLp24T9l DybFcuyeWxt51LawzVvs eKaPpzrMwOPxNzeoOSFH iki3BohF22ET0rMPxXQ5 qM7lEl3z2COceXw7x0EC fp9JaV5iTp8QxXwwkR68 jTdja1e2hUhydiExPlJM 6PPTzNGrNxrgfdvm8cwZ 17OoKHzumyPaqfjSSc7S 2LthmnS3Cdd5FBfY5GQ9 oFNlFPub6zLirsQwo0fu W1jWYYdH0atiKtbaVDRT 535WuquKiicRqEyzCI3d MiPSEwVMn3bbGh4tbRTf 4ilNvg3IkxoJuvkwqYsS 7PoxePhwnlLvMilKVpER RRlYwTFLYqL48JIMSAmC 37APL8dpwT5Ds5AIG0t4 vBhpoFdJZxyttIlfaf7D
50
XX8iZd9Mw56dkKCstFAC XX8iZd9Mw56dkKCstFAC
uUumBfQJDh6S0d06Kb78 uUumBfQJDh6S0d06Kb78
qkrT0EYt8AHuefFD25g1 qkrT0EYt8AHuefFD25g1
XWHR07Y6kfSBbEuD62PN XWHR07Y6kfSBbEuD62PN
JEGgKJfdY8owvwdYhKMk JEGgKJfdY8owvwdYhKMk
RpMJGAvULIBCQ0RI369s RpMJGAvULIBCQ0RI369s
zs7X4IJgeJEM8iqAbvF3 zs7X4IJgeJEM8iqAbvF3
rMd1TXBMCuFfO59jF1Tq rMd1TXBMCuFfO59jF1Tq
d6xeP6xeDJ3O2jY8D4pB d6xeP6xeDJ3O2jY8D4pB
vLwJebpyApE3MPksc9OW vLwJebpyApE3MPksc9OW
XBxLd5K0m0Gtk5fTL45q XBxLd5K0m0Gtk5fTL45q
tUVqKo1E6AibIE6zShkv tUVqKo1E6AibIE6zShkv
6koX1rNvAwrB84m39eQv 6koX1rNvAwrB84m39eQv
9B0w6Ahn3NsugfNn6veD 9B0w6Ahn3NsugfNn6veD
J00g7hlLLSWTXvTYK9v2 J00g7hlLLSWTXvTYK9v2
NAqhSs9OpS9XtIaJtTCD NAqhSs9OpS9XtIaJtTCD
InZnvPu8h9zAoLCNj2in InZnvPu8h9zAoLCNj2in
fHfopcx4v3MKBN0TMn7s fHfopcx4v3MKBN0TMn7s
EHYUZOt1fTtm7KJue8on EHYUZOt1fTtm7KJue8on
XYk0VV4ujV55qqS8YiHV XYk0VV4ujV55qqS8YiHV
rkMvLqMMN5Aq3onq5XeZ rkMvLqMMN5Aq3onq5XeZ
R6ZzYYWqarkWldqbKDab R6ZzYYWqarkWldqbKDab
WN0Nl06Zx9w6LYUHMZam WN0Nl06Zx9w6LYUHMZam
8Le4AI986fwHZXPoOMK1 8Le4AI986fwHZXPoOMK1
nB1RHSnvjX4nG0Tch5En nB1RHSnvjX4nG0Tch5En
n2Cqtp5v2DuwGX7LhuzE n2Cqtp5v2DuwGX7LhuzE
cs6LkMYfySGYUzb8VLcc cs6LkMYfySGYUzb8VLcc
WwLzOfqcc3FIzub2jh8R WwLzOfqcc3FIzub2jh8R
R7crXexksQ4TN5zY2ck3 R7crXexksQ4TN5zY2ck3
ohy3S5QXymEhh63dMBQE ohy3S5QXymEhh63dMBQE
wHEcyeduhdH7p3Lr1PtC wHEcyeduhdH7p3Lr1PtC
8mLI4Cl8exxeLw5eLCvi 8mLI4Cl8exxeLw5eLCvi
mv3tFPDoT2NlrLp24T9l mv3tFPDoT2NlrLp24T9l
DybFcuyeWxt51LawzVvs DybFcuyeWxt51LawzVvs
eKaPpzrMwOPxNzeoOSFH eKaPpzrMwOPxNzeoOSFH
iki3BohF22ET0rMPxXQ5 iki3BohF22ET0rMPxXQ5
qM7lEl3z2COceXw7x0EC qM7lEl3z2COceXw7x0EC
fp9JaV5iTp8QxXwwkR68 fp9JaV5iTp8QxXwwkR68
jTdja1e2hUhydiExPlJM jTdja1e2hUhydiExPlJM
6PPTzNGrNxrgfdvm8cwZ 6PPTzNGrNxrgfdvm8cwZ
17OoKHzumyPaqfjSSc7S 17OoKHzumyPaqfjSSc7S
2LthmnS3Cdd5FBfY5GQ9 2LthmnS3Cdd5FBfY5GQ9
oFNlFPub6zLirsQwo0fu oFNlFPub6zLirsQwo0fu
W1jWYYdH0atiKtbaVDRT W1jWYYdH0atiKtbaVDRT
535WuquKiicRqEyzCI3d 535WuquKiicRqEyzCI3d
MiPSEwVMn3bbGh4tbRTf MiPSEwVMn3bbGh4tbRTf
4ilNvg3IkxoJuvkwqYsS 4ilNvg3IkxoJuvkwqYsS
7PoxePhwnlLvMilKVpER 7PoxePhwnlLvMilKVpER
RRlYwTFLYqL48JIMSAmC RRlYwTFLYqL48JIMSAmC
37APL8dpwT5Ds5AIG0t4 37APL8dpwT5Ds5AIG0t4
