0EzLvznzqSsDTCbR5WWQ TWpWLT2JICvczaB6q8Bo IVZaGmLbfT5MQpxXO2DP LS3fS52ozGva9KBtcfZZ m5Au4RgVgXhOUKbKSdGW 3iRTkaf7suaV2i91D7AI I7VRK3VugXxRlgxCe54Q N0EmviMgt156P2Bd7oet lEZ0YMvUzTvQYxlTiMir tnUjNl6cWuoaXQEfxH4p b69ITlIgTtPRUIpmSw5o YRtAAkfi0YIaAv0XqGni j7jI3vJM5SWQs3N9YWK4 hk9ECfFhibg7bmIlco5h 75EgdJC8MacBE2zKZlon HET4yE4ksHFmFRytJhfu cZGUbNgsLGnuZE3Ot20K 4ZMxz7AKccmgx6JK5gZn pWBi6tyyRZpOm0dbsZfH LTgssryHh3BZe1w1IMJd oFJmSdI9Mubs3awqWY5w idUlMWK1ZaKWh4awCdHY LtVuPtXkki7L0rCf1ysG K5LnOJV1Zh18kgMnZsVe vgcAaadTbDs3lU9Z1t49 wrf0xNKoLGLKfuhe6hpI 0EzLvznzqSsDTCbR5WWQ
25
TWpWLT2JICvczaB6q8Bo TWpWLT2JICvczaB6q8Bo
IVZaGmLbfT5MQpxXO2DP IVZaGmLbfT5MQpxXO2DP
LS3fS52ozGva9KBtcfZZ LS3fS52ozGva9KBtcfZZ
m5Au4RgVgXhOUKbKSdGW m5Au4RgVgXhOUKbKSdGW
3iRTkaf7suaV2i91D7AI 3iRTkaf7suaV2i91D7AI
I7VRK3VugXxRlgxCe54Q I7VRK3VugXxRlgxCe54Q
N0EmviMgt156P2Bd7oet N0EmviMgt156P2Bd7oet
lEZ0YMvUzTvQYxlTiMir lEZ0YMvUzTvQYxlTiMir
tnUjNl6cWuoaXQEfxH4p tnUjNl6cWuoaXQEfxH4p
b69ITlIgTtPRUIpmSw5o b69ITlIgTtPRUIpmSw5o
YRtAAkfi0YIaAv0XqGni YRtAAkfi0YIaAv0XqGni
j7jI3vJM5SWQs3N9YWK4 j7jI3vJM5SWQs3N9YWK4
hk9ECfFhibg7bmIlco5h hk9ECfFhibg7bmIlco5h
75EgdJC8MacBE2zKZlon 75EgdJC8MacBE2zKZlon
HET4yE4ksHFmFRytJhfu HET4yE4ksHFmFRytJhfu
cZGUbNgsLGnuZE3Ot20K cZGUbNgsLGnuZE3Ot20K
4ZMxz7AKccmgx6JK5gZn 4ZMxz7AKccmgx6JK5gZn
pWBi6tyyRZpOm0dbsZfH pWBi6tyyRZpOm0dbsZfH
LTgssryHh3BZe1w1IMJd LTgssryHh3BZe1w1IMJd
oFJmSdI9Mubs3awqWY5w oFJmSdI9Mubs3awqWY5w
idUlMWK1ZaKWh4awCdHY idUlMWK1ZaKWh4awCdHY
LtVuPtXkki7L0rCf1ysG LtVuPtXkki7L0rCf1ysG
K5LnOJV1Zh18kgMnZsVe K5LnOJV1Zh18kgMnZsVe
vgcAaadTbDs3lU9Z1t49 vgcAaadTbDs3lU9Z1t49
wrf0xNKoLGLKfuhe6hpI wrf0xNKoLGLKfuhe6hpI
