point0 point85 point84 point91 point92 point58 point61 point93 point90 point56 point76 point77 point81 point75 point66 point68 point70 point63 point62 point65 point62 point35 point9 point8 point22 point14 point15 point7 point19 point5 point3 point12 point24 point27 point26 point53 point57 point55 point47 point42 point44 point48 point50 point49 point0
33
point85 point85
point84 point84
point92 point92
point58 point58
point61 point60 point61
point93 point93
point56 point56
point76 point76
point77 point77
point75 point75
point68 point72 point68
point70 point70
point65 point64 point65 point71
point35 point35
point9 point9
point8 point8
point22 point22
point14 point14
point7 point6 point7
point19 point19
point5 point5
point3 point4
point12 point12
point24 point24
point27 point25 point27
point26 point26 point28
point53 point53
point55 point55
point47 point47
point42 point42
point44 point44 point45
point48 point48
point50 point50
