55 91 48 115 63 106 158 29 113 15 61 122 179 62 42 181 146 90 56 85 180 171 149 89 185 131 20 161 11 168 14 118 81 128 188 86 80 88 26 174 66 43 140 58 23 10 163 184 153 78 77 69 107 74 187 41 148 175 109 97 40 54 127 53 9 44 8 172 28 114 67 76 116 134 32 150 105 170 27 164 126 30 152 119 59 159 186 33 83 137 111 189 16 84 45 151 162 177 173 101 182 57 55
89
91 91
48 48
115 115
63 63
106 106
158 158
29 29
113 113
15 135 15 13
61 61
122 122
179 179
62 62
42 42
181 181
146 146
90 90
56 56
85 85
171 171
149 149
185 185
131 131
20 20
11 11
168 168
14 17 36
118 118
81 81
188 188
86 86
80 80
88 88
26 26
66 66
43 43
140 140
58 166 58
23 133
163 163
184 184
153 153
78 78
77 77
107 107
74 74
41 41
148 148
175 175
109 109
97 97
40 40
54 54
53 53
9 9
8 8
172 172
114 114
67 67
76 76
116 116
134 134
32 32
150 150 49
105 105
170 160 170
27 27
126 126
30 30
152 152
119 119
59 59
159 159
186 186
33 33
83 83
137 137
111 111
189 189 71
16 16
84 12
45 45
151 151
162 162
177 177
173 173
101 101
182 182
57 57
