x61 x5 x46 x54 x21 x50 x31 x88 x12 x1 x20 x3 x49 x59 x13 x79 x85 x58 x68 x66 x48 x94 x73 x55 x99 x43 x81 x0 x18 x71 x8 x28 x91 x95 x7 x57 x40 x23 x69 x4 x90 x87 x90 x44 x61
39
x0 x0
x1 x1 x30
x3 x80 x26 x3
x5 x5
x7 x32 x7
x8 x8
x12 x97 x12
x13 x13
x18 x18
x21 x21
x23 x34 x23
x28 x28
x31 x31
x40 x40
x43 x43
x44 x42
x46 x46
x48 x52
x49 x49
x50 x89 x98
x54 x54
x55 x55
x58 x58
x59 x59
x61 x61
x66 x66
x68 x68
x71 x96 x71
x73 x2
x79 x79
x81 x81
x85 x93
x87 x53 x87
x88 x88
x90 x90
x91 x91 x37
x94 x94
x95 x39 x95
x99 x99
