x182 x11 x114 x104 x17 x143 x158 x76 x21 x5 x113 x102 x18 x92 x53 x87 x186 x59 x32 x59 x19 x25 x156 x137 x64 x48 x4 x82 x194 x69 x196 x146 x196 x30 x184 x26 x138 x141 x90 x50 x10 x55 x133 x191 x31 x6 x185 x74 x2 x179 x84 x86 x3 x42 x98 x161 x169 x147 x72 x125 x66 x153 x100 x99 x8 x151 x58 x127 x79 x127 x83 x159 x101 x95 x9 x136 x23 x119 x45 x176 x56 x94 x14 x77 x166 x20 x7 x61 x71 x107 x15 x106 x192 x177 x89 x116 x109 x0 x163 x139 x198 x182
89
x11 x11
x114 x114
x104 x104
x17 x17
x143 x143
x76 x76
x21 x118 x164 x21
x5 x172
x113 x113
x102 x102
x18 x18
x92 x92
x53 x53
x87 x87
x186 x186
x32 x32 x183
x59 x59
x19 x19
x25 x25
x156 x156
x137 x137
x64 x88 x64
x48 x48
x4 x4
x82 x82
x194 x194
x69 x69
x146 x128 x146
x30 x30
x184 x184
x26 x26
x138 x138
x141 x141 x43
x50 x50
x10 x10
x55 x55
x133 x133
x31 x80 x31
x6 x6
x185 x185
x74 x74
x2 x2
x179 x179
x84 x84
x86 x86
x3 x3
x42 x42
x98 x98
x161 x161
x147 x147
x72 x72
x125 x125
x66 x66
x153 x153
x100 x100
x99 x99
x8 x8
x151 x151
x58 x58
x127 x127 x49
x79 x79 x27
x83 x83
x159 x159
x95 x95
x136 x136
x23 x23
x119 x119
x45 x45
x176 x189
x56 x56
x94 x94
x14 x14
x77 x77
x166 x166
x20 x20
x7 x7
x61 x61
x71 x46 x71
x107 x107
x15 x15
x106 x106
x192 x192
x177 x155 x177
x116 x116
x109 x109
x163 x163
x139 x139
x198 x198
x182 x182
